04-Feb-2020 00:00:38.906 INFORMACIÓN [http-apr-8080-exec-79] org.apache.catalina.core.StandardContext.reload Ha comenzado la recarga de Contexto [/SistemaDeposito]
04-Feb-2020 00:00:38.921 ADVERTENCIA [http-apr-8080-exec-79] org.apache.catalina.loader.WebappClassLoaderBase.clearReferencesJdbc La aplicación web [SistemaDeposito] registró el conductor JDBC [com.mysql.jdbc.Driver] pero falló al anular el registro mientras la aplicación web estaba parada. Para prevenir un fallo de memoria, se ha anulado el registro del conductor JDBC por la fuerza.
04-Feb-2020 00:00:41.265 INFORMACIÓN [http-apr-8080-exec-79] org.apache.jasper.servlet.TldScanner.scanJars Al menos un JAR, que se ha explorado buscando TLDs, aún no contenía TLDs. Activar historial de depuración para este historiador para una completa lista de los JARs que fueron explorados y de los que nos se halló TLDs. Saltarse JARs no necesarios durante la exploración puede dar lugar a una mejora de tiempo significativa en el arranque y compilación de JSP .
04-Feb-2020 00:00:41.561 INFORMACIÓN [Finalizer] org.apache.catalina.loader.WebappClassLoaderBase.checkStateForResourceLoading Acceso ilegal: esta instancia de aplicación web ya ha sido parada.  Could not load org.eclipse.persistence.internal.localization.i18n.LoggingLocalizationResource.  La eventual traza de pila que sigue ha sido motivada por un error lanzado con motivos de depuración así como para intentar terminar el hilo que motivó el acceso ilegal y no tiene impacto funcional.
 java.lang.IllegalStateException: Acceso ilegal: esta instancia de aplicación web ya ha sido parada.  Could not load org.eclipse.persistence.internal.localization.i18n.LoggingLocalizationResource.  La eventual traza de pila que sigue ha sido motivada por un error lanzado con motivos de depuración así como para intentar terminar el hilo que motivó el acceso ilegal y no tiene impacto funcional.
	at org.apache.catalina.loader.WebappClassLoaderBase.checkStateForResourceLoading(WebappClassLoaderBase.java:1372)
	at org.apache.catalina.loader.WebappClassLoaderBase.checkStateForClassLoading(WebappClassLoaderBase.java:1360)
	at org.apache.catalina.loader.WebappClassLoaderBase.loadClass(WebappClassLoaderBase.java:1219)
	at org.apache.catalina.loader.WebappClassLoaderBase.loadClass(WebappClassLoaderBase.java:1180)
	at java.util.ResourceBundle$Control.newBundle(ResourceBundle.java:2657)
	at java.util.ResourceBundle.loadBundle(ResourceBundle.java:1518)
	at java.util.ResourceBundle.findBundle(ResourceBundle.java:1482)
	at java.util.ResourceBundle.findBundle(ResourceBundle.java:1436)
	at java.util.ResourceBundle.findBundle(ResourceBundle.java:1436)
	at java.util.ResourceBundle.getBundleImpl(ResourceBundle.java:1370)
	at java.util.ResourceBundle.getBundle(ResourceBundle.java:854)
	at org.eclipse.persistence.internal.localization.EclipseLinkLocalization.buildMessage(EclipseLinkLocalization.java:60)
	at org.eclipse.persistence.internal.localization.EclipseLinkLocalization.buildMessage(EclipseLinkLocalization.java:34)
	at org.eclipse.persistence.internal.localization.LoggingLocalization.buildMessage(LoggingLocalization.java:25)
	at org.eclipse.persistence.logging.AbstractSessionLog.formatMessage(AbstractSessionLog.java:987)
	at org.eclipse.persistence.logging.DefaultSessionLog.log(DefaultSessionLog.java:142)
	at org.eclipse.persistence.internal.sessions.AbstractSession.log(AbstractSession.java:3491)
	at org.eclipse.persistence.internal.sessions.AbstractSession.log(AbstractSession.java:4681)
	at org.eclipse.persistence.internal.sessions.AbstractSession.log(AbstractSession.java:4653)
	at org.eclipse.persistence.internal.sessions.AbstractSession.log(AbstractSession.java:4629)
	at org.eclipse.persistence.internal.sessions.AbstractSession.log(AbstractSession.java:4551)
	at org.eclipse.persistence.internal.sessions.DatabaseSessionImpl.logout(DatabaseSessionImpl.java:937)
	at org.eclipse.persistence.sessions.server.ServerSession.logout(ServerSession.java:776)
	at org.eclipse.persistence.internal.jpa.EntityManagerSetupImpl.removeSessionFromGlobalSessionManager(EntityManagerSetupImpl.java:511)
	at org.eclipse.persistence.internal.jpa.EntityManagerSetupImpl.undeploy(EntityManagerSetupImpl.java:2850)
	at org.eclipse.persistence.internal.jpa.EntityManagerFactoryDelegate.close(EntityManagerFactoryDelegate.java:267)
	at org.eclipse.persistence.internal.jpa.EntityManagerFactoryDelegate.finalize(EntityManagerFactoryDelegate.java:344)
	at java.lang.System$2.invokeFinalize(System.java:1270)
	at java.lang.ref.Finalizer.runFinalizer(Finalizer.java:102)
	at java.lang.ref.Finalizer.access$100(Finalizer.java:34)
	at java.lang.ref.Finalizer$FinalizerThread.run(Finalizer.java:217)

04-Feb-2020 00:00:41.561 INFORMACIÓN [Finalizer] org.apache.catalina.loader.WebappClassLoaderBase.checkStateForResourceLoading Acceso ilegal: esta instancia de aplicación web ya ha sido parada.  Could not load org/eclipse/persistence/internal/localization/i18n/LoggingLocalizationResource.properties.  La eventual traza de pila que sigue ha sido motivada por un error lanzado con motivos de depuración así como para intentar terminar el hilo que motivó el acceso ilegal y no tiene impacto funcional.
 java.lang.IllegalStateException: Acceso ilegal: esta instancia de aplicación web ya ha sido parada.  Could not load org/eclipse/persistence/internal/localization/i18n/LoggingLocalizationResource.properties.  La eventual traza de pila que sigue ha sido motivada por un error lanzado con motivos de depuración así como para intentar terminar el hilo que motivó el acceso ilegal y no tiene impacto funcional.
	at org.apache.catalina.loader.WebappClassLoaderBase.checkStateForResourceLoading(WebappClassLoaderBase.java:1372)
	at org.apache.catalina.loader.WebappClassLoaderBase.getResourceAsStream(WebappClassLoaderBase.java:1101)
	at java.util.ResourceBundle$Control$1.run(ResourceBundle.java:2694)
	at java.util.ResourceBundle$Control$1.run(ResourceBundle.java:2679)
	at java.security.AccessController.doPrivileged(Native Method)
	at java.util.ResourceBundle$Control.newBundle(ResourceBundle.java:2678)
	at java.util.ResourceBundle.loadBundle(ResourceBundle.java:1518)
	at java.util.ResourceBundle.findBundle(ResourceBundle.java:1482)
	at java.util.ResourceBundle.findBundle(ResourceBundle.java:1436)
	at java.util.ResourceBundle.findBundle(ResourceBundle.java:1436)
	at java.util.ResourceBundle.getBundleImpl(ResourceBundle.java:1370)
	at java.util.ResourceBundle.getBundle(ResourceBundle.java:854)
	at org.eclipse.persistence.internal.localization.EclipseLinkLocalization.buildMessage(EclipseLinkLocalization.java:60)
	at org.eclipse.persistence.internal.localization.EclipseLinkLocalization.buildMessage(EclipseLinkLocalization.java:34)
	at org.eclipse.persistence.internal.localization.LoggingLocalization.buildMessage(LoggingLocalization.java:25)
	at org.eclipse.persistence.logging.AbstractSessionLog.formatMessage(AbstractSessionLog.java:987)
	at org.eclipse.persistence.logging.DefaultSessionLog.log(DefaultSessionLog.java:142)
	at org.eclipse.persistence.internal.sessions.AbstractSession.log(AbstractSession.java:3491)
	at org.eclipse.persistence.internal.sessions.AbstractSession.log(AbstractSession.java:4681)
	at org.eclipse.persistence.internal.sessions.AbstractSession.log(AbstractSession.java:4653)
	at org.eclipse.persistence.internal.sessions.AbstractSession.log(AbstractSession.java:4629)
	at org.eclipse.persistence.internal.sessions.AbstractSession.log(AbstractSession.java:4551)
	at org.eclipse.persistence.internal.sessions.DatabaseSessionImpl.logout(DatabaseSessionImpl.java:937)
	at org.eclipse.persistence.sessions.server.ServerSession.logout(ServerSession.java:776)
	at org.eclipse.persistence.internal.jpa.EntityManagerSetupImpl.removeSessionFromGlobalSessionManager(EntityManagerSetupImpl.java:511)
	at org.eclipse.persistence.internal.jpa.EntityManagerSetupImpl.undeploy(EntityManagerSetupImpl.java:2850)
	at org.eclipse.persistence.internal.jpa.EntityManagerFactoryDelegate.close(EntityManagerFactoryDelegate.java:267)
	at org.eclipse.persistence.internal.jpa.EntityManagerFactoryDelegate.finalize(EntityManagerFactoryDelegate.java:344)
	at java.lang.System$2.invokeFinalize(System.java:1270)
	at java.lang.ref.Finalizer.runFinalizer(Finalizer.java:102)
	at java.lang.ref.Finalizer.access$100(Finalizer.java:34)
	at java.lang.ref.Finalizer$FinalizerThread.run(Finalizer.java:217)

04-Feb-2020 00:00:41.561 INFORMACIÓN [http-apr-8080-exec-79] org.apache.catalina.core.StandardContext.reload Se ha completado la recarga de este Contexto
04-Feb-2020 00:00:53.031 INFORMACIÓN [http-apr-8080-exec-89] org.apache.jasper.servlet.TldScanner.scanJars Al menos un JAR, que se ha explorado buscando TLDs, aún no contenía TLDs. Activar historial de depuración para este historiador para una completa lista de los JARs que fueron explorados y de los que nos se halló TLDs. Saltarse JARs no necesarios durante la exploración puede dar lugar a una mejora de tiempo significativa en el arranque y compilación de JSP .
04-Feb-2020 02:15:31.614 ADVERTENCIA [http-apr-8080-exec-98] org.apache.catalina.loader.WebappClassLoaderBase.clearReferencesJdbc La aplicación web [SistemaDeposito] registró el conductor JDBC [com.mysql.jdbc.Driver] pero falló al anular el registro mientras la aplicación web estaba parada. Para prevenir un fallo de memoria, se ha anulado el registro del conductor JDBC por la fuerza.
04-Feb-2020 02:15:32.121 INFORMACIÓN [http-apr-8080-exec-98] org.apache.catalina.startup.HostConfig.undeploy Repliegue (undeploy) de la aplicación web que tiene como trayectoria de contexto /SistemaDeposito
04-Feb-2020 02:15:46.939 INFORMACIÓN [http-apr-8080-exec-94] org.apache.catalina.startup.HostConfig.deployDescriptor Desplieque del descriptor de configuración C:\Users\soare\Documents\NetBeansProjects\SistemaDeposito\apache-tomcat-8.0.53-windows-x64\apache-tomcat-8.0.53\conf\Catalina\localhost\SistemaDeposito.xml
04-Feb-2020 02:15:50.634 INFORMACIÓN [http-apr-8080-exec-94] org.apache.jasper.servlet.TldScanner.scanJars Al menos un JAR, que se ha explorado buscando TLDs, aún no contenía TLDs. Activar historial de depuración para este historiador para una completa lista de los JARs que fueron explorados y de los que nos se halló TLDs. Saltarse JARs no necesarios durante la exploración puede dar lugar a una mejora de tiempo significativa en el arranque y compilación de JSP .
04-Feb-2020 02:15:50.639 INFORMACIÓN [http-apr-8080-exec-94] org.apache.catalina.startup.HostConfig.deployDescriptor Deployment of configuration descriptor C:\Users\soare\Documents\NetBeansProjects\SistemaDeposito\apache-tomcat-8.0.53-windows-x64\apache-tomcat-8.0.53\conf\Catalina\localhost\SistemaDeposito.xml has finished in 3.700 ms
04-Feb-2020 02:15:50.644 INFORMACIÓN [196] org.apache.catalina.util.LifecycleBase.start The start() method was called on component [StandardEngine[Catalina].StandardHost[localhost].StandardContext[/SistemaDeposito]] after start() had already been called. The second call will be ignored.
04-Feb-2020 02:25:42.418 INFORMACIÓN [http-apr-8080-exec-102] org.apache.catalina.core.StandardContext.reload Ha comenzado la recarga de Contexto [/SistemaDeposito]
04-Feb-2020 02:25:42.459 ADVERTENCIA [http-apr-8080-exec-102] org.apache.catalina.loader.WebappClassLoaderBase.clearReferencesJdbc La aplicación web [SistemaDeposito] registró el conductor JDBC [com.mysql.jdbc.Driver] pero falló al anular el registro mientras la aplicación web estaba parada. Para prevenir un fallo de memoria, se ha anulado el registro del conductor JDBC por la fuerza.
04-Feb-2020 02:25:44.767 INFORMACIÓN [http-apr-8080-exec-102] org.apache.jasper.servlet.TldScanner.scanJars Al menos un JAR, que se ha explorado buscando TLDs, aún no contenía TLDs. Activar historial de depuración para este historiador para una completa lista de los JARs que fueron explorados y de los que nos se halló TLDs. Saltarse JARs no necesarios durante la exploración puede dar lugar a una mejora de tiempo significativa en el arranque y compilación de JSP .
04-Feb-2020 02:25:44.838 INFORMACIÓN [http-apr-8080-exec-102] org.apache.catalina.core.StandardContext.reload Se ha completado la recarga de este Contexto
04-Feb-2020 02:25:44.860 INFORMACIÓN [http-apr-8080-exec-107] org.apache.catalina.core.StandardContext.reload Ha comenzado la recarga de Contexto [/SistemaDeposito]
04-Feb-2020 02:25:46.806 INFORMACIÓN [http-apr-8080-exec-107] org.apache.jasper.servlet.TldScanner.scanJars Al menos un JAR, que se ha explorado buscando TLDs, aún no contenía TLDs. Activar historial de depuración para este historiador para una completa lista de los JARs que fueron explorados y de los que nos se halló TLDs. Saltarse JARs no necesarios durante la exploración puede dar lugar a una mejora de tiempo significativa en el arranque y compilación de JSP .
04-Feb-2020 02:25:46.894 INFORMACIÓN [http-apr-8080-exec-107] org.apache.catalina.core.StandardContext.reload Se ha completado la recarga de este Contexto
04-Feb-2020 02:29:39.144 INFORMACIÓN [http-apr-8080-exec-113] org.apache.catalina.core.StandardContext.reload Ha comenzado la recarga de Contexto [/SistemaDeposito]
04-Feb-2020 02:29:41.050 INFORMACIÓN [http-apr-8080-exec-113] org.apache.jasper.servlet.TldScanner.scanJars Al menos un JAR, que se ha explorado buscando TLDs, aún no contenía TLDs. Activar historial de depuración para este historiador para una completa lista de los JARs que fueron explorados y de los que nos se halló TLDs. Saltarse JARs no necesarios durante la exploración puede dar lugar a una mejora de tiempo significativa en el arranque y compilación de JSP .
04-Feb-2020 02:29:41.127 INFORMACIÓN [http-apr-8080-exec-113] org.apache.catalina.core.StandardContext.reload Se ha completado la recarga de este Contexto
04-Feb-2020 02:29:59.414 INFORMACIÓN [http-apr-8080-exec-106] org.apache.catalina.core.StandardContext.reload Ha comenzado la recarga de Contexto [/SistemaDeposito]
04-Feb-2020 02:30:01.245 INFORMACIÓN [http-apr-8080-exec-106] org.apache.jasper.servlet.TldScanner.scanJars Al menos un JAR, que se ha explorado buscando TLDs, aún no contenía TLDs. Activar historial de depuración para este historiador para una completa lista de los JARs que fueron explorados y de los que nos se halló TLDs. Saltarse JARs no necesarios durante la exploración puede dar lugar a una mejora de tiempo significativa en el arranque y compilación de JSP .
04-Feb-2020 02:30:01.308 INFORMACIÓN [http-apr-8080-exec-106] org.apache.catalina.core.StandardContext.reload Se ha completado la recarga de este Contexto
04-Feb-2020 02:37:16.132 INFORMACIÓN [http-apr-8080-exec-111] org.apache.catalina.core.StandardContext.reload Ha comenzado la recarga de Contexto [/SistemaDeposito]
04-Feb-2020 02:37:18.269 INFORMACIÓN [http-apr-8080-exec-111] org.apache.jasper.servlet.TldScanner.scanJars Al menos un JAR, que se ha explorado buscando TLDs, aún no contenía TLDs. Activar historial de depuración para este historiador para una completa lista de los JARs que fueron explorados y de los que nos se halló TLDs. Saltarse JARs no necesarios durante la exploración puede dar lugar a una mejora de tiempo significativa en el arranque y compilación de JSP .
04-Feb-2020 02:37:18.355 INFORMACIÓN [http-apr-8080-exec-111] org.apache.catalina.core.StandardContext.reload Se ha completado la recarga de este Contexto
04-Feb-2020 02:37:18.360 INFORMACIÓN [http-apr-8080-exec-123] org.apache.catalina.core.StandardContext.reload Ha comenzado la recarga de Contexto [/SistemaDeposito]
04-Feb-2020 02:37:20.110 INFORMACIÓN [http-apr-8080-exec-123] org.apache.jasper.servlet.TldScanner.scanJars Al menos un JAR, que se ha explorado buscando TLDs, aún no contenía TLDs. Activar historial de depuración para este historiador para una completa lista de los JARs que fueron explorados y de los que nos se halló TLDs. Saltarse JARs no necesarios durante la exploración puede dar lugar a una mejora de tiempo significativa en el arranque y compilación de JSP .
04-Feb-2020 02:37:20.175 INFORMACIÓN [http-apr-8080-exec-123] org.apache.catalina.core.StandardContext.reload Se ha completado la recarga de este Contexto
04-Feb-2020 02:43:25.350 INFORMACIÓN [http-apr-8080-exec-136] org.apache.catalina.core.StandardContext.reload Ha comenzado la recarga de Contexto [/SistemaDeposito]
04-Feb-2020 02:43:25.382 ADVERTENCIA [http-apr-8080-exec-136] org.apache.catalina.loader.WebappClassLoaderBase.clearReferencesJdbc La aplicación web [SistemaDeposito] registró el conductor JDBC [com.mysql.jdbc.Driver] pero falló al anular el registro mientras la aplicación web estaba parada. Para prevenir un fallo de memoria, se ha anulado el registro del conductor JDBC por la fuerza.
04-Feb-2020 02:43:27.411 INFORMACIÓN [http-apr-8080-exec-136] org.apache.jasper.servlet.TldScanner.scanJars Al menos un JAR, que se ha explorado buscando TLDs, aún no contenía TLDs. Activar historial de depuración para este historiador para una completa lista de los JARs que fueron explorados y de los que nos se halló TLDs. Saltarse JARs no necesarios durante la exploración puede dar lugar a una mejora de tiempo significativa en el arranque y compilación de JSP .
04-Feb-2020 02:43:27.476 INFORMACIÓN [http-apr-8080-exec-136] org.apache.catalina.core.StandardContext.reload Se ha completado la recarga de este Contexto
04-Feb-2020 02:47:23.693 INFORMACIÓN [http-apr-8080-exec-129] org.apache.catalina.core.StandardContext.reload Ha comenzado la recarga de Contexto [/SistemaDeposito]
04-Feb-2020 02:47:25.622 INFORMACIÓN [http-apr-8080-exec-129] org.apache.jasper.servlet.TldScanner.scanJars Al menos un JAR, que se ha explorado buscando TLDs, aún no contenía TLDs. Activar historial de depuración para este historiador para una completa lista de los JARs que fueron explorados y de los que nos se halló TLDs. Saltarse JARs no necesarios durante la exploración puede dar lugar a una mejora de tiempo significativa en el arranque y compilación de JSP .
04-Feb-2020 02:47:25.687 INFORMACIÓN [http-apr-8080-exec-129] org.apache.catalina.core.StandardContext.reload Se ha completado la recarga de este Contexto
04-Feb-2020 02:47:25.717 INFORMACIÓN [http-apr-8080-exec-132] org.apache.catalina.core.StandardContext.reload Ha comenzado la recarga de Contexto [/SistemaDeposito]
04-Feb-2020 02:47:25.717 INFORMACIÓN [http-apr-8080-exec-132] org.apache.catalina.core.StandardWrapper.unload Esperando por 1 instancia(s) para recuperar su espacio reservado
04-Feb-2020 02:47:27.646 INFORMACIÓN [http-apr-8080-exec-132] org.apache.jasper.servlet.TldScanner.scanJars Al menos un JAR, que se ha explorado buscando TLDs, aún no contenía TLDs. Activar historial de depuración para este historiador para una completa lista de los JARs que fueron explorados y de los que nos se halló TLDs. Saltarse JARs no necesarios durante la exploración puede dar lugar a una mejora de tiempo significativa en el arranque y compilación de JSP .
04-Feb-2020 02:47:27.649 INFORMACIÓN [http-apr-8080-exec-132] org.apache.catalina.core.StandardContext.reload Se ha completado la recarga de este Contexto
04-Feb-2020 02:48:53.317 INFORMACIÓN [http-apr-8080-exec-140] org.apache.catalina.core.StandardContext.reload Ha comenzado la recarga de Contexto [/SistemaDeposito]
04-Feb-2020 02:48:55.188 INFORMACIÓN [http-apr-8080-exec-140] org.apache.jasper.servlet.TldScanner.scanJars Al menos un JAR, que se ha explorado buscando TLDs, aún no contenía TLDs. Activar historial de depuración para este historiador para una completa lista de los JARs que fueron explorados y de los que nos se halló TLDs. Saltarse JARs no necesarios durante la exploración puede dar lugar a una mejora de tiempo significativa en el arranque y compilación de JSP .
04-Feb-2020 02:48:55.191 INFORMACIÓN [http-apr-8080-exec-140] org.apache.catalina.core.StandardContext.reload Se ha completado la recarga de este Contexto
04-Feb-2020 02:48:55.222 INFORMACIÓN [http-apr-8080-exec-145] org.apache.catalina.core.StandardContext.reload Ha comenzado la recarga de Contexto [/SistemaDeposito]
04-Feb-2020 02:48:56.916 INFORMACIÓN [http-apr-8080-exec-145] org.apache.jasper.servlet.TldScanner.scanJars Al menos un JAR, que se ha explorado buscando TLDs, aún no contenía TLDs. Activar historial de depuración para este historiador para una completa lista de los JARs que fueron explorados y de los que nos se halló TLDs. Saltarse JARs no necesarios durante la exploración puede dar lugar a una mejora de tiempo significativa en el arranque y compilación de JSP .
04-Feb-2020 02:48:56.919 INFORMACIÓN [http-apr-8080-exec-145] org.apache.catalina.core.StandardContext.reload Se ha completado la recarga de este Contexto
04-Feb-2020 02:52:33.553 INFORMACIÓN [http-apr-8080-exec-154] org.apache.catalina.core.StandardContext.reload Ha comenzado la recarga de Contexto [/SistemaDeposito]
04-Feb-2020 02:52:33.574 ADVERTENCIA [http-apr-8080-exec-154] org.apache.catalina.loader.WebappClassLoaderBase.clearReferencesJdbc La aplicación web [SistemaDeposito] registró el conductor JDBC [com.mysql.jdbc.Driver] pero falló al anular el registro mientras la aplicación web estaba parada. Para prevenir un fallo de memoria, se ha anulado el registro del conductor JDBC por la fuerza.
04-Feb-2020 02:52:35.361 INFORMACIÓN [http-apr-8080-exec-154] org.apache.jasper.servlet.TldScanner.scanJars Al menos un JAR, que se ha explorado buscando TLDs, aún no contenía TLDs. Activar historial de depuración para este historiador para una completa lista de los JARs que fueron explorados y de los que nos se halló TLDs. Saltarse JARs no necesarios durante la exploración puede dar lugar a una mejora de tiempo significativa en el arranque y compilación de JSP .
04-Feb-2020 02:52:35.434 INFORMACIÓN [http-apr-8080-exec-154] org.apache.catalina.core.StandardContext.reload Se ha completado la recarga de este Contexto
04-Feb-2020 02:52:39.626 INFORMACIÓN [http-apr-8080-exec-159] org.apache.catalina.core.StandardContext.reload Ha comenzado la recarga de Contexto [/SistemaDeposito]
04-Feb-2020 02:52:41.350 INFORMACIÓN [http-apr-8080-exec-159] org.apache.jasper.servlet.TldScanner.scanJars Al menos un JAR, que se ha explorado buscando TLDs, aún no contenía TLDs. Activar historial de depuración para este historiador para una completa lista de los JARs que fueron explorados y de los que nos se halló TLDs. Saltarse JARs no necesarios durante la exploración puede dar lugar a una mejora de tiempo significativa en el arranque y compilación de JSP .
04-Feb-2020 02:52:41.411 INFORMACIÓN [http-apr-8080-exec-159] org.apache.catalina.core.StandardContext.reload Se ha completado la recarga de este Contexto
04-Feb-2020 02:56:04.912 INFORMACIÓN [http-apr-8080-exec-169] org.apache.catalina.core.StandardContext.reload Ha comenzado la recarga de Contexto [/SistemaDeposito]
04-Feb-2020 02:56:04.923 ADVERTENCIA [http-apr-8080-exec-169] org.apache.catalina.loader.WebappClassLoaderBase.clearReferencesJdbc La aplicación web [SistemaDeposito] registró el conductor JDBC [com.mysql.jdbc.Driver] pero falló al anular el registro mientras la aplicación web estaba parada. Para prevenir un fallo de memoria, se ha anulado el registro del conductor JDBC por la fuerza.
04-Feb-2020 02:56:06.838 INFORMACIÓN [http-apr-8080-exec-169] org.apache.jasper.servlet.TldScanner.scanJars Al menos un JAR, que se ha explorado buscando TLDs, aún no contenía TLDs. Activar historial de depuración para este historiador para una completa lista de los JARs que fueron explorados y de los que nos se halló TLDs. Saltarse JARs no necesarios durante la exploración puede dar lugar a una mejora de tiempo significativa en el arranque y compilación de JSP .
04-Feb-2020 02:56:06.898 INFORMACIÓN [http-apr-8080-exec-169] org.apache.catalina.core.StandardContext.reload Se ha completado la recarga de este Contexto
04-Feb-2020 03:29:51.751 INFORMACIÓN [http-apr-8080-exec-170] org.apache.catalina.core.StandardContext.reload Ha comenzado la recarga de Contexto [/SistemaDeposito]
04-Feb-2020 03:29:51.822 ADVERTENCIA [http-apr-8080-exec-170] org.apache.catalina.loader.WebappClassLoaderBase.clearReferencesJdbc La aplicación web [SistemaDeposito] registró el conductor JDBC [com.mysql.jdbc.Driver] pero falló al anular el registro mientras la aplicación web estaba parada. Para prevenir un fallo de memoria, se ha anulado el registro del conductor JDBC por la fuerza.
04-Feb-2020 03:29:53.648 INFORMACIÓN [http-apr-8080-exec-170] org.apache.jasper.servlet.TldScanner.scanJars Al menos un JAR, que se ha explorado buscando TLDs, aún no contenía TLDs. Activar historial de depuración para este historiador para una completa lista de los JARs que fueron explorados y de los que nos se halló TLDs. Saltarse JARs no necesarios durante la exploración puede dar lugar a una mejora de tiempo significativa en el arranque y compilación de JSP .
04-Feb-2020 03:29:53.716 INFORMACIÓN [http-apr-8080-exec-170] org.apache.catalina.core.StandardContext.reload Se ha completado la recarga de este Contexto
04-Feb-2020 03:29:53.738 INFORMACIÓN [http-apr-8080-exec-175] org.apache.catalina.core.StandardContext.reload Ha comenzado la recarga de Contexto [/SistemaDeposito]
04-Feb-2020 03:29:55.436 INFORMACIÓN [http-apr-8080-exec-175] org.apache.jasper.servlet.TldScanner.scanJars Al menos un JAR, que se ha explorado buscando TLDs, aún no contenía TLDs. Activar historial de depuración para este historiador para una completa lista de los JARs que fueron explorados y de los que nos se halló TLDs. Saltarse JARs no necesarios durante la exploración puede dar lugar a una mejora de tiempo significativa en el arranque y compilación de JSP .
04-Feb-2020 03:29:55.498 INFORMACIÓN [http-apr-8080-exec-175] org.apache.catalina.core.StandardContext.reload Se ha completado la recarga de este Contexto
04-Feb-2020 03:32:00.112 INFORMACIÓN [http-apr-8080-exec-182] org.apache.catalina.core.StandardContext.reload Ha comenzado la recarga de Contexto [/SistemaDeposito]
04-Feb-2020 03:32:01.759 INFORMACIÓN [http-apr-8080-exec-182] org.apache.jasper.servlet.TldScanner.scanJars Al menos un JAR, que se ha explorado buscando TLDs, aún no contenía TLDs. Activar historial de depuración para este historiador para una completa lista de los JARs que fueron explorados y de los que nos se halló TLDs. Saltarse JARs no necesarios durante la exploración puede dar lugar a una mejora de tiempo significativa en el arranque y compilación de JSP .
04-Feb-2020 03:32:01.817 INFORMACIÓN [http-apr-8080-exec-182] org.apache.catalina.core.StandardContext.reload Se ha completado la recarga de este Contexto
04-Feb-2020 03:34:54.549 INFORMACIÓN [http-apr-8080-exec-196] org.apache.catalina.core.StandardContext.reload Ha comenzado la recarga de Contexto [/SistemaDeposito]
04-Feb-2020 03:34:56.482 INFORMACIÓN [http-apr-8080-exec-196] org.apache.jasper.servlet.TldScanner.scanJars Al menos un JAR, que se ha explorado buscando TLDs, aún no contenía TLDs. Activar historial de depuración para este historiador para una completa lista de los JARs que fueron explorados y de los que nos se halló TLDs. Saltarse JARs no necesarios durante la exploración puede dar lugar a una mejora de tiempo significativa en el arranque y compilación de JSP .
04-Feb-2020 03:34:56.545 INFORMACIÓN [http-apr-8080-exec-196] org.apache.catalina.core.StandardContext.reload Se ha completado la recarga de este Contexto
04-Feb-2020 03:34:56.568 INFORMACIÓN [http-apr-8080-exec-189] org.apache.catalina.core.StandardContext.reload Ha comenzado la recarga de Contexto [/SistemaDeposito]
04-Feb-2020 03:34:58.259 INFORMACIÓN [http-apr-8080-exec-189] org.apache.jasper.servlet.TldScanner.scanJars Al menos un JAR, que se ha explorado buscando TLDs, aún no contenía TLDs. Activar historial de depuración para este historiador para una completa lista de los JARs que fueron explorados y de los que nos se halló TLDs. Saltarse JARs no necesarios durante la exploración puede dar lugar a una mejora de tiempo significativa en el arranque y compilación de JSP .
04-Feb-2020 03:34:58.340 INFORMACIÓN [http-apr-8080-exec-189] org.apache.catalina.core.StandardContext.reload Se ha completado la recarga de este Contexto
04-Feb-2020 03:35:56.240 INFORMACIÓN [http-apr-8080-exec-191] org.apache.catalina.core.StandardContext.reload Ha comenzado la recarga de Contexto [/SistemaDeposito]
04-Feb-2020 03:35:58.027 INFORMACIÓN [http-apr-8080-exec-191] org.apache.jasper.servlet.TldScanner.scanJars Al menos un JAR, que se ha explorado buscando TLDs, aún no contenía TLDs. Activar historial de depuración para este historiador para una completa lista de los JARs que fueron explorados y de los que nos se halló TLDs. Saltarse JARs no necesarios durante la exploración puede dar lugar a una mejora de tiempo significativa en el arranque y compilación de JSP .
04-Feb-2020 03:35:58.091 INFORMACIÓN [http-apr-8080-exec-191] org.apache.catalina.core.StandardContext.reload Se ha completado la recarga de este Contexto
04-Feb-2020 03:38:55.017 INFORMACIÓN [http-apr-8080-exec-203] org.apache.catalina.core.StandardContext.reload Ha comenzado la recarga de Contexto [/SistemaDeposito]
04-Feb-2020 03:38:57.046 INFORMACIÓN [http-apr-8080-exec-203] org.apache.jasper.servlet.TldScanner.scanJars Al menos un JAR, que se ha explorado buscando TLDs, aún no contenía TLDs. Activar historial de depuración para este historiador para una completa lista de los JARs que fueron explorados y de los que nos se halló TLDs. Saltarse JARs no necesarios durante la exploración puede dar lugar a una mejora de tiempo significativa en el arranque y compilación de JSP .
04-Feb-2020 03:38:57.105 INFORMACIÓN [http-apr-8080-exec-203] org.apache.catalina.core.StandardContext.reload Se ha completado la recarga de este Contexto
04-Feb-2020 03:39:44.811 INFORMACIÓN [http-apr-8080-exec-207] org.apache.catalina.core.StandardContext.reload Ha comenzado la recarga de Contexto [/SistemaDeposito]
04-Feb-2020 03:39:46.577 INFORMACIÓN [http-apr-8080-exec-207] org.apache.jasper.servlet.TldScanner.scanJars Al menos un JAR, que se ha explorado buscando TLDs, aún no contenía TLDs. Activar historial de depuración para este historiador para una completa lista de los JARs que fueron explorados y de los que nos se halló TLDs. Saltarse JARs no necesarios durante la exploración puede dar lugar a una mejora de tiempo significativa en el arranque y compilación de JSP .
04-Feb-2020 03:39:46.639 INFORMACIÓN [http-apr-8080-exec-207] org.apache.catalina.core.StandardContext.reload Se ha completado la recarga de este Contexto
04-Feb-2020 03:40:42.589 INFORMACIÓN [http-apr-8080-exec-206] org.apache.catalina.core.StandardContext.reload Ha comenzado la recarga de Contexto [/SistemaDeposito]
04-Feb-2020 03:40:42.599 ADVERTENCIA [http-apr-8080-exec-206] org.apache.catalina.loader.WebappClassLoaderBase.clearReferencesJdbc La aplicación web [SistemaDeposito] registró el conductor JDBC [com.mysql.jdbc.Driver] pero falló al anular el registro mientras la aplicación web estaba parada. Para prevenir un fallo de memoria, se ha anulado el registro del conductor JDBC por la fuerza.
04-Feb-2020 03:40:44.510 INFORMACIÓN [http-apr-8080-exec-206] org.apache.jasper.servlet.TldScanner.scanJars Al menos un JAR, que se ha explorado buscando TLDs, aún no contenía TLDs. Activar historial de depuración para este historiador para una completa lista de los JARs que fueron explorados y de los que nos se halló TLDs. Saltarse JARs no necesarios durante la exploración puede dar lugar a una mejora de tiempo significativa en el arranque y compilación de JSP .
04-Feb-2020 03:40:44.568 INFORMACIÓN [http-apr-8080-exec-206] org.apache.catalina.core.StandardContext.reload Se ha completado la recarga de este Contexto
04-Feb-2020 03:44:51.171 INFORMACIÓN [http-apr-8080-exec-221] org.apache.catalina.core.StandardContext.reload Ha comenzado la recarga de Contexto [/SistemaDeposito]
04-Feb-2020 03:44:51.187 ADVERTENCIA [http-apr-8080-exec-221] org.apache.catalina.loader.WebappClassLoaderBase.clearReferencesJdbc La aplicación web [SistemaDeposito] registró el conductor JDBC [com.mysql.jdbc.Driver] pero falló al anular el registro mientras la aplicación web estaba parada. Para prevenir un fallo de memoria, se ha anulado el registro del conductor JDBC por la fuerza.
04-Feb-2020 03:44:53.153 INFORMACIÓN [http-apr-8080-exec-221] org.apache.jasper.servlet.TldScanner.scanJars Al menos un JAR, que se ha explorado buscando TLDs, aún no contenía TLDs. Activar historial de depuración para este historiador para una completa lista de los JARs que fueron explorados y de los que nos se halló TLDs. Saltarse JARs no necesarios durante la exploración puede dar lugar a una mejora de tiempo significativa en el arranque y compilación de JSP .
04-Feb-2020 03:44:53.218 INFORMACIÓN [http-apr-8080-exec-221] org.apache.catalina.core.StandardContext.reload Se ha completado la recarga de este Contexto
04-Feb-2020 03:49:15.512 INFORMACIÓN [http-apr-8080-exec-227] org.apache.catalina.core.StandardContext.reload Ha comenzado la recarga de Contexto [/SistemaDeposito]
04-Feb-2020 03:49:17.555 INFORMACIÓN [http-apr-8080-exec-227] org.apache.jasper.servlet.TldScanner.scanJars Al menos un JAR, que se ha explorado buscando TLDs, aún no contenía TLDs. Activar historial de depuración para este historiador para una completa lista de los JARs que fueron explorados y de los que nos se halló TLDs. Saltarse JARs no necesarios durante la exploración puede dar lugar a una mejora de tiempo significativa en el arranque y compilación de JSP .
04-Feb-2020 03:49:17.619 INFORMACIÓN [http-apr-8080-exec-227] org.apache.catalina.core.StandardContext.reload Se ha completado la recarga de este Contexto
04-Feb-2020 03:49:17.640 INFORMACIÓN [http-apr-8080-exec-233] org.apache.catalina.core.StandardContext.reload Ha comenzado la recarga de Contexto [/SistemaDeposito]
04-Feb-2020 03:49:19.294 INFORMACIÓN [http-apr-8080-exec-233] org.apache.jasper.servlet.TldScanner.scanJars Al menos un JAR, que se ha explorado buscando TLDs, aún no contenía TLDs. Activar historial de depuración para este historiador para una completa lista de los JARs que fueron explorados y de los que nos se halló TLDs. Saltarse JARs no necesarios durante la exploración puede dar lugar a una mejora de tiempo significativa en el arranque y compilación de JSP .
04-Feb-2020 03:49:19.368 INFORMACIÓN [http-apr-8080-exec-233] org.apache.catalina.core.StandardContext.reload Se ha completado la recarga de este Contexto
04-Feb-2020 03:49:24.826 INFORMACIÓN [http-apr-8080-exec-234] org.apache.catalina.core.StandardContext.reload Ha comenzado la recarga de Contexto [/SistemaDeposito]
04-Feb-2020 03:49:26.483 INFORMACIÓN [http-apr-8080-exec-234] org.apache.jasper.servlet.TldScanner.scanJars Al menos un JAR, que se ha explorado buscando TLDs, aún no contenía TLDs. Activar historial de depuración para este historiador para una completa lista de los JARs que fueron explorados y de los que nos se halló TLDs. Saltarse JARs no necesarios durante la exploración puede dar lugar a una mejora de tiempo significativa en el arranque y compilación de JSP .
04-Feb-2020 03:49:26.550 INFORMACIÓN [http-apr-8080-exec-234] org.apache.catalina.core.StandardContext.reload Se ha completado la recarga de este Contexto
04-Feb-2020 04:03:04.854 INFORMACIÓN [http-apr-8080-exec-241] org.apache.catalina.core.StandardContext.reload Ha comenzado la recarga de Contexto [/SistemaDeposito]
04-Feb-2020 04:03:04.865 ADVERTENCIA [http-apr-8080-exec-241] org.apache.catalina.loader.WebappClassLoaderBase.clearReferencesJdbc La aplicación web [SistemaDeposito] registró el conductor JDBC [com.mysql.jdbc.Driver] pero falló al anular el registro mientras la aplicación web estaba parada. Para prevenir un fallo de memoria, se ha anulado el registro del conductor JDBC por la fuerza.
04-Feb-2020 04:03:06.671 INFORMACIÓN [http-apr-8080-exec-241] org.apache.jasper.servlet.TldScanner.scanJars Al menos un JAR, que se ha explorado buscando TLDs, aún no contenía TLDs. Activar historial de depuración para este historiador para una completa lista de los JARs que fueron explorados y de los que nos se halló TLDs. Saltarse JARs no necesarios durante la exploración puede dar lugar a una mejora de tiempo significativa en el arranque y compilación de JSP .
04-Feb-2020 04:03:06.753 INFORMACIÓN [http-apr-8080-exec-241] org.apache.catalina.core.StandardContext.reload Se ha completado la recarga de este Contexto
04-Feb-2020 04:06:43.836 INFORMACIÓN [http-apr-8080-exec-248] org.apache.catalina.core.StandardContext.reload Ha comenzado la recarga de Contexto [/SistemaDeposito]
04-Feb-2020 04:06:45.622 INFORMACIÓN [http-apr-8080-exec-248] org.apache.jasper.servlet.TldScanner.scanJars Al menos un JAR, que se ha explorado buscando TLDs, aún no contenía TLDs. Activar historial de depuración para este historiador para una completa lista de los JARs que fueron explorados y de los que nos se halló TLDs. Saltarse JARs no necesarios durante la exploración puede dar lugar a una mejora de tiempo significativa en el arranque y compilación de JSP .
04-Feb-2020 04:06:45.690 INFORMACIÓN [http-apr-8080-exec-248] org.apache.catalina.core.StandardContext.reload Se ha completado la recarga de este Contexto
04-Feb-2020 04:06:51.212 INFORMACIÓN [http-apr-8080-exec-259] org.apache.catalina.core.StandardContext.reload Ha comenzado la recarga de Contexto [/SistemaDeposito]
04-Feb-2020 04:06:52.975 INFORMACIÓN [http-apr-8080-exec-259] org.apache.jasper.servlet.TldScanner.scanJars Al menos un JAR, que se ha explorado buscando TLDs, aún no contenía TLDs. Activar historial de depuración para este historiador para una completa lista de los JARs que fueron explorados y de los que nos se halló TLDs. Saltarse JARs no necesarios durante la exploración puede dar lugar a una mejora de tiempo significativa en el arranque y compilación de JSP .
04-Feb-2020 04:06:53.039 INFORMACIÓN [http-apr-8080-exec-259] org.apache.catalina.core.StandardContext.reload Se ha completado la recarga de este Contexto
04-Feb-2020 04:08:19.329 ADVERTENCIA [http-apr-8080-exec-262] org.apache.catalina.loader.WebappClassLoaderBase.clearReferencesJdbc La aplicación web [SistemaDeposito] registró el conductor JDBC [com.mysql.jdbc.Driver] pero falló al anular el registro mientras la aplicación web estaba parada. Para prevenir un fallo de memoria, se ha anulado el registro del conductor JDBC por la fuerza.
04-Feb-2020 04:08:21.269 INFORMACIÓN [http-apr-8080-exec-266] org.apache.jasper.servlet.TldScanner.scanJars Al menos un JAR, que se ha explorado buscando TLDs, aún no contenía TLDs. Activar historial de depuración para este historiador para una completa lista de los JARs que fueron explorados y de los que nos se halló TLDs. Saltarse JARs no necesarios durante la exploración puede dar lugar a una mejora de tiempo significativa en el arranque y compilación de JSP .
04-Feb-2020 04:08:21.359 INFORMACIÓN [http-apr-8080-exec-265] org.apache.catalina.core.StandardContext.reload Ha comenzado la recarga de Contexto [/SistemaDeposito]
04-Feb-2020 04:08:23.031 INFORMACIÓN [http-apr-8080-exec-265] org.apache.jasper.servlet.TldScanner.scanJars Al menos un JAR, que se ha explorado buscando TLDs, aún no contenía TLDs. Activar historial de depuración para este historiador para una completa lista de los JARs que fueron explorados y de los que nos se halló TLDs. Saltarse JARs no necesarios durante la exploración puede dar lugar a una mejora de tiempo significativa en el arranque y compilación de JSP .
04-Feb-2020 04:08:23.101 INFORMACIÓN [http-apr-8080-exec-265] org.apache.catalina.core.StandardContext.reload Se ha completado la recarga de este Contexto
04-Feb-2020 04:08:28.225 INFORMACIÓN [ContainerBackgroundProcessor[StandardEngine[Catalina]]] org.apache.catalina.startup.HostConfig.reload Falló la recarga del contexto [/SistemaDeposito]
04-Feb-2020 04:08:28.225 INFORMACIÓN [ContainerBackgroundProcessor[StandardEngine[Catalina]]] org.apache.catalina.core.StandardContext.reload Ha comenzado la recarga de Contexto [/SistemaDeposito]
04-Feb-2020 04:08:29.781 INFORMACIÓN [ContainerBackgroundProcessor[StandardEngine[Catalina]]] org.apache.jasper.servlet.TldScanner.scanJars Al menos un JAR, que se ha explorado buscando TLDs, aún no contenía TLDs. Activar historial de depuración para este historiador para una completa lista de los JARs que fueron explorados y de los que nos se halló TLDs. Saltarse JARs no necesarios durante la exploración puede dar lugar a una mejora de tiempo significativa en el arranque y compilación de JSP .
04-Feb-2020 04:08:29.842 INFORMACIÓN [ContainerBackgroundProcessor[StandardEngine[Catalina]]] org.apache.catalina.core.StandardContext.reload Se ha completado la recarga de este Contexto
04-Feb-2020 04:08:49.937 INFORMACIÓN [http-apr-8080-exec-258] org.apache.catalina.core.StandardContext.reload Ha comenzado la recarga de Contexto [/SistemaDeposito]
04-Feb-2020 04:08:51.631 INFORMACIÓN [http-apr-8080-exec-258] org.apache.jasper.servlet.TldScanner.scanJars Al menos un JAR, que se ha explorado buscando TLDs, aún no contenía TLDs. Activar historial de depuración para este historiador para una completa lista de los JARs que fueron explorados y de los que nos se halló TLDs. Saltarse JARs no necesarios durante la exploración puede dar lugar a una mejora de tiempo significativa en el arranque y compilación de JSP .
04-Feb-2020 04:08:51.696 INFORMACIÓN [http-apr-8080-exec-258] org.apache.catalina.core.StandardContext.reload Se ha completado la recarga de este Contexto
04-Feb-2020 04:13:06.768 INFORMACIÓN [http-apr-8080-exec-273] org.apache.catalina.startup.HostConfig.undeploy Repliegue (undeploy) de la aplicación web que tiene como trayectoria de contexto /SistemaDeposito
04-Feb-2020 04:13:13.214 INFORMACIÓN [http-apr-8080-exec-280] org.apache.catalina.startup.HostConfig.deployDescriptor Desplieque del descriptor de configuración C:\Users\soare\Documents\NetBeansProjects\SistemaDeposito\apache-tomcat-8.0.53-windows-x64\apache-tomcat-8.0.53\conf\Catalina\localhost\SistemaDeposito.xml
04-Feb-2020 04:13:15.000 INFORMACIÓN [http-apr-8080-exec-280] org.apache.jasper.servlet.TldScanner.scanJars Al menos un JAR, que se ha explorado buscando TLDs, aún no contenía TLDs. Activar historial de depuración para este historiador para una completa lista de los JARs que fueron explorados y de los que nos se halló TLDs. Saltarse JARs no necesarios durante la exploración puede dar lugar a una mejora de tiempo significativa en el arranque y compilación de JSP .
04-Feb-2020 04:13:15.003 INFORMACIÓN [http-apr-8080-exec-280] org.apache.catalina.startup.HostConfig.deployDescriptor Deployment of configuration descriptor C:\Users\soare\Documents\NetBeansProjects\SistemaDeposito\apache-tomcat-8.0.53-windows-x64\apache-tomcat-8.0.53\conf\Catalina\localhost\SistemaDeposito.xml has finished in 1.789 ms
04-Feb-2020 04:13:15.006 INFORMACIÓN [http-apr-8080-exec-274] org.apache.catalina.util.LifecycleBase.start The start() method was called on component [StandardEngine[Catalina].StandardHost[localhost].StandardContext[/SistemaDeposito]] after start() had already been called. The second call will be ignored.
04-Feb-2020 04:21:39.227 ADVERTENCIA [http-apr-8080-exec-288] org.apache.catalina.loader.WebappClassLoaderBase.clearReferencesJdbc La aplicación web [SistemaDeposito] registró el conductor JDBC [com.mysql.jdbc.Driver] pero falló al anular el registro mientras la aplicación web estaba parada. Para prevenir un fallo de memoria, se ha anulado el registro del conductor JDBC por la fuerza.
04-Feb-2020 04:21:39.731 INFORMACIÓN [http-apr-8080-exec-288] org.apache.catalina.startup.HostConfig.undeploy Repliegue (undeploy) de la aplicación web que tiene como trayectoria de contexto /SistemaDeposito
04-Feb-2020 04:25:41.087 INFORMACIÓN [http-apr-8080-exec-290] org.apache.catalina.startup.HostConfig.deployDescriptor Desplieque del descriptor de configuración C:\Users\soare\Documents\NetBeansProjects\SistemaDeposito\apache-tomcat-8.0.53-windows-x64\apache-tomcat-8.0.53\conf\Catalina\localhost\SistemaDeposito.xml
04-Feb-2020 04:25:42.858 INFORMACIÓN [http-apr-8080-exec-290] org.apache.jasper.servlet.TldScanner.scanJars Al menos un JAR, que se ha explorado buscando TLDs, aún no contenía TLDs. Activar historial de depuración para este historiador para una completa lista de los JARs que fueron explorados y de los que nos se halló TLDs. Saltarse JARs no necesarios durante la exploración puede dar lugar a una mejora de tiempo significativa en el arranque y compilación de JSP .
04-Feb-2020 04:25:42.862 INFORMACIÓN [http-apr-8080-exec-290] org.apache.catalina.startup.HostConfig.deployDescriptor Deployment of configuration descriptor C:\Users\soare\Documents\NetBeansProjects\SistemaDeposito\apache-tomcat-8.0.53-windows-x64\apache-tomcat-8.0.53\conf\Catalina\localhost\SistemaDeposito.xml has finished in 1.774 ms
04-Feb-2020 04:25:42.865 INFORMACIÓN [http-apr-8080-exec-297] org.apache.catalina.util.LifecycleBase.start The start() method was called on component [StandardEngine[Catalina].StandardHost[localhost].StandardContext[/SistemaDeposito]] after start() had already been called. The second call will be ignored.
04-Feb-2020 04:36:31.617 INFORMACIÓN [http-apr-8080-exec-300] org.apache.catalina.core.StandardContext.reload Ha comenzado la recarga de Contexto [/SistemaDeposito]
04-Feb-2020 04:36:31.641 ADVERTENCIA [http-apr-8080-exec-300] org.apache.catalina.loader.WebappClassLoaderBase.clearReferencesJdbc La aplicación web [SistemaDeposito] registró el conductor JDBC [com.mysql.jdbc.Driver] pero falló al anular el registro mientras la aplicación web estaba parada. Para prevenir un fallo de memoria, se ha anulado el registro del conductor JDBC por la fuerza.
04-Feb-2020 04:36:33.651 INFORMACIÓN [http-apr-8080-exec-300] org.apache.jasper.servlet.TldScanner.scanJars Al menos un JAR, que se ha explorado buscando TLDs, aún no contenía TLDs. Activar historial de depuración para este historiador para una completa lista de los JARs que fueron explorados y de los que nos se halló TLDs. Saltarse JARs no necesarios durante la exploración puede dar lugar a una mejora de tiempo significativa en el arranque y compilación de JSP .
04-Feb-2020 04:36:33.732 INFORMACIÓN [http-apr-8080-exec-300] org.apache.catalina.core.StandardContext.reload Se ha completado la recarga de este Contexto
04-Feb-2020 04:36:39.875 INFORMACIÓN [http-apr-8080-exec-295] org.apache.catalina.core.StandardContext.reload Ha comenzado la recarga de Contexto [/SistemaDeposito]
04-Feb-2020 04:36:41.403 INFORMACIÓN [http-apr-8080-exec-295] org.apache.jasper.servlet.TldScanner.scanJars Al menos un JAR, que se ha explorado buscando TLDs, aún no contenía TLDs. Activar historial de depuración para este historiador para una completa lista de los JARs que fueron explorados y de los que nos se halló TLDs. Saltarse JARs no necesarios durante la exploración puede dar lugar a una mejora de tiempo significativa en el arranque y compilación de JSP .
04-Feb-2020 04:36:41.468 INFORMACIÓN [http-apr-8080-exec-295] org.apache.catalina.core.StandardContext.reload Se ha completado la recarga de este Contexto
04-Feb-2020 04:40:08.764 ADVERTENCIA [http-apr-8080-exec-312] org.apache.catalina.loader.WebappClassLoaderBase.clearReferencesJdbc La aplicación web [SistemaDeposito] registró el conductor JDBC [com.mysql.jdbc.Driver] pero falló al anular el registro mientras la aplicación web estaba parada. Para prevenir un fallo de memoria, se ha anulado el registro del conductor JDBC por la fuerza.
04-Feb-2020 04:40:09.267 INFORMACIÓN [http-apr-8080-exec-312] org.apache.catalina.startup.HostConfig.undeploy Repliegue (undeploy) de la aplicación web que tiene como trayectoria de contexto /SistemaDeposito
04-Feb-2020 04:44:07.813 INFORMACIÓN [http-apr-8080-exec-310] org.apache.catalina.startup.HostConfig.deployDescriptor Desplieque del descriptor de configuración C:\Users\soare\Documents\NetBeansProjects\SistemaDeposito\apache-tomcat-8.0.53-windows-x64\apache-tomcat-8.0.53\conf\Catalina\localhost\SistemaDeposito.xml
04-Feb-2020 04:44:09.628 INFORMACIÓN [http-apr-8080-exec-310] org.apache.jasper.servlet.TldScanner.scanJars Al menos un JAR, que se ha explorado buscando TLDs, aún no contenía TLDs. Activar historial de depuración para este historiador para una completa lista de los JARs que fueron explorados y de los que nos se halló TLDs. Saltarse JARs no necesarios durante la exploración puede dar lugar a una mejora de tiempo significativa en el arranque y compilación de JSP .
04-Feb-2020 04:44:09.631 INFORMACIÓN [http-apr-8080-exec-310] org.apache.catalina.startup.HostConfig.deployDescriptor Deployment of configuration descriptor C:\Users\soare\Documents\NetBeansProjects\SistemaDeposito\apache-tomcat-8.0.53-windows-x64\apache-tomcat-8.0.53\conf\Catalina\localhost\SistemaDeposito.xml has finished in 1.817 ms
04-Feb-2020 04:44:09.635 INFORMACIÓN [http-apr-8080-exec-311] org.apache.catalina.util.LifecycleBase.start The start() method was called on component [StandardEngine[Catalina].StandardHost[localhost].StandardContext[/SistemaDeposito]] after start() had already been called. The second call will be ignored.
04-Feb-2020 04:59:04.785 INFORMACIÓN [http-apr-8080-exec-316] org.apache.catalina.core.StandardContext.reload Ha comenzado la recarga de Contexto [/SistemaDeposito]
04-Feb-2020 04:59:04.857 ADVERTENCIA [http-apr-8080-exec-316] org.apache.catalina.loader.WebappClassLoaderBase.clearReferencesJdbc La aplicación web [SistemaDeposito] registró el conductor JDBC [com.mysql.jdbc.Driver] pero falló al anular el registro mientras la aplicación web estaba parada. Para prevenir un fallo de memoria, se ha anulado el registro del conductor JDBC por la fuerza.
04-Feb-2020 04:59:06.753 INFORMACIÓN [http-apr-8080-exec-316] org.apache.jasper.servlet.TldScanner.scanJars Al menos un JAR, que se ha explorado buscando TLDs, aún no contenía TLDs. Activar historial de depuración para este historiador para una completa lista de los JARs que fueron explorados y de los que nos se halló TLDs. Saltarse JARs no necesarios durante la exploración puede dar lugar a una mejora de tiempo significativa en el arranque y compilación de JSP .
04-Feb-2020 04:59:06.832 INFORMACIÓN [http-apr-8080-exec-316] org.apache.catalina.core.StandardContext.reload Se ha completado la recarga de este Contexto
04-Feb-2020 04:59:58.862 INFORMACIÓN [Finalizer] org.apache.catalina.loader.WebappClassLoaderBase.checkStateForResourceLoading Acceso ilegal: esta instancia de aplicación web ya ha sido parada.  Could not load org.eclipse.persistence.internal.localization.i18n.LoggingLocalizationResource.  La eventual traza de pila que sigue ha sido motivada por un error lanzado con motivos de depuración así como para intentar terminar el hilo que motivó el acceso ilegal y no tiene impacto funcional.
 java.lang.IllegalStateException: Acceso ilegal: esta instancia de aplicación web ya ha sido parada.  Could not load org.eclipse.persistence.internal.localization.i18n.LoggingLocalizationResource.  La eventual traza de pila que sigue ha sido motivada por un error lanzado con motivos de depuración así como para intentar terminar el hilo que motivó el acceso ilegal y no tiene impacto funcional.
	at org.apache.catalina.loader.WebappClassLoaderBase.checkStateForResourceLoading(WebappClassLoaderBase.java:1372)
	at org.apache.catalina.loader.WebappClassLoaderBase.checkStateForClassLoading(WebappClassLoaderBase.java:1360)
	at org.apache.catalina.loader.WebappClassLoaderBase.loadClass(WebappClassLoaderBase.java:1219)
	at org.apache.catalina.loader.WebappClassLoaderBase.loadClass(WebappClassLoaderBase.java:1180)
	at java.util.ResourceBundle$Control.newBundle(ResourceBundle.java:2657)
	at java.util.ResourceBundle.loadBundle(ResourceBundle.java:1518)
	at java.util.ResourceBundle.findBundle(ResourceBundle.java:1482)
	at java.util.ResourceBundle.findBundle(ResourceBundle.java:1436)
	at java.util.ResourceBundle.findBundle(ResourceBundle.java:1436)
	at java.util.ResourceBundle.getBundleImpl(ResourceBundle.java:1370)
	at java.util.ResourceBundle.getBundle(ResourceBundle.java:854)
	at org.eclipse.persistence.internal.localization.EclipseLinkLocalization.buildMessage(EclipseLinkLocalization.java:60)
	at org.eclipse.persistence.internal.localization.EclipseLinkLocalization.buildMessage(EclipseLinkLocalization.java:34)
	at org.eclipse.persistence.internal.localization.LoggingLocalization.buildMessage(LoggingLocalization.java:25)
	at org.eclipse.persistence.logging.AbstractSessionLog.formatMessage(AbstractSessionLog.java:987)
	at org.eclipse.persistence.logging.DefaultSessionLog.log(DefaultSessionLog.java:142)
	at org.eclipse.persistence.internal.sessions.AbstractSession.log(AbstractSession.java:3491)
	at org.eclipse.persistence.internal.sessions.AbstractSession.log(AbstractSession.java:4681)
	at org.eclipse.persistence.internal.sessions.AbstractSession.log(AbstractSession.java:4653)
	at org.eclipse.persistence.internal.sessions.AbstractSession.log(AbstractSession.java:4629)
	at org.eclipse.persistence.internal.sessions.AbstractSession.log(AbstractSession.java:4551)
	at org.eclipse.persistence.internal.sessions.DatabaseSessionImpl.logout(DatabaseSessionImpl.java:937)
	at org.eclipse.persistence.sessions.server.ServerSession.logout(ServerSession.java:776)
	at org.eclipse.persistence.internal.jpa.EntityManagerSetupImpl.removeSessionFromGlobalSessionManager(EntityManagerSetupImpl.java:511)
	at org.eclipse.persistence.internal.jpa.EntityManagerSetupImpl.undeploy(EntityManagerSetupImpl.java:2850)
	at org.eclipse.persistence.internal.jpa.EntityManagerFactoryDelegate.close(EntityManagerFactoryDelegate.java:267)
	at org.eclipse.persistence.internal.jpa.EntityManagerFactoryDelegate.finalize(EntityManagerFactoryDelegate.java:344)
	at java.lang.System$2.invokeFinalize(System.java:1270)
	at java.lang.ref.Finalizer.runFinalizer(Finalizer.java:102)
	at java.lang.ref.Finalizer.access$100(Finalizer.java:34)
	at java.lang.ref.Finalizer$FinalizerThread.run(Finalizer.java:217)

04-Feb-2020 04:59:58.863 INFORMACIÓN [Finalizer] org.apache.catalina.loader.WebappClassLoaderBase.checkStateForResourceLoading Acceso ilegal: esta instancia de aplicación web ya ha sido parada.  Could not load org/eclipse/persistence/internal/localization/i18n/LoggingLocalizationResource.properties.  La eventual traza de pila que sigue ha sido motivada por un error lanzado con motivos de depuración así como para intentar terminar el hilo que motivó el acceso ilegal y no tiene impacto funcional.
 java.lang.IllegalStateException: Acceso ilegal: esta instancia de aplicación web ya ha sido parada.  Could not load org/eclipse/persistence/internal/localization/i18n/LoggingLocalizationResource.properties.  La eventual traza de pila que sigue ha sido motivada por un error lanzado con motivos de depuración así como para intentar terminar el hilo que motivó el acceso ilegal y no tiene impacto funcional.
	at org.apache.catalina.loader.WebappClassLoaderBase.checkStateForResourceLoading(WebappClassLoaderBase.java:1372)
	at org.apache.catalina.loader.WebappClassLoaderBase.getResourceAsStream(WebappClassLoaderBase.java:1101)
	at java.util.ResourceBundle$Control$1.run(ResourceBundle.java:2694)
	at java.util.ResourceBundle$Control$1.run(ResourceBundle.java:2679)
	at java.security.AccessController.doPrivileged(Native Method)
	at java.util.ResourceBundle$Control.newBundle(ResourceBundle.java:2678)
	at java.util.ResourceBundle.loadBundle(ResourceBundle.java:1518)
	at java.util.ResourceBundle.findBundle(ResourceBundle.java:1482)
	at java.util.ResourceBundle.findBundle(ResourceBundle.java:1436)
	at java.util.ResourceBundle.findBundle(ResourceBundle.java:1436)
	at java.util.ResourceBundle.getBundleImpl(ResourceBundle.java:1370)
	at java.util.ResourceBundle.getBundle(ResourceBundle.java:854)
	at org.eclipse.persistence.internal.localization.EclipseLinkLocalization.buildMessage(EclipseLinkLocalization.java:60)
	at org.eclipse.persistence.internal.localization.EclipseLinkLocalization.buildMessage(EclipseLinkLocalization.java:34)
	at org.eclipse.persistence.internal.localization.LoggingLocalization.buildMessage(LoggingLocalization.java:25)
	at org.eclipse.persistence.logging.AbstractSessionLog.formatMessage(AbstractSessionLog.java:987)
	at org.eclipse.persistence.logging.DefaultSessionLog.log(DefaultSessionLog.java:142)
	at org.eclipse.persistence.internal.sessions.AbstractSession.log(AbstractSession.java:3491)
	at org.eclipse.persistence.internal.sessions.AbstractSession.log(AbstractSession.java:4681)
	at org.eclipse.persistence.internal.sessions.AbstractSession.log(AbstractSession.java:4653)
	at org.eclipse.persistence.internal.sessions.AbstractSession.log(AbstractSession.java:4629)
	at org.eclipse.persistence.internal.sessions.AbstractSession.log(AbstractSession.java:4551)
	at org.eclipse.persistence.internal.sessions.DatabaseSessionImpl.logout(DatabaseSessionImpl.java:937)
	at org.eclipse.persistence.sessions.server.ServerSession.logout(ServerSession.java:776)
	at org.eclipse.persistence.internal.jpa.EntityManagerSetupImpl.removeSessionFromGlobalSessionManager(EntityManagerSetupImpl.java:511)
	at org.eclipse.persistence.internal.jpa.EntityManagerSetupImpl.undeploy(EntityManagerSetupImpl.java:2850)
	at org.eclipse.persistence.internal.jpa.EntityManagerFactoryDelegate.close(EntityManagerFactoryDelegate.java:267)
	at org.eclipse.persistence.internal.jpa.EntityManagerFactoryDelegate.finalize(EntityManagerFactoryDelegate.java:344)
	at java.lang.System$2.invokeFinalize(System.java:1270)
	at java.lang.ref.Finalizer.runFinalizer(Finalizer.java:102)
	at java.lang.ref.Finalizer.access$100(Finalizer.java:34)
	at java.lang.ref.Finalizer$FinalizerThread.run(Finalizer.java:217)

04-Feb-2020 17:58:10.912 INFORMACIÓN [http-apr-8080-exec-330] org.apache.catalina.core.StandardContext.reload Ha comenzado la recarga de Contexto [/SistemaDeposito]
04-Feb-2020 17:58:10.914 ADVERTENCIA [http-apr-8080-exec-330] org.apache.catalina.loader.WebappClassLoaderBase.clearReferencesJdbc La aplicación web [SistemaDeposito] registró el conductor JDBC [com.mysql.jdbc.Driver] pero falló al anular el registro mientras la aplicación web estaba parada. Para prevenir un fallo de memoria, se ha anulado el registro del conductor JDBC por la fuerza.
04-Feb-2020 17:58:12.899 INFORMACIÓN [http-apr-8080-exec-330] org.apache.jasper.servlet.TldScanner.scanJars Al menos un JAR, que se ha explorado buscando TLDs, aún no contenía TLDs. Activar historial de depuración para este historiador para una completa lista de los JARs que fueron explorados y de los que nos se halló TLDs. Saltarse JARs no necesarios durante la exploración puede dar lugar a una mejora de tiempo significativa en el arranque y compilación de JSP .
04-Feb-2020 17:58:12.901 INFORMACIÓN [http-apr-8080-exec-330] org.apache.catalina.core.StandardContext.reload Se ha completado la recarga de este Contexto
