29-Jan-2020 15:15:25.922 ADVERTENCIA [http-apr-8080-exec-144] org.apache.catalina.loader.WebappClassLoaderBase.clearReferencesJdbc La aplicación web [SistemaDeposito] registró el conductor JDBC [com.mysql.jdbc.Driver] pero falló al anular el registro mientras la aplicación web estaba parada. Para prevenir un fallo de memoria, se ha anulado el registro del conductor JDBC por la fuerza.
29-Jan-2020 15:15:26.448 INFORMACIÓN [http-apr-8080-exec-144] org.apache.catalina.startup.HostConfig.undeploy Repliegue (undeploy) de la aplicación web que tiene como trayectoria de contexto /SistemaDeposito
29-Jan-2020 15:15:46.021 INFORMACIÓN [http-apr-8080-exec-146] org.apache.catalina.startup.HostConfig.deployDescriptor Desplieque del descriptor de configuración C:\Users\soare\Documents\NetBeansProjects\SistemaDeposito\apache-tomcat-8.0.53-windows-x64\apache-tomcat-8.0.53\conf\Catalina\localhost\SistemaDeposito.xml
29-Jan-2020 15:15:49.025 INFORMACIÓN [http-apr-8080-exec-146] org.apache.jasper.servlet.TldScanner.scanJars Al menos un JAR, que se ha explorado buscando TLDs, aún no contenía TLDs. Activar historial de depuración para este historiador para una completa lista de los JARs que fueron explorados y de los que nos se halló TLDs. Saltarse JARs no necesarios durante la exploración puede dar lugar a una mejora de tiempo significativa en el arranque y compilación de JSP .
29-Jan-2020 15:15:49.029 INFORMACIÓN [http-apr-8080-exec-146] org.apache.catalina.startup.HostConfig.deployDescriptor Deployment of configuration descriptor C:\Users\soare\Documents\NetBeansProjects\SistemaDeposito\apache-tomcat-8.0.53-windows-x64\apache-tomcat-8.0.53\conf\Catalina\localhost\SistemaDeposito.xml has finished in 3.008 ms
29-Jan-2020 15:15:49.033 INFORMACIÓN [http-apr-8080-exec-141] org.apache.catalina.util.LifecycleBase.start The start() method was called on component [StandardEngine[Catalina].StandardHost[localhost].StandardContext[/SistemaDeposito]] after start() had already been called. The second call will be ignored.
29-Jan-2020 19:42:15.864 INFORMACIÓN [http-apr-8080-exec-154] org.apache.catalina.core.StandardContext.reload Ha comenzado la recarga de Contexto [/SistemaDeposito]
29-Jan-2020 19:42:15.888 ADVERTENCIA [http-apr-8080-exec-154] org.apache.catalina.loader.WebappClassLoaderBase.clearReferencesJdbc La aplicación web [SistemaDeposito] registró el conductor JDBC [com.mysql.jdbc.Driver] pero falló al anular el registro mientras la aplicación web estaba parada. Para prevenir un fallo de memoria, se ha anulado el registro del conductor JDBC por la fuerza.
29-Jan-2020 19:42:20.036 INFORMACIÓN [http-apr-8080-exec-154] org.apache.jasper.servlet.TldScanner.scanJars Al menos un JAR, que se ha explorado buscando TLDs, aún no contenía TLDs. Activar historial de depuración para este historiador para una completa lista de los JARs que fueron explorados y de los que nos se halló TLDs. Saltarse JARs no necesarios durante la exploración puede dar lugar a una mejora de tiempo significativa en el arranque y compilación de JSP .
29-Jan-2020 19:42:20.040 INFORMACIÓN [http-apr-8080-exec-154] org.apache.catalina.core.StandardContext.reload Se ha completado la recarga de este Contexto
29-Jan-2020 19:42:20.066 INFORMACIÓN [http-apr-8080-exec-156] org.apache.catalina.core.StandardContext.reload Ha comenzado la recarga de Contexto [/SistemaDeposito]
29-Jan-2020 19:42:22.103 INFORMACIÓN [http-apr-8080-exec-156] org.apache.jasper.servlet.TldScanner.scanJars Al menos un JAR, que se ha explorado buscando TLDs, aún no contenía TLDs. Activar historial de depuración para este historiador para una completa lista de los JARs que fueron explorados y de los que nos se halló TLDs. Saltarse JARs no necesarios durante la exploración puede dar lugar a una mejora de tiempo significativa en el arranque y compilación de JSP .
29-Jan-2020 19:42:22.106 INFORMACIÓN [http-apr-8080-exec-156] org.apache.catalina.core.StandardContext.reload Se ha completado la recarga de este Contexto
29-Jan-2020 19:43:11.911 INFORMACIÓN [http-apr-8080-exec-152] org.apache.jasper.servlet.TldScanner.scanJars Al menos un JAR, que se ha explorado buscando TLDs, aún no contenía TLDs. Activar historial de depuración para este historiador para una completa lista de los JARs que fueron explorados y de los que nos se halló TLDs. Saltarse JARs no necesarios durante la exploración puede dar lugar a una mejora de tiempo significativa en el arranque y compilación de JSP .
29-Jan-2020 19:43:11.936 INFORMACIÓN [http-apr-8080-exec-160] org.apache.catalina.core.StandardContext.reload Ha comenzado la recarga de Contexto [/SistemaDeposito]
29-Jan-2020 19:43:13.691 INFORMACIÓN [http-apr-8080-exec-160] org.apache.jasper.servlet.TldScanner.scanJars Al menos un JAR, que se ha explorado buscando TLDs, aún no contenía TLDs. Activar historial de depuración para este historiador para una completa lista de los JARs que fueron explorados y de los que nos se halló TLDs. Saltarse JARs no necesarios durante la exploración puede dar lugar a una mejora de tiempo significativa en el arranque y compilación de JSP .
29-Jan-2020 19:43:13.694 INFORMACIÓN [http-apr-8080-exec-160] org.apache.catalina.core.StandardContext.reload Se ha completado la recarga de este Contexto
29-Jan-2020 19:43:19.648 INFORMACIÓN [ContainerBackgroundProcessor[StandardEngine[Catalina]]] org.apache.catalina.startup.HostConfig.reload Falló la recarga del contexto [/SistemaDeposito]
29-Jan-2020 19:43:19.648 INFORMACIÓN [ContainerBackgroundProcessor[StandardEngine[Catalina]]] org.apache.catalina.core.StandardContext.reload Ha comenzado la recarga de Contexto [/SistemaDeposito]
29-Jan-2020 19:43:21.342 INFORMACIÓN [ContainerBackgroundProcessor[StandardEngine[Catalina]]] org.apache.jasper.servlet.TldScanner.scanJars Al menos un JAR, que se ha explorado buscando TLDs, aún no contenía TLDs. Activar historial de depuración para este historiador para una completa lista de los JARs que fueron explorados y de los que nos se halló TLDs. Saltarse JARs no necesarios durante la exploración puede dar lugar a una mejora de tiempo significativa en el arranque y compilación de JSP .
29-Jan-2020 19:43:21.344 INFORMACIÓN [ContainerBackgroundProcessor[StandardEngine[Catalina]]] org.apache.catalina.core.StandardContext.reload Se ha completado la recarga de este Contexto
29-Jan-2020 20:13:02.153 INFORMACIÓN [http-apr-8080-exec-171] org.apache.catalina.core.StandardContext.reload Ha comenzado la recarga de Contexto [/SistemaDeposito]
29-Jan-2020 20:13:04.219 INFORMACIÓN [http-apr-8080-exec-171] org.apache.jasper.servlet.TldScanner.scanJars Al menos un JAR, que se ha explorado buscando TLDs, aún no contenía TLDs. Activar historial de depuración para este historiador para una completa lista de los JARs que fueron explorados y de los que nos se halló TLDs. Saltarse JARs no necesarios durante la exploración puede dar lugar a una mejora de tiempo significativa en el arranque y compilación de JSP .
29-Jan-2020 20:13:04.219 INFORMACIÓN [http-apr-8080-exec-171] org.apache.catalina.core.StandardContext.reload Se ha completado la recarga de este Contexto
29-Jan-2020 20:13:04.265 INFORMACIÓN [http-apr-8080-exec-167] org.apache.catalina.core.StandardContext.reload Ha comenzado la recarga de Contexto [/SistemaDeposito]
29-Jan-2020 20:13:07.046 INFORMACIÓN [http-apr-8080-exec-167] org.apache.jasper.servlet.TldScanner.scanJars Al menos un JAR, que se ha explorado buscando TLDs, aún no contenía TLDs. Activar historial de depuración para este historiador para una completa lista de los JARs que fueron explorados y de los que nos se halló TLDs. Saltarse JARs no necesarios durante la exploración puede dar lugar a una mejora de tiempo significativa en el arranque y compilación de JSP .
29-Jan-2020 20:13:07.062 INFORMACIÓN [http-apr-8080-exec-167] org.apache.catalina.core.StandardContext.reload Se ha completado la recarga de este Contexto
29-Jan-2020 20:13:15.886 INFORMACIÓN [http-apr-8080-exec-174] org.apache.catalina.core.StandardContext.reload Ha comenzado la recarga de Contexto [/SistemaDeposito]
29-Jan-2020 20:13:17.768 INFORMACIÓN [http-apr-8080-exec-174] org.apache.jasper.servlet.TldScanner.scanJars Al menos un JAR, que se ha explorado buscando TLDs, aún no contenía TLDs. Activar historial de depuración para este historiador para una completa lista de los JARs que fueron explorados y de los que nos se halló TLDs. Saltarse JARs no necesarios durante la exploración puede dar lugar a una mejora de tiempo significativa en el arranque y compilación de JSP .
29-Jan-2020 20:13:17.768 INFORMACIÓN [http-apr-8080-exec-174] org.apache.catalina.core.StandardContext.reload Se ha completado la recarga de este Contexto
29-Jan-2020 20:13:17.846 INFORMACIÓN [http-apr-8080-exec-169] org.apache.catalina.core.StandardContext.reload Ha comenzado la recarga de Contexto [/SistemaDeposito]
29-Jan-2020 20:13:19.627 INFORMACIÓN [http-apr-8080-exec-169] org.apache.jasper.servlet.TldScanner.scanJars Al menos un JAR, que se ha explorado buscando TLDs, aún no contenía TLDs. Activar historial de depuración para este historiador para una completa lista de los JARs que fueron explorados y de los que nos se halló TLDs. Saltarse JARs no necesarios durante la exploración puede dar lugar a una mejora de tiempo significativa en el arranque y compilación de JSP .
29-Jan-2020 20:13:19.627 INFORMACIÓN [http-apr-8080-exec-169] org.apache.catalina.core.StandardContext.reload Se ha completado la recarga de este Contexto
29-Jan-2020 20:13:52.841 INFORMACIÓN [http-apr-8080-exec-168] org.apache.catalina.core.StandardContext.reload Ha comenzado la recarga de Contexto [/SistemaDeposito]
29-Jan-2020 20:13:54.624 INFORMACIÓN [http-apr-8080-exec-168] org.apache.jasper.servlet.TldScanner.scanJars Al menos un JAR, que se ha explorado buscando TLDs, aún no contenía TLDs. Activar historial de depuración para este historiador para una completa lista de los JARs que fueron explorados y de los que nos se halló TLDs. Saltarse JARs no necesarios durante la exploración puede dar lugar a una mejora de tiempo significativa en el arranque y compilación de JSP .
29-Jan-2020 20:13:54.624 INFORMACIÓN [http-apr-8080-exec-168] org.apache.catalina.core.StandardContext.reload Se ha completado la recarga de este Contexto
29-Jan-2020 20:44:52.390 INFORMACIÓN [http-apr-8080-exec-187] org.apache.catalina.core.StandardContext.reload Ha comenzado la recarga de Contexto [/SistemaDeposito]
29-Jan-2020 20:44:54.827 INFORMACIÓN [http-apr-8080-exec-187] org.apache.jasper.servlet.TldScanner.scanJars Al menos un JAR, que se ha explorado buscando TLDs, aún no contenía TLDs. Activar historial de depuración para este historiador para una completa lista de los JARs que fueron explorados y de los que nos se halló TLDs. Saltarse JARs no necesarios durante la exploración puede dar lugar a una mejora de tiempo significativa en el arranque y compilación de JSP .
29-Jan-2020 20:44:54.827 INFORMACIÓN [http-apr-8080-exec-187] org.apache.catalina.core.StandardContext.reload Se ha completado la recarga de este Contexto
29-Jan-2020 20:44:54.874 INFORMACIÓN [http-apr-8080-exec-188] org.apache.catalina.core.StandardContext.reload Ha comenzado la recarga de Contexto [/SistemaDeposito]
29-Jan-2020 20:44:56.717 INFORMACIÓN [http-apr-8080-exec-188] org.apache.jasper.servlet.TldScanner.scanJars Al menos un JAR, que se ha explorado buscando TLDs, aún no contenía TLDs. Activar historial de depuración para este historiador para una completa lista de los JARs que fueron explorados y de los que nos se halló TLDs. Saltarse JARs no necesarios durante la exploración puede dar lugar a una mejora de tiempo significativa en el arranque y compilación de JSP .
29-Jan-2020 20:44:56.733 INFORMACIÓN [http-apr-8080-exec-188] org.apache.catalina.core.StandardContext.reload Se ha completado la recarga de este Contexto
29-Jan-2020 20:45:05.720 INFORMACIÓN [http-apr-8080-exec-185] org.apache.catalina.startup.HostConfig.undeploy Repliegue (undeploy) de la aplicación web que tiene como trayectoria de contexto /SistemaDeposito
29-Jan-2020 20:45:14.465 INFORMACIÓN [http-apr-8080-exec-190] org.apache.catalina.startup.HostConfig.deployDescriptor Desplieque del descriptor de configuración C:\Users\soare\Documents\NetBeansProjects\SistemaDeposito\apache-tomcat-8.0.53-windows-x64\apache-tomcat-8.0.53\conf\Catalina\localhost\SistemaDeposito.xml
29-Jan-2020 20:45:15.995 INFORMACIÓN [http-apr-8080-exec-190] org.apache.jasper.servlet.TldScanner.scanJars Al menos un JAR, que se ha explorado buscando TLDs, aún no contenía TLDs. Activar historial de depuración para este historiador para una completa lista de los JARs que fueron explorados y de los que nos se halló TLDs. Saltarse JARs no necesarios durante la exploración puede dar lugar a una mejora de tiempo significativa en el arranque y compilación de JSP .
29-Jan-2020 20:45:15.995 INFORMACIÓN [http-apr-8080-exec-190] org.apache.catalina.startup.HostConfig.deployDescriptor Deployment of configuration descriptor C:\Users\soare\Documents\NetBeansProjects\SistemaDeposito\apache-tomcat-8.0.53-windows-x64\apache-tomcat-8.0.53\conf\Catalina\localhost\SistemaDeposito.xml has finished in 1.530 ms
29-Jan-2020 20:45:15.995 INFORMACIÓN [http-apr-8080-exec-189] org.apache.catalina.util.LifecycleBase.start The start() method was called on component [StandardEngine[Catalina].StandardHost[localhost].StandardContext[/SistemaDeposito]] after start() had already been called. The second call will be ignored.
