30-Jan-2020 00:49:49.877 INFORMACIÓN [http-apr-8080-exec-199] org.apache.catalina.core.StandardContext.reload Ha comenzado la recarga de Contexto [/SistemaDeposito]
30-Jan-2020 00:49:49.997 ADVERTENCIA [http-apr-8080-exec-199] org.apache.catalina.loader.WebappClassLoaderBase.clearReferencesJdbc La aplicación web [SistemaDeposito] registró el conductor JDBC [com.mysql.jdbc.Driver] pero falló al anular el registro mientras la aplicación web estaba parada. Para prevenir un fallo de memoria, se ha anulado el registro del conductor JDBC por la fuerza.
30-Jan-2020 00:49:53.647 INFORMACIÓN [http-apr-8080-exec-199] org.apache.jasper.servlet.TldScanner.scanJars Al menos un JAR, que se ha explorado buscando TLDs, aún no contenía TLDs. Activar historial de depuración para este historiador para una completa lista de los JARs que fueron explorados y de los que nos se halló TLDs. Saltarse JARs no necesarios durante la exploración puede dar lugar a una mejora de tiempo significativa en el arranque y compilación de JSP .
30-Jan-2020 00:49:53.767 INFORMACIÓN [http-apr-8080-exec-199] org.apache.catalina.core.StandardContext.reload Se ha completado la recarga de este Contexto
30-Jan-2020 00:50:26.528 INFORMACIÓN [http-apr-8080-exec-202] org.apache.jasper.servlet.TldScanner.scanJars Al menos un JAR, que se ha explorado buscando TLDs, aún no contenía TLDs. Activar historial de depuración para este historiador para una completa lista de los JARs que fueron explorados y de los que nos se halló TLDs. Saltarse JARs no necesarios durante la exploración puede dar lugar a una mejora de tiempo significativa en el arranque y compilación de JSP .
30-Jan-2020 00:50:26.677 INFORMACIÓN [http-apr-8080-exec-196] org.apache.catalina.core.StandardContext.reload Ha comenzado la recarga de Contexto [/SistemaDeposito]
30-Jan-2020 00:50:28.798 INFORMACIÓN [http-apr-8080-exec-196] org.apache.jasper.servlet.TldScanner.scanJars Al menos un JAR, que se ha explorado buscando TLDs, aún no contenía TLDs. Activar historial de depuración para este historiador para una completa lista de los JARs que fueron explorados y de los que nos se halló TLDs. Saltarse JARs no necesarios durante la exploración puede dar lugar a una mejora de tiempo significativa en el arranque y compilación de JSP .
30-Jan-2020 00:50:28.879 INFORMACIÓN [http-apr-8080-exec-196] org.apache.catalina.core.StandardContext.reload Se ha completado la recarga de este Contexto
30-Jan-2020 00:50:31.750 INFORMACIÓN [ContainerBackgroundProcessor[StandardEngine[Catalina]]] org.apache.catalina.startup.HostConfig.reload Falló la recarga del contexto [/SistemaDeposito]
30-Jan-2020 00:50:31.752 INFORMACIÓN [ContainerBackgroundProcessor[StandardEngine[Catalina]]] org.apache.catalina.core.StandardContext.reload Ha comenzado la recarga de Contexto [/SistemaDeposito]
30-Jan-2020 00:50:33.797 INFORMACIÓN [ContainerBackgroundProcessor[StandardEngine[Catalina]]] org.apache.jasper.servlet.TldScanner.scanJars Al menos un JAR, que se ha explorado buscando TLDs, aún no contenía TLDs. Activar historial de depuración para este historiador para una completa lista de los JARs que fueron explorados y de los que nos se halló TLDs. Saltarse JARs no necesarios durante la exploración puede dar lugar a una mejora de tiempo significativa en el arranque y compilación de JSP .
30-Jan-2020 00:50:33.874 INFORMACIÓN [ContainerBackgroundProcessor[StandardEngine[Catalina]]] org.apache.catalina.core.StandardContext.reload Se ha completado la recarga de este Contexto
30-Jan-2020 01:01:05.450 INFORMACIÓN [http-apr-8080-exec-215] org.apache.catalina.core.StandardContext.reload Ha comenzado la recarga de Contexto [/SistemaDeposito]
30-Jan-2020 01:01:07.872 INFORMACIÓN [http-apr-8080-exec-215] org.apache.jasper.servlet.TldScanner.scanJars Al menos un JAR, que se ha explorado buscando TLDs, aún no contenía TLDs. Activar historial de depuración para este historiador para una completa lista de los JARs que fueron explorados y de los que nos se halló TLDs. Saltarse JARs no necesarios durante la exploración puede dar lugar a una mejora de tiempo significativa en el arranque y compilación de JSP .
30-Jan-2020 01:01:07.947 INFORMACIÓN [http-apr-8080-exec-215] org.apache.catalina.core.StandardContext.reload Se ha completado la recarga de este Contexto
30-Jan-2020 01:28:22.054 ADVERTENCIA [http-apr-8080-exec-218] org.apache.catalina.loader.WebappClassLoaderBase.clearReferencesJdbc La aplicación web [SistemaDeposito] registró el conductor JDBC [com.mysql.jdbc.Driver] pero falló al anular el registro mientras la aplicación web estaba parada. Para prevenir un fallo de memoria, se ha anulado el registro del conductor JDBC por la fuerza.
30-Jan-2020 01:28:23.783 INFORMACIÓN [http-apr-8080-exec-222] org.apache.jasper.servlet.TldScanner.scanJars Al menos un JAR, que se ha explorado buscando TLDs, aún no contenía TLDs. Activar historial de depuración para este historiador para una completa lista de los JARs que fueron explorados y de los que nos se halló TLDs. Saltarse JARs no necesarios durante la exploración puede dar lugar a una mejora de tiempo significativa en el arranque y compilación de JSP .
30-Jan-2020 02:05:33.174 ADVERTENCIA [http-apr-8080-exec-233] org.apache.catalina.loader.WebappClassLoaderBase.clearReferencesJdbc La aplicación web [SistemaDeposito] registró el conductor JDBC [com.mysql.jdbc.Driver] pero falló al anular el registro mientras la aplicación web estaba parada. Para prevenir un fallo de memoria, se ha anulado el registro del conductor JDBC por la fuerza.
30-Jan-2020 02:05:33.674 INFORMACIÓN [http-apr-8080-exec-233] org.apache.catalina.startup.HostConfig.undeploy Repliegue (undeploy) de la aplicación web que tiene como trayectoria de contexto /SistemaDeposito
30-Jan-2020 02:05:43.142 INFORMACIÓN [http-apr-8080-exec-232] org.apache.catalina.startup.HostConfig.deployDescriptor Desplieque del descriptor de configuración C:\Users\soare\Documents\NetBeansProjects\SistemaDeposito\apache-tomcat-8.0.53-windows-x64\apache-tomcat-8.0.53\conf\Catalina\localhost\SistemaDeposito.xml
30-Jan-2020 02:05:45.628 INFORMACIÓN [http-apr-8080-exec-232] org.apache.jasper.servlet.TldScanner.scanJars Al menos un JAR, que se ha explorado buscando TLDs, aún no contenía TLDs. Activar historial de depuración para este historiador para una completa lista de los JARs que fueron explorados y de los que nos se halló TLDs. Saltarse JARs no necesarios durante la exploración puede dar lugar a una mejora de tiempo significativa en el arranque y compilación de JSP .
30-Jan-2020 02:05:45.628 INFORMACIÓN [http-apr-8080-exec-232] org.apache.catalina.startup.HostConfig.deployDescriptor Deployment of configuration descriptor C:\Users\soare\Documents\NetBeansProjects\SistemaDeposito\apache-tomcat-8.0.53-windows-x64\apache-tomcat-8.0.53\conf\Catalina\localhost\SistemaDeposito.xml has finished in 2.486 ms
30-Jan-2020 02:05:45.643 INFORMACIÓN [http-apr-8080-exec-228] org.apache.catalina.util.LifecycleBase.start The start() method was called on component [StandardEngine[Catalina].StandardHost[localhost].StandardContext[/SistemaDeposito]] after start() had already been called. The second call will be ignored.
30-Jan-2020 02:05:59.051 INFORMACIÓN [Finalizer] org.apache.catalina.loader.WebappClassLoaderBase.checkStateForResourceLoading Acceso ilegal: esta instancia de aplicación web ya ha sido parada.  Could not load org.eclipse.persistence.internal.localization.i18n.LoggingLocalizationResource.  La eventual traza de pila que sigue ha sido motivada por un error lanzado con motivos de depuración así como para intentar terminar el hilo que motivó el acceso ilegal y no tiene impacto funcional.
 java.lang.IllegalStateException: Acceso ilegal: esta instancia de aplicación web ya ha sido parada.  Could not load org.eclipse.persistence.internal.localization.i18n.LoggingLocalizationResource.  La eventual traza de pila que sigue ha sido motivada por un error lanzado con motivos de depuración así como para intentar terminar el hilo que motivó el acceso ilegal y no tiene impacto funcional.
	at org.apache.catalina.loader.WebappClassLoaderBase.checkStateForResourceLoading(WebappClassLoaderBase.java:1372)
	at org.apache.catalina.loader.WebappClassLoaderBase.checkStateForClassLoading(WebappClassLoaderBase.java:1360)
	at org.apache.catalina.loader.WebappClassLoaderBase.loadClass(WebappClassLoaderBase.java:1219)
	at org.apache.catalina.loader.WebappClassLoaderBase.loadClass(WebappClassLoaderBase.java:1180)
	at java.util.ResourceBundle$Control.newBundle(ResourceBundle.java:2657)
	at java.util.ResourceBundle.loadBundle(ResourceBundle.java:1518)
	at java.util.ResourceBundle.findBundle(ResourceBundle.java:1482)
	at java.util.ResourceBundle.findBundle(ResourceBundle.java:1436)
	at java.util.ResourceBundle.findBundle(ResourceBundle.java:1436)
	at java.util.ResourceBundle.getBundleImpl(ResourceBundle.java:1370)
	at java.util.ResourceBundle.getBundle(ResourceBundle.java:854)
	at org.eclipse.persistence.internal.localization.EclipseLinkLocalization.buildMessage(EclipseLinkLocalization.java:60)
	at org.eclipse.persistence.internal.localization.EclipseLinkLocalization.buildMessage(EclipseLinkLocalization.java:34)
	at org.eclipse.persistence.internal.localization.LoggingLocalization.buildMessage(LoggingLocalization.java:25)
	at org.eclipse.persistence.logging.AbstractSessionLog.formatMessage(AbstractSessionLog.java:987)
	at org.eclipse.persistence.logging.DefaultSessionLog.log(DefaultSessionLog.java:142)
	at org.eclipse.persistence.internal.sessions.AbstractSession.log(AbstractSession.java:3491)
	at org.eclipse.persistence.internal.sessions.AbstractSession.log(AbstractSession.java:4681)
	at org.eclipse.persistence.internal.sessions.AbstractSession.log(AbstractSession.java:4653)
	at org.eclipse.persistence.internal.sessions.AbstractSession.log(AbstractSession.java:4629)
	at org.eclipse.persistence.internal.sessions.AbstractSession.log(AbstractSession.java:4551)
	at org.eclipse.persistence.internal.sessions.DatabaseSessionImpl.logout(DatabaseSessionImpl.java:937)
	at org.eclipse.persistence.sessions.server.ServerSession.logout(ServerSession.java:776)
	at org.eclipse.persistence.internal.jpa.EntityManagerSetupImpl.removeSessionFromGlobalSessionManager(EntityManagerSetupImpl.java:511)
	at org.eclipse.persistence.internal.jpa.EntityManagerSetupImpl.undeploy(EntityManagerSetupImpl.java:2850)
	at org.eclipse.persistence.internal.jpa.EntityManagerFactoryDelegate.close(EntityManagerFactoryDelegate.java:267)
	at org.eclipse.persistence.internal.jpa.EntityManagerFactoryDelegate.finalize(EntityManagerFactoryDelegate.java:344)
	at java.lang.System$2.invokeFinalize(System.java:1270)
	at java.lang.ref.Finalizer.runFinalizer(Finalizer.java:102)
	at java.lang.ref.Finalizer.access$100(Finalizer.java:34)
	at java.lang.ref.Finalizer$FinalizerThread.run(Finalizer.java:217)

30-Jan-2020 02:05:59.051 INFORMACIÓN [Finalizer] org.apache.catalina.loader.WebappClassLoaderBase.checkStateForResourceLoading Acceso ilegal: esta instancia de aplicación web ya ha sido parada.  Could not load org/eclipse/persistence/internal/localization/i18n/LoggingLocalizationResource.properties.  La eventual traza de pila que sigue ha sido motivada por un error lanzado con motivos de depuración así como para intentar terminar el hilo que motivó el acceso ilegal y no tiene impacto funcional.
 java.lang.IllegalStateException: Acceso ilegal: esta instancia de aplicación web ya ha sido parada.  Could not load org/eclipse/persistence/internal/localization/i18n/LoggingLocalizationResource.properties.  La eventual traza de pila que sigue ha sido motivada por un error lanzado con motivos de depuración así como para intentar terminar el hilo que motivó el acceso ilegal y no tiene impacto funcional.
	at org.apache.catalina.loader.WebappClassLoaderBase.checkStateForResourceLoading(WebappClassLoaderBase.java:1372)
	at org.apache.catalina.loader.WebappClassLoaderBase.getResourceAsStream(WebappClassLoaderBase.java:1101)
	at java.util.ResourceBundle$Control$1.run(ResourceBundle.java:2694)
	at java.util.ResourceBundle$Control$1.run(ResourceBundle.java:2679)
	at java.security.AccessController.doPrivileged(Native Method)
	at java.util.ResourceBundle$Control.newBundle(ResourceBundle.java:2678)
	at java.util.ResourceBundle.loadBundle(ResourceBundle.java:1518)
	at java.util.ResourceBundle.findBundle(ResourceBundle.java:1482)
	at java.util.ResourceBundle.findBundle(ResourceBundle.java:1436)
	at java.util.ResourceBundle.findBundle(ResourceBundle.java:1436)
	at java.util.ResourceBundle.getBundleImpl(ResourceBundle.java:1370)
	at java.util.ResourceBundle.getBundle(ResourceBundle.java:854)
	at org.eclipse.persistence.internal.localization.EclipseLinkLocalization.buildMessage(EclipseLinkLocalization.java:60)
	at org.eclipse.persistence.internal.localization.EclipseLinkLocalization.buildMessage(EclipseLinkLocalization.java:34)
	at org.eclipse.persistence.internal.localization.LoggingLocalization.buildMessage(LoggingLocalization.java:25)
	at org.eclipse.persistence.logging.AbstractSessionLog.formatMessage(AbstractSessionLog.java:987)
	at org.eclipse.persistence.logging.DefaultSessionLog.log(DefaultSessionLog.java:142)
	at org.eclipse.persistence.internal.sessions.AbstractSession.log(AbstractSession.java:3491)
	at org.eclipse.persistence.internal.sessions.AbstractSession.log(AbstractSession.java:4681)
	at org.eclipse.persistence.internal.sessions.AbstractSession.log(AbstractSession.java:4653)
	at org.eclipse.persistence.internal.sessions.AbstractSession.log(AbstractSession.java:4629)
	at org.eclipse.persistence.internal.sessions.AbstractSession.log(AbstractSession.java:4551)
	at org.eclipse.persistence.internal.sessions.DatabaseSessionImpl.logout(DatabaseSessionImpl.java:937)
	at org.eclipse.persistence.sessions.server.ServerSession.logout(ServerSession.java:776)
	at org.eclipse.persistence.internal.jpa.EntityManagerSetupImpl.removeSessionFromGlobalSessionManager(EntityManagerSetupImpl.java:511)
	at org.eclipse.persistence.internal.jpa.EntityManagerSetupImpl.undeploy(EntityManagerSetupImpl.java:2850)
	at org.eclipse.persistence.internal.jpa.EntityManagerFactoryDelegate.close(EntityManagerFactoryDelegate.java:267)
	at org.eclipse.persistence.internal.jpa.EntityManagerFactoryDelegate.finalize(EntityManagerFactoryDelegate.java:344)
	at java.lang.System$2.invokeFinalize(System.java:1270)
	at java.lang.ref.Finalizer.runFinalizer(Finalizer.java:102)
	at java.lang.ref.Finalizer.access$100(Finalizer.java:34)
	at java.lang.ref.Finalizer$FinalizerThread.run(Finalizer.java:217)

30-Jan-2020 02:05:59.238 INFORMACIÓN [Finalizer] org.apache.catalina.loader.WebappClassLoaderBase.checkStateForResourceLoading Acceso ilegal: esta instancia de aplicación web ya ha sido parada.  Could not load org.eclipse.persistence.internal.localization.i18n.LoggingLocalizationResource.  La eventual traza de pila que sigue ha sido motivada por un error lanzado con motivos de depuración así como para intentar terminar el hilo que motivó el acceso ilegal y no tiene impacto funcional.
 java.lang.IllegalStateException: Acceso ilegal: esta instancia de aplicación web ya ha sido parada.  Could not load org.eclipse.persistence.internal.localization.i18n.LoggingLocalizationResource.  La eventual traza de pila que sigue ha sido motivada por un error lanzado con motivos de depuración así como para intentar terminar el hilo que motivó el acceso ilegal y no tiene impacto funcional.
	at org.apache.catalina.loader.WebappClassLoaderBase.checkStateForResourceLoading(WebappClassLoaderBase.java:1372)
	at org.apache.catalina.loader.WebappClassLoaderBase.checkStateForClassLoading(WebappClassLoaderBase.java:1360)
	at org.apache.catalina.loader.WebappClassLoaderBase.loadClass(WebappClassLoaderBase.java:1219)
	at org.apache.catalina.loader.WebappClassLoaderBase.loadClass(WebappClassLoaderBase.java:1180)
	at java.util.ResourceBundle$Control.newBundle(ResourceBundle.java:2657)
	at java.util.ResourceBundle.loadBundle(ResourceBundle.java:1518)
	at java.util.ResourceBundle.findBundle(ResourceBundle.java:1482)
	at java.util.ResourceBundle.findBundle(ResourceBundle.java:1436)
	at java.util.ResourceBundle.findBundle(ResourceBundle.java:1436)
	at java.util.ResourceBundle.getBundleImpl(ResourceBundle.java:1370)
	at java.util.ResourceBundle.getBundle(ResourceBundle.java:854)
	at org.eclipse.persistence.internal.localization.EclipseLinkLocalization.buildMessage(EclipseLinkLocalization.java:60)
	at org.eclipse.persistence.internal.localization.EclipseLinkLocalization.buildMessage(EclipseLinkLocalization.java:34)
	at org.eclipse.persistence.internal.localization.LoggingLocalization.buildMessage(LoggingLocalization.java:25)
	at org.eclipse.persistence.logging.AbstractSessionLog.formatMessage(AbstractSessionLog.java:987)
	at org.eclipse.persistence.logging.DefaultSessionLog.log(DefaultSessionLog.java:142)
	at org.eclipse.persistence.internal.sessions.AbstractSession.log(AbstractSession.java:3491)
	at org.eclipse.persistence.internal.sessions.AbstractSession.log(AbstractSession.java:4681)
	at org.eclipse.persistence.internal.sessions.AbstractSession.log(AbstractSession.java:4653)
	at org.eclipse.persistence.internal.sessions.AbstractSession.log(AbstractSession.java:4629)
	at org.eclipse.persistence.internal.sessions.AbstractSession.log(AbstractSession.java:4551)
	at org.eclipse.persistence.internal.sessions.DatabaseSessionImpl.logout(DatabaseSessionImpl.java:937)
	at org.eclipse.persistence.sessions.server.ServerSession.logout(ServerSession.java:776)
	at org.eclipse.persistence.internal.jpa.EntityManagerSetupImpl.removeSessionFromGlobalSessionManager(EntityManagerSetupImpl.java:511)
	at org.eclipse.persistence.internal.jpa.EntityManagerSetupImpl.undeploy(EntityManagerSetupImpl.java:2850)
	at org.eclipse.persistence.internal.jpa.EntityManagerFactoryDelegate.close(EntityManagerFactoryDelegate.java:267)
	at org.eclipse.persistence.internal.jpa.EntityManagerFactoryDelegate.finalize(EntityManagerFactoryDelegate.java:344)
	at java.lang.System$2.invokeFinalize(System.java:1270)
	at java.lang.ref.Finalizer.runFinalizer(Finalizer.java:102)
	at java.lang.ref.Finalizer.access$100(Finalizer.java:34)
	at java.lang.ref.Finalizer$FinalizerThread.run(Finalizer.java:217)

30-Jan-2020 02:05:59.238 INFORMACIÓN [Finalizer] org.apache.catalina.loader.WebappClassLoaderBase.checkStateForResourceLoading Acceso ilegal: esta instancia de aplicación web ya ha sido parada.  Could not load org/eclipse/persistence/internal/localization/i18n/LoggingLocalizationResource.properties.  La eventual traza de pila que sigue ha sido motivada por un error lanzado con motivos de depuración así como para intentar terminar el hilo que motivó el acceso ilegal y no tiene impacto funcional.
 java.lang.IllegalStateException: Acceso ilegal: esta instancia de aplicación web ya ha sido parada.  Could not load org/eclipse/persistence/internal/localization/i18n/LoggingLocalizationResource.properties.  La eventual traza de pila que sigue ha sido motivada por un error lanzado con motivos de depuración así como para intentar terminar el hilo que motivó el acceso ilegal y no tiene impacto funcional.
	at org.apache.catalina.loader.WebappClassLoaderBase.checkStateForResourceLoading(WebappClassLoaderBase.java:1372)
	at org.apache.catalina.loader.WebappClassLoaderBase.getResourceAsStream(WebappClassLoaderBase.java:1101)
	at java.util.ResourceBundle$Control$1.run(ResourceBundle.java:2694)
	at java.util.ResourceBundle$Control$1.run(ResourceBundle.java:2679)
	at java.security.AccessController.doPrivileged(Native Method)
	at java.util.ResourceBundle$Control.newBundle(ResourceBundle.java:2678)
	at java.util.ResourceBundle.loadBundle(ResourceBundle.java:1518)
	at java.util.ResourceBundle.findBundle(ResourceBundle.java:1482)
	at java.util.ResourceBundle.findBundle(ResourceBundle.java:1436)
	at java.util.ResourceBundle.findBundle(ResourceBundle.java:1436)
	at java.util.ResourceBundle.getBundleImpl(ResourceBundle.java:1370)
	at java.util.ResourceBundle.getBundle(ResourceBundle.java:854)
	at org.eclipse.persistence.internal.localization.EclipseLinkLocalization.buildMessage(EclipseLinkLocalization.java:60)
	at org.eclipse.persistence.internal.localization.EclipseLinkLocalization.buildMessage(EclipseLinkLocalization.java:34)
	at org.eclipse.persistence.internal.localization.LoggingLocalization.buildMessage(LoggingLocalization.java:25)
	at org.eclipse.persistence.logging.AbstractSessionLog.formatMessage(AbstractSessionLog.java:987)
	at org.eclipse.persistence.logging.DefaultSessionLog.log(DefaultSessionLog.java:142)
	at org.eclipse.persistence.internal.sessions.AbstractSession.log(AbstractSession.java:3491)
	at org.eclipse.persistence.internal.sessions.AbstractSession.log(AbstractSession.java:4681)
	at org.eclipse.persistence.internal.sessions.AbstractSession.log(AbstractSession.java:4653)
	at org.eclipse.persistence.internal.sessions.AbstractSession.log(AbstractSession.java:4629)
	at org.eclipse.persistence.internal.sessions.AbstractSession.log(AbstractSession.java:4551)
	at org.eclipse.persistence.internal.sessions.DatabaseSessionImpl.logout(DatabaseSessionImpl.java:937)
	at org.eclipse.persistence.sessions.server.ServerSession.logout(ServerSession.java:776)
	at org.eclipse.persistence.internal.jpa.EntityManagerSetupImpl.removeSessionFromGlobalSessionManager(EntityManagerSetupImpl.java:511)
	at org.eclipse.persistence.internal.jpa.EntityManagerSetupImpl.undeploy(EntityManagerSetupImpl.java:2850)
	at org.eclipse.persistence.internal.jpa.EntityManagerFactoryDelegate.close(EntityManagerFactoryDelegate.java:267)
	at org.eclipse.persistence.internal.jpa.EntityManagerFactoryDelegate.finalize(EntityManagerFactoryDelegate.java:344)
	at java.lang.System$2.invokeFinalize(System.java:1270)
	at java.lang.ref.Finalizer.runFinalizer(Finalizer.java:102)
	at java.lang.ref.Finalizer.access$100(Finalizer.java:34)
	at java.lang.ref.Finalizer$FinalizerThread.run(Finalizer.java:217)

30-Jan-2020 02:08:30.377 ADVERTENCIA [http-apr-8080-exec-239] org.apache.catalina.loader.WebappClassLoaderBase.clearReferencesJdbc La aplicación web [SistemaDeposito] registró el conductor JDBC [com.mysql.jdbc.Driver] pero falló al anular el registro mientras la aplicación web estaba parada. Para prevenir un fallo de memoria, se ha anulado el registro del conductor JDBC por la fuerza.
30-Jan-2020 02:08:30.893 INFORMACIÓN [http-apr-8080-exec-239] org.apache.catalina.startup.HostConfig.undeploy Repliegue (undeploy) de la aplicación web que tiene como trayectoria de contexto /SistemaDeposito
30-Jan-2020 02:08:36.152 INFORMACIÓN [http-apr-8080-exec-240] org.apache.catalina.startup.HostConfig.deployDescriptor Desplieque del descriptor de configuración C:\Users\soare\Documents\NetBeansProjects\SistemaDeposito\apache-tomcat-8.0.53-windows-x64\apache-tomcat-8.0.53\conf\Catalina\localhost\SistemaDeposito.xml
30-Jan-2020 02:08:37.810 INFORMACIÓN [http-apr-8080-exec-240] org.apache.jasper.servlet.TldScanner.scanJars Al menos un JAR, que se ha explorado buscando TLDs, aún no contenía TLDs. Activar historial de depuración para este historiador para una completa lista de los JARs que fueron explorados y de los que nos se halló TLDs. Saltarse JARs no necesarios durante la exploración puede dar lugar a una mejora de tiempo significativa en el arranque y compilación de JSP .
30-Jan-2020 02:08:37.810 INFORMACIÓN [http-apr-8080-exec-240] org.apache.catalina.startup.HostConfig.deployDescriptor Deployment of configuration descriptor C:\Users\soare\Documents\NetBeansProjects\SistemaDeposito\apache-tomcat-8.0.53-windows-x64\apache-tomcat-8.0.53\conf\Catalina\localhost\SistemaDeposito.xml has finished in 1.658 ms
30-Jan-2020 02:08:37.810 INFORMACIÓN [http-apr-8080-exec-244] org.apache.catalina.util.LifecycleBase.start The start() method was called on component [StandardEngine[Catalina].StandardHost[localhost].StandardContext[/SistemaDeposito]] after start() had already been called. The second call will be ignored.
30-Jan-2020 02:11:52.105 INFORMACIÓN [main] org.apache.catalina.core.StandardServer.await Se ha recibido un comando de apagado a través del puerto de apagado. Parando la instancia del Servidor.
30-Jan-2020 02:11:52.261 INFORMACIÓN [main] org.apache.coyote.AbstractProtocol.pause Pausing ProtocolHandler ["http-apr-8080"]
30-Jan-2020 02:11:52.261 INFORMACIÓN [main] org.apache.coyote.AbstractProtocol.pause Pausing ProtocolHandler ["ajp-apr-8009"]
30-Jan-2020 02:11:52.324 INFORMACIÓN [main] org.apache.catalina.core.StandardService.stopInternal Parando servicio Catalina
30-Jan-2020 02:11:52.370 ADVERTENCIA [localhost-startStop-2] org.apache.catalina.loader.WebappClassLoaderBase.clearReferencesThreads The web application [ROOT] appears to have started a thread named [Abandoned connection cleanup thread] but has failed to stop it. This is very likely to create a memory leak. Stack trace of thread:
 java.lang.Object.wait(Native Method)
 java.lang.ref.ReferenceQueue.remove(ReferenceQueue.java:144)
 com.mysql.jdbc.AbandonedConnectionCleanupThread.run(AbandonedConnectionCleanupThread.java:41)
30-Jan-2020 02:11:52.780 ADVERTENCIA [localhost-startStop-2] org.apache.catalina.loader.WebappClassLoaderBase.clearReferencesJdbc La aplicación web [SistemaDeposito] registró el conductor JDBC [com.mysql.jdbc.Driver] pero falló al anular el registro mientras la aplicación web estaba parada. Para prevenir un fallo de memoria, se ha anulado el registro del conductor JDBC por la fuerza.
30-Jan-2020 02:11:52.795 INFORMACIÓN [main] org.apache.coyote.AbstractProtocol.stop Stopping ProtocolHandler ["http-apr-8080"]
30-Jan-2020 02:11:52.865 INFORMACIÓN [main] org.apache.coyote.AbstractProtocol.stop Stopping ProtocolHandler ["ajp-apr-8009"]
30-Jan-2020 02:11:52.943 INFORMACIÓN [main] org.apache.coyote.AbstractProtocol.destroy Destroying ProtocolHandler ["http-apr-8080"]
30-Jan-2020 02:11:52.943 INFORMACIÓN [main] org.apache.coyote.AbstractProtocol.destroy Destroying ProtocolHandler ["ajp-apr-8009"]
30-Jan-2020 02:13:29.753 INFORMACIÓN [main] org.apache.catalina.startup.VersionLoggerListener.log Server version:        Apache Tomcat/8.0.53
30-Jan-2020 02:13:29.753 INFORMACIÓN [main] org.apache.catalina.startup.VersionLoggerListener.log Server built:          Jun 29 2018 14:42:45 UTC
30-Jan-2020 02:13:29.753 INFORMACIÓN [main] org.apache.catalina.startup.VersionLoggerListener.log Server number:         8.0.53.0
30-Jan-2020 02:13:29.753 INFORMACIÓN [main] org.apache.catalina.startup.VersionLoggerListener.log OS Name:               Windows 10
30-Jan-2020 02:13:29.753 INFORMACIÓN [main] org.apache.catalina.startup.VersionLoggerListener.log OS Version:            10.0
30-Jan-2020 02:13:29.753 INFORMACIÓN [main] org.apache.catalina.startup.VersionLoggerListener.log Architecture:          amd64
30-Jan-2020 02:13:29.753 INFORMACIÓN [main] org.apache.catalina.startup.VersionLoggerListener.log Java Home:             C:\Program Files\Java\jdk1.8.0_211\jre
30-Jan-2020 02:13:29.753 INFORMACIÓN [main] org.apache.catalina.startup.VersionLoggerListener.log JVM Version:           1.8.0_211-b12
30-Jan-2020 02:13:29.753 INFORMACIÓN [main] org.apache.catalina.startup.VersionLoggerListener.log JVM Vendor:            Oracle Corporation
30-Jan-2020 02:13:29.753 INFORMACIÓN [main] org.apache.catalina.startup.VersionLoggerListener.log CATALINA_BASE:         C:\Users\soare\Documents\NetBeansProjects\SistemaDeposito\apache-tomcat-8.0.53-windows-x64\apache-tomcat-8.0.53
30-Jan-2020 02:13:29.753 INFORMACIÓN [main] org.apache.catalina.startup.VersionLoggerListener.log CATALINA_HOME:         C:\Users\soare\Documents\NetBeansProjects\SistemaDeposito\apache-tomcat-8.0.53-windows-x64\apache-tomcat-8.0.53
30-Jan-2020 02:13:29.753 INFORMACIÓN [main] org.apache.catalina.startup.VersionLoggerListener.log Command line argument: -Djava.util.logging.config.file=C:\Users\soare\Documents\NetBeansProjects\SistemaDeposito\apache-tomcat-8.0.53-windows-x64\apache-tomcat-8.0.53\conf\logging.properties
30-Jan-2020 02:13:29.753 INFORMACIÓN [main] org.apache.catalina.startup.VersionLoggerListener.log Command line argument: -Djava.util.logging.manager=org.apache.juli.ClassLoaderLogManager
30-Jan-2020 02:13:29.753 INFORMACIÓN [main] org.apache.catalina.startup.VersionLoggerListener.log Command line argument: -Dhttp.nonProxyHosts=localhost|127.0.0.1|DESKTOP-QVTKTTF
30-Jan-2020 02:13:29.753 INFORMACIÓN [main] org.apache.catalina.startup.VersionLoggerListener.log Command line argument: -Djdk.tls.ephemeralDHKeySize=2048
30-Jan-2020 02:13:29.753 INFORMACIÓN [main] org.apache.catalina.startup.VersionLoggerListener.log Command line argument: -Djava.protocol.handler.pkgs=org.apache.catalina.webresources
30-Jan-2020 02:13:29.753 INFORMACIÓN [main] org.apache.catalina.startup.VersionLoggerListener.log Command line argument: -Dignore.endorsed.dirs=
30-Jan-2020 02:13:29.753 INFORMACIÓN [main] org.apache.catalina.startup.VersionLoggerListener.log Command line argument: -Dcatalina.base=C:\Users\soare\Documents\NetBeansProjects\SistemaDeposito\apache-tomcat-8.0.53-windows-x64\apache-tomcat-8.0.53
30-Jan-2020 02:13:29.753 INFORMACIÓN [main] org.apache.catalina.startup.VersionLoggerListener.log Command line argument: -Dcatalina.home=C:\Users\soare\Documents\NetBeansProjects\SistemaDeposito\apache-tomcat-8.0.53-windows-x64\apache-tomcat-8.0.53
30-Jan-2020 02:13:29.753 INFORMACIÓN [main] org.apache.catalina.startup.VersionLoggerListener.log Command line argument: -Djava.io.tmpdir=C:\Users\soare\Documents\NetBeansProjects\SistemaDeposito\apache-tomcat-8.0.53-windows-x64\apache-tomcat-8.0.53\temp
30-Jan-2020 02:13:29.753 INFORMACIÓN [main] org.apache.catalina.core.AprLifecycleListener.lifecycleEvent Cargada la biblioteca nativa APR de Apache Tomcat 1.2.17 con la versión APR 1.6.3.
30-Jan-2020 02:13:29.753 INFORMACIÓN [main] org.apache.catalina.core.AprLifecycleListener.lifecycleEvent Capacidades APR: IPv6 [true], enviar fichero [true], aceptar filtros [false], aleatorio [true].
30-Jan-2020 02:13:30.643 INFORMACIÓN [main] org.apache.catalina.core.AprLifecycleListener.initializeSSL OpenSSL inicializado correctamente (OpenSSL 1.0.2o  27 Mar 2018)
30-Jan-2020 02:13:30.956 INFORMACIÓN [main] org.apache.coyote.AbstractProtocol.init Initializing ProtocolHandler ["http-apr-8080"]
30-Jan-2020 02:13:30.971 INFORMACIÓN [main] org.apache.coyote.AbstractProtocol.init Initializing ProtocolHandler ["ajp-apr-8009"]
30-Jan-2020 02:13:30.987 INFORMACIÓN [main] org.apache.catalina.startup.Catalina.load Initialization processed in 2170 ms
30-Jan-2020 02:13:31.055 INFORMACIÓN [main] org.apache.catalina.core.StandardService.startInternal Arrancando servicio Catalina
30-Jan-2020 02:13:31.055 INFORMACIÓN [main] org.apache.catalina.core.StandardEngine.startInternal Starting Servlet Engine: Apache Tomcat/8.0.53
30-Jan-2020 02:13:31.071 INFORMACIÓN [localhost-startStop-1] org.apache.catalina.startup.HostConfig.deployDescriptor Desplieque del descriptor de configuración C:\Users\soare\Documents\NetBeansProjects\SistemaDeposito\apache-tomcat-8.0.53-windows-x64\apache-tomcat-8.0.53\conf\Catalina\localhost\SistemaDeposito.xml
30-Jan-2020 02:13:34.795 INFORMACIÓN [localhost-startStop-1] org.apache.jasper.servlet.TldScanner.scanJars Al menos un JAR, que se ha explorado buscando TLDs, aún no contenía TLDs. Activar historial de depuración para este historiador para una completa lista de los JARs que fueron explorados y de los que nos se halló TLDs. Saltarse JARs no necesarios durante la exploración puede dar lugar a una mejora de tiempo significativa en el arranque y compilación de JSP .
30-Jan-2020 02:13:35.277 ADVERTENCIA [localhost-startStop-1] org.apache.catalina.util.SessionIdGeneratorBase.createSecureRandom Creation of SecureRandom instance for session ID generation using [SHA1PRNG] took [407] milliseconds.
30-Jan-2020 02:13:35.517 INFORMACIÓN [localhost-startStop-1] org.apache.catalina.startup.HostConfig.deployDescriptor Deployment of configuration descriptor C:\Users\soare\Documents\NetBeansProjects\SistemaDeposito\apache-tomcat-8.0.53-windows-x64\apache-tomcat-8.0.53\conf\Catalina\localhost\SistemaDeposito.xml has finished in 4.446 ms
30-Jan-2020 02:13:35.517 INFORMACIÓN [localhost-startStop-1] org.apache.catalina.startup.HostConfig.deployDirectory Despliegue del directorio C:\Users\soare\Documents\NetBeansProjects\SistemaDeposito\apache-tomcat-8.0.53-windows-x64\apache-tomcat-8.0.53\webapps\docs de la aplicación web
30-Jan-2020 02:13:35.720 INFORMACIÓN [localhost-startStop-1] org.apache.jasper.servlet.TldScanner.scanJars Al menos un JAR, que se ha explorado buscando TLDs, aún no contenía TLDs. Activar historial de depuración para este historiador para una completa lista de los JARs que fueron explorados y de los que nos se halló TLDs. Saltarse JARs no necesarios durante la exploración puede dar lugar a una mejora de tiempo significativa en el arranque y compilación de JSP .
30-Jan-2020 02:13:35.720 INFORMACIÓN [localhost-startStop-1] org.apache.catalina.startup.HostConfig.deployDirectory Deployment of web application directory C:\Users\soare\Documents\NetBeansProjects\SistemaDeposito\apache-tomcat-8.0.53-windows-x64\apache-tomcat-8.0.53\webapps\docs has finished in 203 ms
30-Jan-2020 02:13:35.720 INFORMACIÓN [localhost-startStop-1] org.apache.catalina.startup.HostConfig.deployDirectory Despliegue del directorio C:\Users\soare\Documents\NetBeansProjects\SistemaDeposito\apache-tomcat-8.0.53-windows-x64\apache-tomcat-8.0.53\webapps\examples de la aplicación web
30-Jan-2020 02:13:38.032 INFORMACIÓN [localhost-startStop-1] org.apache.jasper.servlet.TldScanner.scanJars Al menos un JAR, que se ha explorado buscando TLDs, aún no contenía TLDs. Activar historial de depuración para este historiador para una completa lista de los JARs que fueron explorados y de los que nos se halló TLDs. Saltarse JARs no necesarios durante la exploración puede dar lugar a una mejora de tiempo significativa en el arranque y compilación de JSP .
30-Jan-2020 02:13:38.110 INFORMACIÓN [localhost-startStop-1] org.apache.catalina.startup.HostConfig.deployDirectory Deployment of web application directory C:\Users\soare\Documents\NetBeansProjects\SistemaDeposito\apache-tomcat-8.0.53-windows-x64\apache-tomcat-8.0.53\webapps\examples has finished in 2.390 ms
30-Jan-2020 02:13:38.110 INFORMACIÓN [localhost-startStop-1] org.apache.catalina.startup.HostConfig.deployDirectory Despliegue del directorio C:\Users\soare\Documents\NetBeansProjects\SistemaDeposito\apache-tomcat-8.0.53-windows-x64\apache-tomcat-8.0.53\webapps\host-manager de la aplicación web
30-Jan-2020 02:13:38.391 INFORMACIÓN [localhost-startStop-1] org.apache.jasper.servlet.TldScanner.scanJars Al menos un JAR, que se ha explorado buscando TLDs, aún no contenía TLDs. Activar historial de depuración para este historiador para una completa lista de los JARs que fueron explorados y de los que nos se halló TLDs. Saltarse JARs no necesarios durante la exploración puede dar lugar a una mejora de tiempo significativa en el arranque y compilación de JSP .
30-Jan-2020 02:13:38.407 INFORMACIÓN [localhost-startStop-1] org.apache.catalina.startup.HostConfig.deployDirectory Deployment of web application directory C:\Users\soare\Documents\NetBeansProjects\SistemaDeposito\apache-tomcat-8.0.53-windows-x64\apache-tomcat-8.0.53\webapps\host-manager has finished in 297 ms
30-Jan-2020 02:13:38.407 INFORMACIÓN [localhost-startStop-1] org.apache.catalina.startup.HostConfig.deployDirectory Despliegue del directorio C:\Users\soare\Documents\NetBeansProjects\SistemaDeposito\apache-tomcat-8.0.53-windows-x64\apache-tomcat-8.0.53\webapps\manager de la aplicación web
30-Jan-2020 02:13:38.626 INFORMACIÓN [localhost-startStop-1] org.apache.jasper.servlet.TldScanner.scanJars Al menos un JAR, que se ha explorado buscando TLDs, aún no contenía TLDs. Activar historial de depuración para este historiador para una completa lista de los JARs que fueron explorados y de los que nos se halló TLDs. Saltarse JARs no necesarios durante la exploración puede dar lugar a una mejora de tiempo significativa en el arranque y compilación de JSP .
30-Jan-2020 02:13:38.626 INFORMACIÓN [localhost-startStop-1] org.apache.catalina.startup.HostConfig.deployDirectory Deployment of web application directory C:\Users\soare\Documents\NetBeansProjects\SistemaDeposito\apache-tomcat-8.0.53-windows-x64\apache-tomcat-8.0.53\webapps\manager has finished in 219 ms
30-Jan-2020 02:13:38.626 INFORMACIÓN [localhost-startStop-1] org.apache.catalina.startup.HostConfig.deployDirectory Despliegue del directorio C:\Users\soare\Documents\NetBeansProjects\SistemaDeposito\apache-tomcat-8.0.53-windows-x64\apache-tomcat-8.0.53\webapps\ROOT de la aplicación web
30-Jan-2020 02:13:38.876 INFORMACIÓN [localhost-startStop-1] org.apache.jasper.servlet.TldScanner.scanJars Al menos un JAR, que se ha explorado buscando TLDs, aún no contenía TLDs. Activar historial de depuración para este historiador para una completa lista de los JARs que fueron explorados y de los que nos se halló TLDs. Saltarse JARs no necesarios durante la exploración puede dar lugar a una mejora de tiempo significativa en el arranque y compilación de JSP .
30-Jan-2020 02:13:38.876 INFORMACIÓN [localhost-startStop-1] org.apache.catalina.startup.HostConfig.deployDirectory Deployment of web application directory C:\Users\soare\Documents\NetBeansProjects\SistemaDeposito\apache-tomcat-8.0.53-windows-x64\apache-tomcat-8.0.53\webapps\ROOT has finished in 250 ms
30-Jan-2020 02:13:38.891 INFORMACIÓN [main] org.apache.coyote.AbstractProtocol.start Starting ProtocolHandler ["http-apr-8080"]
30-Jan-2020 02:13:38.907 INFORMACIÓN [main] org.apache.coyote.AbstractProtocol.start Starting ProtocolHandler ["ajp-apr-8009"]
30-Jan-2020 02:13:38.907 INFORMACIÓN [main] org.apache.catalina.startup.Catalina.start Server startup in 7925 ms
30-Jan-2020 02:13:40.737 INFORMACIÓN [http-apr-8080-exec-4] org.apache.catalina.startup.HostConfig.undeploy Repliegue (undeploy) de la aplicación web que tiene como trayectoria de contexto /SistemaDeposito
30-Jan-2020 02:13:40.755 INFORMACIÓN [http-apr-8080-exec-6] org.apache.catalina.startup.HostConfig.deployDescriptor Desplieque del descriptor de configuración C:\Users\soare\Documents\NetBeansProjects\SistemaDeposito\apache-tomcat-8.0.53-windows-x64\apache-tomcat-8.0.53\conf\Catalina\localhost\SistemaDeposito.xml
30-Jan-2020 02:13:43.022 INFORMACIÓN [http-apr-8080-exec-6] org.apache.jasper.servlet.TldScanner.scanJars Al menos un JAR, que se ha explorado buscando TLDs, aún no contenía TLDs. Activar historial de depuración para este historiador para una completa lista de los JARs que fueron explorados y de los que nos se halló TLDs. Saltarse JARs no necesarios durante la exploración puede dar lugar a una mejora de tiempo significativa en el arranque y compilación de JSP .
30-Jan-2020 02:13:43.038 INFORMACIÓN [http-apr-8080-exec-6] org.apache.catalina.startup.HostConfig.deployDescriptor Deployment of configuration descriptor C:\Users\soare\Documents\NetBeansProjects\SistemaDeposito\apache-tomcat-8.0.53-windows-x64\apache-tomcat-8.0.53\conf\Catalina\localhost\SistemaDeposito.xml has finished in 2.283 ms
30-Jan-2020 02:34:04.508 INFORMACIÓN [http-apr-8080-exec-12] org.apache.catalina.core.StandardContext.reload Ha comenzado la recarga de Contexto [/SistemaDeposito]
30-Jan-2020 02:34:04.570 ADVERTENCIA [http-apr-8080-exec-12] org.apache.catalina.loader.WebappClassLoaderBase.clearReferencesJdbc La aplicación web [SistemaDeposito] registró el conductor JDBC [com.mysql.jdbc.Driver] pero falló al anular el registro mientras la aplicación web estaba parada. Para prevenir un fallo de memoria, se ha anulado el registro del conductor JDBC por la fuerza.
30-Jan-2020 02:34:06.913 INFORMACIÓN [http-apr-8080-exec-12] org.apache.jasper.servlet.TldScanner.scanJars Al menos un JAR, que se ha explorado buscando TLDs, aún no contenía TLDs. Activar historial de depuración para este historiador para una completa lista de los JARs que fueron explorados y de los que nos se halló TLDs. Saltarse JARs no necesarios durante la exploración puede dar lugar a una mejora de tiempo significativa en el arranque y compilación de JSP .
30-Jan-2020 02:34:07.007 INFORMACIÓN [http-apr-8080-exec-12] org.apache.catalina.core.StandardContext.reload Se ha completado la recarga de este Contexto
30-Jan-2020 02:51:50.538 INFORMACIÓN [http-apr-8080-exec-25] org.apache.catalina.core.StandardContext.reload Ha comenzado la recarga de Contexto [/SistemaDeposito]
30-Jan-2020 02:51:50.569 ADVERTENCIA [http-apr-8080-exec-25] org.apache.catalina.loader.WebappClassLoaderBase.clearReferencesJdbc La aplicación web [SistemaDeposito] registró el conductor JDBC [com.mysql.jdbc.Driver] pero falló al anular el registro mientras la aplicación web estaba parada. Para prevenir un fallo de memoria, se ha anulado el registro del conductor JDBC por la fuerza.
30-Jan-2020 02:51:52.460 INFORMACIÓN [http-apr-8080-exec-25] org.apache.jasper.servlet.TldScanner.scanJars Al menos un JAR, que se ha explorado buscando TLDs, aún no contenía TLDs. Activar historial de depuración para este historiador para una completa lista de los JARs que fueron explorados y de los que nos se halló TLDs. Saltarse JARs no necesarios durante la exploración puede dar lugar a una mejora de tiempo significativa en el arranque y compilación de JSP .
30-Jan-2020 02:51:52.522 INFORMACIÓN [http-apr-8080-exec-25] org.apache.catalina.core.StandardContext.reload Se ha completado la recarga de este Contexto
30-Jan-2020 02:53:41.440 INFORMACIÓN [http-apr-8080-exec-34] org.apache.catalina.core.StandardContext.reload Ha comenzado la recarga de Contexto [/SistemaDeposito]
30-Jan-2020 02:53:41.455 ADVERTENCIA [http-apr-8080-exec-34] org.apache.catalina.loader.WebappClassLoaderBase.clearReferencesJdbc La aplicación web [SistemaDeposito] registró el conductor JDBC [com.mysql.jdbc.Driver] pero falló al anular el registro mientras la aplicación web estaba parada. Para prevenir un fallo de memoria, se ha anulado el registro del conductor JDBC por la fuerza.
30-Jan-2020 02:53:43.142 INFORMACIÓN [http-apr-8080-exec-34] org.apache.jasper.servlet.TldScanner.scanJars Al menos un JAR, que se ha explorado buscando TLDs, aún no contenía TLDs. Activar historial de depuración para este historiador para una completa lista de los JARs que fueron explorados y de los que nos se halló TLDs. Saltarse JARs no necesarios durante la exploración puede dar lugar a una mejora de tiempo significativa en el arranque y compilación de JSP .
30-Jan-2020 02:53:43.205 INFORMACIÓN [http-apr-8080-exec-34] org.apache.catalina.core.StandardContext.reload Se ha completado la recarga de este Contexto
30-Jan-2020 02:54:29.817 INFORMACIÓN [http-apr-8080-exec-37] org.apache.catalina.startup.HostConfig.undeploy Repliegue (undeploy) de la aplicación web que tiene como trayectoria de contexto /SistemaDeposito
30-Jan-2020 02:54:38.807 INFORMACIÓN [http-apr-8080-exec-42] org.apache.catalina.startup.HostConfig.deployDescriptor Desplieque del descriptor de configuración C:\Users\soare\Documents\NetBeansProjects\SistemaDeposito\apache-tomcat-8.0.53-windows-x64\apache-tomcat-8.0.53\conf\Catalina\localhost\SistemaDeposito.xml
30-Jan-2020 02:54:40.747 INFORMACIÓN [http-apr-8080-exec-42] org.apache.jasper.servlet.TldScanner.scanJars Al menos un JAR, que se ha explorado buscando TLDs, aún no contenía TLDs. Activar historial de depuración para este historiador para una completa lista de los JARs que fueron explorados y de los que nos se halló TLDs. Saltarse JARs no necesarios durante la exploración puede dar lugar a una mejora de tiempo significativa en el arranque y compilación de JSP .
30-Jan-2020 02:54:40.763 INFORMACIÓN [http-apr-8080-exec-42] org.apache.catalina.startup.HostConfig.deployDescriptor Deployment of configuration descriptor C:\Users\soare\Documents\NetBeansProjects\SistemaDeposito\apache-tomcat-8.0.53-windows-x64\apache-tomcat-8.0.53\conf\Catalina\localhost\SistemaDeposito.xml has finished in 1.956 ms
30-Jan-2020 02:54:40.763 INFORMACIÓN [http-apr-8080-exec-36] org.apache.catalina.util.LifecycleBase.start The start() method was called on component [StandardEngine[Catalina].StandardHost[localhost].StandardContext[/SistemaDeposito]] after start() had already been called. The second call will be ignored.
30-Jan-2020 03:02:06.330 INFORMACIÓN [http-apr-8080-exec-45] org.apache.catalina.core.StandardContext.reload Ha comenzado la recarga de Contexto [/SistemaDeposito]
30-Jan-2020 03:02:06.377 ADVERTENCIA [http-apr-8080-exec-45] org.apache.catalina.loader.WebappClassLoaderBase.clearReferencesJdbc La aplicación web [SistemaDeposito] registró el conductor JDBC [com.mysql.jdbc.Driver] pero falló al anular el registro mientras la aplicación web estaba parada. Para prevenir un fallo de memoria, se ha anulado el registro del conductor JDBC por la fuerza.
30-Jan-2020 03:02:08.220 INFORMACIÓN [http-apr-8080-exec-45] org.apache.jasper.servlet.TldScanner.scanJars Al menos un JAR, que se ha explorado buscando TLDs, aún no contenía TLDs. Activar historial de depuración para este historiador para una completa lista de los JARs que fueron explorados y de los que nos se halló TLDs. Saltarse JARs no necesarios durante la exploración puede dar lugar a una mejora de tiempo significativa en el arranque y compilación de JSP .
30-Jan-2020 03:02:08.298 INFORMACIÓN [http-apr-8080-exec-45] org.apache.catalina.core.StandardContext.reload Se ha completado la recarga de este Contexto
30-Jan-2020 03:06:55.920 ADVERTENCIA [http-apr-8080-exec-58] org.apache.catalina.loader.WebappClassLoaderBase.clearReferencesJdbc La aplicación web [SistemaDeposito] registró el conductor JDBC [com.mysql.jdbc.Driver] pero falló al anular el registro mientras la aplicación web estaba parada. Para prevenir un fallo de memoria, se ha anulado el registro del conductor JDBC por la fuerza.
30-Jan-2020 03:06:56.420 INFORMACIÓN [http-apr-8080-exec-58] org.apache.catalina.startup.HostConfig.undeploy Repliegue (undeploy) de la aplicación web que tiene como trayectoria de contexto /SistemaDeposito
30-Jan-2020 03:07:04.197 INFORMACIÓN [http-apr-8080-exec-60] org.apache.catalina.startup.HostConfig.deployDescriptor Desplieque del descriptor de configuración C:\Users\soare\Documents\NetBeansProjects\SistemaDeposito\apache-tomcat-8.0.53-windows-x64\apache-tomcat-8.0.53\conf\Catalina\localhost\SistemaDeposito.xml
30-Jan-2020 03:07:06.347 INFORMACIÓN [http-apr-8080-exec-60] org.apache.jasper.servlet.TldScanner.scanJars Al menos un JAR, que se ha explorado buscando TLDs, aún no contenía TLDs. Activar historial de depuración para este historiador para una completa lista de los JARs que fueron explorados y de los que nos se halló TLDs. Saltarse JARs no necesarios durante la exploración puede dar lugar a una mejora de tiempo significativa en el arranque y compilación de JSP .
30-Jan-2020 03:07:06.347 INFORMACIÓN [http-apr-8080-exec-60] org.apache.catalina.startup.HostConfig.deployDescriptor Deployment of configuration descriptor C:\Users\soare\Documents\NetBeansProjects\SistemaDeposito\apache-tomcat-8.0.53-windows-x64\apache-tomcat-8.0.53\conf\Catalina\localhost\SistemaDeposito.xml has finished in 2.150 ms
30-Jan-2020 03:07:06.362 INFORMACIÓN [http-apr-8080-exec-62] org.apache.catalina.util.LifecycleBase.start The start() method was called on component [StandardEngine[Catalina].StandardHost[localhost].StandardContext[/SistemaDeposito]] after start() had already been called. The second call will be ignored.
30-Jan-2020 03:13:46.987 INFORMACIÓN [http-apr-8080-exec-67] org.apache.catalina.core.StandardContext.reload Ha comenzado la recarga de Contexto [/SistemaDeposito]
30-Jan-2020 03:13:47.023 ADVERTENCIA [http-apr-8080-exec-67] org.apache.catalina.loader.WebappClassLoaderBase.clearReferencesJdbc La aplicación web [SistemaDeposito] registró el conductor JDBC [com.mysql.jdbc.Driver] pero falló al anular el registro mientras la aplicación web estaba parada. Para prevenir un fallo de memoria, se ha anulado el registro del conductor JDBC por la fuerza.
30-Jan-2020 03:13:48.754 INFORMACIÓN [http-apr-8080-exec-67] org.apache.jasper.servlet.TldScanner.scanJars Al menos un JAR, que se ha explorado buscando TLDs, aún no contenía TLDs. Activar historial de depuración para este historiador para una completa lista de los JARs que fueron explorados y de los que nos se halló TLDs. Saltarse JARs no necesarios durante la exploración puede dar lugar a una mejora de tiempo significativa en el arranque y compilación de JSP .
30-Jan-2020 03:13:48.822 INFORMACIÓN [http-apr-8080-exec-67] org.apache.catalina.core.StandardContext.reload Se ha completado la recarga de este Contexto
30-Jan-2020 18:09:55.769 INFORMACIÓN [http-apr-8080-exec-74] org.apache.catalina.core.StandardContext.reload Ha comenzado la recarga de Contexto [/SistemaDeposito]
30-Jan-2020 18:09:55.800 ADVERTENCIA [http-apr-8080-exec-74] org.apache.catalina.loader.WebappClassLoaderBase.clearReferencesJdbc La aplicación web [SistemaDeposito] registró el conductor JDBC [com.mysql.jdbc.Driver] pero falló al anular el registro mientras la aplicación web estaba parada. Para prevenir un fallo de memoria, se ha anulado el registro del conductor JDBC por la fuerza.
30-Jan-2020 18:10:05.195 INFORMACIÓN [http-apr-8080-exec-74] org.apache.jasper.servlet.TldScanner.scanJars Al menos un JAR, que se ha explorado buscando TLDs, aún no contenía TLDs. Activar historial de depuración para este historiador para una completa lista de los JARs que fueron explorados y de los que nos se halló TLDs. Saltarse JARs no necesarios durante la exploración puede dar lugar a una mejora de tiempo significativa en el arranque y compilación de JSP .
30-Jan-2020 18:10:05.195 INFORMACIÓN [http-apr-8080-exec-74] org.apache.catalina.core.StandardContext.reload Se ha completado la recarga de este Contexto
30-Jan-2020 18:23:38.233 INFORMACIÓN [http-apr-8080-exec-86] org.apache.catalina.core.StandardContext.reload Ha comenzado la recarga de Contexto [/SistemaDeposito]
30-Jan-2020 18:23:38.280 ADVERTENCIA [http-apr-8080-exec-86] org.apache.catalina.loader.WebappClassLoaderBase.clearReferencesJdbc La aplicación web [SistemaDeposito] registró el conductor JDBC [com.mysql.jdbc.Driver] pero falló al anular el registro mientras la aplicación web estaba parada. Para prevenir un fallo de memoria, se ha anulado el registro del conductor JDBC por la fuerza.
30-Jan-2020 18:23:40.386 INFORMACIÓN [http-apr-8080-exec-86] org.apache.jasper.servlet.TldScanner.scanJars Al menos un JAR, que se ha explorado buscando TLDs, aún no contenía TLDs. Activar historial de depuración para este historiador para una completa lista de los JARs que fueron explorados y de los que nos se halló TLDs. Saltarse JARs no necesarios durante la exploración puede dar lugar a una mejora de tiempo significativa en el arranque y compilación de JSP .
30-Jan-2020 18:23:40.459 INFORMACIÓN [http-apr-8080-exec-86] org.apache.catalina.core.StandardContext.reload Se ha completado la recarga de este Contexto
30-Jan-2020 18:24:05.177 INFORMACIÓN [http-apr-8080-exec-89] org.apache.jasper.servlet.TldScanner.scanJars Al menos un JAR, que se ha explorado buscando TLDs, aún no contenía TLDs. Activar historial de depuración para este historiador para una completa lista de los JARs que fueron explorados y de los que nos se halló TLDs. Saltarse JARs no necesarios durante la exploración puede dar lugar a una mejora de tiempo significativa en el arranque y compilación de JSP .
30-Jan-2020 18:24:05.296 INFORMACIÓN [http-apr-8080-exec-95] org.apache.catalina.core.StandardContext.reload Ha comenzado la recarga de Contexto [/SistemaDeposito]
30-Jan-2020 18:24:05.418 INFORMACIÓN [ContainerBackgroundProcessor[StandardEngine[Catalina]]] org.apache.catalina.startup.HostConfig.reload Falló la recarga del contexto [/SistemaDeposito]
30-Jan-2020 18:24:07.129 INFORMACIÓN [http-apr-8080-exec-95] org.apache.jasper.servlet.TldScanner.scanJars Al menos un JAR, que se ha explorado buscando TLDs, aún no contenía TLDs. Activar historial de depuración para este historiador para una completa lista de los JARs que fueron explorados y de los que nos se halló TLDs. Saltarse JARs no necesarios durante la exploración puede dar lugar a una mejora de tiempo significativa en el arranque y compilación de JSP .
30-Jan-2020 18:24:07.202 INFORMACIÓN [http-apr-8080-exec-95] org.apache.catalina.core.StandardContext.reload Se ha completado la recarga de este Contexto
30-Jan-2020 18:24:07.202 INFORMACIÓN [ContainerBackgroundProcessor[StandardEngine[Catalina]]] org.apache.catalina.util.LifecycleBase.start The start() method was called on component [StandardEngine[Catalina].StandardHost[localhost].StandardContext[/SistemaDeposito]] after start() had already been called. The second call will be ignored.
30-Jan-2020 18:26:20.870 INFORMACIÓN [http-apr-8080-exec-90] org.apache.catalina.core.StandardContext.reload Ha comenzado la recarga de Contexto [/SistemaDeposito]
30-Jan-2020 18:26:22.928 INFORMACIÓN [http-apr-8080-exec-90] org.apache.jasper.servlet.TldScanner.scanJars Al menos un JAR, que se ha explorado buscando TLDs, aún no contenía TLDs. Activar historial de depuración para este historiador para una completa lista de los JARs que fueron explorados y de los que nos se halló TLDs. Saltarse JARs no necesarios durante la exploración puede dar lugar a una mejora de tiempo significativa en el arranque y compilación de JSP .
30-Jan-2020 18:26:22.991 INFORMACIÓN [http-apr-8080-exec-90] org.apache.catalina.core.StandardContext.reload Se ha completado la recarga de este Contexto
30-Jan-2020 18:31:01.076 INFORMACIÓN [http-apr-8080-exec-105] org.apache.catalina.core.StandardContext.reload Ha comenzado la recarga de Contexto [/SistemaDeposito]
30-Jan-2020 18:31:03.639 INFORMACIÓN [http-apr-8080-exec-105] org.apache.jasper.servlet.TldScanner.scanJars Al menos un JAR, que se ha explorado buscando TLDs, aún no contenía TLDs. Activar historial de depuración para este historiador para una completa lista de los JARs que fueron explorados y de los que nos se halló TLDs. Saltarse JARs no necesarios durante la exploración puede dar lugar a una mejora de tiempo significativa en el arranque y compilación de JSP .
30-Jan-2020 18:31:03.748 INFORMACIÓN [http-apr-8080-exec-105] org.apache.catalina.core.StandardContext.reload Se ha completado la recarga de este Contexto
30-Jan-2020 18:35:44.443 INFORMACIÓN [http-apr-8080-exec-110] org.apache.catalina.core.StandardContext.reload Ha comenzado la recarga de Contexto [/SistemaDeposito]
30-Jan-2020 18:35:44.467 ADVERTENCIA [http-apr-8080-exec-110] org.apache.catalina.loader.WebappClassLoaderBase.clearReferencesJdbc La aplicación web [SistemaDeposito] registró el conductor JDBC [com.mysql.jdbc.Driver] pero falló al anular el registro mientras la aplicación web estaba parada. Para prevenir un fallo de memoria, se ha anulado el registro del conductor JDBC por la fuerza.
30-Jan-2020 18:35:47.031 INFORMACIÓN [http-apr-8080-exec-110] org.apache.jasper.servlet.TldScanner.scanJars Al menos un JAR, que se ha explorado buscando TLDs, aún no contenía TLDs. Activar historial de depuración para este historiador para una completa lista de los JARs que fueron explorados y de los que nos se halló TLDs. Saltarse JARs no necesarios durante la exploración puede dar lugar a una mejora de tiempo significativa en el arranque y compilación de JSP .
30-Jan-2020 18:35:47.132 INFORMACIÓN [http-apr-8080-exec-110] org.apache.catalina.core.StandardContext.reload Se ha completado la recarga de este Contexto
30-Jan-2020 18:36:05.465 INFORMACIÓN [Finalizer] org.apache.catalina.loader.WebappClassLoaderBase.checkStateForResourceLoading Acceso ilegal: esta instancia de aplicación web ya ha sido parada.  Could not load org.eclipse.persistence.internal.localization.i18n.LoggingLocalizationResource.  La eventual traza de pila que sigue ha sido motivada por un error lanzado con motivos de depuración así como para intentar terminar el hilo que motivó el acceso ilegal y no tiene impacto funcional.
 java.lang.IllegalStateException: Acceso ilegal: esta instancia de aplicación web ya ha sido parada.  Could not load org.eclipse.persistence.internal.localization.i18n.LoggingLocalizationResource.  La eventual traza de pila que sigue ha sido motivada por un error lanzado con motivos de depuración así como para intentar terminar el hilo que motivó el acceso ilegal y no tiene impacto funcional.
	at org.apache.catalina.loader.WebappClassLoaderBase.checkStateForResourceLoading(WebappClassLoaderBase.java:1372)
	at org.apache.catalina.loader.WebappClassLoaderBase.checkStateForClassLoading(WebappClassLoaderBase.java:1360)
	at org.apache.catalina.loader.WebappClassLoaderBase.loadClass(WebappClassLoaderBase.java:1219)
	at org.apache.catalina.loader.WebappClassLoaderBase.loadClass(WebappClassLoaderBase.java:1180)
	at java.util.ResourceBundle$Control.newBundle(ResourceBundle.java:2657)
	at java.util.ResourceBundle.loadBundle(ResourceBundle.java:1518)
	at java.util.ResourceBundle.findBundle(ResourceBundle.java:1482)
	at java.util.ResourceBundle.findBundle(ResourceBundle.java:1436)
	at java.util.ResourceBundle.findBundle(ResourceBundle.java:1436)
	at java.util.ResourceBundle.getBundleImpl(ResourceBundle.java:1370)
	at java.util.ResourceBundle.getBundle(ResourceBundle.java:854)
	at org.eclipse.persistence.internal.localization.EclipseLinkLocalization.buildMessage(EclipseLinkLocalization.java:60)
	at org.eclipse.persistence.internal.localization.EclipseLinkLocalization.buildMessage(EclipseLinkLocalization.java:34)
	at org.eclipse.persistence.internal.localization.LoggingLocalization.buildMessage(LoggingLocalization.java:25)
	at org.eclipse.persistence.logging.AbstractSessionLog.formatMessage(AbstractSessionLog.java:987)
	at org.eclipse.persistence.logging.DefaultSessionLog.log(DefaultSessionLog.java:142)
	at org.eclipse.persistence.internal.sessions.AbstractSession.log(AbstractSession.java:3491)
	at org.eclipse.persistence.internal.sessions.AbstractSession.log(AbstractSession.java:4681)
	at org.eclipse.persistence.internal.sessions.AbstractSession.log(AbstractSession.java:4653)
	at org.eclipse.persistence.internal.sessions.AbstractSession.log(AbstractSession.java:4629)
	at org.eclipse.persistence.internal.sessions.AbstractSession.log(AbstractSession.java:4551)
	at org.eclipse.persistence.internal.sessions.DatabaseSessionImpl.logout(DatabaseSessionImpl.java:937)
	at org.eclipse.persistence.sessions.server.ServerSession.logout(ServerSession.java:776)
	at org.eclipse.persistence.internal.jpa.EntityManagerSetupImpl.removeSessionFromGlobalSessionManager(EntityManagerSetupImpl.java:511)
	at org.eclipse.persistence.internal.jpa.EntityManagerSetupImpl.undeploy(EntityManagerSetupImpl.java:2850)
	at org.eclipse.persistence.internal.jpa.EntityManagerFactoryDelegate.close(EntityManagerFactoryDelegate.java:267)
	at org.eclipse.persistence.internal.jpa.EntityManagerFactoryDelegate.finalize(EntityManagerFactoryDelegate.java:344)
	at java.lang.System$2.invokeFinalize(System.java:1270)
	at java.lang.ref.Finalizer.runFinalizer(Finalizer.java:102)
	at java.lang.ref.Finalizer.access$100(Finalizer.java:34)
	at java.lang.ref.Finalizer$FinalizerThread.run(Finalizer.java:217)

30-Jan-2020 18:36:05.466 INFORMACIÓN [Finalizer] org.apache.catalina.loader.WebappClassLoaderBase.checkStateForResourceLoading Acceso ilegal: esta instancia de aplicación web ya ha sido parada.  Could not load org/eclipse/persistence/internal/localization/i18n/LoggingLocalizationResource.properties.  La eventual traza de pila que sigue ha sido motivada por un error lanzado con motivos de depuración así como para intentar terminar el hilo que motivó el acceso ilegal y no tiene impacto funcional.
 java.lang.IllegalStateException: Acceso ilegal: esta instancia de aplicación web ya ha sido parada.  Could not load org/eclipse/persistence/internal/localization/i18n/LoggingLocalizationResource.properties.  La eventual traza de pila que sigue ha sido motivada por un error lanzado con motivos de depuración así como para intentar terminar el hilo que motivó el acceso ilegal y no tiene impacto funcional.
	at org.apache.catalina.loader.WebappClassLoaderBase.checkStateForResourceLoading(WebappClassLoaderBase.java:1372)
	at org.apache.catalina.loader.WebappClassLoaderBase.getResourceAsStream(WebappClassLoaderBase.java:1101)
	at java.util.ResourceBundle$Control$1.run(ResourceBundle.java:2694)
	at java.util.ResourceBundle$Control$1.run(ResourceBundle.java:2679)
	at java.security.AccessController.doPrivileged(Native Method)
	at java.util.ResourceBundle$Control.newBundle(ResourceBundle.java:2678)
	at java.util.ResourceBundle.loadBundle(ResourceBundle.java:1518)
	at java.util.ResourceBundle.findBundle(ResourceBundle.java:1482)
	at java.util.ResourceBundle.findBundle(ResourceBundle.java:1436)
	at java.util.ResourceBundle.findBundle(ResourceBundle.java:1436)
	at java.util.ResourceBundle.getBundleImpl(ResourceBundle.java:1370)
	at java.util.ResourceBundle.getBundle(ResourceBundle.java:854)
	at org.eclipse.persistence.internal.localization.EclipseLinkLocalization.buildMessage(EclipseLinkLocalization.java:60)
	at org.eclipse.persistence.internal.localization.EclipseLinkLocalization.buildMessage(EclipseLinkLocalization.java:34)
	at org.eclipse.persistence.internal.localization.LoggingLocalization.buildMessage(LoggingLocalization.java:25)
	at org.eclipse.persistence.logging.AbstractSessionLog.formatMessage(AbstractSessionLog.java:987)
	at org.eclipse.persistence.logging.DefaultSessionLog.log(DefaultSessionLog.java:142)
	at org.eclipse.persistence.internal.sessions.AbstractSession.log(AbstractSession.java:3491)
	at org.eclipse.persistence.internal.sessions.AbstractSession.log(AbstractSession.java:4681)
	at org.eclipse.persistence.internal.sessions.AbstractSession.log(AbstractSession.java:4653)
	at org.eclipse.persistence.internal.sessions.AbstractSession.log(AbstractSession.java:4629)
	at org.eclipse.persistence.internal.sessions.AbstractSession.log(AbstractSession.java:4551)
	at org.eclipse.persistence.internal.sessions.DatabaseSessionImpl.logout(DatabaseSessionImpl.java:937)
	at org.eclipse.persistence.sessions.server.ServerSession.logout(ServerSession.java:776)
	at org.eclipse.persistence.internal.jpa.EntityManagerSetupImpl.removeSessionFromGlobalSessionManager(EntityManagerSetupImpl.java:511)
	at org.eclipse.persistence.internal.jpa.EntityManagerSetupImpl.undeploy(EntityManagerSetupImpl.java:2850)
	at org.eclipse.persistence.internal.jpa.EntityManagerFactoryDelegate.close(EntityManagerFactoryDelegate.java:267)
	at org.eclipse.persistence.internal.jpa.EntityManagerFactoryDelegate.finalize(EntityManagerFactoryDelegate.java:344)
	at java.lang.System$2.invokeFinalize(System.java:1270)
	at java.lang.ref.Finalizer.runFinalizer(Finalizer.java:102)
	at java.lang.ref.Finalizer.access$100(Finalizer.java:34)
	at java.lang.ref.Finalizer$FinalizerThread.run(Finalizer.java:217)

30-Jan-2020 19:10:09.684 ADVERTENCIA [http-apr-8080-exec-119] org.apache.catalina.loader.WebappClassLoaderBase.clearReferencesJdbc La aplicación web [SistemaDeposito] registró el conductor JDBC [com.mysql.jdbc.Driver] pero falló al anular el registro mientras la aplicación web estaba parada. Para prevenir un fallo de memoria, se ha anulado el registro del conductor JDBC por la fuerza.
30-Jan-2020 19:10:11.543 INFORMACIÓN [http-apr-8080-exec-122] org.apache.jasper.servlet.TldScanner.scanJars Al menos un JAR, que se ha explorado buscando TLDs, aún no contenía TLDs. Activar historial de depuración para este historiador para una completa lista de los JARs que fueron explorados y de los que nos se halló TLDs. Saltarse JARs no necesarios durante la exploración puede dar lugar a una mejora de tiempo significativa en el arranque y compilación de JSP .
