23-Jan-2020 22:53:56.707 INFORMACIÓN [main] org.apache.catalina.startup.VersionLoggerListener.log Server version:        Apache Tomcat/8.0.53
23-Jan-2020 22:53:56.710 INFORMACIÓN [main] org.apache.catalina.startup.VersionLoggerListener.log Server built:          Jun 29 2018 14:42:45 UTC
23-Jan-2020 22:53:56.710 INFORMACIÓN [main] org.apache.catalina.startup.VersionLoggerListener.log Server number:         8.0.53.0
23-Jan-2020 22:53:56.710 INFORMACIÓN [main] org.apache.catalina.startup.VersionLoggerListener.log OS Name:               Windows 10
23-Jan-2020 22:53:56.710 INFORMACIÓN [main] org.apache.catalina.startup.VersionLoggerListener.log OS Version:            10.0
23-Jan-2020 22:53:56.711 INFORMACIÓN [main] org.apache.catalina.startup.VersionLoggerListener.log Architecture:          amd64
23-Jan-2020 22:53:56.711 INFORMACIÓN [main] org.apache.catalina.startup.VersionLoggerListener.log Java Home:             C:\Program Files\Java\jdk1.8.0_211\jre
23-Jan-2020 22:53:56.711 INFORMACIÓN [main] org.apache.catalina.startup.VersionLoggerListener.log JVM Version:           1.8.0_211-b12
23-Jan-2020 22:53:56.711 INFORMACIÓN [main] org.apache.catalina.startup.VersionLoggerListener.log JVM Vendor:            Oracle Corporation
23-Jan-2020 22:53:56.711 INFORMACIÓN [main] org.apache.catalina.startup.VersionLoggerListener.log CATALINA_BASE:         C:\Users\soare\Documents\NetBeansProjects\SistemaDeposito\apache-tomcat-8.0.53-windows-x64\apache-tomcat-8.0.53
23-Jan-2020 22:53:56.711 INFORMACIÓN [main] org.apache.catalina.startup.VersionLoggerListener.log CATALINA_HOME:         C:\Users\soare\Documents\NetBeansProjects\SistemaDeposito\apache-tomcat-8.0.53-windows-x64\apache-tomcat-8.0.53
23-Jan-2020 22:53:56.712 INFORMACIÓN [main] org.apache.catalina.startup.VersionLoggerListener.log Command line argument: -Djava.util.logging.config.file=C:\Users\soare\Documents\NetBeansProjects\SistemaDeposito\apache-tomcat-8.0.53-windows-x64\apache-tomcat-8.0.53\conf\logging.properties
23-Jan-2020 22:53:56.712 INFORMACIÓN [main] org.apache.catalina.startup.VersionLoggerListener.log Command line argument: -Djava.util.logging.manager=org.apache.juli.ClassLoaderLogManager
23-Jan-2020 22:53:56.712 INFORMACIÓN [main] org.apache.catalina.startup.VersionLoggerListener.log Command line argument: -Dhttp.nonProxyHosts=localhost|127.0.0.1|DESKTOP-QVTKTTF
23-Jan-2020 22:53:56.717 INFORMACIÓN [main] org.apache.catalina.startup.VersionLoggerListener.log Command line argument: -Djdk.tls.ephemeralDHKeySize=2048
23-Jan-2020 22:53:56.717 INFORMACIÓN [main] org.apache.catalina.startup.VersionLoggerListener.log Command line argument: -Djava.protocol.handler.pkgs=org.apache.catalina.webresources
23-Jan-2020 22:53:56.718 INFORMACIÓN [main] org.apache.catalina.startup.VersionLoggerListener.log Command line argument: -Dignore.endorsed.dirs=
23-Jan-2020 22:53:56.718 INFORMACIÓN [main] org.apache.catalina.startup.VersionLoggerListener.log Command line argument: -Dcatalina.base=C:\Users\soare\Documents\NetBeansProjects\SistemaDeposito\apache-tomcat-8.0.53-windows-x64\apache-tomcat-8.0.53
23-Jan-2020 22:53:56.718 INFORMACIÓN [main] org.apache.catalina.startup.VersionLoggerListener.log Command line argument: -Dcatalina.home=C:\Users\soare\Documents\NetBeansProjects\SistemaDeposito\apache-tomcat-8.0.53-windows-x64\apache-tomcat-8.0.53
23-Jan-2020 22:53:56.718 INFORMACIÓN [main] org.apache.catalina.startup.VersionLoggerListener.log Command line argument: -Djava.io.tmpdir=C:\Users\soare\Documents\NetBeansProjects\SistemaDeposito\apache-tomcat-8.0.53-windows-x64\apache-tomcat-8.0.53\temp
23-Jan-2020 22:53:56.718 INFORMACIÓN [main] org.apache.catalina.core.AprLifecycleListener.lifecycleEvent Cargada la biblioteca nativa APR de Apache Tomcat 1.2.17 con la versión APR 1.6.3.
23-Jan-2020 22:53:56.718 INFORMACIÓN [main] org.apache.catalina.core.AprLifecycleListener.lifecycleEvent Capacidades APR: IPv6 [true], enviar fichero [true], aceptar filtros [false], aleatorio [true].
23-Jan-2020 22:53:57.730 INFORMACIÓN [main] org.apache.catalina.core.AprLifecycleListener.initializeSSL OpenSSL inicializado correctamente (OpenSSL 1.0.2o  27 Mar 2018)
23-Jan-2020 22:53:58.433 INFORMACIÓN [main] org.apache.coyote.AbstractProtocol.init Initializing ProtocolHandler ["http-apr-8080"]
23-Jan-2020 22:53:58.453 INFORMACIÓN [main] org.apache.coyote.AbstractProtocol.init Initializing ProtocolHandler ["ajp-apr-8009"]
23-Jan-2020 22:53:58.456 INFORMACIÓN [main] org.apache.catalina.startup.Catalina.load Initialization processed in 3024 ms
23-Jan-2020 22:53:58.570 INFORMACIÓN [main] org.apache.catalina.core.StandardService.startInternal Arrancando servicio Catalina
23-Jan-2020 22:53:58.570 INFORMACIÓN [main] org.apache.catalina.core.StandardEngine.startInternal Starting Servlet Engine: Apache Tomcat/8.0.53
23-Jan-2020 22:53:58.595 INFORMACIÓN [localhost-startStop-1] org.apache.catalina.startup.HostConfig.deployDescriptor Desplieque del descriptor de configuración C:\Users\soare\Documents\NetBeansProjects\SistemaDeposito\apache-tomcat-8.0.53-windows-x64\apache-tomcat-8.0.53\conf\Catalina\localhost\SistemaDeposito.xml
23-Jan-2020 22:54:03.170 INFORMACIÓN [localhost-startStop-1] org.apache.jasper.servlet.TldScanner.scanJars Al menos un JAR, que se ha explorado buscando TLDs, aún no contenía TLDs. Activar historial de depuración para este historiador para una completa lista de los JARs que fueron explorados y de los que nos se halló TLDs. Saltarse JARs no necesarios durante la exploración puede dar lugar a una mejora de tiempo significativa en el arranque y compilación de JSP .
23-Jan-2020 22:54:03.566 ADVERTENCIA [localhost-startStop-1] org.apache.catalina.util.SessionIdGeneratorBase.createSecureRandom Creation of SecureRandom instance for session ID generation using [SHA1PRNG] took [304] milliseconds.
23-Jan-2020 22:54:03.649 INFORMACIÓN [localhost-startStop-1] org.apache.catalina.startup.HostConfig.deployDescriptor Deployment of configuration descriptor C:\Users\soare\Documents\NetBeansProjects\SistemaDeposito\apache-tomcat-8.0.53-windows-x64\apache-tomcat-8.0.53\conf\Catalina\localhost\SistemaDeposito.xml has finished in 5.054 ms
23-Jan-2020 22:54:03.651 INFORMACIÓN [localhost-startStop-1] org.apache.catalina.startup.HostConfig.deployDirectory Despliegue del directorio C:\Users\soare\Documents\NetBeansProjects\SistemaDeposito\apache-tomcat-8.0.53-windows-x64\apache-tomcat-8.0.53\webapps\docs de la aplicación web
23-Jan-2020 22:54:03.837 INFORMACIÓN [localhost-startStop-1] org.apache.jasper.servlet.TldScanner.scanJars Al menos un JAR, que se ha explorado buscando TLDs, aún no contenía TLDs. Activar historial de depuración para este historiador para una completa lista de los JARs que fueron explorados y de los que nos se halló TLDs. Saltarse JARs no necesarios durante la exploración puede dar lugar a una mejora de tiempo significativa en el arranque y compilación de JSP .
23-Jan-2020 22:54:03.840 INFORMACIÓN [localhost-startStop-1] org.apache.catalina.startup.HostConfig.deployDirectory Deployment of web application directory C:\Users\soare\Documents\NetBeansProjects\SistemaDeposito\apache-tomcat-8.0.53-windows-x64\apache-tomcat-8.0.53\webapps\docs has finished in 188 ms
23-Jan-2020 22:54:03.841 INFORMACIÓN [localhost-startStop-1] org.apache.catalina.startup.HostConfig.deployDirectory Despliegue del directorio C:\Users\soare\Documents\NetBeansProjects\SistemaDeposito\apache-tomcat-8.0.53-windows-x64\apache-tomcat-8.0.53\webapps\examples de la aplicación web
23-Jan-2020 22:54:06.002 INFORMACIÓN [localhost-startStop-1] org.apache.jasper.servlet.TldScanner.scanJars Al menos un JAR, que se ha explorado buscando TLDs, aún no contenía TLDs. Activar historial de depuración para este historiador para una completa lista de los JARs que fueron explorados y de los que nos se halló TLDs. Saltarse JARs no necesarios durante la exploración puede dar lugar a una mejora de tiempo significativa en el arranque y compilación de JSP .
23-Jan-2020 22:54:06.075 INFORMACIÓN [localhost-startStop-1] org.apache.catalina.startup.HostConfig.deployDirectory Deployment of web application directory C:\Users\soare\Documents\NetBeansProjects\SistemaDeposito\apache-tomcat-8.0.53-windows-x64\apache-tomcat-8.0.53\webapps\examples has finished in 2.235 ms
23-Jan-2020 22:54:06.075 INFORMACIÓN [localhost-startStop-1] org.apache.catalina.startup.HostConfig.deployDirectory Despliegue del directorio C:\Users\soare\Documents\NetBeansProjects\SistemaDeposito\apache-tomcat-8.0.53-windows-x64\apache-tomcat-8.0.53\webapps\host-manager de la aplicación web
23-Jan-2020 22:54:06.306 INFORMACIÓN [localhost-startStop-1] org.apache.jasper.servlet.TldScanner.scanJars Al menos un JAR, que se ha explorado buscando TLDs, aún no contenía TLDs. Activar historial de depuración para este historiador para una completa lista de los JARs que fueron explorados y de los que nos se halló TLDs. Saltarse JARs no necesarios durante la exploración puede dar lugar a una mejora de tiempo significativa en el arranque y compilación de JSP .
23-Jan-2020 22:54:06.311 INFORMACIÓN [localhost-startStop-1] org.apache.catalina.startup.HostConfig.deployDirectory Deployment of web application directory C:\Users\soare\Documents\NetBeansProjects\SistemaDeposito\apache-tomcat-8.0.53-windows-x64\apache-tomcat-8.0.53\webapps\host-manager has finished in 235 ms
23-Jan-2020 22:54:06.311 INFORMACIÓN [localhost-startStop-1] org.apache.catalina.startup.HostConfig.deployDirectory Despliegue del directorio C:\Users\soare\Documents\NetBeansProjects\SistemaDeposito\apache-tomcat-8.0.53-windows-x64\apache-tomcat-8.0.53\webapps\manager de la aplicación web
23-Jan-2020 22:54:06.590 INFORMACIÓN [localhost-startStop-1] org.apache.jasper.servlet.TldScanner.scanJars Al menos un JAR, que se ha explorado buscando TLDs, aún no contenía TLDs. Activar historial de depuración para este historiador para una completa lista de los JARs que fueron explorados y de los que nos se halló TLDs. Saltarse JARs no necesarios durante la exploración puede dar lugar a una mejora de tiempo significativa en el arranque y compilación de JSP .
23-Jan-2020 22:54:06.594 INFORMACIÓN [localhost-startStop-1] org.apache.catalina.startup.HostConfig.deployDirectory Deployment of web application directory C:\Users\soare\Documents\NetBeansProjects\SistemaDeposito\apache-tomcat-8.0.53-windows-x64\apache-tomcat-8.0.53\webapps\manager has finished in 282 ms
23-Jan-2020 22:54:06.594 INFORMACIÓN [localhost-startStop-1] org.apache.catalina.startup.HostConfig.deployDirectory Despliegue del directorio C:\Users\soare\Documents\NetBeansProjects\SistemaDeposito\apache-tomcat-8.0.53-windows-x64\apache-tomcat-8.0.53\webapps\ROOT de la aplicación web
23-Jan-2020 22:54:06.806 INFORMACIÓN [localhost-startStop-1] org.apache.jasper.servlet.TldScanner.scanJars Al menos un JAR, que se ha explorado buscando TLDs, aún no contenía TLDs. Activar historial de depuración para este historiador para una completa lista de los JARs que fueron explorados y de los que nos se halló TLDs. Saltarse JARs no necesarios durante la exploración puede dar lugar a una mejora de tiempo significativa en el arranque y compilación de JSP .
23-Jan-2020 22:54:06.809 INFORMACIÓN [localhost-startStop-1] org.apache.catalina.startup.HostConfig.deployDirectory Deployment of web application directory C:\Users\soare\Documents\NetBeansProjects\SistemaDeposito\apache-tomcat-8.0.53-windows-x64\apache-tomcat-8.0.53\webapps\ROOT has finished in 215 ms
23-Jan-2020 22:54:06.815 INFORMACIÓN [main] org.apache.coyote.AbstractProtocol.start Starting ProtocolHandler ["http-apr-8080"]
23-Jan-2020 22:54:06.837 INFORMACIÓN [main] org.apache.coyote.AbstractProtocol.start Starting ProtocolHandler ["ajp-apr-8009"]
23-Jan-2020 22:54:06.847 INFORMACIÓN [main] org.apache.catalina.startup.Catalina.start Server startup in 8391 ms
