03-Jan-2020 18:35:22.820 INFORMACIÓN [main] org.apache.catalina.startup.VersionLoggerListener.log Server version:        Apache Tomcat/8.0.53
03-Jan-2020 18:35:22.823 INFORMACIÓN [main] org.apache.catalina.startup.VersionLoggerListener.log Server built:          Jun 29 2018 14:42:45 UTC
03-Jan-2020 18:35:22.824 INFORMACIÓN [main] org.apache.catalina.startup.VersionLoggerListener.log Server number:         8.0.53.0
03-Jan-2020 18:35:22.824 INFORMACIÓN [main] org.apache.catalina.startup.VersionLoggerListener.log OS Name:               Windows 10
03-Jan-2020 18:35:22.824 INFORMACIÓN [main] org.apache.catalina.startup.VersionLoggerListener.log OS Version:            10.0
03-Jan-2020 18:35:22.824 INFORMACIÓN [main] org.apache.catalina.startup.VersionLoggerListener.log Architecture:          amd64
03-Jan-2020 18:35:22.824 INFORMACIÓN [main] org.apache.catalina.startup.VersionLoggerListener.log Java Home:             C:\Program Files\Java\jdk1.8.0_211\jre
03-Jan-2020 18:35:22.824 INFORMACIÓN [main] org.apache.catalina.startup.VersionLoggerListener.log JVM Version:           1.8.0_211-b12
03-Jan-2020 18:35:22.825 INFORMACIÓN [main] org.apache.catalina.startup.VersionLoggerListener.log JVM Vendor:            Oracle Corporation
03-Jan-2020 18:35:22.825 INFORMACIÓN [main] org.apache.catalina.startup.VersionLoggerListener.log CATALINA_BASE:         C:\Users\soare\Documents\NetBeansProjects\SistemaDeposito\apache-tomcat-8.0.53-windows-x64\apache-tomcat-8.0.53
03-Jan-2020 18:35:22.825 INFORMACIÓN [main] org.apache.catalina.startup.VersionLoggerListener.log CATALINA_HOME:         C:\Users\soare\Documents\NetBeansProjects\SistemaDeposito\apache-tomcat-8.0.53-windows-x64\apache-tomcat-8.0.53
03-Jan-2020 18:35:22.825 INFORMACIÓN [main] org.apache.catalina.startup.VersionLoggerListener.log Command line argument: -Djava.util.logging.config.file=C:\Users\soare\Documents\NetBeansProjects\SistemaDeposito\apache-tomcat-8.0.53-windows-x64\apache-tomcat-8.0.53\conf\logging.properties
03-Jan-2020 18:35:22.825 INFORMACIÓN [main] org.apache.catalina.startup.VersionLoggerListener.log Command line argument: -Djava.util.logging.manager=org.apache.juli.ClassLoaderLogManager
03-Jan-2020 18:35:22.826 INFORMACIÓN [main] org.apache.catalina.startup.VersionLoggerListener.log Command line argument: -Dhttp.nonProxyHosts=localhost|127.0.0.1|DESKTOP-QVTKTTF
03-Jan-2020 18:35:22.826 INFORMACIÓN [main] org.apache.catalina.startup.VersionLoggerListener.log Command line argument: -Djdk.tls.ephemeralDHKeySize=2048
03-Jan-2020 18:35:22.826 INFORMACIÓN [main] org.apache.catalina.startup.VersionLoggerListener.log Command line argument: -Djava.protocol.handler.pkgs=org.apache.catalina.webresources
03-Jan-2020 18:35:22.826 INFORMACIÓN [main] org.apache.catalina.startup.VersionLoggerListener.log Command line argument: -Dignore.endorsed.dirs=
03-Jan-2020 18:35:22.826 INFORMACIÓN [main] org.apache.catalina.startup.VersionLoggerListener.log Command line argument: -Dcatalina.base=C:\Users\soare\Documents\NetBeansProjects\SistemaDeposito\apache-tomcat-8.0.53-windows-x64\apache-tomcat-8.0.53
03-Jan-2020 18:35:22.826 INFORMACIÓN [main] org.apache.catalina.startup.VersionLoggerListener.log Command line argument: -Dcatalina.home=C:\Users\soare\Documents\NetBeansProjects\SistemaDeposito\apache-tomcat-8.0.53-windows-x64\apache-tomcat-8.0.53
03-Jan-2020 18:35:22.827 INFORMACIÓN [main] org.apache.catalina.startup.VersionLoggerListener.log Command line argument: -Djava.io.tmpdir=C:\Users\soare\Documents\NetBeansProjects\SistemaDeposito\apache-tomcat-8.0.53-windows-x64\apache-tomcat-8.0.53\temp
03-Jan-2020 18:35:22.827 INFORMACIÓN [main] org.apache.catalina.core.AprLifecycleListener.lifecycleEvent Cargada la biblioteca nativa APR de Apache Tomcat 1.2.17 con la versión APR 1.6.3.
03-Jan-2020 18:35:22.827 INFORMACIÓN [main] org.apache.catalina.core.AprLifecycleListener.lifecycleEvent Capacidades APR: IPv6 [true], enviar fichero [true], aceptar filtros [false], aleatorio [true].
03-Jan-2020 18:35:23.772 INFORMACIÓN [main] org.apache.catalina.core.AprLifecycleListener.initializeSSL OpenSSL inicializado correctamente (OpenSSL 1.0.2o  27 Mar 2018)
03-Jan-2020 18:35:24.075 INFORMACIÓN [main] org.apache.coyote.AbstractProtocol.init Initializing ProtocolHandler ["http-apr-8080"]
03-Jan-2020 18:35:24.088 INFORMACIÓN [main] org.apache.coyote.AbstractProtocol.init Initializing ProtocolHandler ["ajp-apr-8009"]
03-Jan-2020 18:35:24.090 INFORMACIÓN [main] org.apache.catalina.startup.Catalina.load Initialization processed in 1902 ms
03-Jan-2020 18:35:24.146 INFORMACIÓN [main] org.apache.catalina.core.StandardService.startInternal Arrancando servicio Catalina
03-Jan-2020 18:35:24.148 INFORMACIÓN [main] org.apache.catalina.core.StandardEngine.startInternal Starting Servlet Engine: Apache Tomcat/8.0.53
03-Jan-2020 18:35:24.160 INFORMACIÓN [localhost-startStop-1] org.apache.catalina.startup.HostConfig.deployDirectory Despliegue del directorio C:\Users\soare\Documents\NetBeansProjects\SistemaDeposito\apache-tomcat-8.0.53-windows-x64\apache-tomcat-8.0.53\webapps\docs de la aplicación web
03-Jan-2020 18:35:24.994 ADVERTENCIA [localhost-startStop-1] org.apache.catalina.util.SessionIdGeneratorBase.createSecureRandom Creation of SecureRandom instance for session ID generation using [SHA1PRNG] took [286] milliseconds.
03-Jan-2020 18:35:25.025 INFORMACIÓN [localhost-startStop-1] org.apache.catalina.startup.HostConfig.deployDirectory Deployment of web application directory C:\Users\soare\Documents\NetBeansProjects\SistemaDeposito\apache-tomcat-8.0.53-windows-x64\apache-tomcat-8.0.53\webapps\docs has finished in 864 ms
03-Jan-2020 18:35:25.025 INFORMACIÓN [localhost-startStop-1] org.apache.catalina.startup.HostConfig.deployDirectory Despliegue del directorio C:\Users\soare\Documents\NetBeansProjects\SistemaDeposito\apache-tomcat-8.0.53-windows-x64\apache-tomcat-8.0.53\webapps\examples de la aplicación web
03-Jan-2020 18:35:26.436 INFORMACIÓN [localhost-startStop-1] org.apache.catalina.startup.HostConfig.deployDirectory Deployment of web application directory C:\Users\soare\Documents\NetBeansProjects\SistemaDeposito\apache-tomcat-8.0.53-windows-x64\apache-tomcat-8.0.53\webapps\examples has finished in 1.411 ms
03-Jan-2020 18:35:26.436 INFORMACIÓN [localhost-startStop-1] org.apache.catalina.startup.HostConfig.deployDirectory Despliegue del directorio C:\Users\soare\Documents\NetBeansProjects\SistemaDeposito\apache-tomcat-8.0.53-windows-x64\apache-tomcat-8.0.53\webapps\host-manager de la aplicación web
03-Jan-2020 18:35:26.484 INFORMACIÓN [localhost-startStop-1] org.apache.catalina.startup.HostConfig.deployDirectory Deployment of web application directory C:\Users\soare\Documents\NetBeansProjects\SistemaDeposito\apache-tomcat-8.0.53-windows-x64\apache-tomcat-8.0.53\webapps\host-manager has finished in 48 ms
03-Jan-2020 18:35:26.484 INFORMACIÓN [localhost-startStop-1] org.apache.catalina.startup.HostConfig.deployDirectory Despliegue del directorio C:\Users\soare\Documents\NetBeansProjects\SistemaDeposito\apache-tomcat-8.0.53-windows-x64\apache-tomcat-8.0.53\webapps\manager de la aplicación web
03-Jan-2020 18:35:26.541 INFORMACIÓN [localhost-startStop-1] org.apache.catalina.startup.HostConfig.deployDirectory Deployment of web application directory C:\Users\soare\Documents\NetBeansProjects\SistemaDeposito\apache-tomcat-8.0.53-windows-x64\apache-tomcat-8.0.53\webapps\manager has finished in 57 ms
03-Jan-2020 18:35:26.542 INFORMACIÓN [localhost-startStop-1] org.apache.catalina.startup.HostConfig.deployDirectory Despliegue del directorio C:\Users\soare\Documents\NetBeansProjects\SistemaDeposito\apache-tomcat-8.0.53-windows-x64\apache-tomcat-8.0.53\webapps\ROOT de la aplicación web
03-Jan-2020 18:35:26.574 INFORMACIÓN [localhost-startStop-1] org.apache.catalina.startup.HostConfig.deployDirectory Deployment of web application directory C:\Users\soare\Documents\NetBeansProjects\SistemaDeposito\apache-tomcat-8.0.53-windows-x64\apache-tomcat-8.0.53\webapps\ROOT has finished in 32 ms
03-Jan-2020 18:35:26.579 INFORMACIÓN [main] org.apache.coyote.AbstractProtocol.start Starting ProtocolHandler ["http-apr-8080"]
03-Jan-2020 18:35:26.593 INFORMACIÓN [main] org.apache.coyote.AbstractProtocol.start Starting ProtocolHandler ["ajp-apr-8009"]
03-Jan-2020 18:35:26.599 INFORMACIÓN [main] org.apache.catalina.startup.Catalina.start Server startup in 2509 ms
03-Jan-2020 18:35:27.969 INFORMACIÓN [http-apr-8080-exec-4] org.apache.catalina.startup.HostConfig.deployDescriptor Desplieque del descriptor de configuración C:\Users\soare\Documents\NetBeansProjects\SistemaDeposito\apache-tomcat-8.0.53-windows-x64\apache-tomcat-8.0.53\conf\Catalina\localhost\SistemaDeposito.xml
03-Jan-2020 18:35:30.638 INFORMACIÓN [http-apr-8080-exec-4] org.apache.jasper.servlet.TldScanner.scanJars Al menos un JAR, que se ha explorado buscando TLDs, aún no contenía TLDs. Activar historial de depuración para este historiador para una completa lista de los JARs que fueron explorados y de los que nos se halló TLDs. Saltarse JARs no necesarios durante la exploración puede dar lugar a una mejora de tiempo significativa en el arranque y compilación de JSP .
03-Jan-2020 18:35:30.646 INFORMACIÓN [http-apr-8080-exec-4] org.apache.catalina.startup.HostConfig.deployDescriptor Deployment of configuration descriptor C:\Users\soare\Documents\NetBeansProjects\SistemaDeposito\apache-tomcat-8.0.53-windows-x64\apache-tomcat-8.0.53\conf\Catalina\localhost\SistemaDeposito.xml has finished in 2.676 ms
03-Jan-2020 18:35:30.656 INFORMACIÓN [http-apr-8080-exec-5] org.apache.catalina.util.LifecycleBase.start The start() method was called on component [StandardEngine[Catalina].StandardHost[localhost].StandardContext[/SistemaDeposito]] after start() had already been called. The second call will be ignored.
03-Jan-2020 21:34:05.504 INFORMACIÓN [http-apr-8080-exec-6] org.apache.catalina.core.StandardContext.reload Ha comenzado la recarga de Contexto [/SistemaDeposito]
03-Jan-2020 21:34:09.059 INFORMACIÓN [http-apr-8080-exec-6] org.apache.jasper.servlet.TldScanner.scanJars Al menos un JAR, que se ha explorado buscando TLDs, aún no contenía TLDs. Activar historial de depuración para este historiador para una completa lista de los JARs que fueron explorados y de los que nos se halló TLDs. Saltarse JARs no necesarios durante la exploración puede dar lugar a una mejora de tiempo significativa en el arranque y compilación de JSP .
03-Jan-2020 21:34:09.172 INFORMACIÓN [http-apr-8080-exec-6] org.apache.catalina.core.StandardContext.reload Se ha completado la recarga de este Contexto
03-Jan-2020 21:34:09.264 INFORMACIÓN [http-apr-8080-exec-1] org.apache.catalina.core.StandardContext.reload Ha comenzado la recarga de Contexto [/SistemaDeposito]
03-Jan-2020 21:34:11.736 INFORMACIÓN [http-apr-8080-exec-1] org.apache.jasper.servlet.TldScanner.scanJars Al menos un JAR, que se ha explorado buscando TLDs, aún no contenía TLDs. Activar historial de depuración para este historiador para una completa lista de los JARs que fueron explorados y de los que nos se halló TLDs. Saltarse JARs no necesarios durante la exploración puede dar lugar a una mejora de tiempo significativa en el arranque y compilación de JSP .
03-Jan-2020 21:34:11.741 INFORMACIÓN [http-apr-8080-exec-1] org.apache.catalina.core.StandardContext.reload Se ha completado la recarga de este Contexto
03-Jan-2020 21:39:23.900 INFORMACIÓN [http-apr-8080-exec-8] org.apache.catalina.core.StandardContext.reload Ha comenzado la recarga de Contexto [/SistemaDeposito]
03-Jan-2020 21:39:25.764 INFORMACIÓN [http-apr-8080-exec-8] org.apache.jasper.servlet.TldScanner.scanJars Al menos un JAR, que se ha explorado buscando TLDs, aún no contenía TLDs. Activar historial de depuración para este historiador para una completa lista de los JARs que fueron explorados y de los que nos se halló TLDs. Saltarse JARs no necesarios durante la exploración puede dar lugar a una mejora de tiempo significativa en el arranque y compilación de JSP .
03-Jan-2020 21:39:25.769 INFORMACIÓN [http-apr-8080-exec-8] org.apache.catalina.core.StandardContext.reload Se ha completado la recarga de este Contexto
03-Jan-2020 21:41:21.390 INFORMACIÓN [http-apr-8080-exec-15] org.apache.catalina.core.StandardContext.reload Ha comenzado la recarga de Contexto [/SistemaDeposito]
03-Jan-2020 21:41:23.189 INFORMACIÓN [http-apr-8080-exec-15] org.apache.jasper.servlet.TldScanner.scanJars Al menos un JAR, que se ha explorado buscando TLDs, aún no contenía TLDs. Activar historial de depuración para este historiador para una completa lista de los JARs que fueron explorados y de los que nos se halló TLDs. Saltarse JARs no necesarios durante la exploración puede dar lugar a una mejora de tiempo significativa en el arranque y compilación de JSP .
03-Jan-2020 21:41:23.193 INFORMACIÓN [http-apr-8080-exec-15] org.apache.catalina.core.StandardContext.reload Se ha completado la recarga de este Contexto
03-Jan-2020 21:41:23.246 INFORMACIÓN [http-apr-8080-exec-18] org.apache.catalina.core.StandardContext.reload Ha comenzado la recarga de Contexto [/SistemaDeposito]
03-Jan-2020 21:41:25.307 INFORMACIÓN [http-apr-8080-exec-18] org.apache.jasper.servlet.TldScanner.scanJars Al menos un JAR, que se ha explorado buscando TLDs, aún no contenía TLDs. Activar historial de depuración para este historiador para una completa lista de los JARs que fueron explorados y de los que nos se halló TLDs. Saltarse JARs no necesarios durante la exploración puede dar lugar a una mejora de tiempo significativa en el arranque y compilación de JSP .
03-Jan-2020 21:41:25.311 INFORMACIÓN [http-apr-8080-exec-18] org.apache.catalina.core.StandardContext.reload Se ha completado la recarga de este Contexto
03-Jan-2020 22:04:45.421 INFORMACIÓN [http-apr-8080-exec-33] org.apache.catalina.core.StandardContext.reload Ha comenzado la recarga de Contexto [/SistemaDeposito]
03-Jan-2020 22:04:47.274 INFORMACIÓN [http-apr-8080-exec-33] org.apache.jasper.servlet.TldScanner.scanJars Al menos un JAR, que se ha explorado buscando TLDs, aún no contenía TLDs. Activar historial de depuración para este historiador para una completa lista de los JARs que fueron explorados y de los que nos se halló TLDs. Saltarse JARs no necesarios durante la exploración puede dar lugar a una mejora de tiempo significativa en el arranque y compilación de JSP .
03-Jan-2020 22:04:47.279 INFORMACIÓN [http-apr-8080-exec-33] org.apache.catalina.core.StandardContext.reload Se ha completado la recarga de este Contexto
03-Jan-2020 22:05:21.232 INFORMACIÓN [http-apr-8080-exec-28] org.apache.catalina.core.StandardContext.reload Ha comenzado la recarga de Contexto [/SistemaDeposito]
03-Jan-2020 22:05:23.082 INFORMACIÓN [http-apr-8080-exec-28] org.apache.jasper.servlet.TldScanner.scanJars Al menos un JAR, que se ha explorado buscando TLDs, aún no contenía TLDs. Activar historial de depuración para este historiador para una completa lista de los JARs que fueron explorados y de los que nos se halló TLDs. Saltarse JARs no necesarios durante la exploración puede dar lugar a una mejora de tiempo significativa en el arranque y compilación de JSP .
03-Jan-2020 22:05:23.085 INFORMACIÓN [http-apr-8080-exec-28] org.apache.catalina.core.StandardContext.reload Se ha completado la recarga de este Contexto
03-Jan-2020 22:05:42.199 INFORMACIÓN [http-apr-8080-exec-31] org.apache.catalina.core.StandardContext.reload Ha comenzado la recarga de Contexto [/SistemaDeposito]
03-Jan-2020 22:05:43.777 INFORMACIÓN [http-apr-8080-exec-31] org.apache.jasper.servlet.TldScanner.scanJars Al menos un JAR, que se ha explorado buscando TLDs, aún no contenía TLDs. Activar historial de depuración para este historiador para una completa lista de los JARs que fueron explorados y de los que nos se halló TLDs. Saltarse JARs no necesarios durante la exploración puede dar lugar a una mejora de tiempo significativa en el arranque y compilación de JSP .
03-Jan-2020 22:05:43.782 INFORMACIÓN [http-apr-8080-exec-31] org.apache.catalina.core.StandardContext.reload Se ha completado la recarga de este Contexto
03-Jan-2020 22:05:44.683 INFORMACIÓN [http-apr-8080-exec-27] org.apache.catalina.core.StandardContext.reload Ha comenzado la recarga de Contexto [/SistemaDeposito]
03-Jan-2020 22:05:46.200 INFORMACIÓN [http-apr-8080-exec-27] org.apache.jasper.servlet.TldScanner.scanJars Al menos un JAR, que se ha explorado buscando TLDs, aún no contenía TLDs. Activar historial de depuración para este historiador para una completa lista de los JARs que fueron explorados y de los que nos se halló TLDs. Saltarse JARs no necesarios durante la exploración puede dar lugar a una mejora de tiempo significativa en el arranque y compilación de JSP .
03-Jan-2020 22:05:46.205 INFORMACIÓN [http-apr-8080-exec-27] org.apache.catalina.core.StandardContext.reload Se ha completado la recarga de este Contexto
03-Jan-2020 22:07:37.914 INFORMACIÓN [http-apr-8080-exec-38] org.apache.catalina.startup.HostConfig.undeploy Repliegue (undeploy) de la aplicación web que tiene como trayectoria de contexto /SistemaDeposito
03-Jan-2020 22:08:57.076 INFORMACIÓN [http-apr-8080-exec-34] org.apache.catalina.startup.HostConfig.deployDescriptor Desplieque del descriptor de configuración C:\Users\soare\Documents\NetBeansProjects\SistemaDeposito\apache-tomcat-8.0.53-windows-x64\apache-tomcat-8.0.53\conf\Catalina\localhost\SistemaDeposito.xml
03-Jan-2020 22:08:59.782 INFORMACIÓN [http-apr-8080-exec-34] org.apache.jasper.servlet.TldScanner.scanJars Al menos un JAR, que se ha explorado buscando TLDs, aún no contenía TLDs. Activar historial de depuración para este historiador para una completa lista de los JARs que fueron explorados y de los que nos se halló TLDs. Saltarse JARs no necesarios durante la exploración puede dar lugar a una mejora de tiempo significativa en el arranque y compilación de JSP .
03-Jan-2020 22:08:59.790 INFORMACIÓN [http-apr-8080-exec-34] org.apache.catalina.startup.HostConfig.deployDescriptor Deployment of configuration descriptor C:\Users\soare\Documents\NetBeansProjects\SistemaDeposito\apache-tomcat-8.0.53-windows-x64\apache-tomcat-8.0.53\conf\Catalina\localhost\SistemaDeposito.xml has finished in 2.715 ms
03-Jan-2020 22:08:59.798 INFORMACIÓN [http-apr-8080-exec-36] org.apache.catalina.util.LifecycleBase.start The start() method was called on component [StandardEngine[Catalina].StandardHost[localhost].StandardContext[/SistemaDeposito]] after start() had already been called. The second call will be ignored.
03-Jan-2020 22:15:54.284 INFORMACIÓN [http-apr-8080-exec-55] org.apache.catalina.core.StandardContext.reload Ha comenzado la recarga de Contexto [/SistemaDeposito]
03-Jan-2020 22:15:56.618 INFORMACIÓN [http-apr-8080-exec-55] org.apache.jasper.servlet.TldScanner.scanJars Al menos un JAR, que se ha explorado buscando TLDs, aún no contenía TLDs. Activar historial de depuración para este historiador para una completa lista de los JARs que fueron explorados y de los que nos se halló TLDs. Saltarse JARs no necesarios durante la exploración puede dar lugar a una mejora de tiempo significativa en el arranque y compilación de JSP .
03-Jan-2020 22:15:56.623 INFORMACIÓN [http-apr-8080-exec-55] org.apache.catalina.core.StandardContext.reload Se ha completado la recarga de este Contexto
03-Jan-2020 22:17:45.232 INFORMACIÓN [http-apr-8080-exec-59] org.apache.catalina.core.StandardContext.reload Ha comenzado la recarga de Contexto [/SistemaDeposito]
03-Jan-2020 22:17:48.279 INFORMACIÓN [http-apr-8080-exec-59] org.apache.jasper.servlet.TldScanner.scanJars Al menos un JAR, que se ha explorado buscando TLDs, aún no contenía TLDs. Activar historial de depuración para este historiador para una completa lista de los JARs que fueron explorados y de los que nos se halló TLDs. Saltarse JARs no necesarios durante la exploración puede dar lugar a una mejora de tiempo significativa en el arranque y compilación de JSP .
03-Jan-2020 22:17:48.285 INFORMACIÓN [http-apr-8080-exec-59] org.apache.catalina.core.StandardContext.reload Se ha completado la recarga de este Contexto
03-Jan-2020 22:17:48.363 INFORMACIÓN [http-apr-8080-exec-53] org.apache.catalina.core.StandardContext.reload Ha comenzado la recarga de Contexto [/SistemaDeposito]
03-Jan-2020 22:17:50.875 INFORMACIÓN [http-apr-8080-exec-53] org.apache.jasper.servlet.TldScanner.scanJars Al menos un JAR, que se ha explorado buscando TLDs, aún no contenía TLDs. Activar historial de depuración para este historiador para una completa lista de los JARs que fueron explorados y de los que nos se halló TLDs. Saltarse JARs no necesarios durante la exploración puede dar lugar a una mejora de tiempo significativa en el arranque y compilación de JSP .
03-Jan-2020 22:17:50.881 INFORMACIÓN [http-apr-8080-exec-53] org.apache.catalina.core.StandardContext.reload Se ha completado la recarga de este Contexto
