29-Jan-2020 14:37:54.165 INFORMACIÓN [http-apr-8080-exec-144] org.apache.catalina.core.ApplicationContext.log Manager: list: Listing contexts for virtual host 'localhost'
29-Jan-2020 14:57:11.228 INFORMACIÓN [http-apr-8080-exec-144] org.apache.catalina.core.ApplicationContext.log Manager: list: Listing contexts for virtual host 'localhost'
29-Jan-2020 15:00:10.549 INFORMACIÓN [http-apr-8080-exec-144] org.apache.catalina.core.ApplicationContext.log Manager: list: Listing contexts for virtual host 'localhost'
29-Jan-2020 15:00:13.710 INFORMACIÓN [http-apr-8080-exec-145] org.apache.catalina.core.ApplicationContext.log Manager: list: Listing contexts for virtual host 'localhost'
29-Jan-2020 15:00:13.712 INFORMACIÓN [http-apr-8080-exec-146] org.apache.catalina.core.ApplicationContext.log Manager: list: Listing contexts for virtual host 'localhost'
29-Jan-2020 15:01:45.708 INFORMACIÓN [http-apr-8080-exec-138] org.apache.catalina.core.ApplicationContext.log Manager: list: Listing contexts for virtual host 'localhost'
29-Jan-2020 15:02:25.997 INFORMACIÓN [http-apr-8080-exec-145] org.apache.catalina.core.ApplicationContext.log Manager: list: Listing contexts for virtual host 'localhost'
29-Jan-2020 15:07:22.838 INFORMACIÓN [http-apr-8080-exec-141] org.apache.catalina.core.ApplicationContext.log Manager: list: Listing contexts for virtual host 'localhost'
29-Jan-2020 15:07:25.255 INFORMACIÓN [http-apr-8080-exec-139] org.apache.catalina.core.ApplicationContext.log Manager: list: Listing contexts for virtual host 'localhost'
29-Jan-2020 15:07:25.260 INFORMACIÓN [http-apr-8080-exec-142] org.apache.catalina.core.ApplicationContext.log Manager: list: Listing contexts for virtual host 'localhost'
29-Jan-2020 15:07:53.104 INFORMACIÓN [http-apr-8080-exec-144] org.apache.catalina.core.ApplicationContext.log Manager: list: Listing contexts for virtual host 'localhost'
29-Jan-2020 15:08:29.466 INFORMACIÓN [http-apr-8080-exec-139] org.apache.catalina.core.ApplicationContext.log Manager: list: Listing contexts for virtual host 'localhost'
29-Jan-2020 15:08:47.988 INFORMACIÓN [http-apr-8080-exec-146] org.apache.catalina.core.ApplicationContext.log Manager: list: Listing contexts for virtual host 'localhost'
29-Jan-2020 15:09:08.748 INFORMACIÓN [http-apr-8080-exec-137] org.apache.catalina.core.ApplicationContext.log Manager: list: Listing contexts for virtual host 'localhost'
29-Jan-2020 15:09:19.097 INFORMACIÓN [http-apr-8080-exec-145] org.apache.catalina.core.ApplicationContext.log Manager: list: Listing contexts for virtual host 'localhost'
29-Jan-2020 15:09:52.274 INFORMACIÓN [http-apr-8080-exec-145] org.apache.catalina.core.ApplicationContext.log Manager: list: Listing contexts for virtual host 'localhost'
29-Jan-2020 15:10:41.084 INFORMACIÓN [http-apr-8080-exec-141] org.apache.catalina.core.ApplicationContext.log Manager: list: Listing contexts for virtual host 'localhost'
29-Jan-2020 15:10:47.657 INFORMACIÓN [http-apr-8080-exec-142] org.apache.catalina.core.ApplicationContext.log Manager: list: Listing contexts for virtual host 'localhost'
29-Jan-2020 15:10:47.661 INFORMACIÓN [http-apr-8080-exec-137] org.apache.catalina.core.ApplicationContext.log Manager: list: Listing contexts for virtual host 'localhost'
29-Jan-2020 15:12:06.335 INFORMACIÓN [http-apr-8080-exec-143] org.apache.catalina.core.ApplicationContext.log Manager: list: Listing contexts for virtual host 'localhost'
29-Jan-2020 15:12:08.975 INFORMACIÓN [http-apr-8080-exec-142] org.apache.catalina.core.ApplicationContext.log Manager: list: Listing contexts for virtual host 'localhost'
29-Jan-2020 15:12:08.979 INFORMACIÓN [http-apr-8080-exec-137] org.apache.catalina.core.ApplicationContext.log Manager: list: Listing contexts for virtual host 'localhost'
29-Jan-2020 15:12:33.068 INFORMACIÓN [http-apr-8080-exec-143] org.apache.catalina.core.ApplicationContext.log Manager: list: Listing contexts for virtual host 'localhost'
29-Jan-2020 15:13:32.356 INFORMACIÓN [http-apr-8080-exec-138] org.apache.catalina.core.ApplicationContext.log Manager: list: Listing contexts for virtual host 'localhost'
29-Jan-2020 15:13:54.635 INFORMACIÓN [http-apr-8080-exec-145] org.apache.catalina.core.ApplicationContext.log Manager: list: Listing contexts for virtual host 'localhost'
29-Jan-2020 15:13:56.374 INFORMACIÓN [http-apr-8080-exec-146] org.apache.catalina.core.ApplicationContext.log Manager: list: Listing contexts for virtual host 'localhost'
29-Jan-2020 15:13:56.377 INFORMACIÓN [http-apr-8080-exec-140] org.apache.catalina.core.ApplicationContext.log Manager: list: Listing contexts for virtual host 'localhost'
29-Jan-2020 15:14:29.370 INFORMACIÓN [http-apr-8080-exec-142] org.apache.catalina.core.ApplicationContext.log Manager: list: Listing contexts for virtual host 'localhost'
29-Jan-2020 15:14:32.939 INFORMACIÓN [http-apr-8080-exec-140] org.apache.catalina.core.ApplicationContext.log Manager: list: Listing contexts for virtual host 'localhost'
29-Jan-2020 15:14:32.947 INFORMACIÓN [http-apr-8080-exec-143] org.apache.catalina.core.ApplicationContext.log Manager: list: Listing contexts for virtual host 'localhost'
29-Jan-2020 15:15:06.718 INFORMACIÓN [http-apr-8080-exec-145] org.apache.catalina.core.ApplicationContext.log Manager: list: Listing contexts for virtual host 'localhost'
29-Jan-2020 15:15:09.677 INFORMACIÓN [http-apr-8080-exec-140] org.apache.catalina.core.ApplicationContext.log Manager: list: Listing contexts for virtual host 'localhost'
29-Jan-2020 15:15:09.685 INFORMACIÓN [http-apr-8080-exec-143] org.apache.catalina.core.ApplicationContext.log Manager: list: Listing contexts for virtual host 'localhost'
29-Jan-2020 15:15:25.809 INFORMACIÓN [http-apr-8080-exec-143] org.apache.catalina.core.ApplicationContext.log Manager: list: Listing contexts for virtual host 'localhost'
29-Jan-2020 15:15:25.856 INFORMACIÓN [http-apr-8080-exec-144] org.apache.catalina.core.ApplicationContext.log Manager: undeploy: Undeploying web application at '/SistemaDeposito'
29-Jan-2020 15:15:45.998 INFORMACIÓN [http-apr-8080-exec-147] org.apache.catalina.core.ApplicationContext.log Manager: list: Listing contexts for virtual host 'localhost'
29-Jan-2020 15:15:46.001 INFORMACIÓN [http-apr-8080-exec-148] org.apache.catalina.core.ApplicationContext.log Manager: list: Listing contexts for virtual host 'localhost'
29-Jan-2020 15:15:46.018 INFORMACIÓN [http-apr-8080-exec-146] org.apache.catalina.core.ApplicationContext.log Manager: install: Installing context configuration at 'file:/C:/Users/soare/AppData/Local/Temp/context8154487976839376408.xml'
29-Jan-2020 15:15:49.033 INFORMACIÓN [http-apr-8080-exec-141] org.apache.catalina.core.ApplicationContext.log Manager: start: Starting web application '/SistemaDeposito'
29-Jan-2020 15:16:45.419 INFORMACIÓN [http-apr-8080-exec-148] org.apache.catalina.core.ApplicationContext.log Manager: list: Listing contexts for virtual host 'localhost'
29-Jan-2020 15:18:22.035 INFORMACIÓN [http-apr-8080-exec-155] org.apache.catalina.core.ApplicationContext.log Manager: list: Listing contexts for virtual host 'localhost'
29-Jan-2020 15:20:27.664 INFORMACIÓN [http-apr-8080-exec-154] org.apache.catalina.core.ApplicationContext.log Manager: list: Listing contexts for virtual host 'localhost'
29-Jan-2020 15:21:22.924 INFORMACIÓN [http-apr-8080-exec-156] org.apache.catalina.core.ApplicationContext.log Manager: list: Listing contexts for virtual host 'localhost'
29-Jan-2020 15:27:52.172 INFORMACIÓN [http-apr-8080-exec-151] org.apache.catalina.core.ApplicationContext.log Manager: list: Listing contexts for virtual host 'localhost'
29-Jan-2020 15:29:11.084 INFORMACIÓN [http-apr-8080-exec-148] org.apache.catalina.core.ApplicationContext.log Manager: list: Listing contexts for virtual host 'localhost'
29-Jan-2020 15:29:18.278 INFORMACIÓN [http-apr-8080-exec-149] org.apache.catalina.core.ApplicationContext.log Manager: list: Listing contexts for virtual host 'localhost'
29-Jan-2020 15:29:18.280 INFORMACIÓN [http-apr-8080-exec-154] org.apache.catalina.core.ApplicationContext.log Manager: list: Listing contexts for virtual host 'localhost'
29-Jan-2020 15:29:37.106 INFORMACIÓN [http-apr-8080-exec-151] org.apache.catalina.core.ApplicationContext.log Manager: list: Listing contexts for virtual host 'localhost'
29-Jan-2020 15:29:49.791 INFORMACIÓN [http-apr-8080-exec-156] org.apache.catalina.core.ApplicationContext.log Manager: list: Listing contexts for virtual host 'localhost'
29-Jan-2020 15:29:49.795 INFORMACIÓN [http-apr-8080-exec-152] org.apache.catalina.core.ApplicationContext.log Manager: list: Listing contexts for virtual host 'localhost'
29-Jan-2020 15:32:10.827 INFORMACIÓN [http-apr-8080-exec-149] org.apache.catalina.core.ApplicationContext.log Manager: list: Listing contexts for virtual host 'localhost'
29-Jan-2020 15:33:26.950 INFORMACIÓN [http-apr-8080-exec-155] org.apache.catalina.core.ApplicationContext.log Manager: list: Listing contexts for virtual host 'localhost'
29-Jan-2020 15:35:46.632 INFORMACIÓN [http-apr-8080-exec-153] org.apache.catalina.core.ApplicationContext.log Manager: list: Listing contexts for virtual host 'localhost'
29-Jan-2020 15:36:02.246 INFORMACIÓN [http-apr-8080-exec-153] org.apache.catalina.core.ApplicationContext.log Manager: list: Listing contexts for virtual host 'localhost'
29-Jan-2020 15:36:52.731 INFORMACIÓN [http-apr-8080-exec-154] org.apache.catalina.core.ApplicationContext.log Manager: list: Listing contexts for virtual host 'localhost'
29-Jan-2020 15:36:54.743 INFORMACIÓN [http-apr-8080-exec-153] org.apache.catalina.core.ApplicationContext.log Manager: list: Listing contexts for virtual host 'localhost'
29-Jan-2020 15:36:54.746 INFORMACIÓN [http-apr-8080-exec-148] org.apache.catalina.core.ApplicationContext.log Manager: list: Listing contexts for virtual host 'localhost'
29-Jan-2020 15:37:01.714 INFORMACIÓN [http-apr-8080-exec-154] org.apache.catalina.core.ApplicationContext.log Manager: list: Listing contexts for virtual host 'localhost'
29-Jan-2020 15:37:01.719 INFORMACIÓN [http-apr-8080-exec-155] org.apache.catalina.core.ApplicationContext.log Manager: list: Listing contexts for virtual host 'localhost'
29-Jan-2020 15:38:09.710 INFORMACIÓN [http-apr-8080-exec-150] org.apache.catalina.core.ApplicationContext.log Manager: list: Listing contexts for virtual host 'localhost'
29-Jan-2020 15:41:34.537 INFORMACIÓN [http-apr-8080-exec-155] org.apache.catalina.core.ApplicationContext.log Manager: list: Listing contexts for virtual host 'localhost'
29-Jan-2020 15:41:38.622 INFORMACIÓN [http-apr-8080-exec-152] org.apache.catalina.core.ApplicationContext.log Manager: list: Listing contexts for virtual host 'localhost'
29-Jan-2020 15:41:38.625 INFORMACIÓN [http-apr-8080-exec-150] org.apache.catalina.core.ApplicationContext.log Manager: list: Listing contexts for virtual host 'localhost'
29-Jan-2020 15:42:49.013 INFORMACIÓN [http-apr-8080-exec-148] org.apache.catalina.core.ApplicationContext.log Manager: list: Listing contexts for virtual host 'localhost'
29-Jan-2020 15:43:08.374 INFORMACIÓN [http-apr-8080-exec-154] org.apache.catalina.core.ApplicationContext.log Manager: list: Listing contexts for virtual host 'localhost'
29-Jan-2020 15:43:10.923 INFORMACIÓN [http-apr-8080-exec-155] org.apache.catalina.core.ApplicationContext.log Manager: list: Listing contexts for virtual host 'localhost'
29-Jan-2020 15:43:10.931 INFORMACIÓN [http-apr-8080-exec-152] org.apache.catalina.core.ApplicationContext.log Manager: list: Listing contexts for virtual host 'localhost'
29-Jan-2020 15:43:29.024 INFORMACIÓN [http-apr-8080-exec-148] org.apache.catalina.core.ApplicationContext.log Manager: list: Listing contexts for virtual host 'localhost'
29-Jan-2020 15:45:12.452 INFORMACIÓN [http-apr-8080-exec-155] org.apache.catalina.core.ApplicationContext.log Manager: list: Listing contexts for virtual host 'localhost'
29-Jan-2020 15:48:17.809 INFORMACIÓN [http-apr-8080-exec-150] org.apache.catalina.core.ApplicationContext.log Manager: list: Listing contexts for virtual host 'localhost'
29-Jan-2020 15:50:30.033 INFORMACIÓN [http-apr-8080-exec-156] org.apache.catalina.core.ApplicationContext.log Manager: list: Listing contexts for virtual host 'localhost'
29-Jan-2020 15:53:56.541 INFORMACIÓN [http-apr-8080-exec-154] org.apache.catalina.core.ApplicationContext.log Manager: list: Listing contexts for virtual host 'localhost'
29-Jan-2020 15:54:57.922 INFORMACIÓN [http-apr-8080-exec-148] org.apache.catalina.core.ApplicationContext.log Manager: list: Listing contexts for virtual host 'localhost'
29-Jan-2020 15:55:52.020 INFORMACIÓN [http-apr-8080-exec-149] org.apache.catalina.core.ApplicationContext.log Manager: list: Listing contexts for virtual host 'localhost'
29-Jan-2020 15:56:15.160 INFORMACIÓN [http-apr-8080-exec-153] org.apache.catalina.core.ApplicationContext.log Manager: list: Listing contexts for virtual host 'localhost'
29-Jan-2020 15:56:20.315 INFORMACIÓN [http-apr-8080-exec-150] org.apache.catalina.core.ApplicationContext.log Manager: list: Listing contexts for virtual host 'localhost'
29-Jan-2020 15:56:20.318 INFORMACIÓN [http-apr-8080-exec-152] org.apache.catalina.core.ApplicationContext.log Manager: list: Listing contexts for virtual host 'localhost'
29-Jan-2020 15:57:20.899 INFORMACIÓN [http-apr-8080-exec-153] org.apache.catalina.core.ApplicationContext.log Manager: list: Listing contexts for virtual host 'localhost'
29-Jan-2020 15:57:23.176 INFORMACIÓN [http-apr-8080-exec-152] org.apache.catalina.core.ApplicationContext.log Manager: list: Listing contexts for virtual host 'localhost'
29-Jan-2020 15:57:23.178 INFORMACIÓN [http-apr-8080-exec-155] org.apache.catalina.core.ApplicationContext.log Manager: list: Listing contexts for virtual host 'localhost'
29-Jan-2020 16:01:14.938 INFORMACIÓN [http-apr-8080-exec-149] org.apache.catalina.core.ApplicationContext.log Manager: list: Listing contexts for virtual host 'localhost'
29-Jan-2020 16:01:16.933 INFORMACIÓN [http-apr-8080-exec-148] org.apache.catalina.core.ApplicationContext.log Manager: list: Listing contexts for virtual host 'localhost'
29-Jan-2020 16:01:16.935 INFORMACIÓN [http-apr-8080-exec-149] org.apache.catalina.core.ApplicationContext.log Manager: list: Listing contexts for virtual host 'localhost'
29-Jan-2020 16:01:33.788 INFORMACIÓN [http-apr-8080-exec-147] org.apache.catalina.core.ApplicationContext.log Manager: list: Listing contexts for virtual host 'localhost'
29-Jan-2020 16:01:36.826 INFORMACIÓN [http-apr-8080-exec-148] org.apache.catalina.core.ApplicationContext.log Manager: list: Listing contexts for virtual host 'localhost'
29-Jan-2020 16:01:36.829 INFORMACIÓN [http-apr-8080-exec-149] org.apache.catalina.core.ApplicationContext.log Manager: list: Listing contexts for virtual host 'localhost'
29-Jan-2020 16:02:44.943 INFORMACIÓN [http-apr-8080-exec-149] org.apache.catalina.core.ApplicationContext.log Manager: list: Listing contexts for virtual host 'localhost'
29-Jan-2020 16:03:53.317 INFORMACIÓN [http-apr-8080-exec-151] org.apache.catalina.core.ApplicationContext.log Manager: list: Listing contexts for virtual host 'localhost'
29-Jan-2020 16:04:00.402 INFORMACIÓN [http-apr-8080-exec-155] org.apache.catalina.core.ApplicationContext.log Manager: list: Listing contexts for virtual host 'localhost'
29-Jan-2020 19:42:15.817 INFORMACIÓN [http-apr-8080-exec-153] org.apache.catalina.core.ApplicationContext.log Manager: list: Listing contexts for virtual host 'localhost'
29-Jan-2020 19:42:15.863 INFORMACIÓN [http-apr-8080-exec-154] org.apache.catalina.core.ApplicationContext.log Manager: restart: Reloading web application '/SistemaDeposito'
29-Jan-2020 19:42:20.058 INFORMACIÓN [http-apr-8080-exec-152] org.apache.catalina.core.ApplicationContext.log Manager: list: Listing contexts for virtual host 'localhost'
29-Jan-2020 19:42:20.066 INFORMACIÓN [http-apr-8080-exec-156] org.apache.catalina.core.ApplicationContext.log Manager: restart: Reloading web application '/SistemaDeposito'
29-Jan-2020 19:42:23.312 INFORMACIÓN [http-apr-8080-exec-157] org.apache.catalina.core.ApplicationContext.log Manager: list: Listing contexts for virtual host 'localhost'
29-Jan-2020 19:43:09.793 INFORMACIÓN [http-apr-8080-exec-157] org.apache.catalina.core.ApplicationContext.log Manager: list: Listing contexts for virtual host 'localhost'
29-Jan-2020 19:43:09.813 INFORMACIÓN [http-apr-8080-exec-152] org.apache.catalina.core.ApplicationContext.log Manager: stop: Stopping web application '/SistemaDeposito'
29-Jan-2020 19:43:09.822 INFORMACIÓN [http-apr-8080-exec-152] org.apache.catalina.core.ApplicationContext.log Manager: start: Starting web application '/SistemaDeposito'
29-Jan-2020 19:43:11.930 INFORMACIÓN [http-apr-8080-exec-157] org.apache.catalina.core.ApplicationContext.log Manager: list: Listing contexts for virtual host 'localhost'
29-Jan-2020 19:43:11.936 INFORMACIÓN [http-apr-8080-exec-160] org.apache.catalina.core.ApplicationContext.log Manager: restart: Reloading web application '/SistemaDeposito'
29-Jan-2020 20:06:04.782 INFORMACIÓN [http-apr-8080-exec-170] org.apache.catalina.core.ApplicationContext.log Manager: list: Listing contexts for virtual host 'localhost'
29-Jan-2020 20:13:02.138 INFORMACIÓN [http-apr-8080-exec-170] org.apache.catalina.core.ApplicationContext.log Manager: list: Listing contexts for virtual host 'localhost'
29-Jan-2020 20:13:02.153 INFORMACIÓN [http-apr-8080-exec-171] org.apache.catalina.core.ApplicationContext.log Manager: restart: Reloading web application '/SistemaDeposito'
29-Jan-2020 20:13:04.265 INFORMACIÓN [http-apr-8080-exec-169] org.apache.catalina.core.ApplicationContext.log Manager: list: Listing contexts for virtual host 'localhost'
29-Jan-2020 20:13:04.265 INFORMACIÓN [http-apr-8080-exec-167] org.apache.catalina.core.ApplicationContext.log Manager: restart: Reloading web application '/SistemaDeposito'
29-Jan-2020 20:13:15.855 INFORMACIÓN [http-apr-8080-exec-168] org.apache.catalina.core.ApplicationContext.log Manager: list: Listing contexts for virtual host 'localhost'
29-Jan-2020 20:13:15.886 INFORMACIÓN [http-apr-8080-exec-174] org.apache.catalina.core.ApplicationContext.log Manager: restart: Reloading web application '/SistemaDeposito'
29-Jan-2020 20:13:17.830 INFORMACIÓN [http-apr-8080-exec-175] org.apache.catalina.core.ApplicationContext.log Manager: list: Listing contexts for virtual host 'localhost'
29-Jan-2020 20:13:17.846 INFORMACIÓN [http-apr-8080-exec-169] org.apache.catalina.core.ApplicationContext.log Manager: restart: Reloading web application '/SistemaDeposito'
29-Jan-2020 20:13:52.825 INFORMACIÓN [http-apr-8080-exec-177] org.apache.catalina.core.ApplicationContext.log Manager: list: Listing contexts for virtual host 'localhost'
29-Jan-2020 20:13:52.841 INFORMACIÓN [http-apr-8080-exec-168] org.apache.catalina.core.ApplicationContext.log Manager: restart: Reloading web application '/SistemaDeposito'
29-Jan-2020 20:28:55.357 INFORMACIÓN [http-apr-8080-exec-186] org.apache.catalina.core.ApplicationContext.log Manager: list: Listing contexts for virtual host 'localhost'
29-Jan-2020 20:36:06.835 INFORMACIÓN [http-apr-8080-exec-186] org.apache.catalina.core.ApplicationContext.log Manager: list: Listing contexts for virtual host 'localhost'
29-Jan-2020 20:39:03.737 INFORMACIÓN [http-apr-8080-exec-186] org.apache.catalina.core.ApplicationContext.log Manager: list: Listing contexts for virtual host 'localhost'
29-Jan-2020 20:44:52.374 INFORMACIÓN [http-apr-8080-exec-186] org.apache.catalina.core.ApplicationContext.log Manager: list: Listing contexts for virtual host 'localhost'
29-Jan-2020 20:44:52.390 INFORMACIÓN [http-apr-8080-exec-187] org.apache.catalina.core.ApplicationContext.log Manager: restart: Reloading web application '/SistemaDeposito'
29-Jan-2020 20:44:54.874 INFORMACIÓN [http-apr-8080-exec-181] org.apache.catalina.core.ApplicationContext.log Manager: list: Listing contexts for virtual host 'localhost'
29-Jan-2020 20:44:54.874 INFORMACIÓN [http-apr-8080-exec-188] org.apache.catalina.core.ApplicationContext.log Manager: restart: Reloading web application '/SistemaDeposito'
29-Jan-2020 20:45:05.173 INFORMACIÓN [http-apr-8080-exec-180] org.apache.catalina.core.ApplicationContext.log Manager: list: Listing contexts for virtual host 'localhost'
29-Jan-2020 20:45:05.204 INFORMACIÓN [http-apr-8080-exec-185] org.apache.catalina.core.ApplicationContext.log Manager: undeploy: Undeploying web application at '/SistemaDeposito'
29-Jan-2020 20:45:14.433 INFORMACIÓN [http-apr-8080-exec-185] org.apache.catalina.core.ApplicationContext.log Manager: list: Listing contexts for virtual host 'localhost'
29-Jan-2020 20:45:14.449 INFORMACIÓN [http-apr-8080-exec-192] org.apache.catalina.core.ApplicationContext.log Manager: list: Listing contexts for virtual host 'localhost'
29-Jan-2020 20:45:14.465 INFORMACIÓN [http-apr-8080-exec-190] org.apache.catalina.core.ApplicationContext.log Manager: install: Installing context configuration at 'file:/C:/Users/soare/AppData/Local/Temp/context979310641780266300.xml'
29-Jan-2020 20:45:15.995 INFORMACIÓN [http-apr-8080-exec-189] org.apache.catalina.core.ApplicationContext.log Manager: start: Starting web application '/SistemaDeposito'
29-Jan-2020 20:46:18.485 INFORMACIÓN [http-apr-8080-exec-191] org.apache.catalina.core.ApplicationContext.log Manager: list: Listing contexts for virtual host 'localhost'
29-Jan-2020 20:47:21.630 INFORMACIÓN [http-apr-8080-exec-179] org.apache.catalina.core.ApplicationContext.log Manager: list: Listing contexts for virtual host 'localhost'
29-Jan-2020 20:48:25.718 INFORMACIÓN [http-apr-8080-exec-193] org.apache.catalina.core.ApplicationContext.log Manager: list: Listing contexts for virtual host 'localhost'
29-Jan-2020 20:49:19.815 INFORMACIÓN [http-apr-8080-exec-201] org.apache.catalina.core.ApplicationContext.log Manager: list: Listing contexts for virtual host 'localhost'
29-Jan-2020 20:56:41.875 INFORMACIÓN [http-apr-8080-exec-199] org.apache.catalina.core.ApplicationContext.log Manager: list: Listing contexts for virtual host 'localhost'
29-Jan-2020 21:03:13.554 INFORMACIÓN [http-apr-8080-exec-193] org.apache.catalina.core.ApplicationContext.log Manager: list: Listing contexts for virtual host 'localhost'
29-Jan-2020 21:04:34.930 INFORMACIÓN [http-apr-8080-exec-197] org.apache.catalina.core.ApplicationContext.log Manager: list: Listing contexts for virtual host 'localhost'
29-Jan-2020 21:05:35.445 INFORMACIÓN [http-apr-8080-exec-192] org.apache.catalina.core.ApplicationContext.log Manager: list: Listing contexts for virtual host 'localhost'
29-Jan-2020 21:07:44.030 INFORMACIÓN [http-apr-8080-exec-197] org.apache.catalina.core.ApplicationContext.log Manager: list: Listing contexts for virtual host 'localhost'
29-Jan-2020 21:09:49.229 INFORMACIÓN [http-apr-8080-exec-196] org.apache.catalina.core.ApplicationContext.log Manager: list: Listing contexts for virtual host 'localhost'
29-Jan-2020 21:10:31.178 INFORMACIÓN [http-apr-8080-exec-201] org.apache.catalina.core.ApplicationContext.log Manager: list: Listing contexts for virtual host 'localhost'
29-Jan-2020 21:10:49.495 INFORMACIÓN [http-apr-8080-exec-198] org.apache.catalina.core.ApplicationContext.log Manager: list: Listing contexts for virtual host 'localhost'
29-Jan-2020 21:11:00.355 INFORMACIÓN [http-apr-8080-exec-199] org.apache.catalina.core.ApplicationContext.log Manager: list: Listing contexts for virtual host 'localhost'
29-Jan-2020 21:11:12.095 INFORMACIÓN [http-apr-8080-exec-193] org.apache.catalina.core.ApplicationContext.log Manager: list: Listing contexts for virtual host 'localhost'
29-Jan-2020 21:11:50.937 INFORMACIÓN [http-apr-8080-exec-192] org.apache.catalina.core.ApplicationContext.log Manager: list: Listing contexts for virtual host 'localhost'
29-Jan-2020 21:13:51.655 INFORMACIÓN [http-apr-8080-exec-200] org.apache.catalina.core.ApplicationContext.log Manager: list: Listing contexts for virtual host 'localhost'
29-Jan-2020 21:17:09.138 INFORMACIÓN [http-apr-8080-exec-193] org.apache.catalina.core.ApplicationContext.log Manager: list: Listing contexts for virtual host 'localhost'
29-Jan-2020 21:19:03.386 INFORMACIÓN [http-apr-8080-exec-194] org.apache.catalina.core.ApplicationContext.log Manager: list: Listing contexts for virtual host 'localhost'
29-Jan-2020 21:19:03.386 INFORMACIÓN [http-apr-8080-exec-192] org.apache.catalina.core.ApplicationContext.log Manager: list: Listing contexts for virtual host 'localhost'
29-Jan-2020 21:35:21.870 INFORMACIÓN [http-apr-8080-exec-197] org.apache.catalina.core.ApplicationContext.log Manager: list: Listing contexts for virtual host 'localhost'
29-Jan-2020 21:35:56.620 INFORMACIÓN [http-apr-8080-exec-195] org.apache.catalina.core.ApplicationContext.log Manager: list: Listing contexts for virtual host 'localhost'
29-Jan-2020 21:41:17.232 INFORMACIÓN [http-apr-8080-exec-196] org.apache.catalina.core.ApplicationContext.log Manager: list: Listing contexts for virtual host 'localhost'
29-Jan-2020 21:50:11.707 INFORMACIÓN [http-apr-8080-exec-193] org.apache.catalina.core.ApplicationContext.log Manager: list: Listing contexts for virtual host 'localhost'
29-Jan-2020 21:50:25.387 INFORMACIÓN [http-apr-8080-exec-193] org.apache.catalina.core.ApplicationContext.log Manager: list: Listing contexts for virtual host 'localhost'
29-Jan-2020 21:50:33.818 INFORMACIÓN [http-apr-8080-exec-193] org.apache.catalina.core.ApplicationContext.log Manager: list: Listing contexts for virtual host 'localhost'
29-Jan-2020 22:31:29.921 INFORMACIÓN [http-apr-8080-exec-194] org.apache.catalina.core.ApplicationContext.log Manager: list: Listing contexts for virtual host 'localhost'
29-Jan-2020 22:31:29.924 INFORMACIÓN [http-apr-8080-exec-192] org.apache.catalina.core.ApplicationContext.log Manager: list: Listing contexts for virtual host 'localhost'
29-Jan-2020 22:33:29.559 INFORMACIÓN [http-apr-8080-exec-200] org.apache.catalina.core.ApplicationContext.log Manager: list: Listing contexts for virtual host 'localhost'
29-Jan-2020 22:34:07.910 INFORMACIÓN [http-apr-8080-exec-196] org.apache.catalina.core.ApplicationContext.log Manager: list: Listing contexts for virtual host 'localhost'
29-Jan-2020 22:34:53.296 INFORMACIÓN [http-apr-8080-exec-199] org.apache.catalina.core.ApplicationContext.log Manager: list: Listing contexts for virtual host 'localhost'
29-Jan-2020 22:35:38.488 INFORMACIÓN [http-apr-8080-exec-194] org.apache.catalina.core.ApplicationContext.log Manager: list: Listing contexts for virtual host 'localhost'
29-Jan-2020 22:36:23.072 INFORMACIÓN [http-apr-8080-exec-197] org.apache.catalina.core.ApplicationContext.log Manager: list: Listing contexts for virtual host 'localhost'
29-Jan-2020 22:38:01.294 INFORMACIÓN [http-apr-8080-exec-200] org.apache.catalina.core.ApplicationContext.log Manager: list: Listing contexts for virtual host 'localhost'
29-Jan-2020 22:38:15.858 INFORMACIÓN [http-apr-8080-exec-199] org.apache.catalina.core.ApplicationContext.log Manager: list: Listing contexts for virtual host 'localhost'
29-Jan-2020 22:38:35.442 INFORMACIÓN [http-apr-8080-exec-195] org.apache.catalina.core.ApplicationContext.log Manager: list: Listing contexts for virtual host 'localhost'
29-Jan-2020 22:39:31.763 INFORMACIÓN [http-apr-8080-exec-199] org.apache.catalina.core.ApplicationContext.log Manager: list: Listing contexts for virtual host 'localhost'
29-Jan-2020 22:39:54.230 INFORMACIÓN [http-apr-8080-exec-194] org.apache.catalina.core.ApplicationContext.log Manager: list: Listing contexts for virtual host 'localhost'
29-Jan-2020 22:45:09.011 INFORMACIÓN [http-apr-8080-exec-197] org.apache.catalina.core.ApplicationContext.log Manager: list: Listing contexts for virtual host 'localhost'
29-Jan-2020 22:45:49.629 INFORMACIÓN [http-apr-8080-exec-192] org.apache.catalina.core.ApplicationContext.log Manager: list: Listing contexts for virtual host 'localhost'
29-Jan-2020 22:49:45.377 INFORMACIÓN [http-apr-8080-exec-194] org.apache.catalina.core.ApplicationContext.log Manager: list: Listing contexts for virtual host 'localhost'
29-Jan-2020 22:50:23.394 INFORMACIÓN [http-apr-8080-exec-197] org.apache.catalina.core.ApplicationContext.log Manager: list: Listing contexts for virtual host 'localhost'
29-Jan-2020 22:50:36.183 INFORMACIÓN [http-apr-8080-exec-201] org.apache.catalina.core.ApplicationContext.log Manager: list: Listing contexts for virtual host 'localhost'
29-Jan-2020 22:51:30.500 INFORMACIÓN [http-apr-8080-exec-196] org.apache.catalina.core.ApplicationContext.log Manager: list: Listing contexts for virtual host 'localhost'
29-Jan-2020 22:51:48.729 INFORMACIÓN [http-apr-8080-exec-201] org.apache.catalina.core.ApplicationContext.log Manager: list: Listing contexts for virtual host 'localhost'
29-Jan-2020 22:53:02.004 INFORMACIÓN [http-apr-8080-exec-199] org.apache.catalina.core.ApplicationContext.log Manager: list: Listing contexts for virtual host 'localhost'
29-Jan-2020 22:53:09.045 INFORMACIÓN [http-apr-8080-exec-195] org.apache.catalina.core.ApplicationContext.log Manager: list: Listing contexts for virtual host 'localhost'
29-Jan-2020 22:53:31.189 INFORMACIÓN [http-apr-8080-exec-195] org.apache.catalina.core.ApplicationContext.log Manager: list: Listing contexts for virtual host 'localhost'
29-Jan-2020 22:53:37.698 INFORMACIÓN [http-apr-8080-exec-201] org.apache.catalina.core.ApplicationContext.log Manager: list: Listing contexts for virtual host 'localhost'
29-Jan-2020 22:55:05.654 INFORMACIÓN [http-apr-8080-exec-193] org.apache.catalina.core.ApplicationContext.log Manager: list: Listing contexts for virtual host 'localhost'
29-Jan-2020 22:56:49.318 INFORMACIÓN [http-apr-8080-exec-192] org.apache.catalina.core.ApplicationContext.log Manager: list: Listing contexts for virtual host 'localhost'
29-Jan-2020 23:00:34.722 INFORMACIÓN [http-apr-8080-exec-198] org.apache.catalina.core.ApplicationContext.log Manager: list: Listing contexts for virtual host 'localhost'
29-Jan-2020 23:01:27.292 INFORMACIÓN [http-apr-8080-exec-196] org.apache.catalina.core.ApplicationContext.log Manager: list: Listing contexts for virtual host 'localhost'
29-Jan-2020 23:01:46.480 INFORMACIÓN [http-apr-8080-exec-201] org.apache.catalina.core.ApplicationContext.log Manager: list: Listing contexts for virtual host 'localhost'
29-Jan-2020 23:02:08.796 INFORMACIÓN [http-apr-8080-exec-199] org.apache.catalina.core.ApplicationContext.log Manager: list: Listing contexts for virtual host 'localhost'
29-Jan-2020 23:02:18.297 INFORMACIÓN [http-apr-8080-exec-197] org.apache.catalina.core.ApplicationContext.log Manager: list: Listing contexts for virtual host 'localhost'
29-Jan-2020 23:02:26.877 INFORMACIÓN [http-apr-8080-exec-195] org.apache.catalina.core.ApplicationContext.log Manager: list: Listing contexts for virtual host 'localhost'
29-Jan-2020 23:03:35.443 INFORMACIÓN [http-apr-8080-exec-196] org.apache.catalina.core.ApplicationContext.log Manager: list: Listing contexts for virtual host 'localhost'
29-Jan-2020 23:04:06.934 INFORMACIÓN [http-apr-8080-exec-198] org.apache.catalina.core.ApplicationContext.log Manager: list: Listing contexts for virtual host 'localhost'
29-Jan-2020 23:06:37.861 INFORMACIÓN [http-apr-8080-exec-201] org.apache.catalina.core.ApplicationContext.log Manager: list: Listing contexts for virtual host 'localhost'
29-Jan-2020 23:08:07.641 INFORMACIÓN [http-apr-8080-exec-195] org.apache.catalina.core.ApplicationContext.log Manager: list: Listing contexts for virtual host 'localhost'
29-Jan-2020 23:09:29.880 INFORMACIÓN [http-apr-8080-exec-192] org.apache.catalina.core.ApplicationContext.log Manager: list: Listing contexts for virtual host 'localhost'
29-Jan-2020 23:10:13.628 INFORMACIÓN [http-apr-8080-exec-194] org.apache.catalina.core.ApplicationContext.log Manager: list: Listing contexts for virtual host 'localhost'
29-Jan-2020 23:10:31.519 INFORMACIÓN [http-apr-8080-exec-194] org.apache.catalina.core.ApplicationContext.log Manager: list: Listing contexts for virtual host 'localhost'
29-Jan-2020 23:12:30.868 INFORMACIÓN [http-apr-8080-exec-197] org.apache.catalina.core.ApplicationContext.log Manager: list: Listing contexts for virtual host 'localhost'
29-Jan-2020 23:13:58.372 INFORMACIÓN [http-apr-8080-exec-199] org.apache.catalina.core.ApplicationContext.log Manager: list: Listing contexts for virtual host 'localhost'
29-Jan-2020 23:14:04.265 INFORMACIÓN [http-apr-8080-exec-200] org.apache.catalina.core.ApplicationContext.log Manager: list: Listing contexts for virtual host 'localhost'
29-Jan-2020 23:14:04.269 INFORMACIÓN [http-apr-8080-exec-201] org.apache.catalina.core.ApplicationContext.log Manager: list: Listing contexts for virtual host 'localhost'
29-Jan-2020 23:17:33.182 INFORMACIÓN [http-apr-8080-exec-198] org.apache.catalina.core.ApplicationContext.log Manager: list: Listing contexts for virtual host 'localhost'
29-Jan-2020 23:18:03.083 INFORMACIÓN [http-apr-8080-exec-201] org.apache.catalina.core.ApplicationContext.log Manager: list: Listing contexts for virtual host 'localhost'
29-Jan-2020 23:18:17.038 INFORMACIÓN [http-apr-8080-exec-193] org.apache.catalina.core.ApplicationContext.log Manager: list: Listing contexts for virtual host 'localhost'
29-Jan-2020 23:18:53.210 INFORMACIÓN [http-apr-8080-exec-200] org.apache.catalina.core.ApplicationContext.log Manager: list: Listing contexts for virtual host 'localhost'
29-Jan-2020 23:21:07.203 INFORMACIÓN [http-apr-8080-exec-196] org.apache.catalina.core.ApplicationContext.log Manager: list: Listing contexts for virtual host 'localhost'
29-Jan-2020 23:21:49.484 INFORMACIÓN [http-apr-8080-exec-196] org.apache.catalina.core.ApplicationContext.log Manager: list: Listing contexts for virtual host 'localhost'
29-Jan-2020 23:22:43.615 INFORMACIÓN [http-apr-8080-exec-197] org.apache.catalina.core.ApplicationContext.log Manager: list: Listing contexts for virtual host 'localhost'
29-Jan-2020 23:23:20.541 INFORMACIÓN [http-apr-8080-exec-194] org.apache.catalina.core.ApplicationContext.log Manager: list: Listing contexts for virtual host 'localhost'
29-Jan-2020 23:24:12.359 INFORMACIÓN [http-apr-8080-exec-194] org.apache.catalina.core.ApplicationContext.log Manager: list: Listing contexts for virtual host 'localhost'
29-Jan-2020 23:24:39.928 INFORMACIÓN [http-apr-8080-exec-198] org.apache.catalina.core.ApplicationContext.log Manager: list: Listing contexts for virtual host 'localhost'
29-Jan-2020 23:25:21.429 INFORMACIÓN [http-apr-8080-exec-199] org.apache.catalina.core.ApplicationContext.log Manager: list: Listing contexts for virtual host 'localhost'
29-Jan-2020 23:26:21.333 INFORMACIÓN [http-apr-8080-exec-199] org.apache.catalina.core.ApplicationContext.log Manager: list: Listing contexts for virtual host 'localhost'
29-Jan-2020 23:26:51.539 INFORMACIÓN [http-apr-8080-exec-201] org.apache.catalina.core.ApplicationContext.log Manager: list: Listing contexts for virtual host 'localhost'
29-Jan-2020 23:27:02.066 INFORMACIÓN [http-apr-8080-exec-197] org.apache.catalina.core.ApplicationContext.log Manager: list: Listing contexts for virtual host 'localhost'
29-Jan-2020 23:27:18.412 INFORMACIÓN [http-apr-8080-exec-195] org.apache.catalina.core.ApplicationContext.log Manager: list: Listing contexts for virtual host 'localhost'
29-Jan-2020 23:27:29.783 INFORMACIÓN [http-apr-8080-exec-195] org.apache.catalina.core.ApplicationContext.log Manager: list: Listing contexts for virtual host 'localhost'
29-Jan-2020 23:28:00.870 INFORMACIÓN [http-apr-8080-exec-193] org.apache.catalina.core.ApplicationContext.log Manager: list: Listing contexts for virtual host 'localhost'
29-Jan-2020 23:28:42.169 INFORMACIÓN [http-apr-8080-exec-201] org.apache.catalina.core.ApplicationContext.log Manager: list: Listing contexts for virtual host 'localhost'
29-Jan-2020 23:29:00.608 INFORMACIÓN [http-apr-8080-exec-198] org.apache.catalina.core.ApplicationContext.log Manager: list: Listing contexts for virtual host 'localhost'
29-Jan-2020 23:29:10.570 INFORMACIÓN [http-apr-8080-exec-195] org.apache.catalina.core.ApplicationContext.log Manager: list: Listing contexts for virtual host 'localhost'
29-Jan-2020 23:29:32.373 INFORMACIÓN [http-apr-8080-exec-196] org.apache.catalina.core.ApplicationContext.log Manager: list: Listing contexts for virtual host 'localhost'
29-Jan-2020 23:29:43.687 INFORMACIÓN [http-apr-8080-exec-200] org.apache.catalina.core.ApplicationContext.log Manager: list: Listing contexts for virtual host 'localhost'
29-Jan-2020 23:29:53.096 INFORMACIÓN [http-apr-8080-exec-201] org.apache.catalina.core.ApplicationContext.log Manager: list: Listing contexts for virtual host 'localhost'
29-Jan-2020 23:32:22.441 INFORMACIÓN [http-apr-8080-exec-193] org.apache.catalina.core.ApplicationContext.log Manager: list: Listing contexts for virtual host 'localhost'
29-Jan-2020 23:34:33.220 INFORMACIÓN [http-apr-8080-exec-197] org.apache.catalina.core.ApplicationContext.log Manager: list: Listing contexts for virtual host 'localhost'
29-Jan-2020 23:34:47.966 INFORMACIÓN [http-apr-8080-exec-199] org.apache.catalina.core.ApplicationContext.log Manager: list: Listing contexts for virtual host 'localhost'
29-Jan-2020 23:36:22.249 INFORMACIÓN [http-apr-8080-exec-197] org.apache.catalina.core.ApplicationContext.log Manager: list: Listing contexts for virtual host 'localhost'
29-Jan-2020 23:46:51.093 INFORMACIÓN [http-apr-8080-exec-193] org.apache.catalina.core.ApplicationContext.log Manager: list: Listing contexts for virtual host 'localhost'
29-Jan-2020 23:49:52.276 INFORMACIÓN [http-apr-8080-exec-196] org.apache.catalina.core.ApplicationContext.log Manager: list: Listing contexts for virtual host 'localhost'
29-Jan-2020 23:50:27.419 INFORMACIÓN [http-apr-8080-exec-196] org.apache.catalina.core.ApplicationContext.log Manager: list: Listing contexts for virtual host 'localhost'
29-Jan-2020 23:51:26.637 INFORMACIÓN [http-apr-8080-exec-192] org.apache.catalina.core.ApplicationContext.log Manager: list: Listing contexts for virtual host 'localhost'
29-Jan-2020 23:52:55.924 INFORMACIÓN [http-apr-8080-exec-197] org.apache.catalina.core.ApplicationContext.log Manager: list: Listing contexts for virtual host 'localhost'
29-Jan-2020 23:53:51.621 INFORMACIÓN [http-apr-8080-exec-194] org.apache.catalina.core.ApplicationContext.log Manager: list: Listing contexts for virtual host 'localhost'
29-Jan-2020 23:54:14.183 INFORMACIÓN [http-apr-8080-exec-192] org.apache.catalina.core.ApplicationContext.log Manager: list: Listing contexts for virtual host 'localhost'
29-Jan-2020 23:54:36.915 INFORMACIÓN [http-apr-8080-exec-199] org.apache.catalina.core.ApplicationContext.log Manager: list: Listing contexts for virtual host 'localhost'
29-Jan-2020 23:54:57.437 INFORMACIÓN [http-apr-8080-exec-195] org.apache.catalina.core.ApplicationContext.log Manager: list: Listing contexts for virtual host 'localhost'
29-Jan-2020 23:55:20.714 INFORMACIÓN [http-apr-8080-exec-194] org.apache.catalina.core.ApplicationContext.log Manager: list: Listing contexts for virtual host 'localhost'
29-Jan-2020 23:55:36.750 INFORMACIÓN [http-apr-8080-exec-201] org.apache.catalina.core.ApplicationContext.log Manager: list: Listing contexts for virtual host 'localhost'
29-Jan-2020 23:57:03.180 INFORMACIÓN [http-apr-8080-exec-194] org.apache.catalina.core.ApplicationContext.log Manager: list: Listing contexts for virtual host 'localhost'
29-Jan-2020 23:57:19.602 INFORMACIÓN [http-apr-8080-exec-194] org.apache.catalina.core.ApplicationContext.log Manager: list: Listing contexts for virtual host 'localhost'
29-Jan-2020 23:58:02.493 INFORMACIÓN [http-apr-8080-exec-201] org.apache.catalina.core.ApplicationContext.log Manager: list: Listing contexts for virtual host 'localhost'
29-Jan-2020 23:58:28.789 INFORMACIÓN [http-apr-8080-exec-200] org.apache.catalina.core.ApplicationContext.log Manager: list: Listing contexts for virtual host 'localhost'
29-Jan-2020 23:59:01.162 INFORMACIÓN [http-apr-8080-exec-193] org.apache.catalina.core.ApplicationContext.log Manager: list: Listing contexts for virtual host 'localhost'
29-Jan-2020 23:59:39.940 INFORMACIÓN [http-apr-8080-exec-192] org.apache.catalina.core.ApplicationContext.log Manager: list: Listing contexts for virtual host 'localhost'
