28-Jan-2020 15:36:10.304 INFORMACIÓN [http-apr-8080-exec-6] org.apache.catalina.core.ApplicationContext.log Manager: list: Listing contexts for virtual host 'localhost'
28-Jan-2020 15:36:26.932 INFORMACIÓN [http-apr-8080-exec-6] org.apache.catalina.core.ApplicationContext.log Manager: list: Listing contexts for virtual host 'localhost'
28-Jan-2020 15:38:00.033 INFORMACIÓN [http-apr-8080-exec-6] org.apache.catalina.core.ApplicationContext.log Manager: list: Listing contexts for virtual host 'localhost'
28-Jan-2020 15:38:24.501 INFORMACIÓN [http-apr-8080-exec-6] org.apache.catalina.core.ApplicationContext.log Manager: list: Listing contexts for virtual host 'localhost'
28-Jan-2020 15:38:49.361 INFORMACIÓN [http-apr-8080-exec-1] org.apache.catalina.core.ApplicationContext.log Manager: list: Listing contexts for virtual host 'localhost'
28-Jan-2020 15:38:49.365 INFORMACIÓN [http-apr-8080-exec-10] org.apache.catalina.core.ApplicationContext.log Manager: list: Listing contexts for virtual host 'localhost'
28-Jan-2020 15:43:03.072 INFORMACIÓN [http-apr-8080-exec-9] org.apache.catalina.core.ApplicationContext.log Manager: list: Listing contexts for virtual host 'localhost'
28-Jan-2020 15:43:04.491 INFORMACIÓN [http-apr-8080-exec-3] org.apache.catalina.core.ApplicationContext.log Manager: list: Listing contexts for virtual host 'localhost'
28-Jan-2020 15:43:14.267 INFORMACIÓN [http-apr-8080-exec-8] org.apache.catalina.core.ApplicationContext.log Manager: list: Listing contexts for virtual host 'localhost'
28-Jan-2020 15:43:19.632 INFORMACIÓN [http-apr-8080-exec-4] org.apache.catalina.core.ApplicationContext.log Manager: list: Listing contexts for virtual host 'localhost'
28-Jan-2020 15:43:19.666 INFORMACIÓN [http-apr-8080-exec-2] org.apache.catalina.core.ApplicationContext.log Manager: undeploy: Undeploying web application at '/SistemaDeposito'
28-Jan-2020 15:43:41.482 INFORMACIÓN [http-apr-8080-exec-11] org.apache.catalina.core.ApplicationContext.log Manager: list: Listing contexts for virtual host 'localhost'
28-Jan-2020 15:43:41.494 INFORMACIÓN [http-apr-8080-exec-12] org.apache.catalina.core.ApplicationContext.log Manager: list: Listing contexts for virtual host 'localhost'
28-Jan-2020 15:43:41.512 INFORMACIÓN [http-apr-8080-exec-5] org.apache.catalina.core.ApplicationContext.log Manager: install: Installing context configuration at 'file:/C:/Users/soare/AppData/Local/Temp/context7023165177458445305.xml'
28-Jan-2020 15:43:44.057 INFORMACIÓN [http-apr-8080-exec-8] org.apache.catalina.core.ApplicationContext.log Manager: start: Starting web application '/SistemaDeposito'
28-Jan-2020 15:46:21.543 INFORMACIÓN [http-apr-8080-exec-20] org.apache.catalina.core.ApplicationContext.log Manager: list: Listing contexts for virtual host 'localhost'
28-Jan-2020 16:30:30.867 INFORMACIÓN [http-apr-8080-exec-17] org.apache.catalina.core.ApplicationContext.log Manager: list: Listing contexts for virtual host 'localhost'
28-Jan-2020 16:30:34.407 INFORMACIÓN [http-apr-8080-exec-12] org.apache.catalina.core.ApplicationContext.log Manager: list: Listing contexts for virtual host 'localhost'
28-Jan-2020 16:30:57.006 INFORMACIÓN [http-apr-8080-exec-12] org.apache.catalina.core.ApplicationContext.log Manager: list: Listing contexts for virtual host 'localhost'
28-Jan-2020 16:30:58.596 INFORMACIÓN [http-apr-8080-exec-13] org.apache.catalina.core.ApplicationContext.log Manager: list: Listing contexts for virtual host 'localhost'
28-Jan-2020 16:30:58.602 INFORMACIÓN [http-apr-8080-exec-15] org.apache.catalina.core.ApplicationContext.log Manager: undeploy: Undeploying web application at '/SistemaDeposito'
28-Jan-2020 16:31:19.133 INFORMACIÓN [http-apr-8080-exec-21] org.apache.catalina.core.ApplicationContext.log Manager: list: Listing contexts for virtual host 'localhost'
28-Jan-2020 16:31:19.136 INFORMACIÓN [http-apr-8080-exec-22] org.apache.catalina.core.ApplicationContext.log Manager: list: Listing contexts for virtual host 'localhost'
28-Jan-2020 16:31:19.152 INFORMACIÓN [http-apr-8080-exec-18] org.apache.catalina.core.ApplicationContext.log Manager: install: Installing context configuration at 'file:/C:/Users/soare/AppData/Local/Temp/context8585734177934908047.xml'
28-Jan-2020 16:31:21.162 INFORMACIÓN [http-apr-8080-exec-19] org.apache.catalina.core.ApplicationContext.log Manager: start: Starting web application '/SistemaDeposito'
28-Jan-2020 16:36:49.075 INFORMACIÓN [http-apr-8080-exec-28] org.apache.catalina.core.ApplicationContext.log Manager: list: Listing contexts for virtual host 'localhost'
28-Jan-2020 16:38:58.813 INFORMACIÓN [http-apr-8080-exec-27] org.apache.catalina.core.ApplicationContext.log Manager: list: Listing contexts for virtual host 'localhost'
28-Jan-2020 16:39:35.016 INFORMACIÓN [http-apr-8080-exec-26] org.apache.catalina.core.ApplicationContext.log Manager: list: Listing contexts for virtual host 'localhost'
28-Jan-2020 16:43:15.951 INFORMACIÓN [http-apr-8080-exec-26] org.apache.catalina.core.ApplicationContext.log Manager: list: Listing contexts for virtual host 'localhost'
28-Jan-2020 16:53:26.000 INFORMACIÓN [http-apr-8080-exec-24] org.apache.catalina.core.ApplicationContext.log Manager: list: Listing contexts for virtual host 'localhost'
28-Jan-2020 16:54:13.584 INFORMACIÓN [http-apr-8080-exec-23] org.apache.catalina.core.ApplicationContext.log Manager: list: Listing contexts for virtual host 'localhost'
28-Jan-2020 16:54:27.548 INFORMACIÓN [http-apr-8080-exec-30] org.apache.catalina.core.ApplicationContext.log Manager: list: Listing contexts for virtual host 'localhost'
28-Jan-2020 16:58:22.582 INFORMACIÓN [http-apr-8080-exec-25] org.apache.catalina.core.ApplicationContext.log Manager: list: Listing contexts for virtual host 'localhost'
28-Jan-2020 16:58:38.689 INFORMACIÓN [http-apr-8080-exec-21] org.apache.catalina.core.ApplicationContext.log Manager: list: Listing contexts for virtual host 'localhost'
28-Jan-2020 16:59:17.807 INFORMACIÓN [http-apr-8080-exec-29] org.apache.catalina.core.ApplicationContext.log Manager: list: Listing contexts for virtual host 'localhost'
28-Jan-2020 16:59:55.532 INFORMACIÓN [http-apr-8080-exec-25] org.apache.catalina.core.ApplicationContext.log Manager: list: Listing contexts for virtual host 'localhost'
28-Jan-2020 17:01:24.709 INFORMACIÓN [http-apr-8080-exec-24] org.apache.catalina.core.ApplicationContext.log Manager: list: Listing contexts for virtual host 'localhost'
28-Jan-2020 17:03:13.553 INFORMACIÓN [http-apr-8080-exec-29] org.apache.catalina.core.ApplicationContext.log Manager: list: Listing contexts for virtual host 'localhost'
28-Jan-2020 17:10:48.126 INFORMACIÓN [http-apr-8080-exec-29] org.apache.catalina.core.ApplicationContext.log Manager: list: Listing contexts for virtual host 'localhost'
28-Jan-2020 17:13:08.236 INFORMACIÓN [http-apr-8080-exec-26] org.apache.catalina.core.ApplicationContext.log Manager: list: Listing contexts for virtual host 'localhost'
28-Jan-2020 17:13:28.593 INFORMACIÓN [http-apr-8080-exec-28] org.apache.catalina.core.ApplicationContext.log Manager: list: Listing contexts for virtual host 'localhost'
28-Jan-2020 17:14:00.630 INFORMACIÓN [http-apr-8080-exec-22] org.apache.catalina.core.ApplicationContext.log Manager: list: Listing contexts for virtual host 'localhost'
28-Jan-2020 17:14:00.645 INFORMACIÓN [http-apr-8080-exec-24] org.apache.catalina.core.ApplicationContext.log Manager: undeploy: Undeploying web application at '/SistemaDeposito'
28-Jan-2020 17:14:07.146 INFORMACIÓN [http-apr-8080-exec-31] org.apache.catalina.core.ApplicationContext.log Manager: list: Listing contexts for virtual host 'localhost'
28-Jan-2020 17:14:07.146 INFORMACIÓN [http-apr-8080-exec-32] org.apache.catalina.core.ApplicationContext.log Manager: list: Listing contexts for virtual host 'localhost'
28-Jan-2020 17:14:07.162 INFORMACIÓN [http-apr-8080-exec-22] org.apache.catalina.core.ApplicationContext.log Manager: install: Installing context configuration at 'file:/C:/Users/soare/AppData/Local/Temp/context4080823133002735340.xml'
28-Jan-2020 17:14:10.073 INFORMACIÓN [http-apr-8080-exec-30] org.apache.catalina.core.ApplicationContext.log Manager: start: Starting web application '/SistemaDeposito'
28-Jan-2020 17:16:05.622 INFORMACIÓN [http-apr-8080-exec-26] org.apache.catalina.core.ApplicationContext.log Manager: list: Listing contexts for virtual host 'localhost'
28-Jan-2020 17:55:02.458 INFORMACIÓN [http-apr-8080-exec-39] org.apache.catalina.core.ApplicationContext.log Manager: list: Listing contexts for virtual host 'localhost'
28-Jan-2020 17:55:03.233 INFORMACIÓN [http-apr-8080-exec-40] org.apache.catalina.core.ApplicationContext.log Manager: list: Listing contexts for virtual host 'localhost'
28-Jan-2020 17:55:03.246 INFORMACIÓN [http-apr-8080-exec-31] org.apache.catalina.core.ApplicationContext.log Manager: restart: Reloading web application '/SistemaDeposito'
28-Jan-2020 18:33:25.166 INFORMACIÓN [http-apr-8080-exec-48] org.apache.catalina.core.ApplicationContext.log Manager: list: Listing contexts for virtual host 'localhost'
28-Jan-2020 18:33:25.179 INFORMACIÓN [http-apr-8080-exec-49] org.apache.catalina.core.ApplicationContext.log Manager: restart: Reloading web application '/SistemaDeposito'
28-Jan-2020 18:42:21.496 INFORMACIÓN [http-apr-8080-exec-58] org.apache.catalina.core.ApplicationContext.log Manager: list: Listing contexts for virtual host 'localhost'
28-Jan-2020 18:42:21.505 INFORMACIÓN [http-apr-8080-exec-59] org.apache.catalina.core.ApplicationContext.log Manager: restart: Reloading web application '/SistemaDeposito'
28-Jan-2020 18:42:22.943 INFORMACIÓN [http-apr-8080-exec-56] org.apache.catalina.core.ApplicationContext.log Manager: list: Listing contexts for virtual host 'localhost'
28-Jan-2020 18:42:23.597 INFORMACIÓN [http-apr-8080-exec-54] org.apache.catalina.core.ApplicationContext.log Manager: undeploy: Undeploying web application at '/SistemaDeposito'
28-Jan-2020 18:45:46.243 INFORMACIÓN [http-apr-8080-exec-51] org.apache.catalina.core.ApplicationContext.log Manager: list: Listing contexts for virtual host 'localhost'
28-Jan-2020 18:46:27.296 INFORMACIÓN [http-apr-8080-exec-67] org.apache.catalina.core.ApplicationContext.log Manager: list: Listing contexts for virtual host 'localhost'
28-Jan-2020 18:46:33.324 INFORMACIÓN [http-apr-8080-exec-67] org.apache.catalina.core.ApplicationContext.log Manager: list: Listing contexts for virtual host 'localhost'
28-Jan-2020 18:46:33.324 INFORMACIÓN [http-apr-8080-exec-69] org.apache.catalina.core.ApplicationContext.log Manager: list: Listing contexts for virtual host 'localhost'
28-Jan-2020 18:46:33.340 INFORMACIÓN [http-apr-8080-exec-51] org.apache.catalina.core.ApplicationContext.log Manager: install: Installing context configuration at 'file:/C:/Users/soare/AppData/Local/Temp/context7539069641167292955.xml'
28-Jan-2020 18:46:34.999 INFORMACIÓN [http-apr-8080-exec-68] org.apache.catalina.core.ApplicationContext.log Manager: start: Starting web application '/SistemaDeposito'
28-Jan-2020 18:49:37.595 INFORMACIÓN [http-apr-8080-exec-70] org.apache.catalina.core.ApplicationContext.log Manager: list: Listing contexts for virtual host 'localhost'
28-Jan-2020 18:50:17.813 INFORMACIÓN [http-apr-8080-exec-66] org.apache.catalina.core.ApplicationContext.log Manager: list: Listing contexts for virtual host 'localhost'
28-Jan-2020 18:50:17.822 INFORMACIÓN [http-apr-8080-exec-65] org.apache.catalina.core.ApplicationContext.log Manager: restart: Reloading web application '/SistemaDeposito'
28-Jan-2020 18:51:54.003 INFORMACIÓN [http-apr-8080-exec-63] org.apache.catalina.core.ApplicationContext.log Manager: list: Listing contexts for virtual host 'localhost'
28-Jan-2020 18:51:54.013 INFORMACIÓN [http-apr-8080-exec-67] org.apache.catalina.core.ApplicationContext.log Manager: undeploy: Undeploying web application at '/SistemaDeposito'
28-Jan-2020 18:52:31.920 INFORMACIÓN [http-apr-8080-exec-67] org.apache.catalina.core.ApplicationContext.log Manager: list: Listing contexts for virtual host 'localhost'
28-Jan-2020 18:52:31.923 INFORMACIÓN [http-apr-8080-exec-76] org.apache.catalina.core.ApplicationContext.log Manager: list: Listing contexts for virtual host 'localhost'
28-Jan-2020 18:52:31.932 INFORMACIÓN [http-apr-8080-exec-73] org.apache.catalina.core.ApplicationContext.log Manager: install: Installing context configuration at 'file:/C:/Users/soare/AppData/Local/Temp/context7092489322526609294.xml'
28-Jan-2020 18:52:33.725 INFORMACIÓN [http-apr-8080-exec-68] org.apache.catalina.core.ApplicationContext.log Manager: start: Starting web application '/SistemaDeposito'
28-Jan-2020 18:53:04.526 INFORMACIÓN [http-apr-8080-exec-68] org.apache.catalina.core.ApplicationContext.log Manager: list: Listing contexts for virtual host 'localhost'
28-Jan-2020 18:54:52.908 INFORMACIÓN [http-apr-8080-exec-83] org.apache.catalina.core.ApplicationContext.log Manager: list: Listing contexts for virtual host 'localhost'
28-Jan-2020 18:54:52.924 INFORMACIÓN [http-apr-8080-exec-84] org.apache.catalina.core.ApplicationContext.log Manager: restart: Reloading web application '/SistemaDeposito'
28-Jan-2020 18:57:06.603 INFORMACIÓN [http-apr-8080-exec-75] org.apache.catalina.core.ApplicationContext.log Manager: list: Listing contexts for virtual host 'localhost'
28-Jan-2020 18:59:41.151 INFORMACIÓN [http-apr-8080-exec-93] org.apache.catalina.core.ApplicationContext.log Manager: list: Listing contexts for virtual host 'localhost'
28-Jan-2020 19:02:54.161 INFORMACIÓN [http-apr-8080-exec-90] org.apache.catalina.core.ApplicationContext.log Manager: list: Listing contexts for virtual host 'localhost'
28-Jan-2020 19:02:54.170 INFORMACIÓN [http-apr-8080-exec-93] org.apache.catalina.core.ApplicationContext.log Manager: restart: Reloading web application '/SistemaDeposito'
28-Jan-2020 19:05:16.770 INFORMACIÓN [http-apr-8080-exec-102] org.apache.catalina.core.ApplicationContext.log Manager: list: Listing contexts for virtual host 'localhost'
28-Jan-2020 19:05:18.161 INFORMACIÓN [http-apr-8080-exec-95] org.apache.catalina.core.ApplicationContext.log Manager: list: Listing contexts for virtual host 'localhost'
28-Jan-2020 19:05:18.177 INFORMACIÓN [http-apr-8080-exec-98] org.apache.catalina.core.ApplicationContext.log Manager: undeploy: Undeploying web application at '/SistemaDeposito'
28-Jan-2020 19:05:40.554 INFORMACIÓN [http-apr-8080-exec-105] org.apache.catalina.core.ApplicationContext.log Manager: list: Listing contexts for virtual host 'localhost'
28-Jan-2020 19:05:40.554 INFORMACIÓN [http-apr-8080-exec-106] org.apache.catalina.core.ApplicationContext.log Manager: list: Listing contexts for virtual host 'localhost'
28-Jan-2020 19:05:40.554 INFORMACIÓN [http-apr-8080-exec-104] org.apache.catalina.core.ApplicationContext.log Manager: install: Installing context configuration at 'file:/C:/Users/soare/AppData/Local/Temp/context4584609392658991563.xml'
28-Jan-2020 19:05:42.396 INFORMACIÓN [http-apr-8080-exec-97] org.apache.catalina.core.ApplicationContext.log Manager: start: Starting web application '/SistemaDeposito'
28-Jan-2020 19:06:43.570 INFORMACIÓN [http-apr-8080-exec-108] org.apache.catalina.core.ApplicationContext.log Manager: list: Listing contexts for virtual host 'localhost'
28-Jan-2020 19:06:43.585 INFORMACIÓN [http-apr-8080-exec-97] org.apache.catalina.core.ApplicationContext.log Manager: restart: Reloading web application '/SistemaDeposito'
28-Jan-2020 19:07:01.489 INFORMACIÓN [http-apr-8080-exec-111] org.apache.catalina.core.ApplicationContext.log Manager: list: Listing contexts for virtual host 'localhost'
28-Jan-2020 19:07:04.320 INFORMACIÓN [http-apr-8080-exec-100] org.apache.catalina.core.ApplicationContext.log Manager: list: Listing contexts for virtual host 'localhost'
28-Jan-2020 19:07:04.320 INFORMACIÓN [http-apr-8080-exec-102] org.apache.catalina.core.ApplicationContext.log Manager: undeploy: Undeploying web application at '/SistemaDeposito'
28-Jan-2020 19:07:22.925 INFORMACIÓN [http-apr-8080-exec-103] org.apache.catalina.core.ApplicationContext.log Manager: list: Listing contexts for virtual host 'localhost'
28-Jan-2020 19:07:22.941 INFORMACIÓN [http-apr-8080-exec-115] org.apache.catalina.core.ApplicationContext.log Manager: list: Listing contexts for virtual host 'localhost'
28-Jan-2020 19:07:22.956 INFORMACIÓN [http-apr-8080-exec-100] org.apache.catalina.core.ApplicationContext.log Manager: install: Installing context configuration at 'file:/C:/Users/soare/AppData/Local/Temp/context116846149062311773.xml'
28-Jan-2020 19:07:24.598 INFORMACIÓN [http-apr-8080-exec-106] org.apache.catalina.core.ApplicationContext.log Manager: start: Starting web application '/SistemaDeposito'
28-Jan-2020 19:08:12.751 INFORMACIÓN [http-apr-8080-exec-107] org.apache.catalina.core.ApplicationContext.log Manager: list: Listing contexts for virtual host 'localhost'
28-Jan-2020 19:14:19.101 INFORMACIÓN [http-apr-8080-exec-121] org.apache.catalina.core.ApplicationContext.log Manager: list: Listing contexts for virtual host 'localhost'
28-Jan-2020 19:14:45.086 INFORMACIÓN [http-apr-8080-exec-123] org.apache.catalina.core.ApplicationContext.log Manager: list: Listing contexts for virtual host 'localhost'
28-Jan-2020 19:17:50.502 INFORMACIÓN [http-apr-8080-exec-118] org.apache.catalina.core.ApplicationContext.log Manager: list: Listing contexts for virtual host 'localhost'
28-Jan-2020 19:17:51.202 INFORMACIÓN [http-apr-8080-exec-120] org.apache.catalina.core.ApplicationContext.log Manager: list: Listing contexts for virtual host 'localhost'
28-Jan-2020 19:17:51.209 INFORMACIÓN [http-apr-8080-exec-114] org.apache.catalina.core.ApplicationContext.log Manager: restart: Reloading web application '/SistemaDeposito'
28-Jan-2020 19:17:51.793 INFORMACIÓN [http-apr-8080-exec-116] org.apache.catalina.core.ApplicationContext.log Manager: list: Listing contexts for virtual host 'localhost'
28-Jan-2020 19:17:53.050 INFORMACIÓN [http-apr-8080-exec-122] org.apache.catalina.core.ApplicationContext.log Manager: undeploy: Undeploying web application at '/SistemaDeposito'
28-Jan-2020 19:48:55.782 INFORMACIÓN [http-apr-8080-exec-131] org.apache.catalina.core.ApplicationContext.log Manager: list: Listing contexts for virtual host 'localhost'
28-Jan-2020 19:50:04.707 INFORMACIÓN [http-apr-8080-exec-131] org.apache.catalina.core.ApplicationContext.log Manager: list: Listing contexts for virtual host 'localhost'
28-Jan-2020 19:50:04.707 INFORMACIÓN [http-apr-8080-exec-132] org.apache.catalina.core.ApplicationContext.log Manager: list: Listing contexts for virtual host 'localhost'
28-Jan-2020 19:50:04.722 INFORMACIÓN [http-apr-8080-exec-133] org.apache.catalina.core.ApplicationContext.log Manager: install: Installing context configuration at 'file:/C:/Users/soare/AppData/Local/Temp/context2989971466249658798.xml'
28-Jan-2020 19:50:06.363 INFORMACIÓN [http-apr-8080-exec-134] org.apache.catalina.core.ApplicationContext.log Manager: start: Starting web application '/SistemaDeposito'
28-Jan-2020 19:52:55.700 INFORMACIÓN [http-apr-8080-exec-126] org.apache.catalina.core.ApplicationContext.log Manager: list: Listing contexts for virtual host 'localhost'
28-Jan-2020 19:52:57.642 INFORMACIÓN [http-apr-8080-exec-132] org.apache.catalina.core.ApplicationContext.log Manager: list: Listing contexts for virtual host 'localhost'
28-Jan-2020 19:52:57.650 INFORMACIÓN [http-apr-8080-exec-133] org.apache.catalina.core.ApplicationContext.log Manager: undeploy: Undeploying web application at '/SistemaDeposito'
28-Jan-2020 19:53:12.029 INFORMACIÓN [http-apr-8080-exec-130] org.apache.catalina.core.ApplicationContext.log Manager: list: Listing contexts for virtual host 'localhost'
28-Jan-2020 19:53:12.044 INFORMACIÓN [http-apr-8080-exec-139] org.apache.catalina.core.ApplicationContext.log Manager: list: Listing contexts for virtual host 'localhost'
28-Jan-2020 19:53:12.060 INFORMACIÓN [http-apr-8080-exec-132] org.apache.catalina.core.ApplicationContext.log Manager: install: Installing context configuration at 'file:/C:/Users/soare/AppData/Local/Temp/context3920059042539028460.xml'
28-Jan-2020 19:53:13.778 INFORMACIÓN [http-apr-8080-exec-135] org.apache.catalina.core.ApplicationContext.log Manager: start: Starting web application '/SistemaDeposito'
28-Jan-2020 20:45:15.869 INFORMACIÓN [http-apr-8080-exec-142] org.apache.catalina.core.ApplicationContext.log Manager: list: Listing contexts for virtual host 'localhost'
28-Jan-2020 20:45:15.889 INFORMACIÓN [http-apr-8080-exec-143] org.apache.catalina.core.ApplicationContext.log Manager: restart: Reloading web application '/SistemaDeposito'
28-Jan-2020 20:45:17.865 INFORMACIÓN [http-apr-8080-exec-136] org.apache.catalina.core.ApplicationContext.log Manager: list: Listing contexts for virtual host 'localhost'
28-Jan-2020 20:45:17.872 INFORMACIÓN [http-apr-8080-exec-140] org.apache.catalina.core.ApplicationContext.log Manager: restart: Reloading web application '/SistemaDeposito'
28-Jan-2020 20:46:14.939 INFORMACIÓN [http-apr-8080-exec-147] org.apache.catalina.core.ApplicationContext.log Manager: list: Listing contexts for virtual host 'localhost'
28-Jan-2020 20:46:14.950 INFORMACIÓN [http-apr-8080-exec-139] org.apache.catalina.core.ApplicationContext.log Manager: restart: Reloading web application '/SistemaDeposito'
28-Jan-2020 20:46:18.463 INFORMACIÓN [http-apr-8080-exec-142] org.apache.catalina.core.ApplicationContext.log Manager: list: Listing contexts for virtual host 'localhost'
28-Jan-2020 20:46:18.471 INFORMACIÓN [http-apr-8080-exec-136] org.apache.catalina.core.ApplicationContext.log Manager: undeploy: Undeploying web application at '/SistemaDeposito'
28-Jan-2020 20:46:40.224 INFORMACIÓN [http-apr-8080-exec-136] org.apache.catalina.core.ApplicationContext.log Manager: list: Listing contexts for virtual host 'localhost'
28-Jan-2020 20:46:40.227 INFORMACIÓN [http-apr-8080-exec-151] org.apache.catalina.core.ApplicationContext.log Manager: list: Listing contexts for virtual host 'localhost'
28-Jan-2020 20:46:40.237 INFORMACIÓN [http-apr-8080-exec-141] org.apache.catalina.core.ApplicationContext.log Manager: install: Installing context configuration at 'file:/C:/Users/soare/AppData/Local/Temp/context1447647697197457388.xml'
28-Jan-2020 20:46:41.932 INFORMACIÓN [http-apr-8080-exec-150] org.apache.catalina.core.ApplicationContext.log Manager: start: Starting web application '/SistemaDeposito'
28-Jan-2020 20:47:16.323 INFORMACIÓN [http-apr-8080-exec-137] org.apache.catalina.core.ApplicationContext.log Manager: list: Listing contexts for virtual host 'localhost'
28-Jan-2020 20:47:16.339 INFORMACIÓN [http-apr-8080-exec-153] org.apache.catalina.core.ApplicationContext.log Manager: restart: Reloading web application '/SistemaDeposito'
28-Jan-2020 20:47:18.228 INFORMACIÓN [http-apr-8080-exec-151] org.apache.catalina.core.ApplicationContext.log Manager: list: Listing contexts for virtual host 'localhost'
28-Jan-2020 20:47:18.230 INFORMACIÓN [http-apr-8080-exec-146] org.apache.catalina.core.ApplicationContext.log Manager: list: Listing contexts for virtual host 'localhost'
28-Jan-2020 20:47:18.273 INFORMACIÓN [http-apr-8080-exec-142] org.apache.catalina.core.ApplicationContext.log Manager: restart: Reloading web application '/SistemaDeposito'
28-Jan-2020 20:48:56.553 INFORMACIÓN [http-apr-8080-exec-157] org.apache.catalina.core.ApplicationContext.log Manager: list: Listing contexts for virtual host 'localhost'
28-Jan-2020 20:48:56.563 INFORMACIÓN [http-apr-8080-exec-159] org.apache.catalina.core.ApplicationContext.log Manager: undeploy: Undeploying web application at '/SistemaDeposito'
28-Jan-2020 20:49:35.983 INFORMACIÓN [http-apr-8080-exec-1] org.apache.catalina.core.ApplicationContext.log Manager: init: Associated with Deployer 'Catalina:type=Deployer,host=localhost'
28-Jan-2020 20:49:35.983 INFORMACIÓN [http-apr-8080-exec-1] org.apache.catalina.core.ApplicationContext.log Manager: init: Global resources are available
28-Jan-2020 20:49:35.983 INFORMACIÓN [http-apr-8080-exec-1] org.apache.catalina.core.ApplicationContext.log Manager: list: Listing contexts for virtual host 'localhost'
28-Jan-2020 20:49:36.004 INFORMACIÓN [http-apr-8080-exec-2] org.apache.catalina.core.ApplicationContext.log Manager: list: Listing contexts for virtual host 'localhost'
28-Jan-2020 20:49:36.018 INFORMACIÓN [http-apr-8080-exec-4] org.apache.catalina.core.ApplicationContext.log Manager: install: Installing context configuration at 'file:/C:/Users/soare/AppData/Local/Temp/context4968484381132603921.xml'
28-Jan-2020 20:49:39.945 INFORMACIÓN [http-apr-8080-exec-5] org.apache.catalina.core.ApplicationContext.log Manager: start: Starting web application '/SistemaDeposito'
28-Jan-2020 20:56:51.554 INFORMACIÓN [http-apr-8080-exec-5] org.apache.catalina.core.ApplicationContext.log Manager: list: Listing contexts for virtual host 'localhost'
28-Jan-2020 20:59:44.783 INFORMACIÓN [http-apr-8080-exec-9] org.apache.catalina.core.ApplicationContext.log Manager: list: Listing contexts for virtual host 'localhost'
28-Jan-2020 21:02:56.492 INFORMACIÓN [http-apr-8080-exec-4] org.apache.catalina.core.ApplicationContext.log Manager: list: Listing contexts for virtual host 'localhost'
28-Jan-2020 21:02:57.558 INFORMACIÓN [http-apr-8080-exec-2] org.apache.catalina.core.ApplicationContext.log Manager: list: Listing contexts for virtual host 'localhost'
28-Jan-2020 21:02:57.567 INFORMACIÓN [http-apr-8080-exec-7] org.apache.catalina.core.ApplicationContext.log Manager: restart: Reloading web application '/SistemaDeposito'
28-Jan-2020 21:02:57.986 INFORMACIÓN [http-apr-8080-exec-10] org.apache.catalina.core.ApplicationContext.log Manager: list: Listing contexts for virtual host 'localhost'
28-Jan-2020 21:03:00.732 INFORMACIÓN [http-apr-8080-exec-1] org.apache.catalina.core.ApplicationContext.log Manager: undeploy: Undeploying web application at '/SistemaDeposito'
28-Jan-2020 21:03:38.174 INFORMACIÓN [http-apr-8080-exec-1] org.apache.catalina.core.ApplicationContext.log Manager: list: Listing contexts for virtual host 'localhost'
28-Jan-2020 21:03:38.177 INFORMACIÓN [http-apr-8080-exec-13] org.apache.catalina.core.ApplicationContext.log Manager: list: Listing contexts for virtual host 'localhost'
28-Jan-2020 21:03:38.196 INFORMACIÓN [http-apr-8080-exec-4] org.apache.catalina.core.ApplicationContext.log Manager: install: Installing context configuration at 'file:/C:/Users/soare/AppData/Local/Temp/context1467667770282289047.xml'
28-Jan-2020 21:03:40.057 INFORMACIÓN [http-apr-8080-exec-2] org.apache.catalina.core.ApplicationContext.log Manager: start: Starting web application '/SistemaDeposito'
28-Jan-2020 21:04:58.228 INFORMACIÓN [http-apr-8080-exec-12] org.apache.catalina.core.ApplicationContext.log Manager: list: Listing contexts for virtual host 'localhost'
28-Jan-2020 21:05:54.140 INFORMACIÓN [http-apr-8080-exec-19] org.apache.catalina.core.ApplicationContext.log Manager: list: Listing contexts for virtual host 'localhost'
28-Jan-2020 21:05:54.150 INFORMACIÓN [http-apr-8080-exec-20] org.apache.catalina.core.ApplicationContext.log Manager: restart: Reloading web application '/SistemaDeposito'
28-Jan-2020 21:10:55.290 INFORMACIÓN [http-apr-8080-exec-19] org.apache.catalina.core.ApplicationContext.log Manager: list: Listing contexts for virtual host 'localhost'
28-Jan-2020 21:10:55.312 INFORMACIÓN [http-apr-8080-exec-17] org.apache.catalina.core.ApplicationContext.log Manager: restart: Reloading web application '/SistemaDeposito'
28-Jan-2020 21:12:48.613 INFORMACIÓN [http-apr-8080-exec-33] org.apache.catalina.core.ApplicationContext.log Manager: list: Listing contexts for virtual host 'localhost'
28-Jan-2020 21:12:54.735 INFORMACIÓN [http-apr-8080-exec-34] org.apache.catalina.core.ApplicationContext.log Manager: list: Listing contexts for virtual host 'localhost'
28-Jan-2020 21:12:54.738 INFORMACIÓN [http-apr-8080-exec-32] org.apache.catalina.core.ApplicationContext.log Manager: list: Listing contexts for virtual host 'localhost'
28-Jan-2020 21:12:54.782 INFORMACIÓN [http-apr-8080-exec-36] org.apache.catalina.core.ApplicationContext.log Manager: restart: Reloading web application '/SistemaDeposito'
28-Jan-2020 21:14:22.427 INFORMACIÓN [http-apr-8080-exec-23] org.apache.catalina.core.ApplicationContext.log Manager: list: Listing contexts for virtual host 'localhost'
28-Jan-2020 21:19:11.634 INFORMACIÓN [http-apr-8080-exec-44] org.apache.catalina.core.ApplicationContext.log Manager: list: Listing contexts for virtual host 'localhost'
28-Jan-2020 21:19:16.647 INFORMACIÓN [http-apr-8080-exec-42] org.apache.catalina.core.ApplicationContext.log Manager: list: Listing contexts for virtual host 'localhost'
28-Jan-2020 21:19:16.651 INFORMACIÓN [http-apr-8080-exec-43] org.apache.catalina.core.ApplicationContext.log Manager: list: Listing contexts for virtual host 'localhost'
28-Jan-2020 21:23:49.923 INFORMACIÓN [http-apr-8080-exec-44] org.apache.catalina.core.ApplicationContext.log Manager: list: Listing contexts for virtual host 'localhost'
28-Jan-2020 21:23:51.418 INFORMACIÓN [http-apr-8080-exec-37] org.apache.catalina.core.ApplicationContext.log Manager: list: Listing contexts for virtual host 'localhost'
28-Jan-2020 21:23:51.426 INFORMACIÓN [http-apr-8080-exec-41] org.apache.catalina.core.ApplicationContext.log Manager: undeploy: Undeploying web application at '/SistemaDeposito'
28-Jan-2020 21:24:06.402 INFORMACIÓN [http-apr-8080-exec-47] org.apache.catalina.core.ApplicationContext.log Manager: list: Listing contexts for virtual host 'localhost'
28-Jan-2020 21:24:06.406 INFORMACIÓN [http-apr-8080-exec-48] org.apache.catalina.core.ApplicationContext.log Manager: list: Listing contexts for virtual host 'localhost'
28-Jan-2020 21:24:06.416 INFORMACIÓN [http-apr-8080-exec-40] org.apache.catalina.core.ApplicationContext.log Manager: install: Installing context configuration at 'file:/C:/Users/soare/AppData/Local/Temp/context5462235042184208247.xml'
28-Jan-2020 21:24:08.571 INFORMACIÓN [http-apr-8080-exec-43] org.apache.catalina.core.ApplicationContext.log Manager: start: Starting web application '/SistemaDeposito'
28-Jan-2020 21:27:34.411 INFORMACIÓN [http-apr-8080-exec-51] org.apache.catalina.core.ApplicationContext.log Manager: list: Listing contexts for virtual host 'localhost'
28-Jan-2020 21:27:34.419 INFORMACIÓN [http-apr-8080-exec-52] org.apache.catalina.core.ApplicationContext.log Manager: restart: Reloading web application '/SistemaDeposito'
28-Jan-2020 21:27:35.201 INFORMACIÓN [http-apr-8080-exec-53] org.apache.catalina.core.ApplicationContext.log Manager: list: Listing contexts for virtual host 'localhost'
28-Jan-2020 21:27:36.532 INFORMACIÓN [http-apr-8080-exec-54] org.apache.catalina.core.ApplicationContext.log Manager: undeploy: Undeploying web application at '/SistemaDeposito'
28-Jan-2020 21:28:16.215 INFORMACIÓN [http-apr-8080-exec-54] org.apache.catalina.core.ApplicationContext.log Manager: list: Listing contexts for virtual host 'localhost'
28-Jan-2020 21:28:16.217 INFORMACIÓN [http-apr-8080-exec-59] org.apache.catalina.core.ApplicationContext.log Manager: list: Listing contexts for virtual host 'localhost'
28-Jan-2020 21:28:16.228 INFORMACIÓN [http-apr-8080-exec-57] org.apache.catalina.core.ApplicationContext.log Manager: install: Installing context configuration at 'file:/C:/Users/soare/AppData/Local/Temp/context1715777990519423818.xml'
28-Jan-2020 21:28:18.213 INFORMACIÓN [http-apr-8080-exec-50] org.apache.catalina.core.ApplicationContext.log Manager: start: Starting web application '/SistemaDeposito'
28-Jan-2020 21:29:24.752 INFORMACIÓN [http-apr-8080-exec-51] org.apache.catalina.core.ApplicationContext.log Manager: list: Listing contexts for virtual host 'localhost'
28-Jan-2020 21:29:26.859 INFORMACIÓN [http-apr-8080-exec-61] org.apache.catalina.core.ApplicationContext.log Manager: list: Listing contexts for virtual host 'localhost'
28-Jan-2020 21:29:26.897 INFORMACIÓN [http-apr-8080-exec-60] org.apache.catalina.core.ApplicationContext.log Manager: undeploy: Undeploying web application at '/SistemaDeposito'
28-Jan-2020 21:29:34.015 INFORMACIÓN [http-apr-8080-exec-60] org.apache.catalina.core.ApplicationContext.log Manager: list: Listing contexts for virtual host 'localhost'
28-Jan-2020 21:29:34.031 INFORMACIÓN [http-apr-8080-exec-66] org.apache.catalina.core.ApplicationContext.log Manager: list: Listing contexts for virtual host 'localhost'
28-Jan-2020 21:29:34.047 INFORMACIÓN [http-apr-8080-exec-59] org.apache.catalina.core.ApplicationContext.log Manager: install: Installing context configuration at 'file:/C:/Users/soare/AppData/Local/Temp/context8654572468380586400.xml'
28-Jan-2020 21:29:35.815 INFORMACIÓN [http-apr-8080-exec-65] org.apache.catalina.core.ApplicationContext.log Manager: start: Starting web application '/SistemaDeposito'
28-Jan-2020 21:32:53.010 INFORMACIÓN [http-apr-8080-exec-73] org.apache.catalina.core.ApplicationContext.log Manager: list: Listing contexts for virtual host 'localhost'
28-Jan-2020 21:32:55.582 INFORMACIÓN [http-apr-8080-exec-71] org.apache.catalina.core.ApplicationContext.log Manager: list: Listing contexts for virtual host 'localhost'
28-Jan-2020 21:32:55.587 INFORMACIÓN [http-apr-8080-exec-72] org.apache.catalina.core.ApplicationContext.log Manager: list: Listing contexts for virtual host 'localhost'
28-Jan-2020 21:35:32.235 INFORMACIÓN [http-apr-8080-exec-70] org.apache.catalina.core.ApplicationContext.log Manager: list: Listing contexts for virtual host 'localhost'
28-Jan-2020 21:35:32.238 INFORMACIÓN [http-apr-8080-exec-67] org.apache.catalina.core.ApplicationContext.log Manager: list: Listing contexts for virtual host 'localhost'
28-Jan-2020 21:39:25.986 INFORMACIÓN [http-apr-8080-exec-70] org.apache.catalina.core.ApplicationContext.log Manager: list: Listing contexts for virtual host 'localhost'
28-Jan-2020 21:39:25.990 INFORMACIÓN [http-apr-8080-exec-74] org.apache.catalina.core.ApplicationContext.log Manager: list: Listing contexts for virtual host 'localhost'
28-Jan-2020 21:39:49.101 INFORMACIÓN [http-apr-8080-exec-7] org.apache.catalina.core.ApplicationContext.log Manager: init: Associated with Deployer 'Catalina:type=Deployer,host=localhost'
28-Jan-2020 21:39:49.101 INFORMACIÓN [http-apr-8080-exec-7] org.apache.catalina.core.ApplicationContext.log Manager: init: Global resources are available
28-Jan-2020 21:39:49.103 INFORMACIÓN [http-apr-8080-exec-7] org.apache.catalina.core.ApplicationContext.log Manager: list: Listing contexts for virtual host 'localhost'
28-Jan-2020 21:39:49.109 INFORMACIÓN [http-apr-8080-exec-5] org.apache.catalina.core.ApplicationContext.log Manager: list: Listing contexts for virtual host 'localhost'
28-Jan-2020 21:39:49.123 INFORMACIÓN [http-apr-8080-exec-9] org.apache.catalina.core.ApplicationContext.log Manager: undeploy: Undeploying web application at '/SistemaDeposito'
28-Jan-2020 21:39:49.707 INFORMACIÓN [http-apr-8080-exec-2] org.apache.catalina.core.ApplicationContext.log Manager: install: Installing context configuration at 'file:/C:/Users/soare/AppData/Local/Temp/context6224577908844639097.xml'
28-Jan-2020 21:39:52.594 INFORMACIÓN [http-apr-8080-exec-4] org.apache.catalina.core.ApplicationContext.log Manager: start: Starting web application '/SistemaDeposito'
28-Jan-2020 21:40:11.388 INFORMACIÓN [http-apr-8080-exec-12] org.apache.catalina.core.ApplicationContext.log Manager: list: Listing contexts for virtual host 'localhost'
28-Jan-2020 21:40:11.393 INFORMACIÓN [http-apr-8080-exec-1] org.apache.catalina.core.ApplicationContext.log Manager: list: Listing contexts for virtual host 'localhost'
28-Jan-2020 21:40:11.408 INFORMACIÓN [http-apr-8080-exec-8] org.apache.catalina.core.ApplicationContext.log Manager: undeploy: Undeploying web application at '/SistemaDeposito'
28-Jan-2020 21:40:11.990 INFORMACIÓN [http-apr-8080-exec-11] org.apache.catalina.core.ApplicationContext.log Manager: install: Installing context configuration at 'file:/C:/Users/soare/AppData/Local/Temp/context2233003792764437530.xml'
28-Jan-2020 21:40:14.195 INFORMACIÓN [http-apr-8080-exec-13] org.apache.catalina.core.ApplicationContext.log Manager: start: Starting web application '/SistemaDeposito'
28-Jan-2020 21:41:01.827 INFORMACIÓN [http-apr-8080-exec-16] org.apache.catalina.core.ApplicationContext.log Manager: list: Listing contexts for virtual host 'localhost'
28-Jan-2020 21:41:01.830 INFORMACIÓN [http-apr-8080-exec-13] org.apache.catalina.core.ApplicationContext.log Manager: list: Listing contexts for virtual host 'localhost'
28-Jan-2020 21:41:01.839 INFORMACIÓN [http-apr-8080-exec-15] org.apache.catalina.core.ApplicationContext.log Manager: undeploy: Undeploying web application at '/SistemaDeposito'
28-Jan-2020 21:41:02.404 INFORMACIÓN [http-apr-8080-exec-4] org.apache.catalina.core.ApplicationContext.log Manager: install: Installing context configuration at 'file:/C:/Users/soare/AppData/Local/Temp/context5253217009292640961.xml'
28-Jan-2020 21:41:04.398 INFORMACIÓN [http-apr-8080-exec-13] org.apache.catalina.core.ApplicationContext.log Manager: start: Starting web application '/SistemaDeposito'
28-Jan-2020 21:57:28.692 INFORMACIÓN [http-apr-8080-exec-22] org.apache.catalina.core.ApplicationContext.log Manager: list: Listing contexts for virtual host 'localhost'
28-Jan-2020 21:58:27.785 INFORMACIÓN [http-apr-8080-exec-25] org.apache.catalina.core.ApplicationContext.log Manager: list: Listing contexts for virtual host 'localhost'
28-Jan-2020 21:58:30.874 INFORMACIÓN [http-apr-8080-exec-26] org.apache.catalina.core.ApplicationContext.log Manager: list: Listing contexts for virtual host 'localhost'
28-Jan-2020 21:58:30.877 INFORMACIÓN [http-apr-8080-exec-28] org.apache.catalina.core.ApplicationContext.log Manager: list: Listing contexts for virtual host 'localhost'
28-Jan-2020 21:58:30.884 INFORMACIÓN [http-apr-8080-exec-22] org.apache.catalina.core.ApplicationContext.log Manager: undeploy: Undeploying web application at '/SistemaDeposito'
28-Jan-2020 21:58:31.456 INFORMACIÓN [http-apr-8080-exec-27] org.apache.catalina.core.ApplicationContext.log Manager: install: Installing context configuration at 'file:/C:/Users/soare/AppData/Local/Temp/context1674434920751305785.xml'
28-Jan-2020 21:58:33.414 INFORMACIÓN [http-apr-8080-exec-20] org.apache.catalina.core.ApplicationContext.log Manager: start: Starting web application '/SistemaDeposito'
28-Jan-2020 21:59:24.529 INFORMACIÓN [http-apr-8080-exec-33] org.apache.catalina.core.ApplicationContext.log Manager: list: Listing contexts for virtual host 'localhost'
28-Jan-2020 21:59:24.552 INFORMACIÓN [http-apr-8080-exec-30] org.apache.catalina.core.ApplicationContext.log Manager: list: Listing contexts for virtual host 'localhost'
28-Jan-2020 21:59:24.562 INFORMACIÓN [http-apr-8080-exec-31] org.apache.catalina.core.ApplicationContext.log Manager: undeploy: Undeploying web application at '/SistemaDeposito'
28-Jan-2020 21:59:25.099 INFORMACIÓN [http-apr-8080-exec-28] org.apache.catalina.core.ApplicationContext.log Manager: install: Installing context configuration at 'file:/C:/Users/soare/AppData/Local/Temp/context243253618591040355.xml'
28-Jan-2020 21:59:27.328 INFORMACIÓN [http-apr-8080-exec-32] org.apache.catalina.core.ApplicationContext.log Manager: start: Starting web application '/SistemaDeposito'
28-Jan-2020 22:01:20.764 INFORMACIÓN [http-apr-8080-exec-38] org.apache.catalina.core.ApplicationContext.log Manager: list: Listing contexts for virtual host 'localhost'
28-Jan-2020 22:01:20.768 INFORMACIÓN [http-apr-8080-exec-37] org.apache.catalina.core.ApplicationContext.log Manager: list: Listing contexts for virtual host 'localhost'
28-Jan-2020 22:01:20.778 INFORMACIÓN [http-apr-8080-exec-40] org.apache.catalina.core.ApplicationContext.log Manager: undeploy: Undeploying web application at '/SistemaDeposito'
28-Jan-2020 22:01:21.343 INFORMACIÓN [http-apr-8080-exec-38] org.apache.catalina.core.ApplicationContext.log Manager: install: Installing context configuration at 'file:/C:/Users/soare/AppData/Local/Temp/context7607538543332283775.xml'
28-Jan-2020 22:01:23.165 INFORMACIÓN [http-apr-8080-exec-37] org.apache.catalina.core.ApplicationContext.log Manager: start: Starting web application '/SistemaDeposito'
28-Jan-2020 22:03:12.937 INFORMACIÓN [http-apr-8080-exec-42] org.apache.catalina.core.ApplicationContext.log Manager: list: Listing contexts for virtual host 'localhost'
28-Jan-2020 22:05:57.155 INFORMACIÓN [http-apr-8080-exec-50] org.apache.catalina.core.ApplicationContext.log Manager: list: Listing contexts for virtual host 'localhost'
28-Jan-2020 22:05:57.159 INFORMACIÓN [http-apr-8080-exec-51] org.apache.catalina.core.ApplicationContext.log Manager: list: Listing contexts for virtual host 'localhost'
28-Jan-2020 22:05:57.166 INFORMACIÓN [http-apr-8080-exec-42] org.apache.catalina.core.ApplicationContext.log Manager: undeploy: Undeploying web application at '/SistemaDeposito'
28-Jan-2020 22:05:57.697 INFORMACIÓN [http-apr-8080-exec-46] org.apache.catalina.core.ApplicationContext.log Manager: install: Installing context configuration at 'file:/C:/Users/soare/AppData/Local/Temp/context1306628323474825047.xml'
28-Jan-2020 22:05:59.346 INFORMACIÓN [http-apr-8080-exec-45] org.apache.catalina.core.ApplicationContext.log Manager: start: Starting web application '/SistemaDeposito'
28-Jan-2020 22:14:22.369 INFORMACIÓN [http-apr-8080-exec-59] org.apache.catalina.core.ApplicationContext.log Manager: list: Listing contexts for virtual host 'localhost'
28-Jan-2020 22:14:40.222 INFORMACIÓN [http-apr-8080-exec-59] org.apache.catalina.core.ApplicationContext.log Manager: list: Listing contexts for virtual host 'localhost'
28-Jan-2020 22:14:40.235 INFORMACIÓN [http-apr-8080-exec-60] org.apache.catalina.core.ApplicationContext.log Manager: undeploy: Undeploying web application at '/SistemaDeposito'
28-Jan-2020 22:14:54.996 INFORMACIÓN [http-apr-8080-exec-62] org.apache.catalina.core.ApplicationContext.log Manager: list: Listing contexts for virtual host 'localhost'
28-Jan-2020 22:14:55.000 INFORMACIÓN [http-apr-8080-exec-63] org.apache.catalina.core.ApplicationContext.log Manager: list: Listing contexts for virtual host 'localhost'
28-Jan-2020 22:14:55.016 INFORMACIÓN [http-apr-8080-exec-59] org.apache.catalina.core.ApplicationContext.log Manager: install: Installing context configuration at 'file:/C:/Users/soare/AppData/Local/Temp/context4188655190260271799.xml'
28-Jan-2020 22:14:57.468 INFORMACIÓN [http-apr-8080-exec-54] org.apache.catalina.core.ApplicationContext.log Manager: start: Starting web application '/SistemaDeposito'
28-Jan-2020 22:15:47.683 INFORMACIÓN [http-apr-8080-exec-52] org.apache.catalina.core.ApplicationContext.log Manager: list: Listing contexts for virtual host 'localhost'
28-Jan-2020 22:15:47.686 INFORMACIÓN [http-apr-8080-exec-67] org.apache.catalina.core.ApplicationContext.log Manager: list: Listing contexts for virtual host 'localhost'
28-Jan-2020 22:26:30.874 INFORMACIÓN [http-apr-8080-exec-69] org.apache.catalina.core.ApplicationContext.log Manager: list: Listing contexts for virtual host 'localhost'
28-Jan-2020 22:26:30.888 INFORMACIÓN [http-apr-8080-exec-66] org.apache.catalina.core.ApplicationContext.log Manager: restart: Reloading web application '/SistemaDeposito'
28-Jan-2020 22:29:01.291 INFORMACIÓN [http-apr-8080-exec-63] org.apache.catalina.core.ApplicationContext.log Manager: list: Listing contexts for virtual host 'localhost'
28-Jan-2020 22:29:02.773 INFORMACIÓN [http-apr-8080-exec-74] org.apache.catalina.core.ApplicationContext.log Manager: list: Listing contexts for virtual host 'localhost'
28-Jan-2020 22:29:02.781 INFORMACIÓN [http-apr-8080-exec-77] org.apache.catalina.core.ApplicationContext.log Manager: undeploy: Undeploying web application at '/SistemaDeposito'
28-Jan-2020 22:31:03.650 INFORMACIÓN [http-apr-8080-exec-74] org.apache.catalina.core.ApplicationContext.log Manager: list: Listing contexts for virtual host 'localhost'
28-Jan-2020 22:34:38.169 INFORMACIÓN [http-apr-8080-exec-83] org.apache.catalina.core.ApplicationContext.log Manager: list: Listing contexts for virtual host 'localhost'
28-Jan-2020 22:34:45.621 INFORMACIÓN [http-apr-8080-exec-83] org.apache.catalina.core.ApplicationContext.log Manager: list: Listing contexts for virtual host 'localhost'
28-Jan-2020 22:34:45.624 INFORMACIÓN [http-apr-8080-exec-73] org.apache.catalina.core.ApplicationContext.log Manager: list: Listing contexts for virtual host 'localhost'
28-Jan-2020 22:34:45.640 INFORMACIÓN [http-apr-8080-exec-84] org.apache.catalina.core.ApplicationContext.log Manager: install: Installing context configuration at 'file:/C:/Users/soare/AppData/Local/Temp/context8316987716772102880.xml'
28-Jan-2020 22:34:47.546 INFORMACIÓN [140] org.apache.catalina.core.ApplicationContext.log Manager: start: Starting web application '/SistemaDeposito'
28-Jan-2020 22:41:35.390 INFORMACIÓN [http-apr-8080-exec-85] org.apache.catalina.core.ApplicationContext.log Manager: list: Listing contexts for virtual host 'localhost'
28-Jan-2020 22:41:35.422 INFORMACIÓN [http-apr-8080-exec-86] org.apache.catalina.core.ApplicationContext.log Manager: stop: Stopping web application '/SistemaDeposito'
28-Jan-2020 22:41:35.568 INFORMACIÓN [http-apr-8080-exec-87] org.apache.catalina.core.ApplicationContext.log Manager: start: Starting web application '/SistemaDeposito'
28-Jan-2020 22:41:38.279 INFORMACIÓN [http-apr-8080-exec-80] org.apache.catalina.core.ApplicationContext.log Manager: list: Listing contexts for virtual host 'localhost'
28-Jan-2020 22:41:38.286 INFORMACIÓN [http-apr-8080-exec-78] org.apache.catalina.core.ApplicationContext.log Manager: stop: Stopping web application '/SistemaDeposito'
28-Jan-2020 22:41:38.307 INFORMACIÓN [http-apr-8080-exec-81] org.apache.catalina.core.ApplicationContext.log Manager: start: Starting web application '/SistemaDeposito'
28-Jan-2020 22:42:04.267 INFORMACIÓN [http-apr-8080-exec-90] org.apache.catalina.core.ApplicationContext.log Manager: list: Listing contexts for virtual host 'localhost'
28-Jan-2020 22:42:04.277 INFORMACIÓN [http-apr-8080-exec-79] org.apache.catalina.core.ApplicationContext.log Manager: restart: Reloading web application '/SistemaDeposito'
28-Jan-2020 22:42:07.043 INFORMACIÓN [http-apr-8080-exec-91] org.apache.catalina.core.ApplicationContext.log Manager: list: Listing contexts for virtual host 'localhost'
28-Jan-2020 22:42:07.051 INFORMACIÓN [http-apr-8080-exec-80] org.apache.catalina.core.ApplicationContext.log Manager: restart: Reloading web application '/SistemaDeposito'
28-Jan-2020 22:42:27.843 INFORMACIÓN [http-apr-8080-exec-93] org.apache.catalina.core.ApplicationContext.log Manager: list: Listing contexts for virtual host 'localhost'
28-Jan-2020 22:42:28.574 INFORMACIÓN [http-apr-8080-exec-90] org.apache.catalina.core.ApplicationContext.log Manager: list: Listing contexts for virtual host 'localhost'
28-Jan-2020 22:44:05.454 INFORMACIÓN [http-apr-8080-exec-90] org.apache.catalina.core.ApplicationContext.log Manager: list: Listing contexts for virtual host 'localhost'
28-Jan-2020 22:44:38.185 INFORMACIÓN [http-apr-8080-exec-88] org.apache.catalina.core.ApplicationContext.log Manager: list: Listing contexts for virtual host 'localhost'
28-Jan-2020 22:44:38.187 INFORMACIÓN [http-apr-8080-exec-93] org.apache.catalina.core.ApplicationContext.log Manager: list: Listing contexts for virtual host 'localhost'
28-Jan-2020 22:44:38.237 INFORMACIÓN [http-apr-8080-exec-94] org.apache.catalina.core.ApplicationContext.log Manager: stop: Stopping web application '/SistemaDeposito'
28-Jan-2020 22:44:38.251 INFORMACIÓN [http-apr-8080-exec-94] org.apache.catalina.core.ApplicationContext.log Manager: start: Starting web application '/SistemaDeposito'
28-Jan-2020 22:45:04.644 INFORMACIÓN [http-apr-8080-exec-98] org.apache.catalina.core.ApplicationContext.log Manager: list: Listing contexts for virtual host 'localhost'
28-Jan-2020 22:45:07.553 INFORMACIÓN [http-apr-8080-exec-93] org.apache.catalina.core.ApplicationContext.log Manager: list: Listing contexts for virtual host 'localhost'
28-Jan-2020 22:45:07.556 INFORMACIÓN [http-apr-8080-exec-98] org.apache.catalina.core.ApplicationContext.log Manager: list: Listing contexts for virtual host 'localhost'
28-Jan-2020 22:45:42.766 INFORMACIÓN [http-apr-8080-exec-100] org.apache.catalina.core.ApplicationContext.log Manager: list: Listing contexts for virtual host 'localhost'
28-Jan-2020 22:46:12.282 INFORMACIÓN [http-apr-8080-exec-97] org.apache.catalina.core.ApplicationContext.log Manager: list: Listing contexts for virtual host 'localhost'
28-Jan-2020 22:49:58.339 INFORMACIÓN [http-apr-8080-exec-98] org.apache.catalina.core.ApplicationContext.log Manager: list: Listing contexts for virtual host 'localhost'
28-Jan-2020 22:49:58.349 INFORMACIÓN [http-apr-8080-exec-106] org.apache.catalina.core.ApplicationContext.log Manager: restart: Reloading web application '/SistemaDeposito'
28-Jan-2020 22:55:11.085 INFORMACIÓN [http-apr-8080-exec-100] org.apache.catalina.core.ApplicationContext.log Manager: list: Listing contexts for virtual host 'localhost'
28-Jan-2020 22:55:11.515 INFORMACIÓN [http-apr-8080-exec-101] org.apache.catalina.core.ApplicationContext.log Manager: list: Listing contexts for virtual host 'localhost'
28-Jan-2020 22:55:11.526 INFORMACIÓN [http-apr-8080-exec-103] org.apache.catalina.core.ApplicationContext.log Manager: restart: Reloading web application '/SistemaDeposito'
28-Jan-2020 23:17:04.525 INFORMACIÓN [http-apr-8080-exec-122] org.apache.catalina.core.ApplicationContext.log Manager: list: Listing contexts for virtual host 'localhost'
28-Jan-2020 23:17:06.001 INFORMACIÓN [http-apr-8080-exec-115] org.apache.catalina.core.ApplicationContext.log Manager: list: Listing contexts for virtual host 'localhost'
28-Jan-2020 23:21:31.473 INFORMACIÓN [http-apr-8080-exec-117] org.apache.catalina.core.ApplicationContext.log Manager: list: Listing contexts for virtual host 'localhost'
28-Jan-2020 23:21:54.259 INFORMACIÓN [http-apr-8080-exec-123] org.apache.catalina.core.ApplicationContext.log Manager: list: Listing contexts for virtual host 'localhost'
28-Jan-2020 23:21:54.269 INFORMACIÓN [http-apr-8080-exec-124] org.apache.catalina.core.ApplicationContext.log Manager: restart: Reloading web application '/SistemaDeposito'
28-Jan-2020 23:22:04.316 INFORMACIÓN [http-apr-8080-exec-115] org.apache.catalina.core.ApplicationContext.log Manager: list: Listing contexts for virtual host 'localhost'
28-Jan-2020 23:22:04.325 INFORMACIÓN [http-apr-8080-exec-120] org.apache.catalina.core.ApplicationContext.log Manager: undeploy: Undeploying web application at '/SistemaDeposito'
28-Jan-2020 23:22:11.620 INFORMACIÓN [http-apr-8080-exec-120] org.apache.catalina.core.ApplicationContext.log Manager: list: Listing contexts for virtual host 'localhost'
28-Jan-2020 23:22:11.622 INFORMACIÓN [http-apr-8080-exec-127] org.apache.catalina.core.ApplicationContext.log Manager: list: Listing contexts for virtual host 'localhost'
28-Jan-2020 23:22:11.648 INFORMACIÓN [http-apr-8080-exec-126] org.apache.catalina.core.ApplicationContext.log Manager: install: Installing context configuration at 'file:/C:/Users/soare/AppData/Local/Temp/context6736438707363815002.xml'
28-Jan-2020 23:22:13.503 INFORMACIÓN [http-apr-8080-exec-119] org.apache.catalina.core.ApplicationContext.log Manager: start: Starting web application '/SistemaDeposito'
28-Jan-2020 23:28:05.262 INFORMACIÓN [http-apr-8080-exec-134] org.apache.catalina.core.ApplicationContext.log Manager: list: Listing contexts for virtual host 'localhost'
28-Jan-2020 23:28:14.159 INFORMACIÓN [http-apr-8080-exec-133] org.apache.catalina.core.ApplicationContext.log Manager: list: Listing contexts for virtual host 'localhost'
28-Jan-2020 23:28:14.161 INFORMACIÓN [http-apr-8080-exec-134] org.apache.catalina.core.ApplicationContext.log Manager: list: Listing contexts for virtual host 'localhost'
28-Jan-2020 23:28:46.640 INFORMACIÓN [http-apr-8080-exec-129] org.apache.catalina.core.ApplicationContext.log Manager: list: Listing contexts for virtual host 'localhost'
28-Jan-2020 23:29:09.802 INFORMACIÓN [http-apr-8080-exec-132] org.apache.catalina.core.ApplicationContext.log Manager: list: Listing contexts for virtual host 'localhost'
28-Jan-2020 23:29:09.810 INFORMACIÓN [http-apr-8080-exec-133] org.apache.catalina.core.ApplicationContext.log Manager: undeploy: Undeploying web application at '/SistemaDeposito'
28-Jan-2020 23:29:15.603 INFORMACIÓN [http-apr-8080-exec-137] org.apache.catalina.core.ApplicationContext.log Manager: list: Listing contexts for virtual host 'localhost'
28-Jan-2020 23:29:15.606 INFORMACIÓN [http-apr-8080-exec-138] org.apache.catalina.core.ApplicationContext.log Manager: list: Listing contexts for virtual host 'localhost'
28-Jan-2020 23:29:15.615 INFORMACIÓN [http-apr-8080-exec-135] org.apache.catalina.core.ApplicationContext.log Manager: install: Installing context configuration at 'file:/C:/Users/soare/AppData/Local/Temp/context1483548695872212922.xml'
28-Jan-2020 23:29:17.428 INFORMACIÓN [http-apr-8080-exec-136] org.apache.catalina.core.ApplicationContext.log Manager: start: Starting web application '/SistemaDeposito'
