04-Feb-2020 00:00:38.890 INFORMACIÓN [http-apr-8080-exec-82] org.apache.catalina.core.ApplicationContext.log Manager: list: Listing contexts for virtual host 'localhost'
04-Feb-2020 00:00:38.906 INFORMACIÓN [http-apr-8080-exec-79] org.apache.catalina.core.ApplicationContext.log Manager: restart: Reloading web application '/SistemaDeposito'
04-Feb-2020 00:00:50.810 INFORMACIÓN [http-apr-8080-exec-87] org.apache.catalina.core.ApplicationContext.log Manager: list: Listing contexts for virtual host 'localhost'
04-Feb-2020 00:00:50.825 INFORMACIÓN [http-apr-8080-exec-90] org.apache.catalina.core.ApplicationContext.log Manager: list: Listing contexts for virtual host 'localhost'
04-Feb-2020 00:00:50.872 INFORMACIÓN [http-apr-8080-exec-85] org.apache.catalina.core.ApplicationContext.log Manager: stop: Stopping web application '/SistemaDeposito'
04-Feb-2020 00:00:50.888 INFORMACIÓN [http-apr-8080-exec-89] org.apache.catalina.core.ApplicationContext.log Manager: start: Starting web application '/SistemaDeposito'
04-Feb-2020 00:02:25.873 INFORMACIÓN [http-apr-8080-exec-90] org.apache.catalina.core.ApplicationContext.log Manager: list: Listing contexts for virtual host 'localhost'
04-Feb-2020 00:03:06.373 INFORMACIÓN [http-apr-8080-exec-95] org.apache.catalina.core.ApplicationContext.log Manager: list: Listing contexts for virtual host 'localhost'
04-Feb-2020 00:08:22.278 INFORMACIÓN [http-apr-8080-exec-91] org.apache.catalina.core.ApplicationContext.log Manager: list: Listing contexts for virtual host 'localhost'
04-Feb-2020 00:09:54.373 INFORMACIÓN [http-apr-8080-exec-99] org.apache.catalina.core.ApplicationContext.log Manager: list: Listing contexts for virtual host 'localhost'
04-Feb-2020 00:10:39.547 INFORMACIÓN [http-apr-8080-exec-92] org.apache.catalina.core.ApplicationContext.log Manager: list: Listing contexts for virtual host 'localhost'
04-Feb-2020 00:11:22.454 INFORMACIÓN [http-apr-8080-exec-93] org.apache.catalina.core.ApplicationContext.log Manager: list: Listing contexts for virtual host 'localhost'
04-Feb-2020 00:13:05.343 INFORMACIÓN [http-apr-8080-exec-96] org.apache.catalina.core.ApplicationContext.log Manager: list: Listing contexts for virtual host 'localhost'
04-Feb-2020 00:13:32.451 INFORMACIÓN [http-apr-8080-exec-93] org.apache.catalina.core.ApplicationContext.log Manager: list: Listing contexts for virtual host 'localhost'
04-Feb-2020 00:14:05.398 INFORMACIÓN [http-apr-8080-exec-99] org.apache.catalina.core.ApplicationContext.log Manager: list: Listing contexts for virtual host 'localhost'
04-Feb-2020 00:15:20.699 INFORMACIÓN [http-apr-8080-exec-100] org.apache.catalina.core.ApplicationContext.log Manager: list: Listing contexts for virtual host 'localhost'
04-Feb-2020 00:15:53.344 INFORMACIÓN [http-apr-8080-exec-99] org.apache.catalina.core.ApplicationContext.log Manager: list: Listing contexts for virtual host 'localhost'
04-Feb-2020 00:16:02.857 INFORMACIÓN [http-apr-8080-exec-99] org.apache.catalina.core.ApplicationContext.log Manager: list: Listing contexts for virtual host 'localhost'
04-Feb-2020 00:17:00.733 INFORMACIÓN [http-apr-8080-exec-94] org.apache.catalina.core.ApplicationContext.log Manager: list: Listing contexts for virtual host 'localhost'
04-Feb-2020 00:17:25.201 INFORMACIÓN [http-apr-8080-exec-92] org.apache.catalina.core.ApplicationContext.log Manager: list: Listing contexts for virtual host 'localhost'
04-Feb-2020 00:19:04.375 INFORMACIÓN [http-apr-8080-exec-97] org.apache.catalina.core.ApplicationContext.log Manager: list: Listing contexts for virtual host 'localhost'
04-Feb-2020 00:20:40.267 INFORMACIÓN [http-apr-8080-exec-98] org.apache.catalina.core.ApplicationContext.log Manager: list: Listing contexts for virtual host 'localhost'
04-Feb-2020 00:21:17.247 INFORMACIÓN [http-apr-8080-exec-100] org.apache.catalina.core.ApplicationContext.log Manager: list: Listing contexts for virtual host 'localhost'
04-Feb-2020 00:22:41.360 INFORMACIÓN [http-apr-8080-exec-95] org.apache.catalina.core.ApplicationContext.log Manager: list: Listing contexts for virtual host 'localhost'
04-Feb-2020 00:23:20.136 INFORMACIÓN [http-apr-8080-exec-93] org.apache.catalina.core.ApplicationContext.log Manager: list: Listing contexts for virtual host 'localhost'
04-Feb-2020 00:24:56.716 INFORMACIÓN [http-apr-8080-exec-99] org.apache.catalina.core.ApplicationContext.log Manager: list: Listing contexts for virtual host 'localhost'
04-Feb-2020 00:27:00.203 INFORMACIÓN [http-apr-8080-exec-96] org.apache.catalina.core.ApplicationContext.log Manager: list: Listing contexts for virtual host 'localhost'
04-Feb-2020 00:29:09.826 INFORMACIÓN [http-apr-8080-exec-100] org.apache.catalina.core.ApplicationContext.log Manager: list: Listing contexts for virtual host 'localhost'
04-Feb-2020 00:29:36.215 INFORMACIÓN [http-apr-8080-exec-92] org.apache.catalina.core.ApplicationContext.log Manager: list: Listing contexts for virtual host 'localhost'
04-Feb-2020 00:31:15.452 INFORMACIÓN [http-apr-8080-exec-97] org.apache.catalina.core.ApplicationContext.log Manager: list: Listing contexts for virtual host 'localhost'
04-Feb-2020 00:31:31.415 INFORMACIÓN [http-apr-8080-exec-93] org.apache.catalina.core.ApplicationContext.log Manager: list: Listing contexts for virtual host 'localhost'
04-Feb-2020 00:32:02.740 INFORMACIÓN [http-apr-8080-exec-96] org.apache.catalina.core.ApplicationContext.log Manager: list: Listing contexts for virtual host 'localhost'
04-Feb-2020 00:34:27.391 INFORMACIÓN [http-apr-8080-exec-95] org.apache.catalina.core.ApplicationContext.log Manager: list: Listing contexts for virtual host 'localhost'
04-Feb-2020 00:34:45.245 INFORMACIÓN [http-apr-8080-exec-93] org.apache.catalina.core.ApplicationContext.log Manager: list: Listing contexts for virtual host 'localhost'
04-Feb-2020 00:34:54.448 INFORMACIÓN [http-apr-8080-exec-99] org.apache.catalina.core.ApplicationContext.log Manager: list: Listing contexts for virtual host 'localhost'
04-Feb-2020 00:35:09.124 INFORMACIÓN [http-apr-8080-exec-98] org.apache.catalina.core.ApplicationContext.log Manager: list: Listing contexts for virtual host 'localhost'
04-Feb-2020 00:37:30.800 INFORMACIÓN [http-apr-8080-exec-96] org.apache.catalina.core.ApplicationContext.log Manager: list: Listing contexts for virtual host 'localhost'
04-Feb-2020 00:37:49.137 INFORMACIÓN [http-apr-8080-exec-94] org.apache.catalina.core.ApplicationContext.log Manager: list: Listing contexts for virtual host 'localhost'
04-Feb-2020 00:37:56.270 INFORMACIÓN [http-apr-8080-exec-97] org.apache.catalina.core.ApplicationContext.log Manager: list: Listing contexts for virtual host 'localhost'
04-Feb-2020 00:38:08.541 INFORMACIÓN [http-apr-8080-exec-100] org.apache.catalina.core.ApplicationContext.log Manager: list: Listing contexts for virtual host 'localhost'
04-Feb-2020 02:03:45.457 INFORMACIÓN [http-apr-8080-exec-93] org.apache.catalina.core.ApplicationContext.log Manager: list: Listing contexts for virtual host 'localhost'
04-Feb-2020 02:05:20.891 INFORMACIÓN [http-apr-8080-exec-93] org.apache.catalina.core.ApplicationContext.log Manager: list: Listing contexts for virtual host 'localhost'
04-Feb-2020 02:12:11.791 INFORMACIÓN [http-apr-8080-exec-93] org.apache.catalina.core.ApplicationContext.log Manager: list: Listing contexts for virtual host 'localhost'
04-Feb-2020 02:13:32.282 INFORMACIÓN [http-apr-8080-exec-92] org.apache.catalina.core.ApplicationContext.log Manager: list: Listing contexts for virtual host 'localhost'
04-Feb-2020 02:13:34.467 INFORMACIÓN [http-apr-8080-exec-99] org.apache.catalina.core.ApplicationContext.log Manager: list: Listing contexts for virtual host 'localhost'
04-Feb-2020 02:13:34.470 INFORMACIÓN [http-apr-8080-exec-97] org.apache.catalina.core.ApplicationContext.log Manager: list: Listing contexts for virtual host 'localhost'
04-Feb-2020 02:15:16.648 INFORMACIÓN [http-apr-8080-exec-94] org.apache.catalina.core.ApplicationContext.log Manager: list: Listing contexts for virtual host 'localhost'
04-Feb-2020 02:15:31.567 INFORMACIÓN [http-apr-8080-exec-96] org.apache.catalina.core.ApplicationContext.log Manager: list: Listing contexts for virtual host 'localhost'
04-Feb-2020 02:15:31.594 INFORMACIÓN [http-apr-8080-exec-98] org.apache.catalina.core.ApplicationContext.log Manager: undeploy: Undeploying web application at '/SistemaDeposito'
04-Feb-2020 02:15:46.916 INFORMACIÓN [http-apr-8080-exec-101] org.apache.catalina.core.ApplicationContext.log Manager: list: Listing contexts for virtual host 'localhost'
04-Feb-2020 02:15:46.918 INFORMACIÓN [http-apr-8080-exec-102] org.apache.catalina.core.ApplicationContext.log Manager: list: Listing contexts for virtual host 'localhost'
04-Feb-2020 02:15:46.935 INFORMACIÓN [http-apr-8080-exec-94] org.apache.catalina.core.ApplicationContext.log Manager: install: Installing context configuration at 'file:/C:/Users/soare/AppData/Local/Temp/context5378293964230997534.xml'
04-Feb-2020 02:15:50.643 INFORMACIÓN [196] org.apache.catalina.core.ApplicationContext.log Manager: start: Starting web application '/SistemaDeposito'
04-Feb-2020 02:18:49.325 INFORMACIÓN [http-apr-8080-exec-108] org.apache.catalina.core.ApplicationContext.log Manager: list: Listing contexts for virtual host 'localhost'
04-Feb-2020 02:19:11.063 INFORMACIÓN [http-apr-8080-exec-105] org.apache.catalina.core.ApplicationContext.log Manager: list: Listing contexts for virtual host 'localhost'
04-Feb-2020 02:20:11.034 INFORMACIÓN [http-apr-8080-exec-104] org.apache.catalina.core.ApplicationContext.log Manager: list: Listing contexts for virtual host 'localhost'
04-Feb-2020 02:22:37.386 INFORMACIÓN [http-apr-8080-exec-107] org.apache.catalina.core.ApplicationContext.log Manager: list: Listing contexts for virtual host 'localhost'
04-Feb-2020 02:23:31.242 INFORMACIÓN [http-apr-8080-exec-101] org.apache.catalina.core.ApplicationContext.log Manager: list: Listing contexts for virtual host 'localhost'
04-Feb-2020 02:24:21.282 INFORMACIÓN [http-apr-8080-exec-103] org.apache.catalina.core.ApplicationContext.log Manager: list: Listing contexts for virtual host 'localhost'
04-Feb-2020 02:25:42.403 INFORMACIÓN [http-apr-8080-exec-108] org.apache.catalina.core.ApplicationContext.log Manager: list: Listing contexts for virtual host 'localhost'
04-Feb-2020 02:25:42.418 INFORMACIÓN [http-apr-8080-exec-102] org.apache.catalina.core.ApplicationContext.log Manager: restart: Reloading web application '/SistemaDeposito'
04-Feb-2020 02:25:44.854 INFORMACIÓN [http-apr-8080-exec-103] org.apache.catalina.core.ApplicationContext.log Manager: list: Listing contexts for virtual host 'localhost'
04-Feb-2020 02:25:44.860 INFORMACIÓN [http-apr-8080-exec-107] org.apache.catalina.core.ApplicationContext.log Manager: restart: Reloading web application '/SistemaDeposito'
04-Feb-2020 02:29:38.621 INFORMACIÓN [http-apr-8080-exec-104] org.apache.catalina.core.ApplicationContext.log Manager: list: Listing contexts for virtual host 'localhost'
04-Feb-2020 02:29:39.134 INFORMACIÓN [http-apr-8080-exec-112] org.apache.catalina.core.ApplicationContext.log Manager: list: Listing contexts for virtual host 'localhost'
04-Feb-2020 02:29:39.144 INFORMACIÓN [http-apr-8080-exec-113] org.apache.catalina.core.ApplicationContext.log Manager: restart: Reloading web application '/SistemaDeposito'
04-Feb-2020 02:29:59.405 INFORMACIÓN [http-apr-8080-exec-110] org.apache.catalina.core.ApplicationContext.log Manager: list: Listing contexts for virtual host 'localhost'
04-Feb-2020 02:29:59.414 INFORMACIÓN [http-apr-8080-exec-106] org.apache.catalina.core.ApplicationContext.log Manager: restart: Reloading web application '/SistemaDeposito'
04-Feb-2020 02:37:16.123 INFORMACIÓN [http-apr-8080-exec-126] org.apache.catalina.core.ApplicationContext.log Manager: list: Listing contexts for virtual host 'localhost'
04-Feb-2020 02:37:16.132 INFORMACIÓN [http-apr-8080-exec-111] org.apache.catalina.core.ApplicationContext.log Manager: restart: Reloading web application '/SistemaDeposito'
04-Feb-2020 02:37:18.289 INFORMACIÓN [http-apr-8080-exec-127] org.apache.catalina.core.ApplicationContext.log Manager: list: Listing contexts for virtual host 'localhost'
04-Feb-2020 02:37:18.295 INFORMACIÓN [http-apr-8080-exec-126] org.apache.catalina.core.ApplicationContext.log Manager: list: Listing contexts for virtual host 'localhost'
04-Feb-2020 02:37:18.360 INFORMACIÓN [http-apr-8080-exec-123] org.apache.catalina.core.ApplicationContext.log Manager: restart: Reloading web application '/SistemaDeposito'
04-Feb-2020 02:39:14.830 INFORMACIÓN [http-apr-8080-exec-119] org.apache.catalina.core.ApplicationContext.log Manager: list: Listing contexts for virtual host 'localhost'
04-Feb-2020 02:43:25.332 INFORMACIÓN [http-apr-8080-exec-135] org.apache.catalina.core.ApplicationContext.log Manager: list: Listing contexts for virtual host 'localhost'
04-Feb-2020 02:43:25.350 INFORMACIÓN [http-apr-8080-exec-136] org.apache.catalina.core.ApplicationContext.log Manager: restart: Reloading web application '/SistemaDeposito'
04-Feb-2020 02:47:22.854 INFORMACIÓN [http-apr-8080-exec-135] org.apache.catalina.core.ApplicationContext.log Manager: list: Listing contexts for virtual host 'localhost'
04-Feb-2020 02:47:23.679 INFORMACIÓN [http-apr-8080-exec-132] org.apache.catalina.core.ApplicationContext.log Manager: list: Listing contexts for virtual host 'localhost'
04-Feb-2020 02:47:23.692 INFORMACIÓN [http-apr-8080-exec-129] org.apache.catalina.core.ApplicationContext.log Manager: restart: Reloading web application '/SistemaDeposito'
04-Feb-2020 02:47:25.708 INFORMACIÓN [http-apr-8080-exec-139] org.apache.catalina.core.ApplicationContext.log Manager: list: Listing contexts for virtual host 'localhost'
04-Feb-2020 02:47:25.716 INFORMACIÓN [http-apr-8080-exec-132] org.apache.catalina.core.ApplicationContext.log Manager: restart: Reloading web application '/SistemaDeposito'
04-Feb-2020 02:48:53.309 INFORMACIÓN [http-apr-8080-exec-131] org.apache.catalina.core.ApplicationContext.log Manager: list: Listing contexts for virtual host 'localhost'
04-Feb-2020 02:48:53.317 INFORMACIÓN [http-apr-8080-exec-140] org.apache.catalina.core.ApplicationContext.log Manager: restart: Reloading web application '/SistemaDeposito'
04-Feb-2020 02:48:55.211 INFORMACIÓN [http-apr-8080-exec-133] org.apache.catalina.core.ApplicationContext.log Manager: list: Listing contexts for virtual host 'localhost'
04-Feb-2020 02:48:55.222 INFORMACIÓN [http-apr-8080-exec-145] org.apache.catalina.core.ApplicationContext.log Manager: restart: Reloading web application '/SistemaDeposito'
04-Feb-2020 02:50:13.092 INFORMACIÓN [http-apr-8080-exec-142] org.apache.catalina.core.ApplicationContext.log Manager: list: Listing contexts for virtual host 'localhost'
04-Feb-2020 02:51:49.751 INFORMACIÓN [http-apr-8080-exec-154] org.apache.catalina.core.ApplicationContext.log Manager: list: Listing contexts for virtual host 'localhost'
04-Feb-2020 02:52:33.544 INFORMACIÓN [http-apr-8080-exec-155] org.apache.catalina.core.ApplicationContext.log Manager: list: Listing contexts for virtual host 'localhost'
04-Feb-2020 02:52:33.553 INFORMACIÓN [http-apr-8080-exec-154] org.apache.catalina.core.ApplicationContext.log Manager: restart: Reloading web application '/SistemaDeposito'
04-Feb-2020 02:52:39.581 INFORMACIÓN [http-apr-8080-exec-142] org.apache.catalina.core.ApplicationContext.log Manager: list: Listing contexts for virtual host 'localhost'
04-Feb-2020 02:52:39.583 INFORMACIÓN [http-apr-8080-exec-150] org.apache.catalina.core.ApplicationContext.log Manager: list: Listing contexts for virtual host 'localhost'
04-Feb-2020 02:52:39.626 INFORMACIÓN [http-apr-8080-exec-159] org.apache.catalina.core.ApplicationContext.log Manager: restart: Reloading web application '/SistemaDeposito'
04-Feb-2020 02:53:58.865 INFORMACIÓN [http-apr-8080-exec-149] org.apache.catalina.core.ApplicationContext.log Manager: list: Listing contexts for virtual host 'localhost'
04-Feb-2020 02:56:04.901 INFORMACIÓN [http-apr-8080-exec-161] org.apache.catalina.core.ApplicationContext.log Manager: list: Listing contexts for virtual host 'localhost'
04-Feb-2020 02:56:04.912 INFORMACIÓN [http-apr-8080-exec-169] org.apache.catalina.core.ApplicationContext.log Manager: restart: Reloading web application '/SistemaDeposito'
04-Feb-2020 03:07:19.372 INFORMACIÓN [http-apr-8080-exec-177] org.apache.catalina.core.ApplicationContext.log Manager: list: Listing contexts for virtual host 'localhost'
04-Feb-2020 03:12:08.106 INFORMACIÓN [http-apr-8080-exec-178] org.apache.catalina.core.ApplicationContext.log Manager: list: Listing contexts for virtual host 'localhost'
04-Feb-2020 03:12:32.015 INFORMACIÓN [http-apr-8080-exec-172] org.apache.catalina.core.ApplicationContext.log Manager: list: Listing contexts for virtual host 'localhost'
04-Feb-2020 03:13:11.361 INFORMACIÓN [http-apr-8080-exec-177] org.apache.catalina.core.ApplicationContext.log Manager: list: Listing contexts for virtual host 'localhost'
04-Feb-2020 03:15:10.556 INFORMACIÓN [http-apr-8080-exec-179] org.apache.catalina.core.ApplicationContext.log Manager: list: Listing contexts for virtual host 'localhost'
04-Feb-2020 03:15:26.543 INFORMACIÓN [http-apr-8080-exec-179] org.apache.catalina.core.ApplicationContext.log Manager: list: Listing contexts for virtual host 'localhost'
04-Feb-2020 03:17:36.051 INFORMACIÓN [http-apr-8080-exec-173] org.apache.catalina.core.ApplicationContext.log Manager: list: Listing contexts for virtual host 'localhost'
04-Feb-2020 03:20:16.964 INFORMACIÓN [http-apr-8080-exec-175] org.apache.catalina.core.ApplicationContext.log Manager: list: Listing contexts for virtual host 'localhost'
04-Feb-2020 03:24:35.978 INFORMACIÓN [http-apr-8080-exec-178] org.apache.catalina.core.ApplicationContext.log Manager: list: Listing contexts for virtual host 'localhost'
04-Feb-2020 03:25:27.389 INFORMACIÓN [http-apr-8080-exec-178] org.apache.catalina.core.ApplicationContext.log Manager: list: Listing contexts for virtual host 'localhost'
04-Feb-2020 03:27:51.546 INFORMACIÓN [http-apr-8080-exec-176] org.apache.catalina.core.ApplicationContext.log Manager: list: Listing contexts for virtual host 'localhost'
04-Feb-2020 03:29:23.593 INFORMACIÓN [http-apr-8080-exec-175] org.apache.catalina.core.ApplicationContext.log Manager: list: Listing contexts for virtual host 'localhost'
04-Feb-2020 03:29:51.716 INFORMACIÓN [http-apr-8080-exec-175] org.apache.catalina.core.ApplicationContext.log Manager: list: Listing contexts for virtual host 'localhost'
04-Feb-2020 03:29:51.751 INFORMACIÓN [http-apr-8080-exec-170] org.apache.catalina.core.ApplicationContext.log Manager: restart: Reloading web application '/SistemaDeposito'
04-Feb-2020 03:29:53.731 INFORMACIÓN [http-apr-8080-exec-179] org.apache.catalina.core.ApplicationContext.log Manager: list: Listing contexts for virtual host 'localhost'
04-Feb-2020 03:29:53.738 INFORMACIÓN [http-apr-8080-exec-175] org.apache.catalina.core.ApplicationContext.log Manager: restart: Reloading web application '/SistemaDeposito'
04-Feb-2020 03:30:10.065 INFORMACIÓN [http-apr-8080-exec-181] org.apache.catalina.core.ApplicationContext.log Manager: list: Listing contexts for virtual host 'localhost'
04-Feb-2020 03:31:53.235 INFORMACIÓN [http-apr-8080-exec-173] org.apache.catalina.core.ApplicationContext.log Manager: list: Listing contexts for virtual host 'localhost'
04-Feb-2020 03:32:00.060 INFORMACIÓN [http-apr-8080-exec-178] org.apache.catalina.core.ApplicationContext.log Manager: list: Listing contexts for virtual host 'localhost'
04-Feb-2020 03:32:00.062 INFORMACIÓN [http-apr-8080-exec-181] org.apache.catalina.core.ApplicationContext.log Manager: list: Listing contexts for virtual host 'localhost'
04-Feb-2020 03:32:00.112 INFORMACIÓN [http-apr-8080-exec-182] org.apache.catalina.core.ApplicationContext.log Manager: restart: Reloading web application '/SistemaDeposito'
04-Feb-2020 03:34:54.534 INFORMACIÓN [http-apr-8080-exec-195] org.apache.catalina.core.ApplicationContext.log Manager: list: Listing contexts for virtual host 'localhost'
04-Feb-2020 03:34:54.549 INFORMACIÓN [http-apr-8080-exec-196] org.apache.catalina.core.ApplicationContext.log Manager: restart: Reloading web application '/SistemaDeposito'
04-Feb-2020 03:34:56.561 INFORMACIÓN [http-apr-8080-exec-192] org.apache.catalina.core.ApplicationContext.log Manager: list: Listing contexts for virtual host 'localhost'
04-Feb-2020 03:34:56.568 INFORMACIÓN [http-apr-8080-exec-189] org.apache.catalina.core.ApplicationContext.log Manager: restart: Reloading web application '/SistemaDeposito'
04-Feb-2020 03:35:56.230 INFORMACIÓN [http-apr-8080-exec-198] org.apache.catalina.core.ApplicationContext.log Manager: list: Listing contexts for virtual host 'localhost'
04-Feb-2020 03:35:56.240 INFORMACIÓN [http-apr-8080-exec-191] org.apache.catalina.core.ApplicationContext.log Manager: restart: Reloading web application '/SistemaDeposito'
04-Feb-2020 03:38:54.999 INFORMACIÓN [http-apr-8080-exec-188] org.apache.catalina.core.ApplicationContext.log Manager: list: Listing contexts for virtual host 'localhost'
04-Feb-2020 03:38:55.010 INFORMACIÓN [http-apr-8080-exec-203] org.apache.catalina.core.ApplicationContext.log Manager: restart: Reloading web application '/SistemaDeposito'
04-Feb-2020 03:39:27.873 INFORMACIÓN [http-apr-8080-exec-207] org.apache.catalina.core.ApplicationContext.log Manager: list: Listing contexts for virtual host 'localhost'
04-Feb-2020 03:39:44.760 INFORMACIÓN [http-apr-8080-exec-211] org.apache.catalina.core.ApplicationContext.log Manager: list: Listing contexts for virtual host 'localhost'
04-Feb-2020 03:39:44.763 INFORMACIÓN [http-apr-8080-exec-212] org.apache.catalina.core.ApplicationContext.log Manager: list: Listing contexts for virtual host 'localhost'
04-Feb-2020 03:39:44.811 INFORMACIÓN [http-apr-8080-exec-207] org.apache.catalina.core.ApplicationContext.log Manager: restart: Reloading web application '/SistemaDeposito'
04-Feb-2020 03:40:42.580 INFORMACIÓN [http-apr-8080-exec-213] org.apache.catalina.core.ApplicationContext.log Manager: list: Listing contexts for virtual host 'localhost'
04-Feb-2020 03:40:42.589 INFORMACIÓN [http-apr-8080-exec-206] org.apache.catalina.core.ApplicationContext.log Manager: restart: Reloading web application '/SistemaDeposito'
04-Feb-2020 03:44:50.637 INFORMACIÓN [http-apr-8080-exec-223] org.apache.catalina.core.ApplicationContext.log Manager: list: Listing contexts for virtual host 'localhost'
04-Feb-2020 03:44:51.163 INFORMACIÓN [http-apr-8080-exec-220] org.apache.catalina.core.ApplicationContext.log Manager: list: Listing contexts for virtual host 'localhost'
04-Feb-2020 03:44:51.171 INFORMACIÓN [http-apr-8080-exec-221] org.apache.catalina.core.ApplicationContext.log Manager: restart: Reloading web application '/SistemaDeposito'
04-Feb-2020 03:46:55.600 INFORMACIÓN [http-apr-8080-exec-232] org.apache.catalina.core.ApplicationContext.log Manager: list: Listing contexts for virtual host 'localhost'
04-Feb-2020 03:47:29.318 INFORMACIÓN [http-apr-8080-exec-232] org.apache.catalina.core.ApplicationContext.log Manager: list: Listing contexts for virtual host 'localhost'
04-Feb-2020 03:48:24.553 INFORMACIÓN [http-apr-8080-exec-226] org.apache.catalina.core.ApplicationContext.log Manager: list: Listing contexts for virtual host 'localhost'
04-Feb-2020 03:48:45.868 INFORMACIÓN [http-apr-8080-exec-226] org.apache.catalina.core.ApplicationContext.log Manager: list: Listing contexts for virtual host 'localhost'
04-Feb-2020 03:49:15.491 INFORMACIÓN [http-apr-8080-exec-226] org.apache.catalina.core.ApplicationContext.log Manager: list: Listing contexts for virtual host 'localhost'
04-Feb-2020 03:49:15.512 INFORMACIÓN [http-apr-8080-exec-227] org.apache.catalina.core.ApplicationContext.log Manager: restart: Reloading web application '/SistemaDeposito'
04-Feb-2020 03:49:17.633 INFORMACIÓN [http-apr-8080-exec-230] org.apache.catalina.core.ApplicationContext.log Manager: list: Listing contexts for virtual host 'localhost'
04-Feb-2020 03:49:17.640 INFORMACIÓN [http-apr-8080-exec-233] org.apache.catalina.core.ApplicationContext.log Manager: restart: Reloading web application '/SistemaDeposito'
04-Feb-2020 03:49:24.777 INFORMACIÓN [http-apr-8080-exec-229] org.apache.catalina.core.ApplicationContext.log Manager: list: Listing contexts for virtual host 'localhost'
04-Feb-2020 03:49:24.779 INFORMACIÓN [http-apr-8080-exec-238] org.apache.catalina.core.ApplicationContext.log Manager: list: Listing contexts for virtual host 'localhost'
04-Feb-2020 03:49:24.826 INFORMACIÓN [http-apr-8080-exec-234] org.apache.catalina.core.ApplicationContext.log Manager: restart: Reloading web application '/SistemaDeposito'
04-Feb-2020 03:50:25.221 INFORMACIÓN [http-apr-8080-exec-237] org.apache.catalina.core.ApplicationContext.log Manager: list: Listing contexts for virtual host 'localhost'
04-Feb-2020 03:50:39.410 INFORMACIÓN [http-apr-8080-exec-239] org.apache.catalina.core.ApplicationContext.log Manager: list: Listing contexts for virtual host 'localhost'
04-Feb-2020 03:50:39.413 INFORMACIÓN [http-apr-8080-exec-244] org.apache.catalina.core.ApplicationContext.log Manager: list: Listing contexts for virtual host 'localhost'
04-Feb-2020 03:52:53.429 INFORMACIÓN [http-apr-8080-exec-245] org.apache.catalina.core.ApplicationContext.log Manager: list: Listing contexts for virtual host 'localhost'
04-Feb-2020 03:54:09.305 INFORMACIÓN [http-apr-8080-exec-245] org.apache.catalina.core.ApplicationContext.log Manager: list: Listing contexts for virtual host 'localhost'
04-Feb-2020 03:54:59.955 INFORMACIÓN [http-apr-8080-exec-241] org.apache.catalina.core.ApplicationContext.log Manager: list: Listing contexts for virtual host 'localhost'
04-Feb-2020 04:03:04.829 INFORMACIÓN [http-apr-8080-exec-245] org.apache.catalina.core.ApplicationContext.log Manager: list: Listing contexts for virtual host 'localhost'
04-Feb-2020 04:03:04.853 INFORMACIÓN [http-apr-8080-exec-241] org.apache.catalina.core.ApplicationContext.log Manager: restart: Reloading web application '/SistemaDeposito'
04-Feb-2020 04:04:15.059 INFORMACIÓN [http-apr-8080-exec-242] org.apache.catalina.core.ApplicationContext.log Manager: list: Listing contexts for virtual host 'localhost'
04-Feb-2020 04:05:47.808 INFORMACIÓN [http-apr-8080-exec-245] org.apache.catalina.core.ApplicationContext.log Manager: list: Listing contexts for virtual host 'localhost'
04-Feb-2020 04:06:43.826 INFORMACIÓN [http-apr-8080-exec-245] org.apache.catalina.core.ApplicationContext.log Manager: list: Listing contexts for virtual host 'localhost'
04-Feb-2020 04:06:43.835 INFORMACIÓN [http-apr-8080-exec-248] org.apache.catalina.core.ApplicationContext.log Manager: restart: Reloading web application '/SistemaDeposito'
04-Feb-2020 04:06:51.160 INFORMACIÓN [http-apr-8080-exec-252] org.apache.catalina.core.ApplicationContext.log Manager: list: Listing contexts for virtual host 'localhost'
04-Feb-2020 04:06:51.162 INFORMACIÓN [http-apr-8080-exec-253] org.apache.catalina.core.ApplicationContext.log Manager: list: Listing contexts for virtual host 'localhost'
04-Feb-2020 04:06:51.212 INFORMACIÓN [http-apr-8080-exec-259] org.apache.catalina.core.ApplicationContext.log Manager: restart: Reloading web application '/SistemaDeposito'
04-Feb-2020 04:07:50.782 INFORMACIÓN [http-apr-8080-exec-261] org.apache.catalina.core.ApplicationContext.log Manager: list: Listing contexts for virtual host 'localhost'
04-Feb-2020 04:08:19.287 INFORMACIÓN [http-apr-8080-exec-261] org.apache.catalina.core.ApplicationContext.log Manager: list: Listing contexts for virtual host 'localhost'
04-Feb-2020 04:08:19.309 INFORMACIÓN [http-apr-8080-exec-262] org.apache.catalina.core.ApplicationContext.log Manager: stop: Stopping web application '/SistemaDeposito'
04-Feb-2020 04:08:19.334 INFORMACIÓN [http-apr-8080-exec-266] org.apache.catalina.core.ApplicationContext.log Manager: start: Starting web application '/SistemaDeposito'
04-Feb-2020 04:08:21.353 INFORMACIÓN [http-apr-8080-exec-242] org.apache.catalina.core.ApplicationContext.log Manager: list: Listing contexts for virtual host 'localhost'
04-Feb-2020 04:08:21.359 INFORMACIÓN [http-apr-8080-exec-265] org.apache.catalina.core.ApplicationContext.log Manager: restart: Reloading web application '/SistemaDeposito'
04-Feb-2020 04:08:49.928 INFORMACIÓN [http-apr-8080-exec-264] org.apache.catalina.core.ApplicationContext.log Manager: list: Listing contexts for virtual host 'localhost'
04-Feb-2020 04:08:49.937 INFORMACIÓN [http-apr-8080-exec-258] org.apache.catalina.core.ApplicationContext.log Manager: restart: Reloading web application '/SistemaDeposito'
04-Feb-2020 04:09:02.096 INFORMACIÓN [http-apr-8080-exec-269] org.apache.catalina.core.ApplicationContext.log Manager: list: Listing contexts for virtual host 'localhost'
04-Feb-2020 04:13:00.001 INFORMACIÓN [http-apr-8080-exec-274] org.apache.catalina.core.ApplicationContext.log Manager: list: Listing contexts for virtual host 'localhost'
04-Feb-2020 04:13:06.240 INFORMACIÓN [http-apr-8080-exec-272] org.apache.catalina.core.ApplicationContext.log Manager: list: Listing contexts for virtual host 'localhost'
04-Feb-2020 04:13:06.249 INFORMACIÓN [http-apr-8080-exec-273] org.apache.catalina.core.ApplicationContext.log Manager: undeploy: Undeploying web application at '/SistemaDeposito'
04-Feb-2020 04:13:13.200 INFORMACIÓN [http-apr-8080-exec-281] org.apache.catalina.core.ApplicationContext.log Manager: list: Listing contexts for virtual host 'localhost'
04-Feb-2020 04:13:13.202 INFORMACIÓN [http-apr-8080-exec-282] org.apache.catalina.core.ApplicationContext.log Manager: list: Listing contexts for virtual host 'localhost'
04-Feb-2020 04:13:13.211 INFORMACIÓN [http-apr-8080-exec-280] org.apache.catalina.core.ApplicationContext.log Manager: install: Installing context configuration at 'file:/C:/Users/soare/AppData/Local/Temp/context1781723578478352885.xml'
04-Feb-2020 04:13:15.006 INFORMACIÓN [http-apr-8080-exec-274] org.apache.catalina.core.ApplicationContext.log Manager: start: Starting web application '/SistemaDeposito'
04-Feb-2020 04:14:47.881 INFORMACIÓN [http-apr-8080-exec-271] org.apache.catalina.core.ApplicationContext.log Manager: list: Listing contexts for virtual host 'localhost'
04-Feb-2020 04:17:51.216 INFORMACIÓN [http-apr-8080-exec-285] org.apache.catalina.core.ApplicationContext.log Manager: list: Listing contexts for virtual host 'localhost'
04-Feb-2020 04:18:07.777 INFORMACIÓN [http-apr-8080-exec-285] org.apache.catalina.core.ApplicationContext.log Manager: list: Listing contexts for virtual host 'localhost'
04-Feb-2020 04:18:54.978 INFORMACIÓN [http-apr-8080-exec-285] org.apache.catalina.core.ApplicationContext.log Manager: list: Listing contexts for virtual host 'localhost'
04-Feb-2020 04:20:48.559 INFORMACIÓN [http-apr-8080-exec-290] org.apache.catalina.core.ApplicationContext.log Manager: list: Listing contexts for virtual host 'localhost'
04-Feb-2020 04:21:11.380 INFORMACIÓN [http-apr-8080-exec-290] org.apache.catalina.core.ApplicationContext.log Manager: list: Listing contexts for virtual host 'localhost'
04-Feb-2020 04:21:11.383 INFORMACIÓN [http-apr-8080-exec-288] org.apache.catalina.core.ApplicationContext.log Manager: list: Listing contexts for virtual host 'localhost'
04-Feb-2020 04:21:39.195 INFORMACIÓN [http-apr-8080-exec-290] org.apache.catalina.core.ApplicationContext.log Manager: list: Listing contexts for virtual host 'localhost'
04-Feb-2020 04:21:39.204 INFORMACIÓN [http-apr-8080-exec-288] org.apache.catalina.core.ApplicationContext.log Manager: undeploy: Undeploying web application at '/SistemaDeposito'
04-Feb-2020 04:25:18.094 INFORMACIÓN [http-apr-8080-exec-290] org.apache.catalina.core.ApplicationContext.log Manager: list: Listing contexts for virtual host 'localhost'
04-Feb-2020 04:25:31.621 INFORMACIÓN [http-apr-8080-exec-289] org.apache.catalina.core.ApplicationContext.log Manager: list: Listing contexts for virtual host 'localhost'
04-Feb-2020 04:25:41.074 INFORMACIÓN [http-apr-8080-exec-289] org.apache.catalina.core.ApplicationContext.log Manager: list: Listing contexts for virtual host 'localhost'
04-Feb-2020 04:25:41.076 INFORMACIÓN [http-apr-8080-exec-298] org.apache.catalina.core.ApplicationContext.log Manager: list: Listing contexts for virtual host 'localhost'
04-Feb-2020 04:25:41.084 INFORMACIÓN [http-apr-8080-exec-290] org.apache.catalina.core.ApplicationContext.log Manager: install: Installing context configuration at 'file:/C:/Users/soare/AppData/Local/Temp/context1182160841871253895.xml'
04-Feb-2020 04:25:42.865 INFORMACIÓN [http-apr-8080-exec-297] org.apache.catalina.core.ApplicationContext.log Manager: start: Starting web application '/SistemaDeposito'
04-Feb-2020 04:27:33.646 INFORMACIÓN [http-apr-8080-exec-299] org.apache.catalina.core.ApplicationContext.log Manager: list: Listing contexts for virtual host 'localhost'
04-Feb-2020 04:27:36.722 INFORMACIÓN [http-apr-8080-exec-297] org.apache.catalina.core.ApplicationContext.log Manager: list: Listing contexts for virtual host 'localhost'
04-Feb-2020 04:27:36.725 INFORMACIÓN [http-apr-8080-exec-293] org.apache.catalina.core.ApplicationContext.log Manager: list: Listing contexts for virtual host 'localhost'
04-Feb-2020 04:27:40.601 INFORMACIÓN [http-apr-8080-exec-291] org.apache.catalina.core.ApplicationContext.log Manager: list: Listing contexts for virtual host 'localhost'
04-Feb-2020 04:27:40.603 INFORMACIÓN [http-apr-8080-exec-295] org.apache.catalina.core.ApplicationContext.log Manager: list: Listing contexts for virtual host 'localhost'
04-Feb-2020 04:36:30.859 INFORMACIÓN [http-apr-8080-exec-297] org.apache.catalina.core.ApplicationContext.log Manager: list: Listing contexts for virtual host 'localhost'
04-Feb-2020 04:36:31.608 INFORMACIÓN [http-apr-8080-exec-296] org.apache.catalina.core.ApplicationContext.log Manager: list: Listing contexts for virtual host 'localhost'
04-Feb-2020 04:36:31.617 INFORMACIÓN [http-apr-8080-exec-300] org.apache.catalina.core.ApplicationContext.log Manager: restart: Reloading web application '/SistemaDeposito'
04-Feb-2020 04:36:39.825 INFORMACIÓN [http-apr-8080-exec-297] org.apache.catalina.core.ApplicationContext.log Manager: list: Listing contexts for virtual host 'localhost'
04-Feb-2020 04:36:39.828 INFORMACIÓN [http-apr-8080-exec-302] org.apache.catalina.core.ApplicationContext.log Manager: list: Listing contexts for virtual host 'localhost'
04-Feb-2020 04:36:39.874 INFORMACIÓN [http-apr-8080-exec-295] org.apache.catalina.core.ApplicationContext.log Manager: restart: Reloading web application '/SistemaDeposito'
04-Feb-2020 04:37:56.346 INFORMACIÓN [http-apr-8080-exec-297] org.apache.catalina.core.ApplicationContext.log Manager: list: Listing contexts for virtual host 'localhost'
04-Feb-2020 04:38:39.367 INFORMACIÓN [http-apr-8080-exec-305] org.apache.catalina.core.ApplicationContext.log Manager: list: Listing contexts for virtual host 'localhost'
04-Feb-2020 04:40:08.746 INFORMACIÓN [http-apr-8080-exec-303] org.apache.catalina.core.ApplicationContext.log Manager: list: Listing contexts for virtual host 'localhost'
04-Feb-2020 04:40:08.754 INFORMACIÓN [http-apr-8080-exec-312] org.apache.catalina.core.ApplicationContext.log Manager: undeploy: Undeploying web application at '/SistemaDeposito'
04-Feb-2020 04:43:51.955 INFORMACIÓN [http-apr-8080-exec-309] org.apache.catalina.core.ApplicationContext.log Manager: list: Listing contexts for virtual host 'localhost'
04-Feb-2020 04:44:01.703 INFORMACIÓN [http-apr-8080-exec-317] org.apache.catalina.core.ApplicationContext.log Manager: list: Listing contexts for virtual host 'localhost'
04-Feb-2020 04:44:07.799 INFORMACIÓN [http-apr-8080-exec-317] org.apache.catalina.core.ApplicationContext.log Manager: list: Listing contexts for virtual host 'localhost'
04-Feb-2020 04:44:07.801 INFORMACIÓN [http-apr-8080-exec-319] org.apache.catalina.core.ApplicationContext.log Manager: list: Listing contexts for virtual host 'localhost'
04-Feb-2020 04:44:07.810 INFORMACIÓN [http-apr-8080-exec-310] org.apache.catalina.core.ApplicationContext.log Manager: install: Installing context configuration at 'file:/C:/Users/soare/AppData/Local/Temp/context6654144470663608056.xml'
04-Feb-2020 04:44:09.635 INFORMACIÓN [http-apr-8080-exec-311] org.apache.catalina.core.ApplicationContext.log Manager: start: Starting web application '/SistemaDeposito'
04-Feb-2020 04:46:07.830 INFORMACIÓN [http-apr-8080-exec-321] org.apache.catalina.core.ApplicationContext.log Manager: list: Listing contexts for virtual host 'localhost'
04-Feb-2020 04:46:09.923 INFORMACIÓN [http-apr-8080-exec-313] org.apache.catalina.core.ApplicationContext.log Manager: list: Listing contexts for virtual host 'localhost'
04-Feb-2020 04:46:09.926 INFORMACIÓN [http-apr-8080-exec-322] org.apache.catalina.core.ApplicationContext.log Manager: list: Listing contexts for virtual host 'localhost'
04-Feb-2020 04:48:17.759 INFORMACIÓN [http-apr-8080-exec-316] org.apache.catalina.core.ApplicationContext.log Manager: list: Listing contexts for virtual host 'localhost'
04-Feb-2020 04:59:04.134 INFORMACIÓN [http-apr-8080-exec-321] org.apache.catalina.core.ApplicationContext.log Manager: list: Listing contexts for virtual host 'localhost'
04-Feb-2020 04:59:04.772 INFORMACIÓN [http-apr-8080-exec-317] org.apache.catalina.core.ApplicationContext.log Manager: list: Listing contexts for virtual host 'localhost'
04-Feb-2020 04:59:04.784 INFORMACIÓN [http-apr-8080-exec-316] org.apache.catalina.core.ApplicationContext.log Manager: restart: Reloading web application '/SistemaDeposito'
04-Feb-2020 04:59:50.125 INFORMACIÓN [http-apr-8080-exec-317] org.apache.catalina.core.ApplicationContext.log Manager: list: Listing contexts for virtual host 'localhost'
04-Feb-2020 05:02:42.722 INFORMACIÓN [http-apr-8080-exec-327] org.apache.catalina.core.ApplicationContext.log Manager: list: Listing contexts for virtual host 'localhost'
04-Feb-2020 17:58:10.862 INFORMACIÓN [http-apr-8080-exec-328] org.apache.catalina.core.ApplicationContext.log Manager: list: Listing contexts for virtual host 'localhost'
04-Feb-2020 17:58:10.865 INFORMACIÓN [http-apr-8080-exec-332] org.apache.catalina.core.ApplicationContext.log Manager: list: Listing contexts for virtual host 'localhost'
04-Feb-2020 17:58:10.911 INFORMACIÓN [http-apr-8080-exec-330] org.apache.catalina.core.ApplicationContext.log Manager: restart: Reloading web application '/SistemaDeposito'
04-Feb-2020 18:55:36.415 INFORMACIÓN [http-apr-8080-exec-341] org.apache.catalina.core.ApplicationContext.log Manager: list: Listing contexts for virtual host 'localhost'
04-Feb-2020 18:55:40.511 INFORMACIÓN [http-apr-8080-exec-339] org.apache.catalina.core.ApplicationContext.log Manager: list: Listing contexts for virtual host 'localhost'
