30-Jan-2020 00:00:27.233 INFORMACIÓN [http-apr-8080-exec-198] org.apache.catalina.core.ApplicationContext.log Manager: list: Listing contexts for virtual host 'localhost'
30-Jan-2020 00:01:12.429 INFORMACIÓN [http-apr-8080-exec-201] org.apache.catalina.core.ApplicationContext.log Manager: list: Listing contexts for virtual host 'localhost'
30-Jan-2020 00:01:48.656 INFORMACIÓN [http-apr-8080-exec-197] org.apache.catalina.core.ApplicationContext.log Manager: list: Listing contexts for virtual host 'localhost'
30-Jan-2020 00:02:15.630 INFORMACIÓN [http-apr-8080-exec-200] org.apache.catalina.core.ApplicationContext.log Manager: list: Listing contexts for virtual host 'localhost'
30-Jan-2020 00:03:41.880 INFORMACIÓN [http-apr-8080-exec-193] org.apache.catalina.core.ApplicationContext.log Manager: list: Listing contexts for virtual host 'localhost'
30-Jan-2020 00:04:06.035 INFORMACIÓN [http-apr-8080-exec-199] org.apache.catalina.core.ApplicationContext.log Manager: list: Listing contexts for virtual host 'localhost'
30-Jan-2020 00:04:40.099 INFORMACIÓN [http-apr-8080-exec-197] org.apache.catalina.core.ApplicationContext.log Manager: list: Listing contexts for virtual host 'localhost'
30-Jan-2020 00:05:08.257 INFORMACIÓN [http-apr-8080-exec-192] org.apache.catalina.core.ApplicationContext.log Manager: list: Listing contexts for virtual host 'localhost'
30-Jan-2020 00:05:40.484 INFORMACIÓN [http-apr-8080-exec-192] org.apache.catalina.core.ApplicationContext.log Manager: list: Listing contexts for virtual host 'localhost'
30-Jan-2020 00:05:46.323 INFORMACIÓN [http-apr-8080-exec-195] org.apache.catalina.core.ApplicationContext.log Manager: list: Listing contexts for virtual host 'localhost'
30-Jan-2020 00:06:09.824 INFORMACIÓN [http-apr-8080-exec-199] org.apache.catalina.core.ApplicationContext.log Manager: list: Listing contexts for virtual host 'localhost'
30-Jan-2020 00:06:43.908 INFORMACIÓN [http-apr-8080-exec-194] org.apache.catalina.core.ApplicationContext.log Manager: list: Listing contexts for virtual host 'localhost'
30-Jan-2020 00:07:11.426 INFORMACIÓN [http-apr-8080-exec-198] org.apache.catalina.core.ApplicationContext.log Manager: list: Listing contexts for virtual host 'localhost'
30-Jan-2020 00:07:20.379 INFORMACIÓN [http-apr-8080-exec-201] org.apache.catalina.core.ApplicationContext.log Manager: list: Listing contexts for virtual host 'localhost'
30-Jan-2020 00:07:28.645 INFORMACIÓN [http-apr-8080-exec-193] org.apache.catalina.core.ApplicationContext.log Manager: list: Listing contexts for virtual host 'localhost'
30-Jan-2020 00:08:31.537 INFORMACIÓN [http-apr-8080-exec-197] org.apache.catalina.core.ApplicationContext.log Manager: list: Listing contexts for virtual host 'localhost'
30-Jan-2020 00:08:42.560 INFORMACIÓN [http-apr-8080-exec-199] org.apache.catalina.core.ApplicationContext.log Manager: list: Listing contexts for virtual host 'localhost'
30-Jan-2020 00:08:55.844 INFORMACIÓN [http-apr-8080-exec-196] org.apache.catalina.core.ApplicationContext.log Manager: list: Listing contexts for virtual host 'localhost'
30-Jan-2020 00:09:17.190 INFORMACIÓN [http-apr-8080-exec-195] org.apache.catalina.core.ApplicationContext.log Manager: list: Listing contexts for virtual host 'localhost'
30-Jan-2020 00:09:35.018 INFORMACIÓN [http-apr-8080-exec-193] org.apache.catalina.core.ApplicationContext.log Manager: list: Listing contexts for virtual host 'localhost'
30-Jan-2020 00:20:42.838 INFORMACIÓN [http-apr-8080-exec-193] org.apache.catalina.core.ApplicationContext.log Manager: list: Listing contexts for virtual host 'localhost'
30-Jan-2020 00:20:52.542 INFORMACIÓN [http-apr-8080-exec-193] org.apache.catalina.core.ApplicationContext.log Manager: list: Listing contexts for virtual host 'localhost'
30-Jan-2020 00:29:01.581 INFORMACIÓN [http-apr-8080-exec-201] org.apache.catalina.core.ApplicationContext.log Manager: list: Listing contexts for virtual host 'localhost'
30-Jan-2020 00:30:18.627 INFORMACIÓN [http-apr-8080-exec-200] org.apache.catalina.core.ApplicationContext.log Manager: list: Listing contexts for virtual host 'localhost'
30-Jan-2020 00:30:38.785 INFORMACIÓN [http-apr-8080-exec-193] org.apache.catalina.core.ApplicationContext.log Manager: list: Listing contexts for virtual host 'localhost'
30-Jan-2020 00:40:06.284 INFORMACIÓN [http-apr-8080-exec-199] org.apache.catalina.core.ApplicationContext.log Manager: list: Listing contexts for virtual host 'localhost'
30-Jan-2020 00:40:29.372 INFORMACIÓN [http-apr-8080-exec-197] org.apache.catalina.core.ApplicationContext.log Manager: list: Listing contexts for virtual host 'localhost'
30-Jan-2020 00:41:14.916 INFORMACIÓN [http-apr-8080-exec-201] org.apache.catalina.core.ApplicationContext.log Manager: list: Listing contexts for virtual host 'localhost'
30-Jan-2020 00:41:49.925 INFORMACIÓN [http-apr-8080-exec-200] org.apache.catalina.core.ApplicationContext.log Manager: list: Listing contexts for virtual host 'localhost'
30-Jan-2020 00:42:35.751 INFORMACIÓN [http-apr-8080-exec-193] org.apache.catalina.core.ApplicationContext.log Manager: list: Listing contexts for virtual host 'localhost'
30-Jan-2020 00:44:12.538 INFORMACIÓN [http-apr-8080-exec-199] org.apache.catalina.core.ApplicationContext.log Manager: list: Listing contexts for virtual host 'localhost'
30-Jan-2020 00:49:47.282 INFORMACIÓN [http-apr-8080-exec-199] org.apache.catalina.core.ApplicationContext.log Manager: list: Listing contexts for virtual host 'localhost'
30-Jan-2020 00:49:49.822 INFORMACIÓN [http-apr-8080-exec-201] org.apache.catalina.core.ApplicationContext.log Manager: list: Listing contexts for virtual host 'localhost'
30-Jan-2020 00:49:49.877 INFORMACIÓN [http-apr-8080-exec-199] org.apache.catalina.core.ApplicationContext.log Manager: restart: Reloading web application '/SistemaDeposito'
30-Jan-2020 00:49:53.825 INFORMACIÓN [http-apr-8080-exec-200] org.apache.catalina.core.ApplicationContext.log Manager: list: Listing contexts for virtual host 'localhost'
30-Jan-2020 00:50:23.871 INFORMACIÓN [http-apr-8080-exec-200] org.apache.catalina.core.ApplicationContext.log Manager: list: Listing contexts for virtual host 'localhost'
30-Jan-2020 00:50:23.885 INFORMACIÓN [http-apr-8080-exec-194] org.apache.catalina.core.ApplicationContext.log Manager: stop: Stopping web application '/SistemaDeposito'
30-Jan-2020 00:50:23.993 INFORMACIÓN [http-apr-8080-exec-202] org.apache.catalina.core.ApplicationContext.log Manager: start: Starting web application '/SistemaDeposito'
30-Jan-2020 00:50:26.667 INFORMACIÓN [http-apr-8080-exec-200] org.apache.catalina.core.ApplicationContext.log Manager: list: Listing contexts for virtual host 'localhost'
30-Jan-2020 00:50:26.677 INFORMACIÓN [http-apr-8080-exec-196] org.apache.catalina.core.ApplicationContext.log Manager: restart: Reloading web application '/SistemaDeposito'
30-Jan-2020 01:00:46.220 INFORMACIÓN [http-apr-8080-exec-212] org.apache.catalina.core.ApplicationContext.log Manager: list: Listing contexts for virtual host 'localhost'
30-Jan-2020 01:01:05.440 INFORMACIÓN [http-apr-8080-exec-210] org.apache.catalina.core.ApplicationContext.log Manager: list: Listing contexts for virtual host 'localhost'
30-Jan-2020 01:01:05.450 INFORMACIÓN [http-apr-8080-exec-215] org.apache.catalina.core.ApplicationContext.log Manager: restart: Reloading web application '/SistemaDeposito'
30-Jan-2020 01:25:03.243 INFORMACIÓN [http-apr-8080-exec-218] org.apache.catalina.core.ApplicationContext.log Manager: list: Listing contexts for virtual host 'localhost'
30-Jan-2020 01:26:42.123 INFORMACIÓN [http-apr-8080-exec-221] org.apache.catalina.core.ApplicationContext.log Manager: list: Listing contexts for virtual host 'localhost'
30-Jan-2020 01:27:09.415 INFORMACIÓN [http-apr-8080-exec-221] org.apache.catalina.core.ApplicationContext.log Manager: list: Listing contexts for virtual host 'localhost'
30-Jan-2020 01:27:29.324 INFORMACIÓN [http-apr-8080-exec-221] org.apache.catalina.core.ApplicationContext.log Manager: list: Listing contexts for virtual host 'localhost'
30-Jan-2020 01:27:53.644 INFORMACIÓN [http-apr-8080-exec-222] org.apache.catalina.core.ApplicationContext.log Manager: list: Listing contexts for virtual host 'localhost'
30-Jan-2020 01:28:21.979 INFORMACIÓN [http-apr-8080-exec-217] org.apache.catalina.core.ApplicationContext.log Manager: list: Listing contexts for virtual host 'localhost'
30-Jan-2020 01:28:21.982 INFORMACIÓN [http-apr-8080-exec-219] org.apache.catalina.core.ApplicationContext.log Manager: list: Listing contexts for virtual host 'localhost'
30-Jan-2020 01:28:22.031 INFORMACIÓN [http-apr-8080-exec-218] org.apache.catalina.core.ApplicationContext.log Manager: stop: Stopping web application '/SistemaDeposito'
30-Jan-2020 01:28:22.061 INFORMACIÓN [http-apr-8080-exec-222] org.apache.catalina.core.ApplicationContext.log Manager: start: Starting web application '/SistemaDeposito'
30-Jan-2020 01:31:55.033 INFORMACIÓN [http-apr-8080-exec-228] org.apache.catalina.core.ApplicationContext.log Manager: list: Listing contexts for virtual host 'localhost'
30-Jan-2020 01:35:54.753 INFORMACIÓN [http-apr-8080-exec-227] org.apache.catalina.core.ApplicationContext.log Manager: list: Listing contexts for virtual host 'localhost'
30-Jan-2020 01:46:29.093 INFORMACIÓN [http-apr-8080-exec-230] org.apache.catalina.core.ApplicationContext.log Manager: list: Listing contexts for virtual host 'localhost'
30-Jan-2020 01:49:52.629 INFORMACIÓN [http-apr-8080-exec-230] org.apache.catalina.core.ApplicationContext.log Manager: list: Listing contexts for virtual host 'localhost'
30-Jan-2020 01:56:51.424 INFORMACIÓN [http-apr-8080-exec-230] org.apache.catalina.core.ApplicationContext.log Manager: list: Listing contexts for virtual host 'localhost'
30-Jan-2020 01:56:59.096 INFORMACIÓN [http-apr-8080-exec-230] org.apache.catalina.core.ApplicationContext.log Manager: list: Listing contexts for virtual host 'localhost'
30-Jan-2020 01:57:02.160 INFORMACIÓN [http-apr-8080-exec-229] org.apache.catalina.core.ApplicationContext.log Manager: list: Listing contexts for virtual host 'localhost'
30-Jan-2020 01:59:03.488 INFORMACIÓN [http-apr-8080-exec-229] org.apache.catalina.core.ApplicationContext.log Manager: list: Listing contexts for virtual host 'localhost'
30-Jan-2020 02:00:15.985 INFORMACIÓN [http-apr-8080-exec-229] org.apache.catalina.core.ApplicationContext.log Manager: list: Listing contexts for virtual host 'localhost'
30-Jan-2020 02:00:49.661 INFORMACIÓN [http-apr-8080-exec-233] org.apache.catalina.core.ApplicationContext.log Manager: list: Listing contexts for virtual host 'localhost'
30-Jan-2020 02:01:39.347 INFORMACIÓN [http-apr-8080-exec-228] org.apache.catalina.core.ApplicationContext.log Manager: list: Listing contexts for virtual host 'localhost'
30-Jan-2020 02:01:58.249 INFORMACIÓN [http-apr-8080-exec-226] org.apache.catalina.core.ApplicationContext.log Manager: list: Listing contexts for virtual host 'localhost'
30-Jan-2020 02:02:37.205 INFORMACIÓN [http-apr-8080-exec-226] org.apache.catalina.core.ApplicationContext.log Manager: list: Listing contexts for virtual host 'localhost'
30-Jan-2020 02:03:52.314 INFORMACIÓN [http-apr-8080-exec-230] org.apache.catalina.core.ApplicationContext.log Manager: list: Listing contexts for virtual host 'localhost'
30-Jan-2020 02:05:33.143 INFORMACIÓN [http-apr-8080-exec-230] org.apache.catalina.core.ApplicationContext.log Manager: list: Listing contexts for virtual host 'localhost'
30-Jan-2020 02:05:33.158 INFORMACIÓN [http-apr-8080-exec-233] org.apache.catalina.core.ApplicationContext.log Manager: undeploy: Undeploying web application at '/SistemaDeposito'
30-Jan-2020 02:05:43.126 INFORMACIÓN [http-apr-8080-exec-229] org.apache.catalina.core.ApplicationContext.log Manager: list: Listing contexts for virtual host 'localhost'
30-Jan-2020 02:05:43.126 INFORMACIÓN [http-apr-8080-exec-236] org.apache.catalina.core.ApplicationContext.log Manager: list: Listing contexts for virtual host 'localhost'
30-Jan-2020 02:05:43.142 INFORMACIÓN [http-apr-8080-exec-232] org.apache.catalina.core.ApplicationContext.log Manager: install: Installing context configuration at 'file:/C:/Users/soare/AppData/Local/Temp/context7882663445187415014.xml'
30-Jan-2020 02:05:45.643 INFORMACIÓN [http-apr-8080-exec-228] org.apache.catalina.core.ApplicationContext.log Manager: start: Starting web application '/SistemaDeposito'
30-Jan-2020 02:07:09.333 INFORMACIÓN [http-apr-8080-exec-231] org.apache.catalina.core.ApplicationContext.log Manager: list: Listing contexts for virtual host 'localhost'
30-Jan-2020 02:07:28.782 INFORMACIÓN [http-apr-8080-exec-243] org.apache.catalina.core.ApplicationContext.log Manager: list: Listing contexts for virtual host 'localhost'
30-Jan-2020 02:08:30.330 INFORMACIÓN [http-apr-8080-exec-245] org.apache.catalina.core.ApplicationContext.log Manager: list: Listing contexts for virtual host 'localhost'
30-Jan-2020 02:08:30.346 INFORMACIÓN [http-apr-8080-exec-239] org.apache.catalina.core.ApplicationContext.log Manager: undeploy: Undeploying web application at '/SistemaDeposito'
30-Jan-2020 02:08:36.136 INFORMACIÓN [http-apr-8080-exec-246] org.apache.catalina.core.ApplicationContext.log Manager: list: Listing contexts for virtual host 'localhost'
30-Jan-2020 02:08:36.136 INFORMACIÓN [http-apr-8080-exec-247] org.apache.catalina.core.ApplicationContext.log Manager: list: Listing contexts for virtual host 'localhost'
30-Jan-2020 02:08:36.152 INFORMACIÓN [http-apr-8080-exec-240] org.apache.catalina.core.ApplicationContext.log Manager: install: Installing context configuration at 'file:/C:/Users/soare/AppData/Local/Temp/context8269782162155974368.xml'
30-Jan-2020 02:08:37.810 INFORMACIÓN [http-apr-8080-exec-244] org.apache.catalina.core.ApplicationContext.log Manager: start: Starting web application '/SistemaDeposito'
30-Jan-2020 02:10:49.226 INFORMACIÓN [http-apr-8080-exec-249] org.apache.catalina.core.ApplicationContext.log Manager: list: Listing contexts for virtual host 'localhost'
30-Jan-2020 02:13:40.086 INFORMACIÓN [http-apr-8080-exec-2] org.apache.catalina.core.ApplicationContext.log Manager: init: Associated with Deployer 'Catalina:type=Deployer,host=localhost'
30-Jan-2020 02:13:40.086 INFORMACIÓN [http-apr-8080-exec-2] org.apache.catalina.core.ApplicationContext.log Manager: init: Global resources are available
30-Jan-2020 02:13:40.088 INFORMACIÓN [http-apr-8080-exec-2] org.apache.catalina.core.ApplicationContext.log Manager: list: Listing contexts for virtual host 'localhost'
30-Jan-2020 02:13:40.096 INFORMACIÓN [http-apr-8080-exec-3] org.apache.catalina.core.ApplicationContext.log Manager: list: Listing contexts for virtual host 'localhost'
30-Jan-2020 02:13:40.157 INFORMACIÓN [http-apr-8080-exec-4] org.apache.catalina.core.ApplicationContext.log Manager: undeploy: Undeploying web application at '/SistemaDeposito'
30-Jan-2020 02:13:40.751 INFORMACIÓN [http-apr-8080-exec-6] org.apache.catalina.core.ApplicationContext.log Manager: install: Installing context configuration at 'file:/C:/Users/soare/AppData/Local/Temp/context851300369819259197.xml'
30-Jan-2020 02:15:25.221 INFORMACIÓN [http-apr-8080-exec-20] org.apache.catalina.core.ApplicationContext.log Manager: list: Listing contexts for virtual host 'localhost'
30-Jan-2020 02:15:25.268 INFORMACIÓN [http-apr-8080-exec-13] org.apache.catalina.core.ApplicationContext.log Manager: list: Listing contexts for virtual host 'localhost'
30-Jan-2020 02:17:22.407 INFORMACIÓN [http-apr-8080-exec-13] org.apache.catalina.core.ApplicationContext.log Manager: list: Listing contexts for virtual host 'localhost'
30-Jan-2020 02:17:38.285 INFORMACIÓN [http-apr-8080-exec-11] org.apache.catalina.core.ApplicationContext.log Manager: list: Listing contexts for virtual host 'localhost'
30-Jan-2020 02:19:10.298 INFORMACIÓN [http-apr-8080-exec-17] org.apache.catalina.core.ApplicationContext.log Manager: list: Listing contexts for virtual host 'localhost'
30-Jan-2020 02:19:36.484 INFORMACIÓN [http-apr-8080-exec-12] org.apache.catalina.core.ApplicationContext.log Manager: list: Listing contexts for virtual host 'localhost'
30-Jan-2020 02:19:41.215 INFORMACIÓN [http-apr-8080-exec-15] org.apache.catalina.core.ApplicationContext.log Manager: list: Listing contexts for virtual host 'localhost'
30-Jan-2020 02:19:41.231 INFORMACIÓN [http-apr-8080-exec-18] org.apache.catalina.core.ApplicationContext.log Manager: list: Listing contexts for virtual host 'localhost'
30-Jan-2020 02:20:22.222 INFORMACIÓN [http-apr-8080-exec-18] org.apache.catalina.core.ApplicationContext.log Manager: list: Listing contexts for virtual host 'localhost'
30-Jan-2020 02:20:59.010 INFORMACIÓN [http-apr-8080-exec-16] org.apache.catalina.core.ApplicationContext.log Manager: list: Listing contexts for virtual host 'localhost'
30-Jan-2020 02:22:35.865 INFORMACIÓN [http-apr-8080-exec-20] org.apache.catalina.core.ApplicationContext.log Manager: list: Listing contexts for virtual host 'localhost'
30-Jan-2020 02:22:47.708 INFORMACIÓN [http-apr-8080-exec-20] org.apache.catalina.core.ApplicationContext.log Manager: list: Listing contexts for virtual host 'localhost'
30-Jan-2020 02:23:07.217 INFORMACIÓN [http-apr-8080-exec-13] org.apache.catalina.core.ApplicationContext.log Manager: list: Listing contexts for virtual host 'localhost'
30-Jan-2020 02:23:24.781 INFORMACIÓN [http-apr-8080-exec-13] org.apache.catalina.core.ApplicationContext.log Manager: list: Listing contexts for virtual host 'localhost'
30-Jan-2020 02:27:05.239 INFORMACIÓN [http-apr-8080-exec-14] org.apache.catalina.core.ApplicationContext.log Manager: list: Listing contexts for virtual host 'localhost'
30-Jan-2020 02:27:34.127 INFORMACIÓN [http-apr-8080-exec-15] org.apache.catalina.core.ApplicationContext.log Manager: list: Listing contexts for virtual host 'localhost'
30-Jan-2020 02:28:01.623 INFORMACIÓN [http-apr-8080-exec-15] org.apache.catalina.core.ApplicationContext.log Manager: list: Listing contexts for virtual host 'localhost'
30-Jan-2020 02:34:04.492 INFORMACIÓN [http-apr-8080-exec-16] org.apache.catalina.core.ApplicationContext.log Manager: list: Listing contexts for virtual host 'localhost'
30-Jan-2020 02:34:04.508 INFORMACIÓN [http-apr-8080-exec-12] org.apache.catalina.core.ApplicationContext.log Manager: restart: Reloading web application '/SistemaDeposito'
30-Jan-2020 02:40:47.804 INFORMACIÓN [http-apr-8080-exec-28] org.apache.catalina.core.ApplicationContext.log Manager: list: Listing contexts for virtual host 'localhost'
30-Jan-2020 02:45:46.879 INFORMACIÓN [http-apr-8080-exec-28] org.apache.catalina.core.ApplicationContext.log Manager: list: Listing contexts for virtual host 'localhost'
30-Jan-2020 02:45:59.377 INFORMACIÓN [http-apr-8080-exec-28] org.apache.catalina.core.ApplicationContext.log Manager: list: Listing contexts for virtual host 'localhost'
30-Jan-2020 02:46:58.994 INFORMACIÓN [http-apr-8080-exec-29] org.apache.catalina.core.ApplicationContext.log Manager: list: Listing contexts for virtual host 'localhost'
30-Jan-2020 02:51:16.498 INFORMACIÓN [http-apr-8080-exec-24] org.apache.catalina.core.ApplicationContext.log Manager: list: Listing contexts for virtual host 'localhost'
30-Jan-2020 02:51:50.523 INFORMACIÓN [http-apr-8080-exec-24] org.apache.catalina.core.ApplicationContext.log Manager: list: Listing contexts for virtual host 'localhost'
30-Jan-2020 02:51:50.538 INFORMACIÓN [http-apr-8080-exec-25] org.apache.catalina.core.ApplicationContext.log Manager: restart: Reloading web application '/SistemaDeposito'
30-Jan-2020 02:53:41.424 INFORMACIÓN [http-apr-8080-exec-32] org.apache.catalina.core.ApplicationContext.log Manager: list: Listing contexts for virtual host 'localhost'
30-Jan-2020 02:53:41.440 INFORMACIÓN [http-apr-8080-exec-34] org.apache.catalina.core.ApplicationContext.log Manager: restart: Reloading web application '/SistemaDeposito'
30-Jan-2020 02:54:27.615 INFORMACIÓN [http-apr-8080-exec-41] org.apache.catalina.core.ApplicationContext.log Manager: list: Listing contexts for virtual host 'localhost'
30-Jan-2020 02:54:29.282 INFORMACIÓN [http-apr-8080-exec-39] org.apache.catalina.core.ApplicationContext.log Manager: list: Listing contexts for virtual host 'localhost'
30-Jan-2020 02:54:29.297 INFORMACIÓN [http-apr-8080-exec-37] org.apache.catalina.core.ApplicationContext.log Manager: undeploy: Undeploying web application at '/SistemaDeposito'
30-Jan-2020 02:54:38.775 INFORMACIÓN [http-apr-8080-exec-37] org.apache.catalina.core.ApplicationContext.log Manager: list: Listing contexts for virtual host 'localhost'
30-Jan-2020 02:54:38.775 INFORMACIÓN [http-apr-8080-exec-44] org.apache.catalina.core.ApplicationContext.log Manager: list: Listing contexts for virtual host 'localhost'
30-Jan-2020 02:54:38.791 INFORMACIÓN [http-apr-8080-exec-42] org.apache.catalina.core.ApplicationContext.log Manager: install: Installing context configuration at 'file:/C:/Users/soare/AppData/Local/Temp/context7637110140503724981.xml'
30-Jan-2020 02:54:40.763 INFORMACIÓN [http-apr-8080-exec-36] org.apache.catalina.core.ApplicationContext.log Manager: start: Starting web application '/SistemaDeposito'
30-Jan-2020 02:58:13.927 INFORMACIÓN [http-apr-8080-exec-44] org.apache.catalina.core.ApplicationContext.log Manager: list: Listing contexts for virtual host 'localhost'
30-Jan-2020 03:02:06.315 INFORMACIÓN [http-apr-8080-exec-44] org.apache.catalina.core.ApplicationContext.log Manager: list: Listing contexts for virtual host 'localhost'
30-Jan-2020 03:02:06.330 INFORMACIÓN [http-apr-8080-exec-45] org.apache.catalina.core.ApplicationContext.log Manager: restart: Reloading web application '/SistemaDeposito'
30-Jan-2020 03:03:36.234 INFORMACIÓN [http-apr-8080-exec-60] org.apache.catalina.core.ApplicationContext.log Manager: list: Listing contexts for virtual host 'localhost'
30-Jan-2020 03:03:57.327 INFORMACIÓN [http-apr-8080-exec-47] org.apache.catalina.core.ApplicationContext.log Manager: list: Listing contexts for virtual host 'localhost'
30-Jan-2020 03:04:53.127 INFORMACIÓN [http-apr-8080-exec-61] org.apache.catalina.core.ApplicationContext.log Manager: list: Listing contexts for virtual host 'localhost'
30-Jan-2020 03:06:32.410 INFORMACIÓN [http-apr-8080-exec-60] org.apache.catalina.core.ApplicationContext.log Manager: list: Listing contexts for virtual host 'localhost'
30-Jan-2020 03:06:54.131 INFORMACIÓN [http-apr-8080-exec-61] org.apache.catalina.core.ApplicationContext.log Manager: list: Listing contexts for virtual host 'localhost'
30-Jan-2020 03:06:55.889 INFORMACIÓN [http-apr-8080-exec-59] org.apache.catalina.core.ApplicationContext.log Manager: list: Listing contexts for virtual host 'localhost'
30-Jan-2020 03:06:55.904 INFORMACIÓN [http-apr-8080-exec-58] org.apache.catalina.core.ApplicationContext.log Manager: undeploy: Undeploying web application at '/SistemaDeposito'
30-Jan-2020 03:07:04.176 INFORMACIÓN [http-apr-8080-exec-64] org.apache.catalina.core.ApplicationContext.log Manager: list: Listing contexts for virtual host 'localhost'
30-Jan-2020 03:07:04.179 INFORMACIÓN [http-apr-8080-exec-65] org.apache.catalina.core.ApplicationContext.log Manager: list: Listing contexts for virtual host 'localhost'
30-Jan-2020 03:07:04.193 INFORMACIÓN [http-apr-8080-exec-60] org.apache.catalina.core.ApplicationContext.log Manager: install: Installing context configuration at 'file:/C:/Users/soare/AppData/Local/Temp/context4254549392467120352.xml'
30-Jan-2020 03:07:06.362 INFORMACIÓN [http-apr-8080-exec-62] org.apache.catalina.core.ApplicationContext.log Manager: start: Starting web application '/SistemaDeposito'
30-Jan-2020 03:09:39.564 INFORMACIÓN [http-apr-8080-exec-70] org.apache.catalina.core.ApplicationContext.log Manager: list: Listing contexts for virtual host 'localhost'
30-Jan-2020 03:13:46.978 INFORMACIÓN [http-apr-8080-exec-66] org.apache.catalina.core.ApplicationContext.log Manager: list: Listing contexts for virtual host 'localhost'
30-Jan-2020 03:13:46.987 INFORMACIÓN [http-apr-8080-exec-67] org.apache.catalina.core.ApplicationContext.log Manager: restart: Reloading web application '/SistemaDeposito'
30-Jan-2020 03:16:57.890 INFORMACIÓN [http-apr-8080-exec-75] org.apache.catalina.core.ApplicationContext.log Manager: list: Listing contexts for virtual host 'localhost'
30-Jan-2020 03:18:02.142 INFORMACIÓN [http-apr-8080-exec-81] org.apache.catalina.core.ApplicationContext.log Manager: list: Listing contexts for virtual host 'localhost'
30-Jan-2020 03:20:45.105 INFORMACIÓN [http-apr-8080-exec-82] org.apache.catalina.core.ApplicationContext.log Manager: list: Listing contexts for virtual host 'localhost'
30-Jan-2020 03:21:28.971 INFORMACIÓN [http-apr-8080-exec-74] org.apache.catalina.core.ApplicationContext.log Manager: list: Listing contexts for virtual host 'localhost'
30-Jan-2020 18:09:55.707 INFORMACIÓN [http-apr-8080-exec-82] org.apache.catalina.core.ApplicationContext.log Manager: list: Listing contexts for virtual host 'localhost'
30-Jan-2020 18:09:55.722 INFORMACIÓN [http-apr-8080-exec-76] org.apache.catalina.core.ApplicationContext.log Manager: list: Listing contexts for virtual host 'localhost'
30-Jan-2020 18:09:55.769 INFORMACIÓN [http-apr-8080-exec-74] org.apache.catalina.core.ApplicationContext.log Manager: restart: Reloading web application '/SistemaDeposito'
30-Jan-2020 18:16:09.300 INFORMACIÓN [http-apr-8080-exec-92] org.apache.catalina.core.ApplicationContext.log Manager: list: Listing contexts for virtual host 'localhost'
30-Jan-2020 18:17:13.450 INFORMACIÓN [http-apr-8080-exec-86] org.apache.catalina.core.ApplicationContext.log Manager: list: Listing contexts for virtual host 'localhost'
30-Jan-2020 18:23:36.404 INFORMACIÓN [http-apr-8080-exec-84] org.apache.catalina.core.ApplicationContext.log Manager: list: Listing contexts for virtual host 'localhost'
30-Jan-2020 18:23:38.220 INFORMACIÓN [http-apr-8080-exec-88] org.apache.catalina.core.ApplicationContext.log Manager: list: Listing contexts for virtual host 'localhost'
30-Jan-2020 18:23:38.233 INFORMACIÓN [http-apr-8080-exec-86] org.apache.catalina.core.ApplicationContext.log Manager: restart: Reloading web application '/SistemaDeposito'
30-Jan-2020 18:23:40.486 INFORMACIÓN [http-apr-8080-exec-93] org.apache.catalina.core.ApplicationContext.log Manager: list: Listing contexts for virtual host 'localhost'
30-Jan-2020 18:24:02.796 INFORMACIÓN [http-apr-8080-exec-93] org.apache.catalina.core.ApplicationContext.log Manager: list: Listing contexts for virtual host 'localhost'
30-Jan-2020 18:24:02.812 INFORMACIÓN [http-apr-8080-exec-92] org.apache.catalina.core.ApplicationContext.log Manager: stop: Stopping web application '/SistemaDeposito'
30-Jan-2020 18:24:02.919 INFORMACIÓN [http-apr-8080-exec-89] org.apache.catalina.core.ApplicationContext.log Manager: start: Starting web application '/SistemaDeposito'
30-Jan-2020 18:24:05.282 INFORMACIÓN [http-apr-8080-exec-94] org.apache.catalina.core.ApplicationContext.log Manager: list: Listing contexts for virtual host 'localhost'
30-Jan-2020 18:24:05.296 INFORMACIÓN [http-apr-8080-exec-95] org.apache.catalina.core.ApplicationContext.log Manager: restart: Reloading web application '/SistemaDeposito'
30-Jan-2020 18:26:20.856 INFORMACIÓN [http-apr-8080-exec-92] org.apache.catalina.core.ApplicationContext.log Manager: list: Listing contexts for virtual host 'localhost'
30-Jan-2020 18:26:20.870 INFORMACIÓN [http-apr-8080-exec-90] org.apache.catalina.core.ApplicationContext.log Manager: restart: Reloading web application '/SistemaDeposito'
30-Jan-2020 18:30:59.373 INFORMACIÓN [http-apr-8080-exec-98] org.apache.catalina.core.ApplicationContext.log Manager: list: Listing contexts for virtual host 'localhost'
30-Jan-2020 18:31:01.040 INFORMACIÓN [http-apr-8080-exec-104] org.apache.catalina.core.ApplicationContext.log Manager: list: Listing contexts for virtual host 'localhost'
30-Jan-2020 18:31:01.076 INFORMACIÓN [http-apr-8080-exec-105] org.apache.catalina.core.ApplicationContext.log Manager: restart: Reloading web application '/SistemaDeposito'
30-Jan-2020 18:32:03.635 INFORMACIÓN [http-apr-8080-exec-114] org.apache.catalina.core.ApplicationContext.log Manager: list: Listing contexts for virtual host 'localhost'
30-Jan-2020 18:33:11.960 INFORMACIÓN [http-apr-8080-exec-102] org.apache.catalina.core.ApplicationContext.log Manager: list: Listing contexts for virtual host 'localhost'
30-Jan-2020 18:34:59.696 INFORMACIÓN [http-apr-8080-exec-114] org.apache.catalina.core.ApplicationContext.log Manager: list: Listing contexts for virtual host 'localhost'
30-Jan-2020 18:35:44.435 INFORMACIÓN [http-apr-8080-exec-112] org.apache.catalina.core.ApplicationContext.log Manager: list: Listing contexts for virtual host 'localhost'
30-Jan-2020 18:35:44.443 INFORMACIÓN [http-apr-8080-exec-110] org.apache.catalina.core.ApplicationContext.log Manager: restart: Reloading web application '/SistemaDeposito'
30-Jan-2020 18:49:13.575 INFORMACIÓN [http-apr-8080-exec-126] org.apache.catalina.core.ApplicationContext.log Manager: list: Listing contexts for virtual host 'localhost'
30-Jan-2020 18:53:39.356 INFORMACIÓN [http-apr-8080-exec-128] org.apache.catalina.core.ApplicationContext.log Manager: list: Listing contexts for virtual host 'localhost'
30-Jan-2020 18:54:37.776 INFORMACIÓN [http-apr-8080-exec-126] org.apache.catalina.core.ApplicationContext.log Manager: list: Listing contexts for virtual host 'localhost'
30-Jan-2020 18:56:11.656 INFORMACIÓN [http-apr-8080-exec-128] org.apache.catalina.core.ApplicationContext.log Manager: list: Listing contexts for virtual host 'localhost'
30-Jan-2020 18:57:21.653 INFORMACIÓN [http-apr-8080-exec-119] org.apache.catalina.core.ApplicationContext.log Manager: list: Listing contexts for virtual host 'localhost'
30-Jan-2020 18:58:38.015 INFORMACIÓN [http-apr-8080-exec-121] org.apache.catalina.core.ApplicationContext.log Manager: list: Listing contexts for virtual host 'localhost'
30-Jan-2020 19:07:08.655 INFORMACIÓN [http-apr-8080-exec-125] org.apache.catalina.core.ApplicationContext.log Manager: list: Listing contexts for virtual host 'localhost'
30-Jan-2020 19:10:09.617 INFORMACIÓN [http-apr-8080-exec-126] org.apache.catalina.core.ApplicationContext.log Manager: list: Listing contexts for virtual host 'localhost'
30-Jan-2020 19:10:09.621 INFORMACIÓN [http-apr-8080-exec-128] org.apache.catalina.core.ApplicationContext.log Manager: list: Listing contexts for virtual host 'localhost'
30-Jan-2020 19:10:09.667 INFORMACIÓN [http-apr-8080-exec-119] org.apache.catalina.core.ApplicationContext.log Manager: stop: Stopping web application '/SistemaDeposito'
30-Jan-2020 19:10:09.692 INFORMACIÓN [http-apr-8080-exec-122] org.apache.catalina.core.ApplicationContext.log Manager: start: Starting web application '/SistemaDeposito'
30-Jan-2020 19:10:42.326 INFORMACIÓN [http-apr-8080-exec-131] org.apache.catalina.core.ApplicationContext.log Manager: list: Listing contexts for virtual host 'localhost'
30-Jan-2020 19:10:54.989 INFORMACIÓN [http-apr-8080-exec-132] org.apache.catalina.core.ApplicationContext.log Manager: list: Listing contexts for virtual host 'localhost'
30-Jan-2020 19:11:33.688 INFORMACIÓN [http-apr-8080-exec-128] org.apache.catalina.core.ApplicationContext.log Manager: list: Listing contexts for virtual host 'localhost'
30-Jan-2020 19:13:58.359 INFORMACIÓN [http-apr-8080-exec-136] org.apache.catalina.core.ApplicationContext.log Manager: list: Listing contexts for virtual host 'localhost'
30-Jan-2020 19:15:02.164 INFORMACIÓN [http-apr-8080-exec-136] org.apache.catalina.core.ApplicationContext.log Manager: list: Listing contexts for virtual host 'localhost'
30-Jan-2020 19:19:16.064 INFORMACIÓN [http-apr-8080-exec-132] org.apache.catalina.core.ApplicationContext.log Manager: list: Listing contexts for virtual host 'localhost'
30-Jan-2020 19:20:00.053 INFORMACIÓN [http-apr-8080-exec-138] org.apache.catalina.core.ApplicationContext.log Manager: list: Listing contexts for virtual host 'localhost'
30-Jan-2020 19:20:37.022 INFORMACIÓN [http-apr-8080-exec-131] org.apache.catalina.core.ApplicationContext.log Manager: list: Listing contexts for virtual host 'localhost'
30-Jan-2020 19:25:55.749 INFORMACIÓN [http-apr-8080-exec-133] org.apache.catalina.core.ApplicationContext.log Manager: list: Listing contexts for virtual host 'localhost'
30-Jan-2020 19:26:11.870 INFORMACIÓN [http-apr-8080-exec-132] org.apache.catalina.core.ApplicationContext.log Manager: list: Listing contexts for virtual host 'localhost'
30-Jan-2020 21:26:44.928 INFORMACIÓN [http-apr-8080-exec-138] org.apache.catalina.core.ApplicationContext.log Manager: list: Listing contexts for virtual host 'localhost'
30-Jan-2020 21:28:56.971 INFORMACIÓN [http-apr-8080-exec-129] org.apache.catalina.core.ApplicationContext.log Manager: list: Listing contexts for virtual host 'localhost'
30-Jan-2020 21:29:09.116 INFORMACIÓN [http-apr-8080-exec-134] org.apache.catalina.core.ApplicationContext.log Manager: list: Listing contexts for virtual host 'localhost'
30-Jan-2020 21:29:09.131 INFORMACIÓN [http-apr-8080-exec-129] org.apache.catalina.core.ApplicationContext.log Manager: list: Listing contexts for virtual host 'localhost'
30-Jan-2020 21:29:42.657 INFORMACIÓN [http-apr-8080-exec-131] org.apache.catalina.core.ApplicationContext.log Manager: list: Listing contexts for virtual host 'localhost'
30-Jan-2020 21:30:21.378 INFORMACIÓN [http-apr-8080-exec-132] org.apache.catalina.core.ApplicationContext.log Manager: list: Listing contexts for virtual host 'localhost'
30-Jan-2020 21:44:17.038 INFORMACIÓN [http-apr-8080-exec-134] org.apache.catalina.core.ApplicationContext.log Manager: list: Listing contexts for virtual host 'localhost'
