03-Feb-2020 14:44:51.394 INFORMACIÓN [http-apr-8080-exec-303] org.apache.catalina.core.ApplicationContext.log Manager: list: Listing contexts for virtual host 'localhost'
03-Feb-2020 14:44:56.851 INFORMACIÓN [http-apr-8080-exec-311] org.apache.catalina.core.ApplicationContext.log Manager: list: Listing contexts for virtual host 'localhost'
03-Feb-2020 14:44:56.854 INFORMACIÓN [http-apr-8080-exec-308] org.apache.catalina.core.ApplicationContext.log Manager: list: Listing contexts for virtual host 'localhost'
03-Feb-2020 14:47:23.126 INFORMACIÓN [http-apr-8080-exec-304] org.apache.catalina.core.ApplicationContext.log Manager: list: Listing contexts for virtual host 'localhost'
03-Feb-2020 14:48:04.031 INFORMACIÓN [http-apr-8080-exec-307] org.apache.catalina.core.ApplicationContext.log Manager: list: Listing contexts for virtual host 'localhost'
03-Feb-2020 14:49:14.382 INFORMACIÓN [http-apr-8080-exec-309] org.apache.catalina.core.ApplicationContext.log Manager: list: Listing contexts for virtual host 'localhost'
03-Feb-2020 14:49:29.274 INFORMACIÓN [http-apr-8080-exec-304] org.apache.catalina.core.ApplicationContext.log Manager: list: Listing contexts for virtual host 'localhost'
03-Feb-2020 14:49:39.578 INFORMACIÓN [http-apr-8080-exec-309] org.apache.catalina.core.ApplicationContext.log Manager: list: Listing contexts for virtual host 'localhost'
03-Feb-2020 14:49:55.868 INFORMACIÓN [http-apr-8080-exec-305] org.apache.catalina.core.ApplicationContext.log Manager: list: Listing contexts for virtual host 'localhost'
03-Feb-2020 14:50:18.084 INFORMACIÓN [http-apr-8080-exec-307] org.apache.catalina.core.ApplicationContext.log Manager: list: Listing contexts for virtual host 'localhost'
03-Feb-2020 14:54:25.275 INFORMACIÓN [http-apr-8080-exec-311] org.apache.catalina.core.ApplicationContext.log Manager: list: Listing contexts for virtual host 'localhost'
03-Feb-2020 14:55:01.045 INFORMACIÓN [http-apr-8080-exec-308] org.apache.catalina.core.ApplicationContext.log Manager: list: Listing contexts for virtual host 'localhost'
03-Feb-2020 14:58:06.467 INFORMACIÓN [http-apr-8080-exec-307] org.apache.catalina.core.ApplicationContext.log Manager: list: Listing contexts for virtual host 'localhost'
03-Feb-2020 14:58:46.665 INFORMACIÓN [http-apr-8080-exec-303] org.apache.catalina.core.ApplicationContext.log Manager: list: Listing contexts for virtual host 'localhost'
03-Feb-2020 15:01:16.031 INFORMACIÓN [http-apr-8080-exec-302] org.apache.catalina.core.ApplicationContext.log Manager: list: Listing contexts for virtual host 'localhost'
03-Feb-2020 15:01:34.847 INFORMACIÓN [http-apr-8080-exec-305] org.apache.catalina.core.ApplicationContext.log Manager: list: Listing contexts for virtual host 'localhost'
03-Feb-2020 15:02:09.507 INFORMACIÓN [http-apr-8080-exec-307] org.apache.catalina.core.ApplicationContext.log Manager: list: Listing contexts for virtual host 'localhost'
03-Feb-2020 15:02:40.590 INFORMACIÓN [http-apr-8080-exec-308] org.apache.catalina.core.ApplicationContext.log Manager: list: Listing contexts for virtual host 'localhost'
03-Feb-2020 15:02:50.745 INFORMACIÓN [http-apr-8080-exec-311] org.apache.catalina.core.ApplicationContext.log Manager: list: Listing contexts for virtual host 'localhost'
03-Feb-2020 15:02:59.246 INFORMACIÓN [http-apr-8080-exec-309] org.apache.catalina.core.ApplicationContext.log Manager: list: Listing contexts for virtual host 'localhost'
03-Feb-2020 15:06:14.409 INFORMACIÓN [http-apr-8080-exec-304] org.apache.catalina.core.ApplicationContext.log Manager: list: Listing contexts for virtual host 'localhost'
03-Feb-2020 15:07:19.064 INFORMACIÓN [http-apr-8080-exec-307] org.apache.catalina.core.ApplicationContext.log Manager: list: Listing contexts for virtual host 'localhost'
03-Feb-2020 15:07:20.628 INFORMACIÓN [http-apr-8080-exec-303] org.apache.catalina.core.ApplicationContext.log Manager: list: Listing contexts for virtual host 'localhost'
03-Feb-2020 15:08:01.381 INFORMACIÓN [http-apr-8080-exec-305] org.apache.catalina.core.ApplicationContext.log Manager: list: Listing contexts for virtual host 'localhost'
03-Feb-2020 15:08:18.853 INFORMACIÓN [http-apr-8080-exec-310] org.apache.catalina.core.ApplicationContext.log Manager: list: Listing contexts for virtual host 'localhost'
03-Feb-2020 15:08:31.770 INFORMACIÓN [http-apr-8080-exec-308] org.apache.catalina.core.ApplicationContext.log Manager: list: Listing contexts for virtual host 'localhost'
03-Feb-2020 15:10:51.584 INFORMACIÓN [http-apr-8080-exec-308] org.apache.catalina.core.ApplicationContext.log Manager: list: Listing contexts for virtual host 'localhost'
03-Feb-2020 15:10:51.643 INFORMACIÓN [http-apr-8080-exec-305] org.apache.catalina.core.ApplicationContext.log Manager: restart: Reloading web application '/SistemaDeposito'
03-Feb-2020 15:14:44.655 INFORMACIÓN [http-apr-8080-exec-307] org.apache.catalina.core.ApplicationContext.log Manager: list: Listing contexts for virtual host 'localhost'
03-Feb-2020 15:15:12.971 INFORMACIÓN [http-apr-8080-exec-319] org.apache.catalina.core.ApplicationContext.log Manager: list: Listing contexts for virtual host 'localhost'
03-Feb-2020 15:15:38.140 INFORMACIÓN [http-apr-8080-exec-321] org.apache.catalina.core.ApplicationContext.log Manager: list: Listing contexts for virtual host 'localhost'
03-Feb-2020 15:15:38.156 INFORMACIÓN [http-apr-8080-exec-316] org.apache.catalina.core.ApplicationContext.log Manager: list: Listing contexts for virtual host 'localhost'
03-Feb-2020 15:15:38.224 INFORMACIÓN [http-apr-8080-exec-319] org.apache.catalina.core.ApplicationContext.log Manager: restart: Reloading web application '/SistemaDeposito'
03-Feb-2020 15:16:28.679 INFORMACIÓN [http-apr-8080-exec-323] org.apache.catalina.core.ApplicationContext.log Manager: list: Listing contexts for virtual host 'localhost'
03-Feb-2020 15:16:39.675 INFORMACIÓN [http-apr-8080-exec-326] org.apache.catalina.core.ApplicationContext.log Manager: list: Listing contexts for virtual host 'localhost'
03-Feb-2020 15:16:39.693 INFORMACIÓN [http-apr-8080-exec-324] org.apache.catalina.core.ApplicationContext.log Manager: undeploy: Undeploying web application at '/SistemaDeposito'
03-Feb-2020 15:16:45.261 INFORMACIÓN [http-apr-8080-exec-328] org.apache.catalina.core.ApplicationContext.log Manager: list: Listing contexts for virtual host 'localhost'
03-Feb-2020 15:16:45.269 INFORMACIÓN [http-apr-8080-exec-324] org.apache.catalina.core.ApplicationContext.log Manager: list: Listing contexts for virtual host 'localhost'
03-Feb-2020 15:16:45.284 INFORMACIÓN [http-apr-8080-exec-329] org.apache.catalina.core.ApplicationContext.log Manager: install: Installing context configuration at 'file:/C:/Users/soare/AppData/Local/Temp/context1717303944706212321.xml'
03-Feb-2020 15:16:47.787 INFORMACIÓN [http-apr-8080-exec-322] org.apache.catalina.core.ApplicationContext.log Manager: start: Starting web application '/SistemaDeposito'
03-Feb-2020 15:17:20.046 INFORMACIÓN [http-apr-8080-exec-329] org.apache.catalina.core.ApplicationContext.log Manager: list: Listing contexts for virtual host 'localhost'
03-Feb-2020 15:17:58.010 INFORMACIÓN [http-apr-8080-exec-334] org.apache.catalina.core.ApplicationContext.log Manager: list: Listing contexts for virtual host 'localhost'
03-Feb-2020 15:18:14.359 INFORMACIÓN [http-apr-8080-exec-333] org.apache.catalina.core.ApplicationContext.log Manager: list: Listing contexts for virtual host 'localhost'
03-Feb-2020 15:18:56.870 INFORMACIÓN [http-apr-8080-exec-329] org.apache.catalina.core.ApplicationContext.log Manager: list: Listing contexts for virtual host 'localhost'
03-Feb-2020 15:18:56.877 INFORMACIÓN [http-apr-8080-exec-334] org.apache.catalina.core.ApplicationContext.log Manager: undeploy: Undeploying web application at '/SistemaDeposito'
03-Feb-2020 15:19:02.637 INFORMACIÓN [http-apr-8080-exec-339] org.apache.catalina.core.ApplicationContext.log Manager: list: Listing contexts for virtual host 'localhost'
03-Feb-2020 15:19:02.639 INFORMACIÓN [http-apr-8080-exec-340] org.apache.catalina.core.ApplicationContext.log Manager: list: Listing contexts for virtual host 'localhost'
03-Feb-2020 15:19:02.649 INFORMACIÓN [http-apr-8080-exec-333] org.apache.catalina.core.ApplicationContext.log Manager: install: Installing context configuration at 'file:/C:/Users/soare/AppData/Local/Temp/context8230916006615024167.xml'
03-Feb-2020 15:19:04.799 INFORMACIÓN [http-apr-8080-exec-330] org.apache.catalina.core.ApplicationContext.log Manager: start: Starting web application '/SistemaDeposito'
03-Feb-2020 15:21:06.773 INFORMACIÓN [http-apr-8080-exec-329] org.apache.catalina.core.ApplicationContext.log Manager: list: Listing contexts for virtual host 'localhost'
03-Feb-2020 15:22:19.744 INFORMACIÓN [http-apr-8080-exec-339] org.apache.catalina.core.ApplicationContext.log Manager: list: Listing contexts for virtual host 'localhost'
03-Feb-2020 15:22:29.330 INFORMACIÓN [http-apr-8080-exec-347] org.apache.catalina.core.ApplicationContext.log Manager: list: Listing contexts for virtual host 'localhost'
03-Feb-2020 15:22:54.600 INFORMACIÓN [http-apr-8080-exec-341] org.apache.catalina.core.ApplicationContext.log Manager: list: Listing contexts for virtual host 'localhost'
03-Feb-2020 15:22:54.611 INFORMACIÓN [http-apr-8080-exec-345] org.apache.catalina.core.ApplicationContext.log Manager: undeploy: Undeploying web application at '/SistemaDeposito'
03-Feb-2020 15:23:26.555 INFORMACIÓN [http-apr-8080-exec-349] org.apache.catalina.core.ApplicationContext.log Manager: list: Listing contexts for virtual host 'localhost'
03-Feb-2020 15:23:26.557 INFORMACIÓN [http-apr-8080-exec-350] org.apache.catalina.core.ApplicationContext.log Manager: list: Listing contexts for virtual host 'localhost'
03-Feb-2020 15:23:26.572 INFORMACIÓN [http-apr-8080-exec-344] org.apache.catalina.core.ApplicationContext.log Manager: install: Installing context configuration at 'file:/C:/Users/soare/AppData/Local/Temp/context6866388524074959370.xml'
03-Feb-2020 15:23:28.493 INFORMACIÓN [http-apr-8080-exec-342] org.apache.catalina.core.ApplicationContext.log Manager: start: Starting web application '/SistemaDeposito'
03-Feb-2020 15:24:27.344 INFORMACIÓN [http-apr-8080-exec-355] org.apache.catalina.core.ApplicationContext.log Manager: list: Listing contexts for virtual host 'localhost'
03-Feb-2020 15:24:43.918 INFORMACIÓN [http-apr-8080-exec-348] org.apache.catalina.core.ApplicationContext.log Manager: list: Listing contexts for virtual host 'localhost'
03-Feb-2020 15:25:15.631 INFORMACIÓN [http-apr-8080-exec-349] org.apache.catalina.core.ApplicationContext.log Manager: list: Listing contexts for virtual host 'localhost'
03-Feb-2020 15:25:24.253 INFORMACIÓN [http-apr-8080-exec-358] org.apache.catalina.core.ApplicationContext.log Manager: list: Listing contexts for virtual host 'localhost'
03-Feb-2020 15:25:24.265 INFORMACIÓN [http-apr-8080-exec-354] org.apache.catalina.core.ApplicationContext.log Manager: undeploy: Undeploying web application at '/SistemaDeposito'
03-Feb-2020 15:25:34.477 INFORMACIÓN [http-apr-8080-exec-359] org.apache.catalina.core.ApplicationContext.log Manager: list: Listing contexts for virtual host 'localhost'
03-Feb-2020 15:25:34.482 INFORMACIÓN [http-apr-8080-exec-360] org.apache.catalina.core.ApplicationContext.log Manager: list: Listing contexts for virtual host 'localhost'
03-Feb-2020 15:25:34.499 INFORMACIÓN [http-apr-8080-exec-350] org.apache.catalina.core.ApplicationContext.log Manager: install: Installing context configuration at 'file:/C:/Users/soare/AppData/Local/Temp/context2780914669554283484.xml'
03-Feb-2020 15:25:36.961 INFORMACIÓN [http-apr-8080-exec-353] org.apache.catalina.core.ApplicationContext.log Manager: start: Starting web application '/SistemaDeposito'
03-Feb-2020 15:26:12.102 INFORMACIÓN [http-apr-8080-exec-360] org.apache.catalina.core.ApplicationContext.log Manager: list: Listing contexts for virtual host 'localhost'
03-Feb-2020 15:26:37.133 INFORMACIÓN [http-apr-8080-exec-357] org.apache.catalina.core.ApplicationContext.log Manager: list: Listing contexts for virtual host 'localhost'
03-Feb-2020 15:26:52.917 INFORMACIÓN [http-apr-8080-exec-362] org.apache.catalina.core.ApplicationContext.log Manager: list: Listing contexts for virtual host 'localhost'
03-Feb-2020 15:27:33.008 INFORMACIÓN [http-apr-8080-exec-368] org.apache.catalina.core.ApplicationContext.log Manager: list: Listing contexts for virtual host 'localhost'
03-Feb-2020 15:27:39.455 INFORMACIÓN [http-apr-8080-exec-366] org.apache.catalina.core.ApplicationContext.log Manager: list: Listing contexts for virtual host 'localhost'
03-Feb-2020 15:27:39.492 INFORMACIÓN [http-apr-8080-exec-368] org.apache.catalina.core.ApplicationContext.log Manager: undeploy: Undeploying web application at '/SistemaDeposito'
03-Feb-2020 15:27:49.409 INFORMACIÓN [http-apr-8080-exec-369] org.apache.catalina.core.ApplicationContext.log Manager: list: Listing contexts for virtual host 'localhost'
03-Feb-2020 15:27:49.414 INFORMACIÓN [http-apr-8080-exec-370] org.apache.catalina.core.ApplicationContext.log Manager: list: Listing contexts for virtual host 'localhost'
03-Feb-2020 15:27:49.428 INFORMACIÓN [http-apr-8080-exec-363] org.apache.catalina.core.ApplicationContext.log Manager: install: Installing context configuration at 'file:/C:/Users/soare/AppData/Local/Temp/context3902507321793958648.xml'
03-Feb-2020 15:27:51.801 INFORMACIÓN [http-apr-8080-exec-361] org.apache.catalina.core.ApplicationContext.log Manager: start: Starting web application '/SistemaDeposito'
03-Feb-2020 15:28:39.245 INFORMACIÓN [http-apr-8080-exec-375] org.apache.catalina.core.ApplicationContext.log Manager: list: Listing contexts for virtual host 'localhost'
03-Feb-2020 15:29:21.279 INFORMACIÓN [http-apr-8080-exec-371] org.apache.catalina.core.ApplicationContext.log Manager: list: Listing contexts for virtual host 'localhost'
03-Feb-2020 15:31:43.654 INFORMACIÓN [http-apr-8080-exec-372] org.apache.catalina.core.ApplicationContext.log Manager: list: Listing contexts for virtual host 'localhost'
03-Feb-2020 15:53:42.395 INFORMACIÓN [http-apr-8080-exec-374] org.apache.catalina.core.ApplicationContext.log Manager: list: Listing contexts for virtual host 'localhost'
03-Feb-2020 15:53:42.411 INFORMACIÓN [http-apr-8080-exec-370] org.apache.catalina.core.ApplicationContext.log Manager: restart: Reloading web application '/SistemaDeposito'
03-Feb-2020 15:55:11.873 INFORMACIÓN [http-apr-8080-exec-376] org.apache.catalina.core.ApplicationContext.log Manager: list: Listing contexts for virtual host 'localhost'
03-Feb-2020 15:56:13.064 INFORMACIÓN [http-apr-8080-exec-371] org.apache.catalina.core.ApplicationContext.log Manager: list: Listing contexts for virtual host 'localhost'
03-Feb-2020 15:58:03.715 INFORMACIÓN [http-apr-8080-exec-388] org.apache.catalina.core.ApplicationContext.log Manager: list: Listing contexts for virtual host 'localhost'
03-Feb-2020 15:58:03.731 INFORMACIÓN [http-apr-8080-exec-387] org.apache.catalina.core.ApplicationContext.log Manager: restart: Reloading web application '/SistemaDeposito'
03-Feb-2020 16:30:52.133 INFORMACIÓN [http-apr-8080-exec-396] org.apache.catalina.core.ApplicationContext.log Manager: list: Listing contexts for virtual host 'localhost'
03-Feb-2020 16:31:02.605 INFORMACIÓN [http-apr-8080-exec-391] org.apache.catalina.core.ApplicationContext.log Manager: list: Listing contexts for virtual host 'localhost'
03-Feb-2020 16:31:47.590 INFORMACIÓN [http-apr-8080-exec-395] org.apache.catalina.core.ApplicationContext.log Manager: list: Listing contexts for virtual host 'localhost'
03-Feb-2020 16:33:21.008 INFORMACIÓN [http-apr-8080-exec-392] org.apache.catalina.core.ApplicationContext.log Manager: list: Listing contexts for virtual host 'localhost'
03-Feb-2020 16:33:21.019 INFORMACIÓN [http-apr-8080-exec-393] org.apache.catalina.core.ApplicationContext.log Manager: undeploy: Undeploying web application at '/SistemaDeposito'
03-Feb-2020 16:33:36.754 INFORMACIÓN [http-apr-8080-exec-399] org.apache.catalina.core.ApplicationContext.log Manager: list: Listing contexts for virtual host 'localhost'
03-Feb-2020 16:33:36.756 INFORMACIÓN [http-apr-8080-exec-400] org.apache.catalina.core.ApplicationContext.log Manager: list: Listing contexts for virtual host 'localhost'
03-Feb-2020 16:33:36.775 INFORMACIÓN [http-apr-8080-exec-398] org.apache.catalina.core.ApplicationContext.log Manager: install: Installing context configuration at 'file:/C:/Users/soare/AppData/Local/Temp/context8320354416380711313.xml'
03-Feb-2020 16:33:38.603 INFORMACIÓN [http-apr-8080-exec-391] org.apache.catalina.core.ApplicationContext.log Manager: start: Starting web application '/SistemaDeposito'
03-Feb-2020 16:38:02.049 INFORMACIÓN [http-apr-8080-exec-403] org.apache.catalina.core.ApplicationContext.log Manager: list: Listing contexts for virtual host 'localhost'
03-Feb-2020 16:38:25.869 INFORMACIÓN [http-apr-8080-exec-401] org.apache.catalina.core.ApplicationContext.log Manager: list: Listing contexts for virtual host 'localhost'
03-Feb-2020 16:39:15.103 INFORMACIÓN [http-apr-8080-exec-406] org.apache.catalina.core.ApplicationContext.log Manager: list: Listing contexts for virtual host 'localhost'
03-Feb-2020 16:39:57.314 INFORMACIÓN [http-apr-8080-exec-407] org.apache.catalina.core.ApplicationContext.log Manager: list: Listing contexts for virtual host 'localhost'
03-Feb-2020 16:40:18.083 INFORMACIÓN [http-apr-8080-exec-403] org.apache.catalina.core.ApplicationContext.log Manager: list: Listing contexts for virtual host 'localhost'
03-Feb-2020 16:40:34.561 INFORMACIÓN [http-apr-8080-exec-407] org.apache.catalina.core.ApplicationContext.log Manager: list: Listing contexts for virtual host 'localhost'
03-Feb-2020 16:40:52.307 INFORMACIÓN [http-apr-8080-exec-407] org.apache.catalina.core.ApplicationContext.log Manager: list: Listing contexts for virtual host 'localhost'
03-Feb-2020 16:43:53.856 INFORMACIÓN [http-apr-8080-exec-400] org.apache.catalina.core.ApplicationContext.log Manager: list: Listing contexts for virtual host 'localhost'
03-Feb-2020 16:45:02.868 INFORMACIÓN [http-apr-8080-exec-402] org.apache.catalina.core.ApplicationContext.log Manager: list: Listing contexts for virtual host 'localhost'
03-Feb-2020 16:45:39.061 INFORMACIÓN [http-apr-8080-exec-403] org.apache.catalina.core.ApplicationContext.log Manager: list: Listing contexts for virtual host 'localhost'
03-Feb-2020 16:45:55.948 INFORMACIÓN [http-apr-8080-exec-401] org.apache.catalina.core.ApplicationContext.log Manager: list: Listing contexts for virtual host 'localhost'
03-Feb-2020 16:46:06.781 INFORMACIÓN [http-apr-8080-exec-401] org.apache.catalina.core.ApplicationContext.log Manager: list: Listing contexts for virtual host 'localhost'
03-Feb-2020 16:47:04.788 INFORMACIÓN [http-apr-8080-exec-401] org.apache.catalina.core.ApplicationContext.log Manager: list: Listing contexts for virtual host 'localhost'
03-Feb-2020 16:50:18.968 INFORMACIÓN [http-apr-8080-exec-403] org.apache.catalina.core.ApplicationContext.log Manager: list: Listing contexts for virtual host 'localhost'
03-Feb-2020 16:50:54.946 INFORMACIÓN [http-apr-8080-exec-408] org.apache.catalina.core.ApplicationContext.log Manager: list: Listing contexts for virtual host 'localhost'
03-Feb-2020 16:51:19.910 INFORMACIÓN [http-apr-8080-exec-407] org.apache.catalina.core.ApplicationContext.log Manager: list: Listing contexts for virtual host 'localhost'
03-Feb-2020 16:52:04.661 INFORMACIÓN [http-apr-8080-exec-405] org.apache.catalina.core.ApplicationContext.log Manager: list: Listing contexts for virtual host 'localhost'
03-Feb-2020 16:52:20.418 INFORMACIÓN [http-apr-8080-exec-402] org.apache.catalina.core.ApplicationContext.log Manager: list: Listing contexts for virtual host 'localhost'
03-Feb-2020 16:52:42.659 INFORMACIÓN [http-apr-8080-exec-405] org.apache.catalina.core.ApplicationContext.log Manager: list: Listing contexts for virtual host 'localhost'
03-Feb-2020 16:53:55.597 INFORMACIÓN [http-apr-8080-exec-402] org.apache.catalina.core.ApplicationContext.log Manager: list: Listing contexts for virtual host 'localhost'
03-Feb-2020 16:54:51.656 INFORMACIÓN [http-apr-8080-exec-400] org.apache.catalina.core.ApplicationContext.log Manager: list: Listing contexts for virtual host 'localhost'
03-Feb-2020 16:55:02.435 INFORMACIÓN [http-apr-8080-exec-399] org.apache.catalina.core.ApplicationContext.log Manager: list: Listing contexts for virtual host 'localhost'
03-Feb-2020 16:55:29.194 INFORMACIÓN [http-apr-8080-exec-400] org.apache.catalina.core.ApplicationContext.log Manager: list: Listing contexts for virtual host 'localhost'
03-Feb-2020 16:56:04.085 INFORMACIÓN [http-apr-8080-exec-400] org.apache.catalina.core.ApplicationContext.log Manager: list: Listing contexts for virtual host 'localhost'
03-Feb-2020 16:57:00.850 INFORMACIÓN [http-apr-8080-exec-399] org.apache.catalina.core.ApplicationContext.log Manager: list: Listing contexts for virtual host 'localhost'
03-Feb-2020 16:57:13.162 INFORMACIÓN [http-apr-8080-exec-407] org.apache.catalina.core.ApplicationContext.log Manager: list: Listing contexts for virtual host 'localhost'
03-Feb-2020 16:57:31.342 INFORMACIÓN [http-apr-8080-exec-400] org.apache.catalina.core.ApplicationContext.log Manager: list: Listing contexts for virtual host 'localhost'
03-Feb-2020 16:59:13.324 INFORMACIÓN [http-apr-8080-exec-401] org.apache.catalina.core.ApplicationContext.log Manager: list: Listing contexts for virtual host 'localhost'
03-Feb-2020 16:59:32.913 INFORMACIÓN [http-apr-8080-exec-406] org.apache.catalina.core.ApplicationContext.log Manager: list: Listing contexts for virtual host 'localhost'
03-Feb-2020 17:00:28.454 INFORMACIÓN [http-apr-8080-exec-403] org.apache.catalina.core.ApplicationContext.log Manager: list: Listing contexts for virtual host 'localhost'
03-Feb-2020 17:01:11.172 INFORMACIÓN [http-apr-8080-exec-406] org.apache.catalina.core.ApplicationContext.log Manager: list: Listing contexts for virtual host 'localhost'
03-Feb-2020 17:01:38.770 INFORMACIÓN [http-apr-8080-exec-407] org.apache.catalina.core.ApplicationContext.log Manager: list: Listing contexts for virtual host 'localhost'
03-Feb-2020 17:02:04.534 INFORMACIÓN [http-apr-8080-exec-400] org.apache.catalina.core.ApplicationContext.log Manager: list: Listing contexts for virtual host 'localhost'
03-Feb-2020 17:03:28.667 INFORMACIÓN [http-apr-8080-exec-408] org.apache.catalina.core.ApplicationContext.log Manager: list: Listing contexts for virtual host 'localhost'
03-Feb-2020 17:03:54.199 INFORMACIÓN [http-apr-8080-exec-405] org.apache.catalina.core.ApplicationContext.log Manager: list: Listing contexts for virtual host 'localhost'
03-Feb-2020 17:04:30.622 INFORMACIÓN [http-apr-8080-exec-404] org.apache.catalina.core.ApplicationContext.log Manager: list: Listing contexts for virtual host 'localhost'
03-Feb-2020 17:04:44.483 INFORMACIÓN [http-apr-8080-exec-400] org.apache.catalina.core.ApplicationContext.log Manager: list: Listing contexts for virtual host 'localhost'
03-Feb-2020 17:06:19.265 INFORMACIÓN [http-apr-8080-exec-400] org.apache.catalina.core.ApplicationContext.log Manager: list: Listing contexts for virtual host 'localhost'
03-Feb-2020 17:06:19.275 INFORMACIÓN [http-apr-8080-exec-399] org.apache.catalina.core.ApplicationContext.log Manager: restart: Reloading web application '/SistemaDeposito'
03-Feb-2020 17:06:21.490 INFORMACIÓN [http-apr-8080-exec-405] org.apache.catalina.core.ApplicationContext.log Manager: list: Listing contexts for virtual host 'localhost'
03-Feb-2020 17:06:39.164 INFORMACIÓN [http-apr-8080-exec-402] org.apache.catalina.core.ApplicationContext.log Manager: list: Listing contexts for virtual host 'localhost'
03-Feb-2020 17:06:39.173 INFORMACIÓN [http-apr-8080-exec-409] org.apache.catalina.core.ApplicationContext.log Manager: restart: Reloading web application '/SistemaDeposito'
03-Feb-2020 17:06:59.150 INFORMACIÓN [http-apr-8080-exec-412] org.apache.catalina.core.ApplicationContext.log Manager: list: Listing contexts for virtual host 'localhost'
03-Feb-2020 17:06:59.159 INFORMACIÓN [http-apr-8080-exec-408] org.apache.catalina.core.ApplicationContext.log Manager: restart: Reloading web application '/SistemaDeposito'
03-Feb-2020 17:12:45.370 INFORMACIÓN [http-apr-8080-exec-411] org.apache.catalina.core.ApplicationContext.log Manager: list: Listing contexts for virtual host 'localhost'
03-Feb-2020 17:12:45.389 INFORMACIÓN [http-apr-8080-exec-422] org.apache.catalina.core.ApplicationContext.log Manager: restart: Reloading web application '/SistemaDeposito'
03-Feb-2020 17:13:42.751 INFORMACIÓN [http-apr-8080-exec-415] org.apache.catalina.core.ApplicationContext.log Manager: list: Listing contexts for virtual host 'localhost'
03-Feb-2020 17:13:44.333 INFORMACIÓN [http-apr-8080-exec-424] org.apache.catalina.core.ApplicationContext.log Manager: list: Listing contexts for virtual host 'localhost'
03-Feb-2020 17:13:44.349 INFORMACIÓN [http-apr-8080-exec-412] org.apache.catalina.core.ApplicationContext.log Manager: restart: Reloading web application '/SistemaDeposito'
03-Feb-2020 17:14:06.033 INFORMACIÓN [http-apr-8080-exec-418] org.apache.catalina.core.ApplicationContext.log Manager: list: Listing contexts for virtual host 'localhost'
03-Feb-2020 17:14:06.043 INFORMACIÓN [http-apr-8080-exec-429] org.apache.catalina.core.ApplicationContext.log Manager: restart: Reloading web application '/SistemaDeposito'
03-Feb-2020 17:16:04.899 INFORMACIÓN [http-apr-8080-exec-424] org.apache.catalina.core.ApplicationContext.log Manager: list: Listing contexts for virtual host 'localhost'
03-Feb-2020 17:16:04.908 INFORMACIÓN [http-apr-8080-exec-428] org.apache.catalina.core.ApplicationContext.log Manager: restart: Reloading web application '/SistemaDeposito'
03-Feb-2020 17:17:26.894 INFORMACIÓN [http-apr-8080-exec-432] org.apache.catalina.core.ApplicationContext.log Manager: list: Listing contexts for virtual host 'localhost'
03-Feb-2020 17:17:26.903 INFORMACIÓN [http-apr-8080-exec-431] org.apache.catalina.core.ApplicationContext.log Manager: restart: Reloading web application '/SistemaDeposito'
03-Feb-2020 17:28:14.160 INFORMACIÓN [http-apr-8080-exec-447] org.apache.catalina.core.ApplicationContext.log Manager: list: Listing contexts for virtual host 'localhost'
03-Feb-2020 17:28:14.169 INFORMACIÓN [http-apr-8080-exec-448] org.apache.catalina.core.ApplicationContext.log Manager: restart: Reloading web application '/SistemaDeposito'
03-Feb-2020 17:28:47.412 INFORMACIÓN [http-apr-8080-exec-451] org.apache.catalina.core.ApplicationContext.log Manager: list: Listing contexts for virtual host 'localhost'
03-Feb-2020 17:28:47.421 INFORMACIÓN [http-apr-8080-exec-452] org.apache.catalina.core.ApplicationContext.log Manager: restart: Reloading web application '/SistemaDeposito'
03-Feb-2020 17:29:19.611 INFORMACIÓN [http-apr-8080-exec-453] org.apache.catalina.core.ApplicationContext.log Manager: list: Listing contexts for virtual host 'localhost'
03-Feb-2020 17:29:19.622 INFORMACIÓN [http-apr-8080-exec-440] org.apache.catalina.core.ApplicationContext.log Manager: restart: Reloading web application '/SistemaDeposito'
03-Feb-2020 17:29:27.676 INFORMACIÓN [http-apr-8080-exec-442] org.apache.catalina.core.ApplicationContext.log Manager: list: Listing contexts for virtual host 'localhost'
03-Feb-2020 17:29:27.686 INFORMACIÓN [http-apr-8080-exec-457] org.apache.catalina.core.ApplicationContext.log Manager: restart: Reloading web application '/SistemaDeposito'
03-Feb-2020 17:30:25.037 INFORMACIÓN [http-apr-8080-exec-456] org.apache.catalina.core.ApplicationContext.log Manager: list: Listing contexts for virtual host 'localhost'
03-Feb-2020 17:30:25.057 INFORMACIÓN [http-apr-8080-exec-458] org.apache.catalina.core.ApplicationContext.log Manager: restart: Reloading web application '/SistemaDeposito'
03-Feb-2020 17:32:07.907 INFORMACIÓN [http-apr-8080-exec-443] org.apache.catalina.core.ApplicationContext.log Manager: list: Listing contexts for virtual host 'localhost'
03-Feb-2020 17:32:07.916 INFORMACIÓN [http-apr-8080-exec-461] org.apache.catalina.core.ApplicationContext.log Manager: restart: Reloading web application '/SistemaDeposito'
03-Feb-2020 17:34:05.084 INFORMACIÓN [http-apr-8080-exec-464] org.apache.catalina.core.ApplicationContext.log Manager: list: Listing contexts for virtual host 'localhost'
03-Feb-2020 17:34:05.092 INFORMACIÓN [http-apr-8080-exec-460] org.apache.catalina.core.ApplicationContext.log Manager: restart: Reloading web application '/SistemaDeposito'
03-Feb-2020 17:34:51.430 INFORMACIÓN [http-apr-8080-exec-469] org.apache.catalina.core.ApplicationContext.log Manager: list: Listing contexts for virtual host 'localhost'
03-Feb-2020 17:34:51.438 INFORMACIÓN [http-apr-8080-exec-474] org.apache.catalina.core.ApplicationContext.log Manager: restart: Reloading web application '/SistemaDeposito'
03-Feb-2020 17:34:57.457 INFORMACIÓN [http-apr-8080-exec-477] org.apache.catalina.core.ApplicationContext.log Manager: list: Listing contexts for virtual host 'localhost'
03-Feb-2020 17:34:57.464 INFORMACIÓN [http-apr-8080-exec-475] org.apache.catalina.core.ApplicationContext.log Manager: restart: Reloading web application '/SistemaDeposito'
03-Feb-2020 17:35:15.355 INFORMACIÓN [http-apr-8080-exec-472] org.apache.catalina.core.ApplicationContext.log Manager: list: Listing contexts for virtual host 'localhost'
03-Feb-2020 17:35:15.364 INFORMACIÓN [http-apr-8080-exec-480] org.apache.catalina.core.ApplicationContext.log Manager: restart: Reloading web application '/SistemaDeposito'
03-Feb-2020 17:36:00.612 INFORMACIÓN [http-apr-8080-exec-469] org.apache.catalina.core.ApplicationContext.log Manager: list: Listing contexts for virtual host 'localhost'
03-Feb-2020 17:36:00.626 INFORMACIÓN [http-apr-8080-exec-481] org.apache.catalina.core.ApplicationContext.log Manager: restart: Reloading web application '/SistemaDeposito'
03-Feb-2020 17:36:17.202 INFORMACIÓN [http-apr-8080-exec-482] org.apache.catalina.core.ApplicationContext.log Manager: list: Listing contexts for virtual host 'localhost'
03-Feb-2020 17:36:17.212 INFORMACIÓN [http-apr-8080-exec-484] org.apache.catalina.core.ApplicationContext.log Manager: restart: Reloading web application '/SistemaDeposito'
03-Feb-2020 17:36:32.198 INFORMACIÓN [http-apr-8080-exec-488] org.apache.catalina.core.ApplicationContext.log Manager: list: Listing contexts for virtual host 'localhost'
03-Feb-2020 17:36:32.205 INFORMACIÓN [http-apr-8080-exec-486] org.apache.catalina.core.ApplicationContext.log Manager: restart: Reloading web application '/SistemaDeposito'
03-Feb-2020 17:37:22.449 INFORMACIÓN [http-apr-8080-exec-469] org.apache.catalina.core.ApplicationContext.log Manager: list: Listing contexts for virtual host 'localhost'
03-Feb-2020 17:37:22.461 INFORMACIÓN [http-apr-8080-exec-485] org.apache.catalina.core.ApplicationContext.log Manager: restart: Reloading web application '/SistemaDeposito'
03-Feb-2020 17:38:07.159 INFORMACIÓN [http-apr-8080-exec-503] org.apache.catalina.core.ApplicationContext.log Manager: list: Listing contexts for virtual host 'localhost'
03-Feb-2020 17:38:07.168 INFORMACIÓN [http-apr-8080-exec-497] org.apache.catalina.core.ApplicationContext.log Manager: restart: Reloading web application '/SistemaDeposito'
03-Feb-2020 17:44:05.534 INFORMACIÓN [http-apr-8080-exec-512] org.apache.catalina.core.ApplicationContext.log Manager: list: Listing contexts for virtual host 'localhost'
03-Feb-2020 17:44:05.549 INFORMACIÓN [http-apr-8080-exec-513] org.apache.catalina.core.ApplicationContext.log Manager: restart: Reloading web application '/SistemaDeposito'
03-Feb-2020 17:50:20.996 INFORMACIÓN [http-apr-8080-exec-521] org.apache.catalina.core.ApplicationContext.log Manager: list: Listing contexts for virtual host 'localhost'
03-Feb-2020 17:50:21.011 INFORMACIÓN [http-apr-8080-exec-508] org.apache.catalina.core.ApplicationContext.log Manager: restart: Reloading web application '/SistemaDeposito'
03-Feb-2020 17:55:52.096 INFORMACIÓN [http-apr-8080-exec-515] org.apache.catalina.core.ApplicationContext.log Manager: list: Listing contexts for virtual host 'localhost'
03-Feb-2020 17:55:52.107 INFORMACIÓN [http-apr-8080-exec-521] org.apache.catalina.core.ApplicationContext.log Manager: restart: Reloading web application '/SistemaDeposito'
03-Feb-2020 17:57:04.691 INFORMACIÓN [http-apr-8080-exec-510] org.apache.catalina.core.ApplicationContext.log Manager: list: Listing contexts for virtual host 'localhost'
03-Feb-2020 17:57:04.706 INFORMACIÓN [http-apr-8080-exec-526] org.apache.catalina.core.ApplicationContext.log Manager: restart: Reloading web application '/SistemaDeposito'
03-Feb-2020 18:01:42.439 INFORMACIÓN [http-apr-8080-exec-525] org.apache.catalina.core.ApplicationContext.log Manager: list: Listing contexts for virtual host 'localhost'
03-Feb-2020 18:01:42.454 INFORMACIÓN [http-apr-8080-exec-531] org.apache.catalina.core.ApplicationContext.log Manager: restart: Reloading web application '/SistemaDeposito'
03-Feb-2020 18:02:03.374 INFORMACIÓN [http-apr-8080-exec-535] org.apache.catalina.core.ApplicationContext.log Manager: list: Listing contexts for virtual host 'localhost'
03-Feb-2020 18:02:03.390 INFORMACIÓN [http-apr-8080-exec-533] org.apache.catalina.core.ApplicationContext.log Manager: restart: Reloading web application '/SistemaDeposito'
03-Feb-2020 18:02:29.421 INFORMACIÓN [http-apr-8080-exec-534] org.apache.catalina.core.ApplicationContext.log Manager: list: Listing contexts for virtual host 'localhost'
03-Feb-2020 18:02:29.437 INFORMACIÓN [http-apr-8080-exec-544] org.apache.catalina.core.ApplicationContext.log Manager: restart: Reloading web application '/SistemaDeposito'
03-Feb-2020 18:03:14.096 INFORMACIÓN [http-apr-8080-exec-545] org.apache.catalina.core.ApplicationContext.log Manager: list: Listing contexts for virtual host 'localhost'
03-Feb-2020 18:03:14.111 INFORMACIÓN [http-apr-8080-exec-535] org.apache.catalina.core.ApplicationContext.log Manager: restart: Reloading web application '/SistemaDeposito'
03-Feb-2020 18:06:09.415 INFORMACIÓN [http-apr-8080-exec-538] org.apache.catalina.core.ApplicationContext.log Manager: list: Listing contexts for virtual host 'localhost'
03-Feb-2020 18:06:09.426 INFORMACIÓN [http-apr-8080-exec-536] org.apache.catalina.core.ApplicationContext.log Manager: restart: Reloading web application '/SistemaDeposito'
03-Feb-2020 18:09:05.364 INFORMACIÓN [http-apr-8080-exec-552] org.apache.catalina.core.ApplicationContext.log Manager: list: Listing contexts for virtual host 'localhost'
03-Feb-2020 18:09:05.379 INFORMACIÓN [http-apr-8080-exec-555] org.apache.catalina.core.ApplicationContext.log Manager: restart: Reloading web application '/SistemaDeposito'
03-Feb-2020 18:12:28.968 INFORMACIÓN [http-apr-8080-exec-556] org.apache.catalina.core.ApplicationContext.log Manager: list: Listing contexts for virtual host 'localhost'
03-Feb-2020 18:12:28.983 INFORMACIÓN [http-apr-8080-exec-557] org.apache.catalina.core.ApplicationContext.log Manager: restart: Reloading web application '/SistemaDeposito'
03-Feb-2020 18:15:17.233 INFORMACIÓN [http-apr-8080-exec-565] org.apache.catalina.core.ApplicationContext.log Manager: list: Listing contexts for virtual host 'localhost'
03-Feb-2020 18:15:17.248 INFORMACIÓN [http-apr-8080-exec-572] org.apache.catalina.core.ApplicationContext.log Manager: restart: Reloading web application '/SistemaDeposito'
03-Feb-2020 18:17:27.564 INFORMACIÓN [http-apr-8080-exec-567] org.apache.catalina.core.ApplicationContext.log Manager: list: Listing contexts for virtual host 'localhost'
03-Feb-2020 18:18:26.905 INFORMACIÓN [http-apr-8080-exec-558] org.apache.catalina.core.ApplicationContext.log Manager: list: Listing contexts for virtual host 'localhost'
03-Feb-2020 18:19:03.862 INFORMACIÓN [http-apr-8080-exec-576] org.apache.catalina.core.ApplicationContext.log Manager: list: Listing contexts for virtual host 'localhost'
03-Feb-2020 18:22:51.926 INFORMACIÓN [http-apr-8080-exec-577] org.apache.catalina.core.ApplicationContext.log Manager: list: Listing contexts for virtual host 'localhost'
03-Feb-2020 18:23:25.656 INFORMACIÓN [http-apr-8080-exec-578] org.apache.catalina.core.ApplicationContext.log Manager: list: Listing contexts for virtual host 'localhost'
03-Feb-2020 18:43:43.015 INFORMACIÓN [http-apr-8080-exec-577] org.apache.catalina.core.ApplicationContext.log Manager: list: Listing contexts for virtual host 'localhost'
03-Feb-2020 18:43:43.026 INFORMACIÓN [http-apr-8080-exec-584] org.apache.catalina.core.ApplicationContext.log Manager: restart: Reloading web application '/SistemaDeposito'
03-Feb-2020 18:43:44.980 INFORMACIÓN [http-apr-8080-exec-577] org.apache.catalina.core.ApplicationContext.log Manager: list: Listing contexts for virtual host 'localhost'
03-Feb-2020 18:43:44.989 INFORMACIÓN [http-apr-8080-exec-575] org.apache.catalina.core.ApplicationContext.log Manager: restart: Reloading web application '/SistemaDeposito'
03-Feb-2020 18:43:57.370 INFORMACIÓN [http-apr-8080-exec-574] org.apache.catalina.core.ApplicationContext.log Manager: list: Listing contexts for virtual host 'localhost'
03-Feb-2020 18:43:57.386 INFORMACIÓN [http-apr-8080-exec-582] org.apache.catalina.core.ApplicationContext.log Manager: restart: Reloading web application '/SistemaDeposito'
03-Feb-2020 18:43:59.464 INFORMACIÓN [http-apr-8080-exec-576] org.apache.catalina.core.ApplicationContext.log Manager: list: Listing contexts for virtual host 'localhost'
03-Feb-2020 18:43:59.493 INFORMACIÓN [http-apr-8080-exec-587] org.apache.catalina.core.ApplicationContext.log Manager: restart: Reloading web application '/SistemaDeposito'
03-Feb-2020 18:57:16.215 INFORMACIÓN [http-apr-8080-exec-596] org.apache.catalina.core.ApplicationContext.log Manager: list: Listing contexts for virtual host 'localhost'
03-Feb-2020 18:57:17.908 INFORMACIÓN [http-apr-8080-exec-593] org.apache.catalina.core.ApplicationContext.log Manager: list: Listing contexts for virtual host 'localhost'
03-Feb-2020 18:57:17.917 INFORMACIÓN [http-apr-8080-exec-595] org.apache.catalina.core.ApplicationContext.log Manager: restart: Reloading web application '/SistemaDeposito'
03-Feb-2020 18:58:16.019 INFORMACIÓN [http-apr-8080-exec-591] org.apache.catalina.core.ApplicationContext.log Manager: list: Listing contexts for virtual host 'localhost'
03-Feb-2020 18:59:43.219 INFORMACIÓN [http-apr-8080-exec-605] org.apache.catalina.core.ApplicationContext.log Manager: list: Listing contexts for virtual host 'localhost'
03-Feb-2020 19:23:20.950 INFORMACIÓN [http-apr-8080-exec-604] org.apache.catalina.core.ApplicationContext.log Manager: list: Listing contexts for virtual host 'localhost'
03-Feb-2020 19:23:20.966 INFORMACIÓN [http-apr-8080-exec-608] org.apache.catalina.core.ApplicationContext.log Manager: restart: Reloading web application '/SistemaDeposito'
03-Feb-2020 19:23:26.814 INFORMACIÓN [http-apr-8080-exec-609] org.apache.catalina.core.ApplicationContext.log Manager: list: Listing contexts for virtual host 'localhost'
03-Feb-2020 19:23:28.879 INFORMACIÓN [http-apr-8080-exec-610] org.apache.catalina.core.ApplicationContext.log Manager: list: Listing contexts for virtual host 'localhost'
03-Feb-2020 19:24:01.230 INFORMACIÓN [http-apr-8080-exec-605] org.apache.catalina.core.ApplicationContext.log Manager: list: Listing contexts for virtual host 'localhost'
03-Feb-2020 19:24:01.230 INFORMACIÓN [http-apr-8080-exec-603] org.apache.catalina.core.ApplicationContext.log Manager: stop: Stopping web application '/SistemaDeposito'
03-Feb-2020 19:24:01.293 INFORMACIÓN [http-apr-8080-exec-603] org.apache.catalina.core.ApplicationContext.log Manager: start: Starting web application '/SistemaDeposito'
03-Feb-2020 19:24:03.707 INFORMACIÓN [http-apr-8080-exec-612] org.apache.catalina.core.ApplicationContext.log Manager: list: Listing contexts for virtual host 'localhost'
03-Feb-2020 19:24:03.714 INFORMACIÓN [http-apr-8080-exec-610] org.apache.catalina.core.ApplicationContext.log Manager: restart: Reloading web application '/SistemaDeposito'
03-Feb-2020 19:25:16.080 INFORMACIÓN [http-apr-8080-exec-606] org.apache.catalina.core.ApplicationContext.log Manager: list: Listing contexts for virtual host 'localhost'
03-Feb-2020 19:25:16.096 INFORMACIÓN [http-apr-8080-exec-611] org.apache.catalina.core.ApplicationContext.log Manager: restart: Reloading web application '/SistemaDeposito'
03-Feb-2020 20:05:19.100 INFORMACIÓN [http-apr-8080-exec-625] org.apache.catalina.core.ApplicationContext.log Manager: list: Listing contexts for virtual host 'localhost'
03-Feb-2020 20:05:20.972 INFORMACIÓN [http-apr-8080-exec-627] org.apache.catalina.core.ApplicationContext.log Manager: list: Listing contexts for virtual host 'localhost'
03-Feb-2020 20:05:20.984 INFORMACIÓN [http-apr-8080-exec-618] org.apache.catalina.core.ApplicationContext.log Manager: restart: Reloading web application '/SistemaDeposito'
03-Feb-2020 20:16:34.499 INFORMACIÓN [http-apr-8080-exec-635] org.apache.catalina.core.ApplicationContext.log Manager: list: Listing contexts for virtual host 'localhost'
03-Feb-2020 20:16:34.509 INFORMACIÓN [http-apr-8080-exec-636] org.apache.catalina.core.ApplicationContext.log Manager: restart: Reloading web application '/SistemaDeposito'
03-Feb-2020 20:19:06.468 INFORMACIÓN [http-apr-8080-exec-632] org.apache.catalina.core.ApplicationContext.log Manager: list: Listing contexts for virtual host 'localhost'
03-Feb-2020 20:19:07.579 INFORMACIÓN [http-apr-8080-exec-631] org.apache.catalina.core.ApplicationContext.log Manager: list: Listing contexts for virtual host 'localhost'
03-Feb-2020 20:19:07.596 INFORMACIÓN [http-apr-8080-exec-635] org.apache.catalina.core.ApplicationContext.log Manager: restart: Reloading web application '/SistemaDeposito'
03-Feb-2020 20:19:10.346 INFORMACIÓN [http-apr-8080-exec-632] org.apache.catalina.core.ApplicationContext.log Manager: list: Listing contexts for virtual host 'localhost'
03-Feb-2020 20:19:10.359 INFORMACIÓN [http-apr-8080-exec-642] org.apache.catalina.core.ApplicationContext.log Manager: restart: Reloading web application '/SistemaDeposito'
03-Feb-2020 20:25:30.183 INFORMACIÓN [http-apr-8080-exec-653] org.apache.catalina.core.ApplicationContext.log Manager: list: Listing contexts for virtual host 'localhost'
03-Feb-2020 20:25:30.228 INFORMACIÓN [http-apr-8080-exec-654] org.apache.catalina.core.ApplicationContext.log Manager: restart: Reloading web application '/SistemaDeposito'
03-Feb-2020 20:28:17.749 INFORMACIÓN [http-apr-8080-exec-649] org.apache.catalina.core.ApplicationContext.log Manager: list: Listing contexts for virtual host 'localhost'
03-Feb-2020 20:28:17.757 INFORMACIÓN [http-apr-8080-exec-647] org.apache.catalina.core.ApplicationContext.log Manager: restart: Reloading web application '/SistemaDeposito'
03-Feb-2020 20:28:20.055 INFORMACIÓN [http-apr-8080-exec-661] org.apache.catalina.core.ApplicationContext.log Manager: list: Listing contexts for virtual host 'localhost'
03-Feb-2020 20:28:20.074 INFORMACIÓN [http-apr-8080-exec-662] org.apache.catalina.core.ApplicationContext.log Manager: restart: Reloading web application '/SistemaDeposito'
03-Feb-2020 20:28:48.669 INFORMACIÓN [http-apr-8080-exec-657] org.apache.catalina.core.ApplicationContext.log Manager: list: Listing contexts for virtual host 'localhost'
03-Feb-2020 20:28:48.680 INFORMACIÓN [http-apr-8080-exec-649] org.apache.catalina.core.ApplicationContext.log Manager: restart: Reloading web application '/SistemaDeposito'
03-Feb-2020 20:28:50.827 INFORMACIÓN [http-apr-8080-exec-663] org.apache.catalina.core.ApplicationContext.log Manager: list: Listing contexts for virtual host 'localhost'
03-Feb-2020 20:28:50.838 INFORMACIÓN [http-apr-8080-exec-661] org.apache.catalina.core.ApplicationContext.log Manager: restart: Reloading web application '/SistemaDeposito'
03-Feb-2020 20:28:53.174 INFORMACIÓN [http-apr-8080-exec-666] org.apache.catalina.core.ApplicationContext.log Manager: list: Listing contexts for virtual host 'localhost'
03-Feb-2020 20:28:53.187 INFORMACIÓN [http-apr-8080-exec-667] org.apache.catalina.core.ApplicationContext.log Manager: restart: Reloading web application '/SistemaDeposito'
03-Feb-2020 20:29:20.991 INFORMACIÓN [http-apr-8080-exec-660] org.apache.catalina.core.ApplicationContext.log Manager: list: Listing contexts for virtual host 'localhost'
03-Feb-2020 20:29:21.005 INFORMACIÓN [http-apr-8080-exec-663] org.apache.catalina.core.ApplicationContext.log Manager: restart: Reloading web application '/SistemaDeposito'
03-Feb-2020 20:30:09.566 INFORMACIÓN [http-apr-8080-exec-669] org.apache.catalina.core.ApplicationContext.log Manager: list: Listing contexts for virtual host 'localhost'
03-Feb-2020 20:30:09.575 INFORMACIÓN [http-apr-8080-exec-664] org.apache.catalina.core.ApplicationContext.log Manager: restart: Reloading web application '/SistemaDeposito'
03-Feb-2020 20:30:11.572 INFORMACIÓN [http-apr-8080-exec-672] org.apache.catalina.core.ApplicationContext.log Manager: list: Listing contexts for virtual host 'localhost'
03-Feb-2020 20:30:11.581 INFORMACIÓN [http-apr-8080-exec-670] org.apache.catalina.core.ApplicationContext.log Manager: restart: Reloading web application '/SistemaDeposito'
03-Feb-2020 20:32:44.121 INFORMACIÓN [http-apr-8080-exec-668] org.apache.catalina.core.ApplicationContext.log Manager: list: Listing contexts for virtual host 'localhost'
03-Feb-2020 20:32:44.137 INFORMACIÓN [http-apr-8080-exec-672] org.apache.catalina.core.ApplicationContext.log Manager: restart: Reloading web application '/SistemaDeposito'
03-Feb-2020 20:37:20.355 INFORMACIÓN [http-apr-8080-exec-687] org.apache.catalina.core.ApplicationContext.log Manager: list: Listing contexts for virtual host 'localhost'
03-Feb-2020 20:37:20.371 INFORMACIÓN [http-apr-8080-exec-678] org.apache.catalina.core.ApplicationContext.log Manager: restart: Reloading web application '/SistemaDeposito'
03-Feb-2020 20:37:22.482 INFORMACIÓN [http-apr-8080-exec-684] org.apache.catalina.core.ApplicationContext.log Manager: list: Listing contexts for virtual host 'localhost'
03-Feb-2020 20:37:22.492 INFORMACIÓN [http-apr-8080-exec-686] org.apache.catalina.core.ApplicationContext.log Manager: restart: Reloading web application '/SistemaDeposito'
03-Feb-2020 20:41:56.441 INFORMACIÓN [http-apr-8080-exec-697] org.apache.catalina.core.ApplicationContext.log Manager: list: Listing contexts for virtual host 'localhost'
03-Feb-2020 20:41:56.487 INFORMACIÓN [http-apr-8080-exec-694] org.apache.catalina.core.ApplicationContext.log Manager: list: Listing contexts for virtual host 'localhost'
03-Feb-2020 20:41:56.497 INFORMACIÓN [http-apr-8080-exec-695] org.apache.catalina.core.ApplicationContext.log Manager: restart: Reloading web application '/SistemaDeposito'
03-Feb-2020 20:46:01.421 INFORMACIÓN [http-apr-8080-exec-706] org.apache.catalina.core.ApplicationContext.log Manager: list: Listing contexts for virtual host 'localhost'
03-Feb-2020 20:46:07.813 INFORMACIÓN [http-apr-8080-exec-703] org.apache.catalina.core.ApplicationContext.log Manager: list: Listing contexts for virtual host 'localhost'
03-Feb-2020 20:46:07.831 INFORMACIÓN [http-apr-8080-exec-704] org.apache.catalina.core.ApplicationContext.log Manager: list: Listing contexts for virtual host 'localhost'
03-Feb-2020 20:46:07.892 INFORMACIÓN [http-apr-8080-exec-705] org.apache.catalina.core.ApplicationContext.log Manager: stop: Stopping web application '/SistemaDeposito'
03-Feb-2020 20:46:07.913 INFORMACIÓN [http-apr-8080-exec-703] org.apache.catalina.core.ApplicationContext.log Manager: start: Starting web application '/SistemaDeposito'
03-Feb-2020 20:47:36.257 INFORMACIÓN [http-apr-8080-exec-704] org.apache.catalina.core.ApplicationContext.log Manager: list: Listing contexts for virtual host 'localhost'
03-Feb-2020 20:47:36.321 INFORMACIÓN [http-apr-8080-exec-716] org.apache.catalina.core.ApplicationContext.log Manager: restart: Reloading web application '/SistemaDeposito'
03-Feb-2020 20:49:23.234 INFORMACIÓN [http-apr-8080-exec-711] org.apache.catalina.core.ApplicationContext.log Manager: list: Listing contexts for virtual host 'localhost'
03-Feb-2020 20:49:23.236 INFORMACIÓN [http-apr-8080-exec-718] org.apache.catalina.core.ApplicationContext.log Manager: list: Listing contexts for virtual host 'localhost'
03-Feb-2020 20:49:23.279 INFORMACIÓN [http-apr-8080-exec-720] org.apache.catalina.core.ApplicationContext.log Manager: restart: Reloading web application '/SistemaDeposito'
03-Feb-2020 20:52:38.743 INFORMACIÓN [http-apr-8080-exec-722] org.apache.catalina.core.ApplicationContext.log Manager: list: Listing contexts for virtual host 'localhost'
03-Feb-2020 20:52:38.760 INFORMACIÓN [http-apr-8080-exec-721] org.apache.catalina.core.ApplicationContext.log Manager: undeploy: Undeploying web application at '/SistemaDeposito'
03-Feb-2020 20:52:46.770 INFORMACIÓN [http-apr-8080-exec-721] org.apache.catalina.core.ApplicationContext.log Manager: list: Listing contexts for virtual host 'localhost'
03-Feb-2020 20:52:46.772 INFORMACIÓN [http-apr-8080-exec-730] org.apache.catalina.core.ApplicationContext.log Manager: list: Listing contexts for virtual host 'localhost'
03-Feb-2020 20:52:46.789 INFORMACIÓN [http-apr-8080-exec-726] org.apache.catalina.core.ApplicationContext.log Manager: install: Installing context configuration at 'file:/C:/Users/soare/AppData/Local/Temp/context117072252315594611.xml'
03-Feb-2020 20:52:48.697 INFORMACIÓN [http-apr-8080-exec-717] org.apache.catalina.core.ApplicationContext.log Manager: start: Starting web application '/SistemaDeposito'
03-Feb-2020 20:54:54.850 INFORMACIÓN [http-apr-8080-exec-737] org.apache.catalina.core.ApplicationContext.log Manager: list: Listing contexts for virtual host 'localhost'
03-Feb-2020 20:54:55.542 INFORMACIÓN [http-apr-8080-exec-731] org.apache.catalina.core.ApplicationContext.log Manager: list: Listing contexts for virtual host 'localhost'
03-Feb-2020 20:54:55.561 INFORMACIÓN [http-apr-8080-exec-733] org.apache.catalina.core.ApplicationContext.log Manager: restart: Reloading web application '/SistemaDeposito'
03-Feb-2020 20:56:43.083 INFORMACIÓN [http-apr-8080-exec-738] org.apache.catalina.core.ApplicationContext.log Manager: list: Listing contexts for virtual host 'localhost'
03-Feb-2020 20:56:43.085 INFORMACIÓN [http-apr-8080-exec-739] org.apache.catalina.core.ApplicationContext.log Manager: list: Listing contexts for virtual host 'localhost'
03-Feb-2020 20:56:43.129 INFORMACIÓN [http-apr-8080-exec-741] org.apache.catalina.core.ApplicationContext.log Manager: restart: Reloading web application '/SistemaDeposito'
03-Feb-2020 20:57:34.506 INFORMACIÓN [http-apr-8080-exec-742] org.apache.catalina.core.ApplicationContext.log Manager: list: Listing contexts for virtual host 'localhost'
03-Feb-2020 21:00:09.256 INFORMACIÓN [http-apr-8080-exec-753] org.apache.catalina.core.ApplicationContext.log Manager: list: Listing contexts for virtual host 'localhost'
03-Feb-2020 21:00:09.297 INFORMACIÓN [http-apr-8080-exec-754] org.apache.catalina.core.ApplicationContext.log Manager: restart: Reloading web application '/SistemaDeposito'
03-Feb-2020 21:03:23.510 INFORMACIÓN [http-apr-8080-exec-762] org.apache.catalina.core.ApplicationContext.log Manager: list: Listing contexts for virtual host 'localhost'
03-Feb-2020 21:03:23.548 INFORMACIÓN [http-apr-8080-exec-763] org.apache.catalina.core.ApplicationContext.log Manager: restart: Reloading web application '/SistemaDeposito'
03-Feb-2020 21:04:28.209 INFORMACIÓN [http-apr-8080-exec-764] org.apache.catalina.core.ApplicationContext.log Manager: list: Listing contexts for virtual host 'localhost'
03-Feb-2020 21:05:51.727 INFORMACIÓN [http-apr-8080-exec-764] org.apache.catalina.core.ApplicationContext.log Manager: list: Listing contexts for virtual host 'localhost'
03-Feb-2020 21:09:56.071 INFORMACIÓN [http-apr-8080-exec-769] org.apache.catalina.core.ApplicationContext.log Manager: list: Listing contexts for virtual host 'localhost'
03-Feb-2020 21:09:56.658 INFORMACIÓN [http-apr-8080-exec-769] org.apache.catalina.core.ApplicationContext.log Manager: list: Listing contexts for virtual host 'localhost'
03-Feb-2020 21:09:56.666 INFORMACIÓN [http-apr-8080-exec-767] org.apache.catalina.core.ApplicationContext.log Manager: restart: Reloading web application '/SistemaDeposito'
03-Feb-2020 21:11:40.174 INFORMACIÓN [http-apr-8080-exec-765] org.apache.catalina.core.ApplicationContext.log Manager: list: Listing contexts for virtual host 'localhost'
03-Feb-2020 21:11:41.903 INFORMACIÓN [http-apr-8080-exec-779] org.apache.catalina.core.ApplicationContext.log Manager: list: Listing contexts for virtual host 'localhost'
03-Feb-2020 21:11:41.912 INFORMACIÓN [http-apr-8080-exec-782] org.apache.catalina.core.ApplicationContext.log Manager: undeploy: Undeploying web application at '/SistemaDeposito'
03-Feb-2020 21:11:49.397 INFORMACIÓN [http-apr-8080-exec-783] org.apache.catalina.core.ApplicationContext.log Manager: list: Listing contexts for virtual host 'localhost'
03-Feb-2020 21:11:49.402 INFORMACIÓN [http-apr-8080-exec-784] org.apache.catalina.core.ApplicationContext.log Manager: list: Listing contexts for virtual host 'localhost'
03-Feb-2020 21:11:49.414 INFORMACIÓN [http-apr-8080-exec-780] org.apache.catalina.core.ApplicationContext.log Manager: install: Installing context configuration at 'file:/C:/Users/soare/AppData/Local/Temp/context9126243209268530814.xml'
03-Feb-2020 21:11:51.426 INFORMACIÓN [http-apr-8080-exec-776] org.apache.catalina.core.ApplicationContext.log Manager: start: Starting web application '/SistemaDeposito'
03-Feb-2020 21:15:08.883 INFORMACIÓN [http-apr-8080-exec-790] org.apache.catalina.core.ApplicationContext.log Manager: list: Listing contexts for virtual host 'localhost'
03-Feb-2020 21:15:08.898 INFORMACIÓN [http-apr-8080-exec-778] org.apache.catalina.core.ApplicationContext.log Manager: restart: Reloading web application '/SistemaDeposito'
03-Feb-2020 21:21:27.038 INFORMACIÓN [http-apr-8080-exec-1] org.apache.catalina.core.ApplicationContext.log Manager: init: Associated with Deployer 'Catalina:type=Deployer,host=localhost'
03-Feb-2020 21:21:27.038 INFORMACIÓN [http-apr-8080-exec-1] org.apache.catalina.core.ApplicationContext.log Manager: init: Global resources are available
03-Feb-2020 21:21:27.039 INFORMACIÓN [http-apr-8080-exec-1] org.apache.catalina.core.ApplicationContext.log Manager: list: Listing contexts for virtual host 'localhost'
03-Feb-2020 21:21:27.048 INFORMACIÓN [http-apr-8080-exec-3] org.apache.catalina.core.ApplicationContext.log Manager: list: Listing contexts for virtual host 'localhost'
03-Feb-2020 21:21:27.089 INFORMACIÓN [http-apr-8080-exec-5] org.apache.catalina.core.ApplicationContext.log Manager: restart: Reloading web application '/SistemaDeposito'
03-Feb-2020 21:32:25.944 INFORMACIÓN [http-apr-8080-exec-14] org.apache.catalina.core.ApplicationContext.log Manager: list: Listing contexts for virtual host 'localhost'
03-Feb-2020 21:32:29.604 INFORMACIÓN [http-apr-8080-exec-16] org.apache.catalina.core.ApplicationContext.log Manager: list: Listing contexts for virtual host 'localhost'
03-Feb-2020 21:32:29.607 INFORMACIÓN [http-apr-8080-exec-11] org.apache.catalina.core.ApplicationContext.log Manager: list: Listing contexts for virtual host 'localhost'
03-Feb-2020 21:41:32.703 INFORMACIÓN [http-apr-8080-exec-11] org.apache.catalina.core.ApplicationContext.log Manager: list: Listing contexts for virtual host 'localhost'
03-Feb-2020 21:41:32.756 INFORMACIÓN [http-apr-8080-exec-17] org.apache.catalina.core.ApplicationContext.log Manager: restart: Reloading web application '/SistemaDeposito'
03-Feb-2020 21:41:55.903 INFORMACIÓN [http-apr-8080-exec-21] org.apache.catalina.core.ApplicationContext.log Manager: list: Listing contexts for virtual host 'localhost'
03-Feb-2020 21:41:55.927 INFORMACIÓN [http-apr-8080-exec-15] org.apache.catalina.core.ApplicationContext.log Manager: restart: Reloading web application '/SistemaDeposito'
03-Feb-2020 21:41:59.116 INFORMACIÓN [http-apr-8080-exec-20] org.apache.catalina.core.ApplicationContext.log Manager: list: Listing contexts for virtual host 'localhost'
03-Feb-2020 21:41:59.131 INFORMACIÓN [http-apr-8080-exec-11] org.apache.catalina.core.ApplicationContext.log Manager: restart: Reloading web application '/SistemaDeposito'
03-Feb-2020 21:45:02.960 INFORMACIÓN [http-apr-8080-exec-23] org.apache.catalina.core.ApplicationContext.log Manager: list: Listing contexts for virtual host 'localhost'
03-Feb-2020 21:45:02.980 INFORMACIÓN [http-apr-8080-exec-13] org.apache.catalina.core.ApplicationContext.log Manager: restart: Reloading web application '/SistemaDeposito'
03-Feb-2020 23:11:35.952 INFORMACIÓN [http-apr-8080-exec-37] org.apache.catalina.core.ApplicationContext.log Manager: list: Listing contexts for virtual host 'localhost'
03-Feb-2020 23:11:35.963 INFORMACIÓN [http-apr-8080-exec-38] org.apache.catalina.core.ApplicationContext.log Manager: restart: Reloading web application '/SistemaDeposito'
03-Feb-2020 23:11:38.222 INFORMACIÓN [http-apr-8080-exec-41] org.apache.catalina.core.ApplicationContext.log Manager: list: Listing contexts for virtual host 'localhost'
03-Feb-2020 23:11:38.230 INFORMACIÓN [http-apr-8080-exec-35] org.apache.catalina.core.ApplicationContext.log Manager: list: Listing contexts for virtual host 'localhost'
03-Feb-2020 23:11:39.077 INFORMACIÓN [http-apr-8080-exec-40] org.apache.catalina.core.ApplicationContext.log Manager: restart: Reloading web application '/SistemaDeposito'
03-Feb-2020 23:24:45.886 INFORMACIÓN [http-apr-8080-exec-51] org.apache.catalina.core.ApplicationContext.log Manager: list: Listing contexts for virtual host 'localhost'
03-Feb-2020 23:24:54.876 INFORMACIÓN [http-apr-8080-exec-51] org.apache.catalina.core.ApplicationContext.log Manager: list: Listing contexts for virtual host 'localhost'
03-Feb-2020 23:25:23.935 INFORMACIÓN [http-apr-8080-exec-51] org.apache.catalina.core.ApplicationContext.log Manager: list: Listing contexts for virtual host 'localhost'
03-Feb-2020 23:25:23.950 INFORMACIÓN [http-apr-8080-exec-52] org.apache.catalina.core.ApplicationContext.log Manager: stop: Stopping web application '/SistemaDeposito'
03-Feb-2020 23:25:24.028 INFORMACIÓN [http-apr-8080-exec-49] org.apache.catalina.core.ApplicationContext.log Manager: start: Starting web application '/SistemaDeposito'
03-Feb-2020 23:25:26.800 INFORMACIÓN [http-apr-8080-exec-48] org.apache.catalina.core.ApplicationContext.log Manager: list: Listing contexts for virtual host 'localhost'
03-Feb-2020 23:25:26.811 INFORMACIÓN [http-apr-8080-exec-51] org.apache.catalina.core.ApplicationContext.log Manager: restart: Reloading web application '/SistemaDeposito'
03-Feb-2020 23:27:38.843 INFORMACIÓN [http-apr-8080-exec-48] org.apache.catalina.core.ApplicationContext.log Manager: list: Listing contexts for virtual host 'localhost'
03-Feb-2020 23:27:38.858 INFORMACIÓN [http-apr-8080-exec-53] org.apache.catalina.core.ApplicationContext.log Manager: restart: Reloading web application '/SistemaDeposito'
03-Feb-2020 23:29:49.760 INFORMACIÓN [http-apr-8080-exec-50] org.apache.catalina.core.ApplicationContext.log Manager: list: Listing contexts for virtual host 'localhost'
03-Feb-2020 23:30:07.029 INFORMACIÓN [http-apr-8080-exec-50] org.apache.catalina.core.ApplicationContext.log Manager: list: Listing contexts for virtual host 'localhost'
03-Feb-2020 23:38:51.735 INFORMACIÓN [http-apr-8080-exec-61] org.apache.catalina.core.ApplicationContext.log Manager: list: Listing contexts for virtual host 'localhost'
03-Feb-2020 23:42:49.884 INFORMACIÓN [http-apr-8080-exec-66] org.apache.catalina.core.ApplicationContext.log Manager: list: Listing contexts for virtual host 'localhost'
03-Feb-2020 23:42:49.884 INFORMACIÓN [http-apr-8080-exec-60] org.apache.catalina.core.ApplicationContext.log Manager: restart: Reloading web application '/SistemaDeposito'
03-Feb-2020 23:45:41.702 INFORMACIÓN [http-apr-8080-exec-76] org.apache.catalina.core.ApplicationContext.log Manager: list: Listing contexts for virtual host 'localhost'
03-Feb-2020 23:45:41.702 INFORMACIÓN [http-apr-8080-exec-77] org.apache.catalina.core.ApplicationContext.log Manager: restart: Reloading web application '/SistemaDeposito'
03-Feb-2020 23:52:37.887 INFORMACIÓN [http-apr-8080-exec-84] org.apache.catalina.core.ApplicationContext.log Manager: list: Listing contexts for virtual host 'localhost'
